Peer_5:basic INFO 0.6783280809048085: Received message <Hello:> from Peer_3:basic
Peer_5:basic INFO 0.6783280809048085: Connecting to Peer_3:basic
Peer_5:basic INFO 0.6783280809048085: Sending message <Hello:> to Peer_3:basic
Peer_5:basic INFO 0.7591135290499992: Received message <Hello:> from Peer_6:basic
Peer_5:basic INFO 0.7591135290499992: Connecting to Peer_6:basic
Peer_5:basic INFO 0.7591135290499992: Sending message <Hello:> to Peer_6:basic
Peer_5:basic INFO 1.221650533826274: Received message <Hello:> from Peer_2:basic
Peer_5:basic INFO 1.221650533826274: Connecting to Peer_2:basic
Peer_5:basic INFO 1.221650533826274: Sending message <Hello:> to Peer_2:basic
Peer_5:basic INFO 1.2667445311500314: Received message <Hello:> from Peer_7:basic
Peer_5:basic INFO 1.2667445311500314: Connecting to Peer_7:basic
Peer_5:basic INFO 1.2667445311500314: Sending message <Hello:> to Peer_7:basic
Peer_5:basic INFO 1.3223777622364752: Connecting to Peer_2:basic
Peer_5:basic INFO 1.6419449341592829: Received message <Hello:> from Peer_2:basic
Peer_5:basic INFO 1.880066054766999: Received message <Hello:> from Peer_2:basic
Peer_5:basic INFO 1000: Sending message <Ping:> to Peer_3:basic
Peer_5:basic INFO 1000: Sending message <Ping:> to Peer_6:basic
Peer_5:basic INFO 1000: Sending message <Ping:> to Peer_2:basic
Peer_5:basic INFO 1000: Sending message <Ping:> to Peer_7:basic
Peer_5:basic INFO 1000: Sending message <Ping:> to Peer_2:basic
Peer_5:basic INFO 1000.6268122346931: Received message <Ping:> from Peer_6:basic
Peer_5:basic INFO 1000.6268122346931: Sending message <Pong:> to Peer_6:basic
Peer_5:basic INFO 1001.3407126552017: Received message <Pong:> from Peer_2:basic
Peer_5:basic INFO 1001.5008885186922: Received message <Ping:> from Peer_7:basic
Peer_5:basic INFO 1001.5008885186922: Sending message <Pong:> to Peer_7:basic
Peer_5:basic INFO 1002.0158964116024: Received message <Pong:> from Peer_6:basic
Peer_5:basic INFO 1002.6103931181145: Received message <Ping:> from Peer_2:basic
Peer_5:basic INFO 1002.6103931181145: Sending message <Pong:> to Peer_2:basic
Peer_5:basic INFO 1003.2931945182902: Received message <Ping:> from Peer_2:basic
Peer_5:basic INFO 1003.2931945182902: Sending message <Pong:> to Peer_2:basic
Peer_5:basic INFO 1003.900480792333: Received message <Ping:> from Peer_3:basic
Peer_5:basic INFO 1003.900480792333: Sending message <Pong:> to Peer_3:basic
Peer_5:basic INFO 1004.5691519160993: Received message <Pong:> from Peer_7:basic
Peer_5:basic INFO 1005.2028973170917: Received message <Pong:> from Peer_2:basic
Peer_5:basic INFO 1006.2153274039707: Received message <Pong:> from Peer_3:basic
Peer_5:basic INFO 2000: Sending message <Ping:> to Peer_3:basic
Peer_5:basic INFO 2000: Sending message <Ping:> to Peer_6:basic
Peer_5:basic INFO 2000: Sending message <Ping:> to Peer_2:basic
Peer_5:basic INFO 2000: Sending message <Ping:> to Peer_7:basic
Peer_5:basic INFO 2000: Sending message <Ping:> to Peer_2:basic
Peer_5:basic INFO 2000.8243163873478: Received message <Ping:> from Peer_2:basic
Peer_5:basic INFO 2000.8243163873478: Sending message <Pong:> to Peer_2:basic
Peer_5:basic INFO 2001.1708328184598: Received message <Ping:> from Peer_3:basic
Peer_5:basic INFO 2001.1708328184598: Sending message <Pong:> to Peer_3:basic
Peer_5:basic INFO 2001.3201874004458: Received message <Ping:> from Peer_6:basic
Peer_5:basic INFO 2001.3201874004458: Sending message <Pong:> to Peer_6:basic
Peer_5:basic INFO 2001.3552721311469: Received message <Ping:> from Peer_2:basic
Peer_5:basic INFO 2001.3552721311469: Sending message <Pong:> to Peer_2:basic
Peer_5:basic INFO 2001.6449529224387: Received message <Pong:> from Peer_6:basic
Peer_5:basic INFO 2002.1572160889966: Received message <Pong:> from Peer_2:basic
Peer_5:basic INFO 2004.2150737387249: Received message <Ping:> from Peer_7:basic
Peer_5:basic INFO 2004.2150737387249: Sending message <Pong:> to Peer_7:basic
Peer_5:basic INFO 2004.2535404720477: Received message <Pong:> from Peer_3:basic
Peer_5:basic INFO 2004.7641536661642: Received message <Pong:> from Peer_7:basic
Peer_5:basic INFO 2005.0774209535205: Received message <Pong:> from Peer_2:basic
