Peer_2:basic INFO 5.6177109902769856e-06: Received message <Hello:> from Peer_6:basic
Peer_2:basic INFO 5.6177109902769856e-06: Connecting to Peer_6:basic
Peer_2:basic INFO 5.6177109902769856e-06: Sending message <Hello:> to Peer_6:basic
Peer_2:basic INFO 0.7864446521368645: Connecting to Peer_6:basic
Peer_2:basic INFO 1.221650533826274: Connecting to Peer_5:basic
Peer_2:basic INFO 1.3223777622364752: Received message <Hello:> from Peer_5:basic
Peer_2:basic INFO 1.3223777622364752: Connecting to Peer_5:basic
Peer_2:basic INFO 1.3223777622364752: Sending message <Hello:> to Peer_5:basic
Peer_2:basic INFO 1.3254281598350277: Received message <Hello:> from Peer_1:basic
Peer_2:basic INFO 1.3254281598350277: Connecting to Peer_1:basic
Peer_2:basic INFO 1.3254281598350277: Sending message <Hello:> to Peer_1:basic
Peer_2:basic INFO 1.4995514607218043: Received message <Hello:> from Peer_6:basic
Peer_2:basic INFO 1.6811070180013947: Connecting to Peer_3:basic
Peer_2:basic INFO 1.9566180844824081: Received message <Hello:> from Peer_3:basic
Peer_2:basic INFO 2.0636127577367454: Received message <Hello:> from Peer_6:basic
Peer_2:basic INFO 2.122172549143993: Received message <Hello:> from Peer_7:basic
Peer_2:basic INFO 2.122172549143993: Connecting to Peer_7:basic
Peer_2:basic INFO 2.122172549143993: Sending message <Hello:> to Peer_7:basic
Peer_2:basic INFO 2.1422778315396442: Received message <Hello:> from Peer_5:basic
Peer_2:basic INFO 3.0540866827140905: Connecting to Peer_3:basic
Peer_2:basic INFO 3.3662739161405986: Received message <Hello:> from Peer_3:basic
Peer_2:basic INFO 4.317301109773884: Received message <Hello:> from Peer_5:basic
Peer_2:basic INFO 4.738909257908507: Received message <Hello:> from Peer_3:basic
Peer_2:basic INFO 5.002301911871345: Received message <Hello:> from Peer_3:basic
Peer_2:basic INFO 1000: Sending message <Ping:> to Peer_6:basic
Peer_2:basic INFO 1000: Sending message <Ping:> to Peer_5:basic
Peer_2:basic INFO 1000: Sending message <Ping:> to Peer_3:basic
Peer_2:basic INFO 1000: Sending message <Ping:> to Peer_6:basic
Peer_2:basic INFO 1000: Sending message <Ping:> to Peer_5:basic
Peer_2:basic INFO 1000: Sending message <Ping:> to Peer_1:basic
Peer_2:basic INFO 1000: Sending message <Ping:> to Peer_7:basic
Peer_2:basic INFO 1000: Sending message <Ping:> to Peer_3:basic
Peer_2:basic INFO 1000.63925379642: Received message <Ping:> from Peer_5:basic
Peer_2:basic INFO 1000.63925379642: Sending message <Pong:> to Peer_5:basic
Peer_2:basic INFO 1000.9680098738124: Received message <Ping:> from Peer_6:basic
Peer_2:basic INFO 1000.9680098738124: Sending message <Pong:> to Peer_6:basic
Peer_2:basic INFO 1001.6226535738466: Received message <Pong:> from Peer_6:basic
Peer_2:basic INFO 1001.8184075483222: Received message <Pong:> from Peer_6:basic
Peer_2:basic INFO 1002.2385012609178: Received message <Ping:> from Peer_3:basic
Peer_2:basic INFO 1002.2385012609178: Sending message <Pong:> to Peer_3:basic
Peer_2:basic INFO 1002.725864839198: Received message <Ping:> from Peer_3:basic
Peer_2:basic INFO 1002.725864839198: Sending message <Pong:> to Peer_3:basic
Peer_2:basic INFO 1002.7533395801139: Received message <Ping:> from Peer_7:basic
Peer_2:basic INFO 1002.7533395801139: Sending message <Pong:> to Peer_7:basic
Peer_2:basic INFO 1002.8706299467713: Received message <Ping:> from Peer_5:basic
Peer_2:basic INFO 1002.8706299467713: Sending message <Pong:> to Peer_5:basic
Peer_2:basic INFO 1003.0439272660836: Received message <Ping:> from Peer_6:basic
Peer_2:basic INFO 1003.0439272660836: Sending message <Pong:> to Peer_6:basic
Peer_2:basic INFO 1003.4244683119389: Received message <Ping:> from Peer_1:basic
Peer_2:basic INFO 1003.4244683119389: Sending message <Pong:> to Peer_1:basic
Peer_2:basic INFO 1003.4998852539808: Received message <Pong:> from Peer_5:basic
Peer_2:basic INFO 1003.6161594721914: Received message <Pong:> from Peer_5:basic
Peer_2:basic INFO 1003.662811832022: Received message <Pong:> from Peer_3:basic
Peer_2:basic INFO 1003.9216734454444: Received message <Pong:> from Peer_7:basic
Peer_2:basic INFO 1004.7709599659307: Received message <Pong:> from Peer_1:basic
Peer_2:basic INFO 1005.0031379088326: Received message <Pong:> from Peer_3:basic
Peer_2:basic INFO 2000: Sending message <Ping:> to Peer_6:basic
Peer_2:basic INFO 2000: Sending message <Ping:> to Peer_5:basic
Peer_2:basic INFO 2000: Sending message <Ping:> to Peer_3:basic
Peer_2:basic INFO 2000: Sending message <Ping:> to Peer_6:basic
Peer_2:basic INFO 2000: Sending message <Ping:> to Peer_5:basic
Peer_2:basic INFO 2000: Sending message <Ping:> to Peer_1:basic
Peer_2:basic INFO 2000: Sending message <Ping:> to Peer_7:basic
Peer_2:basic INFO 2000: Sending message <Ping:> to Peer_3:basic
Peer_2:basic INFO 2000.0218060302973: Received message <Ping:> from Peer_1:basic
Peer_2:basic INFO 2000.0218060302973: Sending message <Pong:> to Peer_1:basic
Peer_2:basic INFO 2000.933080412835: Received message <Ping:> from Peer_5:basic
Peer_2:basic INFO 2000.933080412835: Sending message <Pong:> to Peer_5:basic
Peer_2:basic INFO 2001.0489941367825: Received message <Ping:> from Peer_6:basic
Peer_2:basic INFO 2001.0489941367825: Sending message <Pong:> to Peer_6:basic
Peer_2:basic INFO 2001.5562584408278: Received message <Ping:> from Peer_3:basic
Peer_2:basic INFO 2001.5562584408278: Sending message <Pong:> to Peer_3:basic
Peer_2:basic INFO 2001.8389858296641: Received message <Ping:> from Peer_3:basic
Peer_2:basic INFO 2001.8389858296641: Sending message <Pong:> to Peer_3:basic
Peer_2:basic INFO 2001.9533898087307: Received message <Ping:> from Peer_6:basic
Peer_2:basic INFO 2001.9533898087307: Sending message <Pong:> to Peer_6:basic
Peer_2:basic INFO 2002.0402772093455: Received message <Pong:> from Peer_5:basic
Peer_2:basic INFO 2002.1123674257526: Received message <Pong:> from Peer_5:basic
Peer_2:basic INFO 2002.5038798124624: Received message <Pong:> from Peer_6:basic
Peer_2:basic INFO 2003.207502375017: Received message <Ping:> from Peer_7:basic
Peer_2:basic INFO 2003.207502375017: Sending message <Pong:> to Peer_7:basic
Peer_2:basic INFO 2003.2680673252694: Received message <Ping:> from Peer_5:basic
Peer_2:basic INFO 2003.2680673252694: Sending message <Pong:> to Peer_5:basic
Peer_2:basic INFO 2003.6725654874906: Received message <Pong:> from Peer_3:basic
Peer_2:basic INFO 2003.7864306087768: Received message <Pong:> from Peer_7:basic
Peer_2:basic INFO 2005.015870154962: Received message <Pong:> from Peer_6:basic
Peer_2:basic INFO 2005.806345119458: Received message <Pong:> from Peer_3:basic
Peer_2:basic INFO 2006.6536248398709: Received message <Pong:> from Peer_1:basic
