Peer_6:basic INFO 0.6692806832526981: Received message <Hello:> from Peer_2:basic
Peer_6:basic INFO 0.6692806832526981: Connecting to Peer_2:basic
Peer_6:basic INFO 0.6692806832526981: Sending message <Hello:> to Peer_2:basic
Peer_6:basic INFO 0.7281288355584079: Received message <Hello:> from Peer_2:basic
Peer_6:basic INFO 0.7281288355584079: Connecting to Peer_2:basic
Peer_6:basic INFO 0.7281288355584079: Sending message <Hello:> to Peer_2:basic
Peer_6:basic INFO 1.0887165492424358: Connecting to Peer_5:basic
Peer_6:basic INFO 1.243152212905089: Received message <Hello:> from Peer_5:basic
Peer_6:basic INFO 2.347664869090125: Connecting to Peer_7:basic
Peer_6:basic INFO 2.546282517534187: Received message <Hello:> from Peer_7:basic
Peer_6:basic INFO 2.6501682961534936: Received message <Hello:> from Peer_7:basic
Peer_6:basic INFO 3.5586512775580594: Received message <Hello:> from Peer_5:basic
Peer_6:basic INFO 1000: Sending message <Ping:> to Peer_2:basic
Peer_6:basic INFO 1000: Sending message <Ping:> to Peer_2:basic
Peer_6:basic INFO 1000: Sending message <Ping:> to Peer_5:basic
Peer_6:basic INFO 1000: Sending message <Ping:> to Peer_7:basic
Peer_6:basic INFO 1001.0480638530404: Received message <Ping:> from Peer_2:basic
Peer_6:basic INFO 1001.0480638530404: Sending message <Pong:> to Peer_2:basic
Peer_6:basic INFO 1001.1756230233999: Received message <Ping:> from Peer_2:basic
Peer_6:basic INFO 1001.1756230233999: Sending message <Pong:> to Peer_2:basic
Peer_6:basic INFO 1001.6243751603221: Received message <Pong:> from Peer_2:basic
Peer_6:basic INFO 1001.880562060319: Received message <Pong:> from Peer_2:basic
Peer_6:basic INFO 1002.9963682848326: Received message <Ping:> from Peer_5:basic
Peer_6:basic INFO 1002.9963682848326: Sending message <Pong:> to Peer_5:basic
Peer_6:basic INFO 1004.9108083398735: Received message <Pong:> from Peer_7:basic
Peer_6:basic INFO 1005.5839524443179: Received message <Ping:> from Peer_7:basic
Peer_6:basic INFO 1005.5839524443179: Sending message <Pong:> to Peer_7:basic
Peer_6:basic INFO 1010.3449973009897: Received message <Pong:> from Peer_5:basic
Peer_6:basic INFO 2000: Sending message <Ping:> to Peer_2:basic
Peer_6:basic INFO 2000: Sending message <Ping:> to Peer_2:basic
Peer_6:basic INFO 2000: Sending message <Ping:> to Peer_5:basic
Peer_6:basic INFO 2000: Sending message <Ping:> to Peer_7:basic
Peer_6:basic INFO 2000.6631253359176: Received message <Ping:> from Peer_2:basic
Peer_6:basic INFO 2000.6631253359176: Sending message <Pong:> to Peer_2:basic
Peer_6:basic INFO 2000.9618333491203: Received message <Ping:> from Peer_2:basic
Peer_6:basic INFO 2000.9618333491203: Sending message <Pong:> to Peer_2:basic
Peer_6:basic INFO 2001.114113962232: Received message <Ping:> from Peer_7:basic
Peer_6:basic INFO 2001.114113962232: Sending message <Pong:> to Peer_7:basic
Peer_6:basic INFO 2001.547560277065: Received message <Ping:> from Peer_5:basic
Peer_6:basic INFO 2001.547560277065: Sending message <Pong:> to Peer_5:basic
Peer_6:basic INFO 2001.9921062207839: Received message <Pong:> from Peer_2:basic
Peer_6:basic INFO 2002.1126941744744: Received message <Pong:> from Peer_2:basic
Peer_6:basic INFO 2002.455767183349: Received message <Pong:> from Peer_5:basic
Peer_6:basic INFO 2004.991562114195: Received message <Pong:> from Peer_7:basic
