Peer_1:basic WARNING 0: Not enough peers, fetching more (0, 4)
Peer_1:basic INFO 2.8160179357888557: Connecting to Peer_11:bootstrap
Peer_1:basic INFO 5.0726532988046475: Received message <RequestPeers:> from Peer_11:bootstrap
Peer_1:basic INFO 5.0726532988046475: Sending message <PeerList> to Peer_11:bootstrap
Peer_1:basic INFO 5.398372066478162: Received message <Hello:> from Peer_11:bootstrap
Peer_1:basic WARNING 500: Not enough peers, fetching more (1, 4)
Peer_1:basic INFO 500: Sending message <RequestPeers:> to Peer_11:bootstrap
Peer_1:basic INFO 503.43725917093235: Received message <RequestPeers:> from Peer_11:bootstrap
Peer_1:basic INFO 503.43725917093235: Sending message <PeerList> to Peer_11:bootstrap
Peer_1:basic INFO 505.81071972041224: Received message <PeerList> from Peer_11:bootstrap
Peer_1:basic WARNING 1000: Not enough peers, fetching more (1, 4)
Peer_1:basic INFO 1000: Sending message <RequestPeers:> to Peer_11:bootstrap
Peer_1:basic INFO 1002.8532587749027: Connecting to Peer_7:basic
Peer_1:basic INFO 1004.4234748546185: Received message <Hello:> from Peer_7:basic
Peer_1:basic INFO 1004.6980986862117: Received message <RequestPeers:> from Peer_11:bootstrap
Peer_1:basic INFO 1004.6980986862117: Sending message <PeerList> to Peer_11:bootstrap
Peer_1:basic INFO 1005.5676639224847: Received message <RequestPeers:> from Peer_7:basic
Peer_1:basic INFO 1005.5676639224847: Sending message <PeerList> to Peer_7:basic
Peer_1:basic INFO 1006.204847709277: Received message <PeerList> from Peer_11:bootstrap
Peer_1:basic WARNING 1500: Not enough peers, fetching more (2, 4)
Peer_1:basic INFO 1500: Sending message <RequestPeers:> to Peer_7:basic
Peer_1:basic INFO 1500: Sending message <RequestPeers:> to Peer_11:bootstrap
Peer_1:basic INFO 1502.1855233160568: Received message <PeerList> from Peer_11:bootstrap
Peer_1:basic INFO 1502.8334551715066: Connecting to Peer_2:basic
Peer_1:basic INFO 1504.0403701822665: Received message <Hello:> from Peer_2:basic
Peer_1:basic INFO 1504.5164318611214: Received message <PeerList> from Peer_7:basic
Peer_1:basic INFO 1506.0161152779706: Received message <RequestPeers:> from Peer_2:basic
Peer_1:basic INFO 1506.0161152779706: Sending message <PeerList> to Peer_2:basic
Peer_1:basic WARNING 2000: Not enough peers, fetching more (3, 4)
Peer_1:basic INFO 2002.1506130060486: Connecting to Peer_6:basic
Peer_1:basic INFO 2004.0332466398665: Received message <Hello:> from Peer_6:basic
Peer_1:basic INFO 2004.6319622888082: Received message <RequestPeers:> from Peer_6:basic
Peer_1:basic INFO 2004.6319622888082: Sending message <PeerList> to Peer_6:basic
Peer_1:basic INFO 2500: Sending message <Ping:> to Peer_11:bootstrap
Peer_1:basic INFO 2500: Sending message <Ping:> to Peer_7:basic
Peer_1:basic INFO 2500: Sending message <Ping:> to Peer_2:basic
Peer_1:basic INFO 2501.239564626181: Received message <Ping:> from Peer_7:basic
Peer_1:basic INFO 2501.239564626181: Sending message <Pong:> to Peer_7:basic
Peer_1:basic INFO 2501.9553064700854: Received message <Ping:> from Peer_11:bootstrap
Peer_1:basic INFO 2501.9553064700854: Sending message <Pong:> to Peer_11:bootstrap
Peer_1:basic INFO 2502.234754840235: Received message <Ping:> from Peer_2:basic
Peer_1:basic INFO 2502.234754840235: Sending message <Pong:> to Peer_2:basic
Peer_1:basic INFO 2503.389281333319: Received message <Pong:> from Peer_7:basic
Peer_1:basic INFO 2504.3326079343356: Received message <Pong:> from Peer_11:bootstrap
Peer_1:basic INFO 2505.0673041905948: Received message <RequestPeers:> from Peer_11:bootstrap
Peer_1:basic INFO 2505.0673041905948: Sending message <PeerList> to Peer_11:bootstrap
Peer_1:basic INFO 2505.3663600507166: Received message <Pong:> from Peer_2:basic
Peer_1:basic INFO 3000: Sending message <Ping:> to Peer_6:basic
Peer_1:basic INFO 3002.2321997250842: Received message <Ping:> from Peer_6:basic
Peer_1:basic INFO 3002.2321997250842: Sending message <Pong:> to Peer_6:basic
Peer_1:basic INFO 3002.8196842969396: Received message <RequestPeers:> from Peer_11:bootstrap
Peer_1:basic INFO 3002.8196842969396: Sending message <PeerList> to Peer_11:bootstrap
Peer_1:basic INFO 3003.65476098218: Received message <Pong:> from Peer_6:basic
Peer_1:basic INFO 3500: Sending message <Ping:> to Peer_7:basic
Peer_1:basic INFO 3500: Sending message <Ping:> to Peer_2:basic
Peer_1:basic INFO 3500.8505698404642: Received message <Ping:> from Peer_2:basic
Peer_1:basic INFO 3500.8505698404642: Sending message <Pong:> to Peer_2:basic
Peer_1:basic INFO 3501.8526559959196: Received message <Ping:> from Peer_7:basic
Peer_1:basic INFO 3501.8526559959196: Sending message <Pong:> to Peer_7:basic
Peer_1:basic INFO 3502.274946064074: Received message <RequestPeers:> from Peer_11:bootstrap
Peer_1:basic INFO 3502.274946064074: Sending message <PeerList> to Peer_11:bootstrap
Peer_1:basic INFO 3503.344726054445: Received message <Pong:> from Peer_7:basic
Peer_1:basic INFO 3505.0568135628023: Received message <Pong:> from Peer_2:basic
Peer_1:basic INFO 4000: Sending message <Ping:> to Peer_6:basic
Peer_1:basic INFO 4002.698629423536: Received message <Ping:> from Peer_6:basic
Peer_1:basic INFO 4002.698629423536: Sending message <Pong:> to Peer_6:basic
Peer_1:basic INFO 4003.897758114817: Received message <Pong:> from Peer_6:basic
Peer_1:basic INFO 4500: Sending message <Ping:> to Peer_11:bootstrap
Peer_1:basic INFO 4500: Sending message <Ping:> to Peer_7:basic
Peer_1:basic INFO 4500: Sending message <Ping:> to Peer_2:basic
Peer_1:basic INFO 4501.276062005049: Received message <Ping:> from Peer_2:basic
Peer_1:basic INFO 4501.276062005049: Sending message <Pong:> to Peer_2:basic
Peer_1:basic INFO 4502.131223479614: Received message <Ping:> from Peer_7:basic
Peer_1:basic INFO 4502.131223479614: Sending message <Pong:> to Peer_7:basic
Peer_1:basic INFO 4502.897890681651: Received message <Ping:> from Peer_11:bootstrap
Peer_1:basic INFO 4502.897890681651: Sending message <Pong:> to Peer_11:bootstrap
Peer_1:basic INFO 4504.364210774886: Received message <Pong:> from Peer_7:basic
Peer_1:basic INFO 4504.401160802681: Received message <Pong:> from Peer_2:basic
Peer_1:basic INFO 4505.162267970645: Received message <Pong:> from Peer_11:bootstrap
Peer_1:basic INFO 5000: Sending message <Ping:> to Peer_6:basic
Peer_1:basic INFO 5002.196253991747: Received message <Ping:> from Peer_6:basic
Peer_1:basic INFO 5002.196253991747: Sending message <Pong:> to Peer_6:basic
Peer_1:basic INFO 5004.883335133843: Received message <Pong:> from Peer_6:basic
Peer_1:basic INFO 5500: Sending message <Ping:> to Peer_11:bootstrap
Peer_1:basic INFO 5500: Sending message <Ping:> to Peer_7:basic
Peer_1:basic INFO 5500: Sending message <Ping:> to Peer_2:basic
Peer_1:basic INFO 5501.172049581049: Received message <Ping:> from Peer_7:basic
Peer_1:basic INFO 5501.172049581049: Sending message <Pong:> to Peer_7:basic
Peer_1:basic INFO 5501.435325123287: Received message <Pong:> from Peer_2:basic
Peer_1:basic INFO 5501.452312476322: Received message <RequestPeers:> from Peer_11:bootstrap
Peer_1:basic INFO 5501.452312476322: Sending message <PeerList> to Peer_11:bootstrap
Peer_1:basic INFO 5502.392399702739: Received message <Pong:> from Peer_11:bootstrap
Peer_1:basic INFO 5502.559116379695: Received message <Ping:> from Peer_11:bootstrap
Peer_1:basic INFO 5502.559116379695: Sending message <Pong:> to Peer_11:bootstrap
Peer_1:basic INFO 5502.839358239234: Received message <Pong:> from Peer_7:basic
Peer_1:basic INFO 5503.833926705373: Received message <Ping:> from Peer_2:basic
Peer_1:basic INFO 5503.833926705373: Sending message <Pong:> to Peer_2:basic
