Peer_11:bootstrap WARNING 0: Not enough peers, fetching more (0, 15)
Peer_11:bootstrap INFO 0.5466840245266937: Received message <Hello:> from Peer_4:basic
Peer_11:bootstrap INFO 0.5466840245266937: Connecting to Peer_4:basic
Peer_11:bootstrap INFO 0.5466840245266937: Sending message <Hello:> to Peer_4:basic
Peer_11:bootstrap INFO 0.5466840245266937: Sending message <RequestPeers:> to Peer_4:basic
Peer_11:bootstrap INFO 0.5854143934650727: Received message <Hello:> from Peer_2:basic
Peer_11:bootstrap INFO 0.5854143934650727: Connecting to Peer_2:basic
Peer_11:bootstrap INFO 0.5854143934650727: Sending message <Hello:> to Peer_2:basic
Peer_11:bootstrap INFO 0.5854143934650727: Sending message <RequestPeers:> to Peer_2:basic
Peer_11:bootstrap INFO 0.6660455689728328: Received message <Hello:> from Peer_10:basic
Peer_11:bootstrap INFO 0.6660455689728328: Connecting to Peer_10:basic
Peer_11:bootstrap INFO 0.6660455689728328: Sending message <Hello:> to Peer_10:basic
Peer_11:bootstrap INFO 0.6660455689728328: Sending message <RequestPeers:> to Peer_10:basic
Peer_11:bootstrap INFO 0.6697863693710739: Received message <Hello:> from Peer_8:basic
Peer_11:bootstrap INFO 0.6697863693710739: Connecting to Peer_8:basic
Peer_11:bootstrap INFO 0.6697863693710739: Sending message <Hello:> to Peer_8:basic
Peer_11:bootstrap INFO 0.6697863693710739: Sending message <RequestPeers:> to Peer_8:basic
Peer_11:bootstrap INFO 0.9531325682782565: Received message <Hello:> from Peer_5:basic
Peer_11:bootstrap INFO 0.9531325682782565: Connecting to Peer_5:basic
Peer_11:bootstrap INFO 0.9531325682782565: Sending message <Hello:> to Peer_5:basic
Peer_11:bootstrap INFO 0.9531325682782565: Sending message <RequestPeers:> to Peer_5:basic
Peer_11:bootstrap INFO 1.7017080125384223: Received message <Hello:> from Peer_9:basic
Peer_11:bootstrap INFO 1.7017080125384223: Connecting to Peer_9:basic
Peer_11:bootstrap INFO 1.7017080125384223: Sending message <Hello:> to Peer_9:basic
Peer_11:bootstrap INFO 1.7017080125384223: Sending message <RequestPeers:> to Peer_9:basic
Peer_11:bootstrap INFO 1.8751288500343244: Received message <PeerList> from Peer_2:basic
Peer_11:bootstrap INFO 1.9581331219111746: Received message <PeerList> from Peer_4:basic
Peer_11:bootstrap INFO 1.9862842478099323: Received message <PeerList> from Peer_10:basic
Peer_11:bootstrap INFO 2.5348893677443685: Received message <PeerList> from Peer_8:basic
Peer_11:bootstrap INFO 2.7780878804007596: Received message <PeerList> from Peer_5:basic
Peer_11:bootstrap INFO 2.8160179357888557: Received message <Hello:> from Peer_1:basic
Peer_11:bootstrap INFO 2.8160179357888557: Connecting to Peer_1:basic
Peer_11:bootstrap INFO 2.8160179357888557: Sending message <Hello:> to Peer_1:basic
Peer_11:bootstrap INFO 2.8160179357888557: Sending message <RequestPeers:> to Peer_1:basic
Peer_11:bootstrap INFO 2.8683027605124924: Received message <Hello:> from Peer_7:basic
Peer_11:bootstrap INFO 2.8683027605124924: Connecting to Peer_7:basic
Peer_11:bootstrap INFO 2.8683027605124924: Sending message <Hello:> to Peer_7:basic
Peer_11:bootstrap INFO 2.8683027605124924: Sending message <RequestPeers:> to Peer_7:basic
Peer_11:bootstrap INFO 3.6849302999577516: Received message <Hello:> from Peer_3:basic
Peer_11:bootstrap INFO 3.6849302999577516: Connecting to Peer_3:basic
Peer_11:bootstrap INFO 3.6849302999577516: Sending message <Hello:> to Peer_3:basic
Peer_11:bootstrap INFO 3.6849302999577516: Sending message <RequestPeers:> to Peer_3:basic
Peer_11:bootstrap INFO 4.117073993181269: Received message <PeerList> from Peer_9:basic
Peer_11:bootstrap INFO 4.368565964887591: Received message <Hello:> from Peer_6:basic
Peer_11:bootstrap INFO 4.368565964887591: Connecting to Peer_6:basic
Peer_11:bootstrap INFO 4.368565964887591: Sending message <Hello:> to Peer_6:basic
Peer_11:bootstrap INFO 4.368565964887591: Sending message <RequestPeers:> to Peer_6:basic
Peer_11:bootstrap INFO 6.138932163313572: Received message <PeerList> from Peer_1:basic
Peer_11:bootstrap INFO 7.075727893493552: Received message <PeerList> from Peer_6:basic
Peer_11:bootstrap INFO 8.652047014206115: Received message <PeerList> from Peer_7:basic
Peer_11:bootstrap INFO 10.809431241595313: Received message <PeerList> from Peer_3:basic
Peer_11:bootstrap WARNING 500: Not enough peers, fetching more (10, 15)
Peer_11:bootstrap INFO 500: Sending message <RequestPeers:> to Peer_1:basic
Peer_11:bootstrap INFO 500: Sending message <RequestPeers:> to Peer_8:basic
Peer_11:bootstrap INFO 500: Sending message <RequestPeers:> to Peer_9:basic
Peer_11:bootstrap INFO 500: Sending message <RequestPeers:> to Peer_3:basic
Peer_11:bootstrap INFO 500: Sending message <RequestPeers:> to Peer_7:basic
Peer_11:bootstrap INFO 500.5560494154024: Received message <RequestPeers:> from Peer_2:basic
Peer_11:bootstrap INFO 500.5560494154024: Sending message <PeerList> to Peer_2:basic
Peer_11:bootstrap INFO 500.69658838465614: Received message <RequestPeers:> from Peer_8:basic
Peer_11:bootstrap INFO 500.69658838465614: Sending message <PeerList> to Peer_8:basic
Peer_11:bootstrap INFO 500.8778855899408: Received message <RequestPeers:> from Peer_10:basic
Peer_11:bootstrap INFO 500.8778855899408: Sending message <PeerList> to Peer_10:basic
Peer_11:bootstrap INFO 500.93647266909136: Received message <RequestPeers:> from Peer_4:basic
Peer_11:bootstrap INFO 500.93647266909136: Sending message <PeerList> to Peer_4:basic
Peer_11:bootstrap INFO 501.3122958123514: Received message <RequestPeers:> from Peer_9:basic
Peer_11:bootstrap INFO 501.3122958123514: Sending message <PeerList> to Peer_9:basic
Peer_11:bootstrap INFO 501.4428095593243: Received message <PeerList> from Peer_9:basic
Peer_11:bootstrap INFO 501.6742414409475: Received message <RequestPeers:> from Peer_5:basic
Peer_11:bootstrap INFO 501.6742414409475: Sending message <PeerList> to Peer_5:basic
Peer_11:bootstrap INFO 501.96031142695: Received message <RequestPeers:> from Peer_7:basic
Peer_11:bootstrap INFO 501.96031142695: Sending message <PeerList> to Peer_7:basic
Peer_11:bootstrap INFO 502.0747102812315: Received message <RequestPeers:> from Peer_1:basic
Peer_11:bootstrap INFO 502.0747102812315: Sending message <PeerList> to Peer_1:basic
Peer_11:bootstrap INFO 502.1158187384128: Received message <PeerList> from Peer_8:basic
Peer_11:bootstrap INFO 502.4758609516809: Received message <RequestPeers:> from Peer_3:basic
Peer_11:bootstrap INFO 502.4758609516809: Sending message <PeerList> to Peer_3:basic
Peer_11:bootstrap INFO 502.66173836966027: Received message <RequestPeers:> from Peer_6:basic
Peer_11:bootstrap INFO 502.66173836966027: Sending message <PeerList> to Peer_6:basic
Peer_11:bootstrap INFO 503.7033722275756: Received message <PeerList> from Peer_7:basic
Peer_11:bootstrap INFO 506.18775178316514: Received message <PeerList> from Peer_1:basic
Peer_11:bootstrap INFO 507.35704918330174: Received message <PeerList> from Peer_3:basic
Peer_11:bootstrap WARNING 1000: Not enough peers, fetching more (10, 15)
Peer_11:bootstrap INFO 1000: Sending message <RequestPeers:> to Peer_4:basic
Peer_11:bootstrap INFO 1000: Sending message <RequestPeers:> to Peer_9:basic
Peer_11:bootstrap INFO 1000: Sending message <RequestPeers:> to Peer_8:basic
Peer_11:bootstrap INFO 1000: Sending message <RequestPeers:> to Peer_1:basic
Peer_11:bootstrap INFO 1000: Sending message <RequestPeers:> to Peer_6:basic
Peer_11:bootstrap INFO 1000.526466892109: Received message <RequestPeers:> from Peer_5:basic
Peer_11:bootstrap INFO 1000.526466892109: Sending message <PeerList> to Peer_5:basic
Peer_11:bootstrap INFO 1000.5380628706392: Received message <RequestPeers:> from Peer_4:basic
Peer_11:bootstrap INFO 1000.5380628706392: Sending message <PeerList> to Peer_4:basic
Peer_11:bootstrap INFO 1000.6812686333146: Received message <RequestPeers:> from Peer_2:basic
Peer_11:bootstrap INFO 1000.6812686333146: Sending message <PeerList> to Peer_2:basic
Peer_11:bootstrap INFO 1000.8910218110137: Received message <RequestPeers:> from Peer_9:basic
Peer_11:bootstrap INFO 1000.8910218110137: Sending message <PeerList> to Peer_9:basic
Peer_11:bootstrap INFO 1000.9810439828811: Received message <RequestPeers:> from Peer_10:basic
Peer_11:bootstrap INFO 1000.9810439828811: Sending message <PeerList> to Peer_10:basic
Peer_11:bootstrap INFO 1001.0937408793807: Received message <RequestPeers:> from Peer_8:basic
Peer_11:bootstrap INFO 1001.0937408793807: Sending message <PeerList> to Peer_8:basic
Peer_11:bootstrap INFO 1001.328255013143: Received message <PeerList> from Peer_9:basic
Peer_11:bootstrap INFO 1001.4125821289455: Received message <RequestPeers:> from Peer_6:basic
Peer_11:bootstrap INFO 1001.4125821289455: Sending message <PeerList> to Peer_6:basic
Peer_11:bootstrap INFO 1002.1813513579901: Received message <PeerList> from Peer_4:basic
Peer_11:bootstrap INFO 1002.6490014778135: Received message <PeerList> from Peer_8:basic
Peer_11:bootstrap INFO 1002.7941506085205: Received message <RequestPeers:> from Peer_3:basic
Peer_11:bootstrap INFO 1002.7941506085205: Sending message <PeerList> to Peer_3:basic
Peer_11:bootstrap INFO 1003.2475784176246: Received message <RequestPeers:> from Peer_1:basic
Peer_11:bootstrap INFO 1003.2475784176246: Sending message <PeerList> to Peer_1:basic
Peer_11:bootstrap INFO 1003.2814564425005: Received message <RequestPeers:> from Peer_7:basic
Peer_11:bootstrap INFO 1003.2814564425005: Sending message <PeerList> to Peer_7:basic
Peer_11:bootstrap INFO 1005.4357839968286: Received message <PeerList> from Peer_6:basic
Peer_11:bootstrap INFO 1008.555451707386: Received message <PeerList> from Peer_1:basic
Peer_11:bootstrap WARNING 1500: Not enough peers, fetching more (10, 15)
Peer_11:bootstrap INFO 1500: Sending message <RequestPeers:> to Peer_8:basic
Peer_11:bootstrap INFO 1500: Sending message <RequestPeers:> to Peer_10:basic
Peer_11:bootstrap INFO 1500: Sending message <RequestPeers:> to Peer_4:basic
Peer_11:bootstrap INFO 1500: Sending message <RequestPeers:> to Peer_3:basic
Peer_11:bootstrap INFO 1500: Sending message <RequestPeers:> to Peer_7:basic
Peer_11:bootstrap INFO 1500.9360260433984: Received message <RequestPeers:> from Peer_2:basic
Peer_11:bootstrap INFO 1500.9360260433984: Sending message <PeerList> to Peer_2:basic
Peer_11:bootstrap INFO 1501.086335991748: Received message <RequestPeers:> from Peer_4:basic
Peer_11:bootstrap INFO 1501.086335991748: Sending message <PeerList> to Peer_4:basic
Peer_11:bootstrap INFO 1501.5338599138515: Received message <PeerList> from Peer_8:basic
Peer_11:bootstrap INFO 1501.5956581355065: Received message <PeerList> from Peer_4:basic
Peer_11:bootstrap INFO 1501.8591379959425: Received message <RequestPeers:> from Peer_1:basic
Peer_11:bootstrap INFO 1501.8591379959425: Sending message <PeerList> to Peer_1:basic
Peer_11:bootstrap INFO 1502.2056258067612: Received message <PeerList> from Peer_10:basic
Peer_11:bootstrap INFO 1502.6134661679625: Received message <RequestPeers:> from Peer_3:basic
Peer_11:bootstrap INFO 1502.6134661679625: Sending message <PeerList> to Peer_3:basic
Peer_11:bootstrap INFO 1505.758045804382: Received message <PeerList> from Peer_7:basic
Peer_11:bootstrap INFO 1505.7736165493047: Received message <PeerList> from Peer_3:basic
Peer_11:bootstrap WARNING 2000: Not enough peers, fetching more (10, 15)
Peer_11:bootstrap INFO 2000: Sending message <RequestPeers:> to Peer_5:basic
Peer_11:bootstrap INFO 2000: Sending message <RequestPeers:> to Peer_9:basic
Peer_11:bootstrap INFO 2000: Sending message <RequestPeers:> to Peer_8:basic
Peer_11:bootstrap INFO 2000: Sending message <RequestPeers:> to Peer_7:basic
Peer_11:bootstrap INFO 2000: Sending message <RequestPeers:> to Peer_6:basic
Peer_11:bootstrap INFO 2000: Sending message <Ping:> to Peer_5:basic
Peer_11:bootstrap INFO 2000: Sending message <Ping:> to Peer_9:basic
Peer_11:bootstrap INFO 2000: Sending message <Ping:> to Peer_6:basic
Peer_11:bootstrap INFO 2000.8040929259525: Received message <Ping:> from Peer_9:basic
Peer_11:bootstrap INFO 2000.8040929259525: Sending message <Pong:> to Peer_9:basic
Peer_11:bootstrap INFO 2001.0619663231803: Received message <Ping:> from Peer_5:basic
Peer_11:bootstrap INFO 2001.0619663231803: Sending message <Pong:> to Peer_5:basic
Peer_11:bootstrap INFO 2001.1589014952444: Received message <Pong:> from Peer_5:basic
Peer_11:bootstrap INFO 2001.4540587994766: Received message <RequestPeers:> from Peer_4:basic
Peer_11:bootstrap INFO 2001.4540587994766: Sending message <PeerList> to Peer_4:basic
Peer_11:bootstrap INFO 2001.4665356728271: Received message <PeerList> from Peer_5:basic
Peer_11:bootstrap INFO 2001.5142827475956: Received message <PeerList> from Peer_8:basic
Peer_11:bootstrap INFO 2001.5165592660603: Received message <PeerList> from Peer_9:basic
Peer_11:bootstrap INFO 2003.1293902698771: Received message <Ping:> from Peer_6:basic
Peer_11:bootstrap INFO 2003.1293902698771: Sending message <Pong:> to Peer_6:basic
Peer_11:bootstrap INFO 2003.144618822479: Received message <Pong:> from Peer_9:basic
Peer_11:bootstrap INFO 2003.8796036659396: Received message <PeerList> from Peer_7:basic
Peer_11:bootstrap INFO 2005.333057877637: Received message <Pong:> from Peer_6:basic
Peer_11:bootstrap INFO 2008.3043221914047: Received message <PeerList> from Peer_6:basic
Peer_11:bootstrap WARNING 2500: Not enough peers, fetching more (10, 15)
Peer_11:bootstrap INFO 2500: Sending message <RequestPeers:> to Peer_4:basic
Peer_11:bootstrap INFO 2500: Sending message <RequestPeers:> to Peer_10:basic
Peer_11:bootstrap INFO 2500: Sending message <RequestPeers:> to Peer_3:basic
Peer_11:bootstrap INFO 2500: Sending message <RequestPeers:> to Peer_1:basic
Peer_11:bootstrap INFO 2500: Sending message <RequestPeers:> to Peer_6:basic
Peer_11:bootstrap INFO 2500: Sending message <Ping:> to Peer_2:basic
Peer_11:bootstrap INFO 2500: Sending message <Ping:> to Peer_10:basic
Peer_11:bootstrap INFO 2500: Sending message <Ping:> to Peer_1:basic
Peer_11:bootstrap INFO 2500: Sending message <Ping:> to Peer_3:basic
Peer_11:bootstrap INFO 2500.56061111089: Received message <Ping:> from Peer_1:basic
Peer_11:bootstrap INFO 2500.56061111089: Sending message <Pong:> to Peer_1:basic
Peer_11:bootstrap INFO 2500.664299064458: Received message <Ping:> from Peer_2:basic
Peer_11:bootstrap INFO 2500.664299064458: Sending message <Pong:> to Peer_2:basic
Peer_11:bootstrap INFO 2500.9621303752533: Received message <Ping:> from Peer_10:basic
Peer_11:bootstrap INFO 2500.9621303752533: Sending message <Pong:> to Peer_10:basic
Peer_11:bootstrap INFO 2501.339429468142: Received message <PeerList> from Peer_4:basic
Peer_11:bootstrap INFO 2501.8885204569124: Received message <PeerList> from Peer_10:basic
Peer_11:bootstrap INFO 2502.2284711134585: Received message <Pong:> from Peer_10:basic
Peer_11:bootstrap INFO 2502.3489433571785: Received message <Ping:> from Peer_3:basic
Peer_11:bootstrap INFO 2502.3489433571785: Sending message <Pong:> to Peer_3:basic
Peer_11:bootstrap INFO 2503.061745637667: Received message <Pong:> from Peer_2:basic
Peer_11:bootstrap INFO 2505.1327248134144: Received message <Pong:> from Peer_1:basic
Peer_11:bootstrap INFO 2505.4290279839174: Received message <Pong:> from Peer_3:basic
Peer_11:bootstrap INFO 2506.627920065717: Received message <PeerList> from Peer_3:basic
Peer_11:bootstrap INFO 2507.4878792005975: Received message <PeerList> from Peer_6:basic
Peer_11:bootstrap INFO 2507.6360614735436: Received message <PeerList> from Peer_1:basic
Peer_11:bootstrap WARNING 3000: Not enough peers, fetching more (10, 15)
Peer_11:bootstrap INFO 3000: Sending message <RequestPeers:> to Peer_2:basic
Peer_11:bootstrap INFO 3000: Sending message <RequestPeers:> to Peer_6:basic
Peer_11:bootstrap INFO 3000: Sending message <RequestPeers:> to Peer_9:basic
Peer_11:bootstrap INFO 3000: Sending message <RequestPeers:> to Peer_1:basic
Peer_11:bootstrap INFO 3000: Sending message <RequestPeers:> to Peer_7:basic
Peer_11:bootstrap INFO 3000: Sending message <Ping:> to Peer_8:basic
Peer_11:bootstrap INFO 3000: Sending message <Ping:> to Peer_5:basic
Peer_11:bootstrap INFO 3000: Sending message <Ping:> to Peer_9:basic
Peer_11:bootstrap INFO 3000: Sending message <Ping:> to Peer_7:basic
Peer_11:bootstrap INFO 3000.675921119946: Received message <Ping:> from Peer_8:basic
Peer_11:bootstrap INFO 3000.675921119946: Sending message <Pong:> to Peer_8:basic
Peer_11:bootstrap INFO 3000.7614564539394: Received message <Ping:> from Peer_9:basic
Peer_11:bootstrap INFO 3000.7614564539394: Sending message <Pong:> to Peer_9:basic
Peer_11:bootstrap INFO 3000.8402867594777: Received message <Ping:> from Peer_5:basic
Peer_11:bootstrap INFO 3000.8402867594777: Sending message <Pong:> to Peer_5:basic
Peer_11:bootstrap INFO 3001.333186083352: Received message <PeerList> from Peer_2:basic
Peer_11:bootstrap INFO 3001.516433695788: Received message <Pong:> from Peer_9:basic
Peer_11:bootstrap INFO 3001.7092669159565: Received message <PeerList> from Peer_9:basic
Peer_11:bootstrap INFO 3001.789156170479: Received message <Pong:> from Peer_5:basic
Peer_11:bootstrap INFO 3001.9002869828855: Received message <Pong:> from Peer_8:basic
Peer_11:bootstrap INFO 3002.2329736536312: Received message <PeerList> from Peer_6:basic
Peer_11:bootstrap INFO 3003.558909632375: Received message <Ping:> from Peer_7:basic
Peer_11:bootstrap INFO 3003.558909632375: Sending message <Pong:> to Peer_7:basic
Peer_11:bootstrap INFO 3005.1671792547345: Received message <Pong:> from Peer_7:basic
Peer_11:bootstrap INFO 3005.8113875853865: Received message <PeerList> from Peer_1:basic
Peer_11:bootstrap INFO 3007.2745247724415: Received message <PeerList> from Peer_7:basic
Peer_11:bootstrap WARNING 3500: Not enough peers, fetching more (10, 15)
Peer_11:bootstrap INFO 3500: Sending message <RequestPeers:> to Peer_9:basic
Peer_11:bootstrap INFO 3500: Sending message <RequestPeers:> to Peer_4:basic
Peer_11:bootstrap INFO 3500: Sending message <RequestPeers:> to Peer_3:basic
Peer_11:bootstrap INFO 3500: Sending message <RequestPeers:> to Peer_1:basic
Peer_11:bootstrap INFO 3500: Sending message <RequestPeers:> to Peer_7:basic
Peer_11:bootstrap INFO 3500: Sending message <Ping:> to Peer_4:basic
Peer_11:bootstrap INFO 3500: Sending message <Ping:> to Peer_10:basic
Peer_11:bootstrap INFO 3500: Sending message <Ping:> to Peer_3:basic
Peer_11:bootstrap INFO 3500.679849240285: Received message <Ping:> from Peer_4:basic
Peer_11:bootstrap INFO 3500.679849240285: Sending message <Pong:> to Peer_4:basic
Peer_11:bootstrap INFO 3501.5930642430917: Received message <Ping:> from Peer_10:basic
Peer_11:bootstrap INFO 3501.5930642430917: Sending message <Pong:> to Peer_10:basic
Peer_11:bootstrap INFO 3501.6884978956405: Received message <PeerList> from Peer_4:basic
Peer_11:bootstrap INFO 3502.2658606912582: Received message <Ping:> from Peer_3:basic
Peer_11:bootstrap INFO 3502.2658606912582: Sending message <Pong:> to Peer_3:basic
Peer_11:bootstrap INFO 3502.478987172089: Received message <Pong:> from Peer_10:basic
Peer_11:bootstrap INFO 3502.6116898766218: Received message <PeerList> from Peer_9:basic
Peer_11:bootstrap INFO 3502.619621077222: Received message <Pong:> from Peer_4:basic
Peer_11:bootstrap INFO 3503.1521428544856: Received message <PeerList> from Peer_7:basic
Peer_11:bootstrap INFO 3503.2467019470714: Received message <Pong:> from Peer_3:basic
Peer_11:bootstrap INFO 3505.7829851607976: Received message <PeerList> from Peer_3:basic
Peer_11:bootstrap INFO 3506.3546287500935: Received message <PeerList> from Peer_1:basic
Peer_11:bootstrap WARNING 4000: Not enough peers, fetching more (10, 15)
Peer_11:bootstrap INFO 4000: Sending message <RequestPeers:> to Peer_6:basic
Peer_11:bootstrap INFO 4000: Sending message <RequestPeers:> to Peer_4:basic
Peer_11:bootstrap INFO 4000: Sending message <RequestPeers:> to Peer_3:basic
Peer_11:bootstrap INFO 4000: Sending message <RequestPeers:> to Peer_5:basic
Peer_11:bootstrap INFO 4000: Sending message <RequestPeers:> to Peer_10:basic
Peer_11:bootstrap INFO 4000: Sending message <Ping:> to Peer_2:basic
Peer_11:bootstrap INFO 4000: Sending message <Ping:> to Peer_8:basic
Peer_11:bootstrap INFO 4000: Sending message <Ping:> to Peer_5:basic
Peer_11:bootstrap INFO 4000: Sending message <Ping:> to Peer_6:basic
Peer_11:bootstrap INFO 4000.5329855987716: Received message <Ping:> from Peer_2:basic
Peer_11:bootstrap INFO 4000.5329855987716: Sending message <Pong:> to Peer_2:basic
Peer_11:bootstrap INFO 4000.5506229748703: Received message <Ping:> from Peer_8:basic
Peer_11:bootstrap INFO 4000.5506229748703: Sending message <Pong:> to Peer_8:basic
Peer_11:bootstrap INFO 4000.908718260154: Received message <Ping:> from Peer_5:basic
Peer_11:bootstrap INFO 4000.908718260154: Sending message <Pong:> to Peer_5:basic
Peer_11:bootstrap INFO 4001.4251524896995: Received message <PeerList> from Peer_5:basic
Peer_11:bootstrap INFO 4001.4654641896: Received message <PeerList> from Peer_10:basic
Peer_11:bootstrap INFO 4001.5680404207524: Received message <PeerList> from Peer_4:basic
Peer_11:bootstrap INFO 4001.7628249688332: Received message <Ping:> from Peer_6:basic
Peer_11:bootstrap INFO 4001.7628249688332: Sending message <Pong:> to Peer_6:basic
Peer_11:bootstrap INFO 4001.900424625307: Received message <Pong:> from Peer_5:basic
Peer_11:bootstrap INFO 4002.2093645301757: Received message <Pong:> from Peer_2:basic
Peer_11:bootstrap INFO 4002.3925266087226: Received message <Pong:> from Peer_8:basic
Peer_11:bootstrap INFO 4004.0743014097247: Received message <PeerList> from Peer_3:basic
Peer_11:bootstrap INFO 4004.808686113227: Received message <Pong:> from Peer_6:basic
Peer_11:bootstrap INFO 4006.588232891756: Received message <PeerList> from Peer_6:basic
Peer_11:bootstrap WARNING 4500: Not enough peers, fetching more (10, 15)
Peer_11:bootstrap INFO 4500: Sending message <RequestPeers:> to Peer_8:basic
Peer_11:bootstrap INFO 4500: Sending message <RequestPeers:> to Peer_3:basic
Peer_11:bootstrap INFO 4500: Sending message <RequestPeers:> to Peer_10:basic
Peer_11:bootstrap INFO 4500: Sending message <RequestPeers:> to Peer_4:basic
Peer_11:bootstrap INFO 4500: Sending message <RequestPeers:> to Peer_7:basic
Peer_11:bootstrap INFO 4500: Sending message <Ping:> to Peer_9:basic
Peer_11:bootstrap INFO 4500: Sending message <Ping:> to Peer_1:basic
Peer_11:bootstrap INFO 4500: Sending message <Ping:> to Peer_7:basic
Peer_11:bootstrap INFO 4500.000007744518: Received message <Ping:> from Peer_1:basic
Peer_11:bootstrap INFO 4500.000007744518: Sending message <Pong:> to Peer_1:basic
Peer_11:bootstrap INFO 4500.546632806092: Received message <Ping:> from Peer_9:basic
Peer_11:bootstrap INFO 4500.546632806092: Sending message <Pong:> to Peer_9:basic
Peer_11:bootstrap INFO 4501.014236237859: Received message <Ping:> from Peer_7:basic
Peer_11:bootstrap INFO 4501.014236237859: Sending message <Pong:> to Peer_7:basic
Peer_11:bootstrap INFO 4501.19750266683: Received message <PeerList> from Peer_4:basic
Peer_11:bootstrap INFO 4502.040745052322: Received message <Pong:> from Peer_9:basic
Peer_11:bootstrap INFO 4502.362583967756: Received message <PeerList> from Peer_10:basic
Peer_11:bootstrap INFO 4502.393372439878: Received message <PeerList> from Peer_8:basic
Peer_11:bootstrap INFO 4503.856407077268: Received message <Pong:> from Peer_1:basic
Peer_11:bootstrap INFO 4504.456055634529: Received message <PeerList> from Peer_3:basic
Peer_11:bootstrap INFO 4504.5424790723955: Received message <PeerList> from Peer_7:basic
Peer_11:bootstrap INFO 4507.787948225282: Received message <Pong:> from Peer_7:basic
Peer_11:bootstrap WARNING 5000: Not enough peers, fetching more (10, 15)
Peer_11:bootstrap INFO 5000: Sending message <RequestPeers:> to Peer_5:basic
Peer_11:bootstrap INFO 5000: Sending message <RequestPeers:> to Peer_4:basic
Peer_11:bootstrap INFO 5000: Sending message <RequestPeers:> to Peer_10:basic
Peer_11:bootstrap INFO 5000: Sending message <RequestPeers:> to Peer_8:basic
Peer_11:bootstrap INFO 5000: Sending message <RequestPeers:> to Peer_2:basic
Peer_11:bootstrap INFO 5000: Sending message <Ping:> to Peer_2:basic
Peer_11:bootstrap INFO 5000: Sending message <Ping:> to Peer_5:basic
Peer_11:bootstrap INFO 5000: Sending message <Ping:> to Peer_6:basic
Peer_11:bootstrap INFO 5000.842194192243: Received message <Ping:> from Peer_2:basic
Peer_11:bootstrap INFO 5000.842194192243: Sending message <Pong:> to Peer_2:basic
Peer_11:bootstrap INFO 5001.070671568073: Received message <PeerList> from Peer_4:basic
Peer_11:bootstrap INFO 5001.163727528609: Received message <Ping:> from Peer_5:basic
Peer_11:bootstrap INFO 5001.163727528609: Sending message <Pong:> to Peer_5:basic
Peer_11:bootstrap INFO 5001.280182689508: Received message <PeerList> from Peer_5:basic
Peer_11:bootstrap INFO 5001.439797046105: Received message <Pong:> from Peer_5:basic
Peer_11:bootstrap INFO 5001.63763883565: Received message <PeerList> from Peer_2:basic
Peer_11:bootstrap INFO 5002.368564898742: Received message <PeerList> from Peer_8:basic
Peer_11:bootstrap INFO 5002.583786626258: Received message <Ping:> from Peer_6:basic
Peer_11:bootstrap INFO 5002.583786626258: Sending message <Pong:> to Peer_6:basic
Peer_11:bootstrap INFO 5002.943284413973: Received message <Pong:> from Peer_6:basic
Peer_11:bootstrap INFO 5002.975185064658: Received message <Pong:> from Peer_2:basic
Peer_11:bootstrap INFO 5003.007244642938: Received message <PeerList> from Peer_10:basic
Peer_11:bootstrap WARNING 5500: Not enough peers, fetching more (10, 15)
Peer_11:bootstrap INFO 5500: Sending message <RequestPeers:> to Peer_3:basic
Peer_11:bootstrap INFO 5500: Sending message <RequestPeers:> to Peer_8:basic
Peer_11:bootstrap INFO 5500: Sending message <RequestPeers:> to Peer_1:basic
Peer_11:bootstrap INFO 5500: Sending message <RequestPeers:> to Peer_10:basic
Peer_11:bootstrap INFO 5500: Sending message <RequestPeers:> to Peer_7:basic
Peer_11:bootstrap INFO 5500: Sending message <Ping:> to Peer_9:basic
Peer_11:bootstrap INFO 5500: Sending message <Ping:> to Peer_1:basic
Peer_11:bootstrap INFO 5500: Sending message <Ping:> to Peer_7:basic
Peer_11:bootstrap INFO 5500: Sending message <Ping:> to Peer_3:basic
Peer_11:bootstrap INFO 5500.000007744518: Received message <Ping:> from Peer_1:basic
Peer_11:bootstrap INFO 5500.000007744518: Sending message <Pong:> to Peer_1:basic
Peer_11:bootstrap INFO 5500.63464718547: Received message <Ping:> from Peer_9:basic
Peer_11:bootstrap INFO 5500.63464718547: Sending message <Pong:> to Peer_9:basic
Peer_11:bootstrap INFO 5500.993448413094: Received message <Ping:> from Peer_7:basic
Peer_11:bootstrap INFO 5500.993448413094: Sending message <Pong:> to Peer_7:basic
Peer_11:bootstrap INFO 5501.28308552463: Received message <Pong:> from Peer_9:basic
Peer_11:bootstrap INFO 5501.37212118226: Received message <PeerList> from Peer_8:basic
Peer_11:bootstrap INFO 5502.198661593684: Received message <PeerList> from Peer_10:basic
Peer_11:bootstrap INFO 5502.587910571403: Received message <Ping:> from Peer_3:basic
Peer_11:bootstrap INFO 5502.587910571403: Sending message <Pong:> to Peer_3:basic
Peer_11:bootstrap INFO 5503.975327228402: Received message <Pong:> from Peer_1:basic
Peer_11:bootstrap INFO 5504.102996731441: Received message <PeerList> from Peer_1:basic
Peer_11:bootstrap INFO 5504.588697511954: Received message <Pong:> from Peer_3:basic
Peer_11:bootstrap INFO 5505.5989778910425: Received message <Pong:> from Peer_7:basic
Peer_11:bootstrap INFO 5506.318422352454: Received message <PeerList> from Peer_7:basic
Peer_11:bootstrap INFO 5507.271330147461: Received message <PeerList> from Peer_3:basic
