Peer_6:basic WARNING 0: Not enough peers, fetching more (0, 4)
Peer_6:basic INFO 4.368565964887591: Connecting to Peer_11:bootstrap
Peer_6:basic INFO 5.39531782149999: Received message <RequestPeers:> from Peer_11:bootstrap
Peer_6:basic INFO 5.39531782149999: Sending message <PeerList> to Peer_11:bootstrap
Peer_6:basic INFO 9.29387558946894: Received message <Hello:> from Peer_11:bootstrap
Peer_6:basic WARNING 500: Not enough peers, fetching more (1, 4)
Peer_6:basic INFO 500: Sending message <RequestPeers:> to Peer_11:bootstrap
Peer_6:basic INFO 503.74782634694736: Received message <PeerList> from Peer_11:bootstrap
Peer_6:basic WARNING 1000: Not enough peers, fetching more (1, 4)
Peer_6:basic INFO 1000: Sending message <RequestPeers:> to Peer_11:bootstrap
Peer_6:basic INFO 1002.1138979036701: Received message <Hello:> from Peer_3:basic
Peer_6:basic INFO 1002.1138979036701: Connecting to Peer_3:basic
Peer_6:basic INFO 1002.1138979036701: Sending message <Hello:> to Peer_3:basic
Peer_6:basic INFO 1002.1138979036701: Sending message <RequestPeers:> to Peer_3:basic
Peer_6:basic INFO 1003.2884118805574: Connecting to Peer_10:basic
Peer_6:basic INFO 1003.4206158336204: Received message <RequestPeers:> from Peer_11:bootstrap
Peer_6:basic INFO 1003.4206158336204: Sending message <PeerList> to Peer_11:bootstrap
Peer_6:basic INFO 1004.2266750177376: Received message <RequestPeers:> from Peer_10:basic
Peer_6:basic INFO 1004.2266750177376: Sending message <PeerList> to Peer_10:basic
Peer_6:basic INFO 1004.5229949652835: Received message <Hello:> from Peer_8:basic
Peer_6:basic INFO 1004.5229949652835: Connecting to Peer_8:basic
Peer_6:basic INFO 1004.5229949652835: Sending message <Hello:> to Peer_8:basic
Peer_6:basic INFO 1004.5229949652835: Sending message <RequestPeers:> to Peer_8:basic
Peer_6:basic INFO 1005.0042638031146: Received message <PeerList> from Peer_11:bootstrap
Peer_6:basic INFO 1006.3433407280856: Received message <PeerList> from Peer_8:basic
Peer_6:basic INFO 1006.6468355157995: Received message <PeerList> from Peer_3:basic
Peer_6:basic INFO 1007.3627147884332: Received message <Hello:> from Peer_10:basic
Peer_6:basic INFO 1501.5094190591747: Received message <RequestPeers:> from Peer_3:basic
Peer_6:basic INFO 1501.5094190591747: Sending message <PeerList> to Peer_3:basic
Peer_6:basic INFO 1504.5538973089626: Received message <Hello:> from Peer_5:basic
Peer_6:basic INFO 1504.5538973089626: Connecting to Peer_5:basic
Peer_6:basic INFO 1504.5538973089626: Sending message <Hello:> to Peer_5:basic
Peer_6:basic INFO 1504.5538973089626: Sending message <RequestPeers:> to Peer_5:basic
Peer_6:basic INFO 1507.4275492847976: Received message <PeerList> from Peer_5:basic
Peer_6:basic INFO 2000: Sending message <Ping:> to Peer_11:bootstrap
Peer_6:basic INFO 2000: Sending message <Ping:> to Peer_10:basic
Peer_6:basic INFO 2000: Sending message <Ping:> to Peer_8:basic
Peer_6:basic INFO 2001.7470517562024: Received message <Ping:> from Peer_8:basic
Peer_6:basic INFO 2001.7470517562024: Sending message <Pong:> to Peer_8:basic
Peer_6:basic INFO 2001.953341562641: Received message <Pong:> from Peer_10:basic
Peer_6:basic INFO 2002.1506130060486: Received message <Hello:> from Peer_1:basic
Peer_6:basic INFO 2002.1506130060486: Connecting to Peer_1:basic
Peer_6:basic INFO 2002.1506130060486: Sending message <Hello:> to Peer_1:basic
Peer_6:basic INFO 2002.1506130060486: Sending message <RequestPeers:> to Peer_1:basic
Peer_6:basic INFO 2002.8058185956654: Received message <Ping:> from Peer_11:bootstrap
Peer_6:basic INFO 2002.8058185956654: Sending message <Pong:> to Peer_11:bootstrap
Peer_6:basic INFO 2003.7146693639409: Received message <Ping:> from Peer_10:basic
Peer_6:basic INFO 2003.7146693639409: Sending message <Pong:> to Peer_10:basic
Peer_6:basic INFO 2003.9741357207708: Received message <RequestPeers:> from Peer_11:bootstrap
Peer_6:basic INFO 2003.9741357207708: Sending message <PeerList> to Peer_11:bootstrap
Peer_6:basic INFO 2005.5059730313496: Received message <Pong:> from Peer_11:bootstrap
Peer_6:basic INFO 2006.5055634735595: Received message <Pong:> from Peer_8:basic
Peer_6:basic INFO 2006.8470642312127: Received message <PeerList> from Peer_1:basic
Peer_6:basic INFO 2500: Sending message <Ping:> to Peer_3:basic
Peer_6:basic INFO 2500: Sending message <Ping:> to Peer_5:basic
Peer_6:basic INFO 2501.316024249286: Received message <Ping:> from Peer_3:basic
Peer_6:basic INFO 2501.316024249286: Sending message <Pong:> to Peer_3:basic
Peer_6:basic INFO 2503.6469767265025: Received message <Ping:> from Peer_5:basic
Peer_6:basic INFO 2503.6469767265025: Sending message <Pong:> to Peer_5:basic
Peer_6:basic INFO 2504.584612985781: Received message <Pong:> from Peer_3:basic
Peer_6:basic INFO 2504.799511149529: Received message <Hello:> from Peer_4:basic
Peer_6:basic INFO 2504.799511149529: Connecting to Peer_4:basic
Peer_6:basic INFO 2504.799511149529: Sending message <Hello:> to Peer_4:basic
Peer_6:basic INFO 2504.799511149529: Sending message <RequestPeers:> to Peer_4:basic
Peer_6:basic INFO 2505.3688692542646: Received message <RequestPeers:> from Peer_11:bootstrap
Peer_6:basic INFO 2505.3688692542646: Sending message <PeerList> to Peer_11:bootstrap
Peer_6:basic INFO 2507.2281563992274: Received message <Pong:> from Peer_5:basic
Peer_6:basic INFO 2507.294292867021: Received message <PeerList> from Peer_4:basic
Peer_6:basic INFO 3000: Sending message <Ping:> to Peer_10:basic
Peer_6:basic INFO 3000: Sending message <Ping:> to Peer_8:basic
Peer_6:basic INFO 3000: Sending message <Ping:> to Peer_1:basic
Peer_6:basic INFO 3001.728319061684: Received message <Ping:> from Peer_1:basic
Peer_6:basic INFO 3001.728319061684: Sending message <Pong:> to Peer_1:basic
Peer_6:basic INFO 3001.8569084375185: Received message <RequestPeers:> from Peer_11:bootstrap
Peer_6:basic INFO 3001.8569084375185: Sending message <PeerList> to Peer_11:bootstrap
Peer_6:basic INFO 3002.911031678806: Received message <Ping:> from Peer_8:basic
Peer_6:basic INFO 3002.911031678806: Sending message <Pong:> to Peer_8:basic
Peer_6:basic INFO 3003.4476868234924: Received message <Pong:> from Peer_1:basic
Peer_6:basic INFO 3003.5177870690113: Received message <Ping:> from Peer_10:basic
Peer_6:basic INFO 3003.5177870690113: Sending message <Pong:> to Peer_10:basic
Peer_6:basic INFO 3005.1568297861945: Received message <Pong:> from Peer_8:basic
Peer_6:basic INFO 3006.7772788315197: Received message <Pong:> from Peer_10:basic
Peer_6:basic INFO 3500: Sending message <Ping:> to Peer_3:basic
Peer_6:basic INFO 3500: Sending message <Ping:> to Peer_5:basic
Peer_6:basic INFO 3500: Sending message <Ping:> to Peer_4:basic
Peer_6:basic INFO 3501.695255675837: Received message <Ping:> from Peer_4:basic
Peer_6:basic INFO 3501.695255675837: Sending message <Pong:> to Peer_4:basic
Peer_6:basic INFO 3501.9255298573908: Received message <Ping:> from Peer_5:basic
Peer_6:basic INFO 3501.9255298573908: Sending message <Pong:> to Peer_5:basic
Peer_6:basic INFO 3502.1499570817145: Received message <Ping:> from Peer_3:basic
Peer_6:basic INFO 3502.1499570817145: Sending message <Pong:> to Peer_3:basic
Peer_6:basic INFO 3503.0949693336715: Received message <Pong:> from Peer_3:basic
Peer_6:basic INFO 3503.3118122754313: Received message <Pong:> from Peer_5:basic
Peer_6:basic INFO 3506.1160133005574: Received message <Pong:> from Peer_4:basic
Peer_6:basic INFO 4000: Sending message <Ping:> to Peer_11:bootstrap
Peer_6:basic INFO 4000: Sending message <Ping:> to Peer_10:basic
Peer_6:basic INFO 4000: Sending message <Ping:> to Peer_8:basic
Peer_6:basic INFO 4000: Sending message <Ping:> to Peer_1:basic
Peer_6:basic INFO 4002.0636644460706: Received message <Ping:> from Peer_1:basic
Peer_6:basic INFO 4002.0636644460706: Sending message <Pong:> to Peer_1:basic
Peer_6:basic INFO 4002.7267802069728: Received message <Ping:> from Peer_11:bootstrap
Peer_6:basic INFO 4002.7267802069728: Sending message <Pong:> to Peer_11:bootstrap
Peer_6:basic INFO 4002.793891087102: Received message <Ping:> from Peer_10:basic
Peer_6:basic INFO 4002.793891087102: Sending message <Pong:> to Peer_10:basic
Peer_6:basic INFO 4002.9618337359925: Received message <Ping:> from Peer_8:basic
Peer_6:basic INFO 4002.9618337359925: Sending message <Pong:> to Peer_8:basic
Peer_6:basic INFO 4003.439221641486: Received message <Pong:> from Peer_1:basic
Peer_6:basic INFO 4003.6615020286545: Received message <Pong:> from Peer_8:basic
Peer_6:basic INFO 4003.8609510182373: Received message <RequestPeers:> from Peer_11:bootstrap
Peer_6:basic INFO 4003.8609510182373: Sending message <PeerList> to Peer_11:bootstrap
Peer_6:basic INFO 4003.9035048720966: Received message <Pong:> from Peer_11:bootstrap
Peer_6:basic INFO 4004.704649914431: Received message <Pong:> from Peer_10:basic
Peer_6:basic INFO 4500: Sending message <Ping:> to Peer_3:basic
Peer_6:basic INFO 4500: Sending message <Ping:> to Peer_5:basic
Peer_6:basic INFO 4500: Sending message <Ping:> to Peer_4:basic
Peer_6:basic INFO 4501.794546937538: Received message <Ping:> from Peer_3:basic
Peer_6:basic INFO 4501.794546937538: Sending message <Pong:> to Peer_3:basic
Peer_6:basic INFO 4503.186485898978: Received message <Pong:> from Peer_4:basic
Peer_6:basic INFO 4503.501944928967: Received message <Ping:> from Peer_5:basic
Peer_6:basic INFO 4503.501944928967: Sending message <Pong:> to Peer_5:basic
Peer_6:basic INFO 4504.187074056544: Received message <Pong:> from Peer_5:basic
Peer_6:basic INFO 4504.232423281438: Received message <Ping:> from Peer_4:basic
Peer_6:basic INFO 4504.232423281438: Sending message <Pong:> to Peer_4:basic
Peer_6:basic INFO 4504.796736886484: Received message <Pong:> from Peer_3:basic
Peer_6:basic INFO 5000: Sending message <Ping:> to Peer_11:bootstrap
Peer_6:basic INFO 5000: Sending message <Ping:> to Peer_10:basic
Peer_6:basic INFO 5000: Sending message <Ping:> to Peer_8:basic
Peer_6:basic INFO 5000: Sending message <Ping:> to Peer_1:basic
Peer_6:basic INFO 5002.5810906574825: Received message <Ping:> from Peer_1:basic
Peer_6:basic INFO 5002.5810906574825: Sending message <Pong:> to Peer_1:basic
Peer_6:basic INFO 5002.771908677309: Received message <Ping:> from Peer_11:bootstrap
Peer_6:basic INFO 5002.771908677309: Sending message <Pong:> to Peer_11:bootstrap
Peer_6:basic INFO 5003.231044669241: Received message <Ping:> from Peer_8:basic
Peer_6:basic INFO 5003.231044669241: Sending message <Pong:> to Peer_8:basic
Peer_6:basic INFO 5003.347521231777: Received message <Ping:> from Peer_10:basic
Peer_6:basic INFO 5003.347521231777: Sending message <Pong:> to Peer_10:basic
Peer_6:basic INFO 5004.091091527194: Received message <Pong:> from Peer_8:basic
Peer_6:basic INFO 5004.419039615134: Received message <Pong:> from Peer_1:basic
Peer_6:basic INFO 5004.632312161786: Received message <Pong:> from Peer_11:bootstrap
Peer_6:basic INFO 5007.655971990684: Received message <Pong:> from Peer_10:basic
Peer_6:basic INFO 5500: Sending message <Ping:> to Peer_3:basic
Peer_6:basic INFO 5500: Sending message <Ping:> to Peer_5:basic
Peer_6:basic INFO 5500: Sending message <Ping:> to Peer_4:basic
Peer_6:basic INFO 5500.08375029587: Received message <Ping:> from Peer_5:basic
Peer_6:basic INFO 5500.08375029587: Sending message <Pong:> to Peer_5:basic
Peer_6:basic INFO 5502.868776275556: Received message <Ping:> from Peer_3:basic
Peer_6:basic INFO 5502.868776275556: Sending message <Pong:> to Peer_3:basic
Peer_6:basic INFO 5503.220758008369: Received message <Pong:> from Peer_5:basic
Peer_6:basic INFO 5503.684233169667: Received message <Pong:> from Peer_3:basic
Peer_6:basic INFO 5504.7476262883865: Received message <Pong:> from Peer_4:basic
Peer_6:basic INFO 5504.8879098318785: Received message <Ping:> from Peer_4:basic
Peer_6:basic INFO 5504.8879098318785: Sending message <Pong:> to Peer_4:basic
