Peer_5:basic WARNING 0: Not enough peers, fetching more (0, 4)
Peer_5:basic INFO 0.9531325682782565: Connecting to Peer_11:bootstrap
Peer_5:basic INFO 1.6339271180155015: Received message <Hello:> from Peer_11:bootstrap
Peer_5:basic INFO 1.8360038569353108: Received message <RequestPeers:> from Peer_11:bootstrap
Peer_5:basic INFO 1.8360038569353108: Sending message <PeerList> to Peer_11:bootstrap
Peer_5:basic WARNING 500: Not enough peers, fetching more (1, 4)
Peer_5:basic INFO 500: Sending message <RequestPeers:> to Peer_11:bootstrap
Peer_5:basic INFO 502.41268911364125: Received message <PeerList> from Peer_11:bootstrap
Peer_5:basic WARNING 1000: Not enough peers, fetching more (1, 4)
Peer_5:basic INFO 1000: Sending message <RequestPeers:> to Peer_11:bootstrap
Peer_5:basic INFO 1000.7877534043969: Connecting to Peer_9:basic
Peer_5:basic INFO 1000.8454424589551: Received message <Hello:> from Peer_4:basic
Peer_5:basic INFO 1000.8454424589551: Connecting to Peer_4:basic
Peer_5:basic INFO 1000.8454424589551: Sending message <Hello:> to Peer_4:basic
Peer_5:basic INFO 1000.8454424589551: Sending message <RequestPeers:> to Peer_4:basic
Peer_5:basic INFO 1001.2892458562435: Received message <PeerList> from Peer_11:bootstrap
Peer_5:basic INFO 1001.3918214555059: Received message <Hello:> from Peer_9:basic
Peer_5:basic INFO 1002.3273831198723: Received message <PeerList> from Peer_4:basic
Peer_5:basic INFO 1002.880566304849: Received message <RequestPeers:> from Peer_9:basic
Peer_5:basic INFO 1002.880566304849: Sending message <PeerList> to Peer_9:basic
Peer_5:basic WARNING 1500: Not enough peers, fetching more (3, 4)
Peer_5:basic INFO 1500.5830800605913: Received message <RequestPeers:> from Peer_4:basic
Peer_5:basic INFO 1500.5830800605913: Sending message <PeerList> to Peer_4:basic
Peer_5:basic INFO 1504.5538973089626: Connecting to Peer_6:basic
Peer_5:basic INFO 1507.2452263287355: Received message <RequestPeers:> from Peer_6:basic
Peer_5:basic INFO 1507.2452263287355: Sending message <PeerList> to Peer_6:basic
Peer_5:basic INFO 1508.1496209222023: Received message <Hello:> from Peer_6:basic
Peer_5:basic INFO 2000: Sending message <Ping:> to Peer_11:bootstrap
Peer_5:basic INFO 2000: Sending message <Ping:> to Peer_9:basic
Peer_5:basic INFO 2000.6553102123985: Received message <Ping:> from Peer_11:bootstrap
Peer_5:basic INFO 2000.6553102123985: Sending message <Pong:> to Peer_11:bootstrap
Peer_5:basic INFO 2000.6985784965432: Received message <RequestPeers:> from Peer_11:bootstrap
Peer_5:basic INFO 2000.6985784965432: Sending message <PeerList> to Peer_11:bootstrap
Peer_5:basic INFO 2000.7336436769372: Received message <Ping:> from Peer_9:basic
Peer_5:basic INFO 2000.7336436769372: Sending message <Pong:> to Peer_9:basic
Peer_5:basic INFO 2001.2467858947527: Received message <Pong:> from Peer_9:basic
Peer_5:basic INFO 2001.3282863394547: Received message <Hello:> from Peer_3:basic
Peer_5:basic INFO 2001.3282863394547: Connecting to Peer_3:basic
Peer_5:basic INFO 2001.3282863394547: Sending message <Hello:> to Peer_3:basic
Peer_5:basic INFO 2001.3282863394547: Sending message <RequestPeers:> to Peer_3:basic
Peer_5:basic INFO 2002.3799852346951: Received message <RequestPeers:> from Peer_4:basic
Peer_5:basic INFO 2002.3799852346951: Sending message <PeerList> to Peer_4:basic
Peer_5:basic INFO 2002.4753540793663: Received message <Pong:> from Peer_11:bootstrap
Peer_5:basic INFO 2004.5417863154403: Received message <PeerList> from Peer_3:basic
Peer_5:basic INFO 2500: Sending message <Ping:> to Peer_6:basic
Peer_5:basic INFO 2501.856733652109: Received message <Ping:> from Peer_6:basic
Peer_5:basic INFO 2501.856733652109: Sending message <Pong:> to Peer_6:basic
Peer_5:basic INFO 2506.6291384514197: Received message <Pong:> from Peer_6:basic
Peer_5:basic INFO 3000: Sending message <Ping:> to Peer_11:bootstrap
Peer_5:basic INFO 3000: Sending message <Ping:> to Peer_9:basic
Peer_5:basic INFO 3000: Sending message <Ping:> to Peer_4:basic
Peer_5:basic INFO 3000: Sending message <Ping:> to Peer_3:basic
Peer_5:basic INFO 3000.60454675267: Received message <Ping:> from Peer_11:bootstrap
Peer_5:basic INFO 3000.60454675267: Sending message <Pong:> to Peer_11:bootstrap
Peer_5:basic INFO 3000.6290835599957: Received message <Ping:> from Peer_9:basic
Peer_5:basic INFO 3000.6290835599957: Sending message <Pong:> to Peer_9:basic
Peer_5:basic INFO 3000.8781492491244: Received message <Ping:> from Peer_4:basic
Peer_5:basic INFO 3000.8781492491244: Sending message <Pong:> to Peer_4:basic
Peer_5:basic INFO 3001.160538488055: Received message <Ping:> from Peer_3:basic
Peer_5:basic INFO 3001.160538488055: Sending message <Pong:> to Peer_3:basic
Peer_5:basic INFO 3001.4816380334737: Received message <Pong:> from Peer_9:basic
Peer_5:basic INFO 3001.7714882233854: Received message <Pong:> from Peer_11:bootstrap
Peer_5:basic INFO 3002.1185667800246: Received message <Pong:> from Peer_4:basic
Peer_5:basic INFO 3007.8303656749586: Received message <Pong:> from Peer_3:basic
Peer_5:basic INFO 3500: Sending message <Ping:> to Peer_6:basic
Peer_5:basic INFO 3502.0443615455583: Received message <Pong:> from Peer_6:basic
Peer_5:basic INFO 3502.5438320137705: Received message <Ping:> from Peer_6:basic
Peer_5:basic INFO 3502.5438320137705: Sending message <Pong:> to Peer_6:basic
Peer_5:basic INFO 4000: Sending message <Ping:> to Peer_11:bootstrap
Peer_5:basic INFO 4000: Sending message <Ping:> to Peer_9:basic
Peer_5:basic INFO 4000: Sending message <Ping:> to Peer_4:basic
Peer_5:basic INFO 4000: Sending message <Ping:> to Peer_3:basic
Peer_5:basic INFO 4000.5987494937726: Received message <RequestPeers:> from Peer_11:bootstrap
Peer_5:basic INFO 4000.5987494937726: Sending message <PeerList> to Peer_11:bootstrap
Peer_5:basic INFO 4000.6079454187975: Received message <Ping:> from Peer_9:basic
Peer_5:basic INFO 4000.6079454187975: Sending message <Pong:> to Peer_9:basic
Peer_5:basic INFO 4000.6632330618936: Received message <Ping:> from Peer_11:bootstrap
Peer_5:basic INFO 4000.6632330618936: Sending message <Pong:> to Peer_11:bootstrap
Peer_5:basic INFO 4001.2416399836: Received message <Pong:> from Peer_4:basic
Peer_5:basic INFO 4001.54354663699: Received message <Pong:> from Peer_11:bootstrap
Peer_5:basic INFO 4002.3551328204676: Received message <Ping:> from Peer_4:basic
Peer_5:basic INFO 4002.3551328204676: Sending message <Pong:> to Peer_4:basic
Peer_5:basic INFO 4002.5740921702736: Received message <Pong:> from Peer_9:basic
Peer_5:basic INFO 4003.0345536970776: Received message <Ping:> from Peer_3:basic
Peer_5:basic INFO 4003.0345536970776: Sending message <Pong:> to Peer_3:basic
Peer_5:basic INFO 4004.1476158684623: Received message <Pong:> from Peer_3:basic
Peer_5:basic INFO 4500: Sending message <Ping:> to Peer_6:basic
Peer_5:basic INFO 4501.828555502649: Received message <Ping:> from Peer_6:basic
Peer_5:basic INFO 4501.828555502649: Sending message <Pong:> to Peer_6:basic
Peer_5:basic INFO 4507.942753270775: Received message <Pong:> from Peer_6:basic
Peer_5:basic INFO 5000: Sending message <Ping:> to Peer_11:bootstrap
Peer_5:basic INFO 5000: Sending message <Ping:> to Peer_9:basic
Peer_5:basic INFO 5000: Sending message <Ping:> to Peer_4:basic
Peer_5:basic INFO 5000: Sending message <Ping:> to Peer_3:basic
Peer_5:basic INFO 5000.518201580562: Received message <Ping:> from Peer_4:basic
Peer_5:basic INFO 5000.518201580562: Sending message <Pong:> to Peer_4:basic
Peer_5:basic INFO 5000.769825495977: Received message <RequestPeers:> from Peer_11:bootstrap
Peer_5:basic INFO 5000.769825495977: Sending message <PeerList> to Peer_11:bootstrap
Peer_5:basic INFO 5000.934257827217: Received message <Ping:> from Peer_11:bootstrap
Peer_5:basic INFO 5000.934257827217: Sending message <Pong:> to Peer_11:bootstrap
Peer_5:basic INFO 5001.076670349689: Received message <Ping:> from Peer_9:basic
Peer_5:basic INFO 5001.076670349689: Sending message <Pong:> to Peer_9:basic
Peer_5:basic INFO 5001.422146894141: Received message <Pong:> from Peer_9:basic
Peer_5:basic INFO 5002.097795377834: Received message <Pong:> from Peer_4:basic
Peer_5:basic INFO 5002.221754328709: Received message <Ping:> from Peer_3:basic
Peer_5:basic INFO 5002.221754328709: Sending message <Pong:> to Peer_3:basic
Peer_5:basic INFO 5002.36895717233: Received message <Pong:> from Peer_11:bootstrap
Peer_5:basic INFO 5007.540789782599: Received message <Pong:> from Peer_3:basic
Peer_5:basic INFO 5500: Sending message <Ping:> to Peer_6:basic
Peer_5:basic INFO 5501.124195294534: Received message <Ping:> from Peer_6:basic
Peer_5:basic INFO 5501.124195294534: Sending message <Pong:> to Peer_6:basic
Peer_5:basic INFO 5502.672070919529: Received message <Pong:> from Peer_6:basic
