Peer_3:basic WARNING 0: Not enough peers, fetching more (0, 4)
Peer_3:basic INFO 3.6849302999577516: Connecting to Peer_11:bootstrap
Peer_3:basic INFO 5.649771444458078: Received message <Hello:> from Peer_11:bootstrap
Peer_3:basic INFO 6.203250049560393: Received message <RequestPeers:> from Peer_11:bootstrap
Peer_3:basic INFO 6.203250049560393: Sending message <PeerList> to Peer_11:bootstrap
Peer_3:basic WARNING 500: Not enough peers, fetching more (1, 4)
Peer_3:basic INFO 500: Sending message <RequestPeers:> to Peer_11:bootstrap
Peer_3:basic INFO 502.5131365473816: Received message <RequestPeers:> from Peer_11:bootstrap
Peer_3:basic INFO 502.5131365473816: Sending message <PeerList> to Peer_11:bootstrap
Peer_3:basic INFO 505.6620237359924: Received message <PeerList> from Peer_11:bootstrap
Peer_3:basic WARNING 1000: Not enough peers, fetching more (1, 4)
Peer_3:basic INFO 1000: Sending message <RequestPeers:> to Peer_11:bootstrap
Peer_3:basic INFO 1002.1138979036701: Connecting to Peer_6:basic
Peer_3:basic INFO 1004.2237166270613: Received message <RequestPeers:> from Peer_6:basic
Peer_3:basic INFO 1004.2237166270613: Sending message <PeerList> to Peer_6:basic
Peer_3:basic INFO 1004.8347849199397: Received message <Hello:> from Peer_6:basic
Peer_3:basic INFO 1005.4260666650468: Received message <PeerList> from Peer_11:bootstrap
Peer_3:basic WARNING 1500: Not enough peers, fetching more (2, 4)
Peer_3:basic INFO 1500: Sending message <RequestPeers:> to Peer_6:basic
Peer_3:basic INFO 1500: Sending message <RequestPeers:> to Peer_11:bootstrap
Peer_3:basic INFO 1502.207527041791: Connecting to Peer_9:basic
Peer_3:basic INFO 1502.500499814916: Received message <RequestPeers:> from Peer_11:bootstrap
Peer_3:basic INFO 1502.500499814916: Sending message <PeerList> to Peer_11:bootstrap
Peer_3:basic INFO 1503.11421317096: Received message <PeerList> from Peer_6:basic
Peer_3:basic INFO 1504.2592432675751: Received message <RequestPeers:> from Peer_9:basic
Peer_3:basic INFO 1504.2592432675751: Sending message <PeerList> to Peer_9:basic
Peer_3:basic INFO 1504.9938805252393: Received message <Hello:> from Peer_9:basic
Peer_3:basic INFO 1505.1365234086086: Received message <PeerList> from Peer_11:bootstrap
Peer_3:basic WARNING 2000: Not enough peers, fetching more (3, 4)
Peer_3:basic INFO 2001.3282863394547: Connecting to Peer_5:basic
Peer_3:basic INFO 2001.8001505051436: Received message <RequestPeers:> from Peer_5:basic
Peer_3:basic INFO 2001.8001505051436: Sending message <PeerList> to Peer_5:basic
Peer_3:basic INFO 2004.3592446663617: Received message <Hello:> from Peer_5:basic
Peer_3:basic INFO 2500: Sending message <Ping:> to Peer_11:bootstrap
Peer_3:basic INFO 2500: Sending message <Ping:> to Peer_6:basic
Peer_3:basic INFO 2500: Sending message <Ping:> to Peer_9:basic
Peer_3:basic INFO 2502.4290461064206: Received message <Ping:> from Peer_6:basic
Peer_3:basic INFO 2502.4290461064206: Sending message <Pong:> to Peer_6:basic
Peer_3:basic INFO 2502.6159332137127: Received message <Pong:> from Peer_6:basic
Peer_3:basic INFO 2502.7510215478287: Received message <Pong:> from Peer_9:basic
Peer_3:basic INFO 2503.1721678100826: Received message <Ping:> from Peer_11:bootstrap
Peer_3:basic INFO 2503.1721678100826: Sending message <Pong:> to Peer_11:bootstrap
Peer_3:basic INFO 2503.233704995751: Received message <RequestPeers:> from Peer_11:bootstrap
Peer_3:basic INFO 2503.233704995751: Sending message <PeerList> to Peer_11:bootstrap
Peer_3:basic INFO 2504.3202785490453: Received message <Ping:> from Peer_9:basic
Peer_3:basic INFO 2504.3202785490453: Sending message <Pong:> to Peer_9:basic
Peer_3:basic INFO 2505.2841641647965: Received message <Pong:> from Peer_11:bootstrap
Peer_3:basic INFO 3000: Sending message <Ping:> to Peer_5:basic
Peer_3:basic INFO 3003.114838498031: Received message <Pong:> from Peer_5:basic
Peer_3:basic INFO 3004.477381671019: Received message <Ping:> from Peer_5:basic
Peer_3:basic INFO 3004.477381671019: Sending message <Pong:> to Peer_5:basic
Peer_3:basic INFO 3500: Sending message <Ping:> to Peer_11:bootstrap
Peer_3:basic INFO 3500: Sending message <Ping:> to Peer_6:basic
Peer_3:basic INFO 3500: Sending message <Ping:> to Peer_9:basic
Peer_3:basic INFO 3501.4335341612823: Received message <Ping:> from Peer_11:bootstrap
Peer_3:basic INFO 3501.4335341612823: Sending message <Pong:> to Peer_11:bootstrap
Peer_3:basic INFO 3501.651076999032: Received message <Ping:> from Peer_6:basic
Peer_3:basic INFO 3501.651076999032: Sending message <Pong:> to Peer_6:basic
Peer_3:basic INFO 3502.4580010148447: Received message <RequestPeers:> from Peer_11:bootstrap
Peer_3:basic INFO 3502.4580010148447: Sending message <PeerList> to Peer_11:bootstrap
Peer_3:basic INFO 3502.976880809825: Received message <Ping:> from Peer_9:basic
Peer_3:basic INFO 3502.976880809825: Sending message <Pong:> to Peer_9:basic
Peer_3:basic INFO 3503.311828664307: Received message <Pong:> from Peer_6:basic
Peer_3:basic INFO 3504.627303574146: Received message <Pong:> from Peer_9:basic
Peer_3:basic INFO 3506.864835694128: Received message <Pong:> from Peer_11:bootstrap
Peer_3:basic INFO 4000: Sending message <Ping:> to Peer_5:basic
Peer_3:basic INFO 4001.507793058479: Received message <Ping:> from Peer_5:basic
Peer_3:basic INFO 4001.507793058479: Sending message <Pong:> to Peer_5:basic
Peer_3:basic INFO 4001.618168676113: Received message <RequestPeers:> from Peer_11:bootstrap
Peer_3:basic INFO 4001.618168676113: Sending message <PeerList> to Peer_11:bootstrap
Peer_3:basic INFO 4005.708962331187: Received message <Pong:> from Peer_5:basic
Peer_3:basic INFO 4500: Sending message <Ping:> to Peer_6:basic
Peer_3:basic INFO 4500: Sending message <Ping:> to Peer_9:basic
Peer_3:basic INFO 4501.490072438892: Received message <RequestPeers:> from Peer_11:bootstrap
Peer_3:basic INFO 4501.490072438892: Sending message <PeerList> to Peer_11:bootstrap
Peer_3:basic INFO 4502.444793834976: Received message <Ping:> from Peer_6:basic
Peer_3:basic INFO 4502.444793834976: Sending message <Pong:> to Peer_6:basic
Peer_3:basic INFO 4503.035481869021: Received message <Ping:> from Peer_9:basic
Peer_3:basic INFO 4503.035481869021: Sending message <Pong:> to Peer_9:basic
Peer_3:basic INFO 4504.4342482645225: Received message <Pong:> from Peer_6:basic
Peer_3:basic INFO 4505.041520577235: Received message <Pong:> from Peer_9:basic
Peer_3:basic INFO 5000: Sending message <Ping:> to Peer_5:basic
Peer_3:basic INFO 5004.871339774911: Received message <Pong:> from Peer_5:basic
Peer_3:basic INFO 5005.2689400707695: Received message <Ping:> from Peer_5:basic
Peer_3:basic INFO 5005.2689400707695: Sending message <Pong:> to Peer_5:basic
Peer_3:basic INFO 5500: Sending message <Ping:> to Peer_11:bootstrap
Peer_3:basic INFO 5500: Sending message <Ping:> to Peer_6:basic
Peer_3:basic INFO 5500: Sending message <Ping:> to Peer_9:basic
Peer_3:basic INFO 5501.146832901604: Received message <Ping:> from Peer_6:basic
Peer_3:basic INFO 5501.146832901604: Sending message <Pong:> to Peer_6:basic
Peer_3:basic INFO 5501.249720647283: Received message <Ping:> from Peer_11:bootstrap
Peer_3:basic INFO 5501.249720647283: Sending message <Pong:> to Peer_11:bootstrap
Peer_3:basic INFO 5503.403565002497: Received message <Ping:> from Peer_9:basic
Peer_3:basic INFO 5503.403565002497: Sending message <Pong:> to Peer_9:basic
Peer_3:basic INFO 5503.43782140987: Received message <Pong:> from Peer_9:basic
Peer_3:basic INFO 5503.665445557356: Received message <RequestPeers:> from Peer_11:bootstrap
Peer_3:basic INFO 5503.665445557356: Sending message <PeerList> to Peer_11:bootstrap
Peer_3:basic INFO 5504.811117715634: Received message <Pong:> from Peer_11:bootstrap
Peer_3:basic INFO 5505.135024138494: Received message <Pong:> from Peer_6:basic
