Peer_2:basic WARNING 0: Not enough peers, fetching more (0, 4)
Peer_2:basic INFO 0.5854143934650727: Connecting to Peer_11:bootstrap
Peer_2:basic INFO 1.153813455859487: Received message <RequestPeers:> from Peer_11:bootstrap
Peer_2:basic INFO 1.153813455859487: Sending message <PeerList> to Peer_11:bootstrap
Peer_2:basic INFO 1.4825770320692673: Received message <Hello:> from Peer_11:bootstrap
Peer_2:basic WARNING 500: Not enough peers, fetching more (1, 4)
Peer_2:basic INFO 500: Sending message <RequestPeers:> to Peer_11:bootstrap
Peer_2:basic INFO 501.2547286246404: Received message <PeerList> from Peer_11:bootstrap
Peer_2:basic WARNING 1000: Not enough peers, fetching more (1, 4)
Peer_2:basic INFO 1000: Sending message <RequestPeers:> to Peer_11:bootstrap
Peer_2:basic INFO 1000.5826401817333: Connecting to Peer_8:basic
Peer_2:basic INFO 1001.220821983891: Received message <PeerList> from Peer_11:bootstrap
Peer_2:basic INFO 1001.2208289823277: Received message <Hello:> from Peer_8:basic
Peer_2:basic INFO 1001.2453608147491: Received message <RequestPeers:> from Peer_8:basic
Peer_2:basic INFO 1001.2453608147491: Sending message <PeerList> to Peer_8:basic
Peer_2:basic WARNING 1500: Not enough peers, fetching more (2, 4)
Peer_2:basic INFO 1500: Sending message <RequestPeers:> to Peer_8:basic
Peer_2:basic INFO 1500: Sending message <RequestPeers:> to Peer_11:bootstrap
Peer_2:basic INFO 1501.707217178341: Received message <PeerList> from Peer_11:bootstrap
Peer_2:basic INFO 1502.7041435012775: Received message <PeerList> from Peer_8:basic
Peer_2:basic INFO 1502.8334551715066: Received message <Hello:> from Peer_1:basic
Peer_2:basic INFO 1502.8334551715066: Connecting to Peer_1:basic
Peer_2:basic INFO 1502.8334551715066: Sending message <Hello:> to Peer_1:basic
Peer_2:basic INFO 1502.8334551715066: Sending message <RequestPeers:> to Peer_1:basic
Peer_2:basic INFO 1504.8139873380985: Connecting to Peer_7:basic
Peer_2:basic INFO 1506.2756973495912: Received message <Hello:> from Peer_7:basic
Peer_2:basic INFO 1506.8825106697968: Received message <RequestPeers:> from Peer_7:basic
Peer_2:basic INFO 1506.8825106697968: Sending message <PeerList> to Peer_7:basic
Peer_2:basic INFO 1511.9824446754358: Received message <PeerList> from Peer_1:basic
Peer_2:basic INFO 2500: Sending message <Ping:> to Peer_11:bootstrap
Peer_2:basic INFO 2500: Sending message <Ping:> to Peer_8:basic
Peer_2:basic INFO 2500: Sending message <Ping:> to Peer_1:basic
Peer_2:basic INFO 2500: Sending message <Ping:> to Peer_7:basic
Peer_2:basic INFO 2500.8197360671916: Received message <Ping:> from Peer_8:basic
Peer_2:basic INFO 2500.8197360671916: Sending message <Pong:> to Peer_8:basic
Peer_2:basic INFO 2501.466669837802: Received message <Pong:> from Peer_11:bootstrap
Peer_2:basic INFO 2501.4720722520715: Received message <Pong:> from Peer_8:basic
Peer_2:basic INFO 2501.8973648774468: Received message <Ping:> from Peer_1:basic
Peer_2:basic INFO 2501.8973648774468: Sending message <Pong:> to Peer_1:basic
Peer_2:basic INFO 2501.928790092303: Received message <Ping:> from Peer_11:bootstrap
Peer_2:basic INFO 2501.928790092303: Sending message <Pong:> to Peer_11:bootstrap
Peer_2:basic INFO 2502.8976438680306: Received message <Ping:> from Peer_7:basic
Peer_2:basic INFO 2502.8976438680306: Sending message <Pong:> to Peer_7:basic
Peer_2:basic INFO 2505.7298490691333: Received message <Pong:> from Peer_7:basic
Peer_2:basic INFO 2506.2591236172557: Received message <Pong:> from Peer_1:basic
Peer_2:basic INFO 3000.594927701785: Received message <RequestPeers:> from Peer_11:bootstrap
Peer_2:basic INFO 3000.594927701785: Sending message <PeerList> to Peer_11:bootstrap
Peer_2:basic INFO 3500: Sending message <Ping:> to Peer_8:basic
Peer_2:basic INFO 3500: Sending message <Ping:> to Peer_1:basic
Peer_2:basic INFO 3500: Sending message <Ping:> to Peer_7:basic
Peer_2:basic INFO 3500.9166909854484: Received message <Ping:> from Peer_8:basic
Peer_2:basic INFO 3500.9166909854484: Sending message <Pong:> to Peer_8:basic
Peer_2:basic INFO 3501.305470286675: Received message <Pong:> from Peer_8:basic
Peer_2:basic INFO 3501.3776845370403: Received message <Ping:> from Peer_7:basic
Peer_2:basic INFO 3501.3776845370403: Sending message <Pong:> to Peer_7:basic
Peer_2:basic INFO 3501.739296861431: Received message <Ping:> from Peer_1:basic
Peer_2:basic INFO 3501.739296861431: Sending message <Pong:> to Peer_1:basic
Peer_2:basic INFO 3504.1534193477396: Received message <Pong:> from Peer_1:basic
Peer_2:basic INFO 3507.5424553645953: Received message <Pong:> from Peer_7:basic
Peer_2:basic INFO 4000: Sending message <Ping:> to Peer_11:bootstrap
Peer_2:basic INFO 4001.126757962509: Received message <Pong:> from Peer_11:bootstrap
Peer_2:basic INFO 4001.2930811205347: Received message <Ping:> from Peer_11:bootstrap
Peer_2:basic INFO 4001.2930811205347: Sending message <Pong:> to Peer_11:bootstrap
Peer_2:basic INFO 4500: Sending message <Ping:> to Peer_8:basic
Peer_2:basic INFO 4500: Sending message <Ping:> to Peer_1:basic
Peer_2:basic INFO 4500: Sending message <Ping:> to Peer_7:basic
Peer_2:basic INFO 4500.783049814372: Received message <Ping:> from Peer_8:basic
Peer_2:basic INFO 4500.783049814372: Sending message <Pong:> to Peer_8:basic
Peer_2:basic INFO 4501.560228573156: Received message <Pong:> from Peer_8:basic
Peer_2:basic INFO 4502.068914357153: Received message <Ping:> from Peer_1:basic
Peer_2:basic INFO 4502.068914357153: Sending message <Pong:> to Peer_1:basic
Peer_2:basic INFO 4503.940621221027: Received message <Pong:> from Peer_1:basic
Peer_2:basic INFO 4504.051974641432: Received message <Pong:> from Peer_7:basic
Peer_2:basic INFO 4504.507607055238: Received message <Ping:> from Peer_7:basic
Peer_2:basic INFO 4504.507607055238: Sending message <Pong:> to Peer_7:basic
Peer_2:basic INFO 5000: Sending message <Ping:> to Peer_11:bootstrap
Peer_2:basic INFO 5000.624735520134: Received message <RequestPeers:> from Peer_11:bootstrap
Peer_2:basic INFO 5000.624735520134: Sending message <PeerList> to Peer_11:bootstrap
Peer_2:basic INFO 5000.660898017167: Received message <Ping:> from Peer_11:bootstrap
Peer_2:basic INFO 5000.660898017167: Sending message <Pong:> to Peer_11:bootstrap
Peer_2:basic INFO 5001.417608222839: Received message <Pong:> from Peer_11:bootstrap
Peer_2:basic INFO 5500: Sending message <Ping:> to Peer_8:basic
Peer_2:basic INFO 5500: Sending message <Ping:> to Peer_1:basic
Peer_2:basic INFO 5500: Sending message <Ping:> to Peer_7:basic
Peer_2:basic INFO 5500.59190236813: Received message <Ping:> from Peer_8:basic
Peer_2:basic INFO 5500.59190236813: Sending message <Pong:> to Peer_8:basic
Peer_2:basic INFO 5501.410824681453: Received message <Ping:> from Peer_1:basic
Peer_2:basic INFO 5501.410824681453: Sending message <Pong:> to Peer_1:basic
Peer_2:basic INFO 5501.50205215612: Received message <Ping:> from Peer_7:basic
Peer_2:basic INFO 5501.50205215612: Sending message <Pong:> to Peer_7:basic
Peer_2:basic INFO 5502.807917356944: Received message <Pong:> from Peer_8:basic
Peer_2:basic INFO 5506.400329352674: Received message <Pong:> from Peer_1:basic
Peer_2:basic INFO 5507.638698697424: Received message <Pong:> from Peer_7:basic
