Peer_8:basic WARNING 0: Not enough peers, fetching more (0, 4)
Peer_8:basic INFO 0.6697863693710739: Connecting to Peer_11:bootstrap
Peer_8:basic INFO 1.258697650913568: Received message <Hello:> from Peer_11:bootstrap
Peer_8:basic INFO 1.9959663561663046: Received message <RequestPeers:> from Peer_11:bootstrap
Peer_8:basic INFO 1.9959663561663046: Sending message <PeerList> to Peer_11:bootstrap
Peer_8:basic WARNING 500: Not enough peers, fetching more (1, 4)
Peer_8:basic INFO 500: Sending message <RequestPeers:> to Peer_11:bootstrap
Peer_8:basic INFO 501.2018315081326: Received message <PeerList> from Peer_11:bootstrap
Peer_8:basic INFO 501.55575634587393: Received message <RequestPeers:> from Peer_11:bootstrap
Peer_8:basic INFO 501.55575634587393: Sending message <PeerList> to Peer_11:bootstrap
Peer_8:basic WARNING 1000: Not enough peers, fetching more (1, 4)
Peer_8:basic INFO 1000: Sending message <RequestPeers:> to Peer_11:bootstrap
Peer_8:basic INFO 1000.5826401817333: Received message <Hello:> from Peer_2:basic
Peer_8:basic INFO 1000.5826401817333: Connecting to Peer_2:basic
Peer_8:basic INFO 1000.5826401817333: Sending message <Hello:> to Peer_2:basic
Peer_8:basic INFO 1000.5826401817333: Sending message <RequestPeers:> to Peer_2:basic
Peer_8:basic INFO 1001.4563803665499: Received message <Hello:> from Peer_7:basic
Peer_8:basic INFO 1001.4563803665499: Connecting to Peer_7:basic
Peer_8:basic INFO 1001.4563803665499: Sending message <Hello:> to Peer_7:basic
Peer_8:basic INFO 1001.4563803665499: Sending message <RequestPeers:> to Peer_7:basic
Peer_8:basic INFO 1001.6770331541669: Received message <RequestPeers:> from Peer_11:bootstrap
Peer_8:basic INFO 1001.6770331541669: Sending message <PeerList> to Peer_11:bootstrap
Peer_8:basic INFO 1002.1526700355366: Received message <PeerList> from Peer_2:basic
Peer_8:basic INFO 1002.2995576794297: Received message <PeerList> from Peer_11:bootstrap
Peer_8:basic INFO 1004.5229949652835: Connecting to Peer_6:basic
Peer_8:basic INFO 1005.2384456432288: Received message <RequestPeers:> from Peer_6:basic
Peer_8:basic INFO 1005.2384456432288: Sending message <PeerList> to Peer_6:basic
Peer_8:basic INFO 1006.3925654171204: Received message <Hello:> from Peer_6:basic
Peer_8:basic INFO 1011.9749410762523: Received message <PeerList> from Peer_7:basic
Peer_8:basic INFO 1500.6047236256293: Received message <Hello:> from Peer_10:basic
Peer_8:basic INFO 1500.6047236256293: Connecting to Peer_10:basic
Peer_8:basic INFO 1500.6047236256293: Sending message <Hello:> to Peer_10:basic
Peer_8:basic INFO 1500.6047236256293: Sending message <RequestPeers:> to Peer_10:basic
Peer_8:basic INFO 1500.8342619999828: Received message <RequestPeers:> from Peer_11:bootstrap
Peer_8:basic INFO 1500.8342619999828: Sending message <PeerList> to Peer_11:bootstrap
Peer_8:basic INFO 1501.4735278371286: Received message <RequestPeers:> from Peer_2:basic
Peer_8:basic INFO 1501.4735278371286: Sending message <PeerList> to Peer_2:basic
Peer_8:basic INFO 1501.801808040216: Received message <PeerList> from Peer_10:basic
Peer_8:basic INFO 2000: Sending message <Ping:> to Peer_7:basic
Peer_8:basic INFO 2000: Sending message <Ping:> to Peer_6:basic
Peer_8:basic INFO 2000.9324758070702: Received message <RequestPeers:> from Peer_11:bootstrap
Peer_8:basic INFO 2000.9324758070702: Sending message <PeerList> to Peer_11:bootstrap
Peer_8:basic INFO 2002.2702911618562: Received message <Ping:> from Peer_7:basic
Peer_8:basic INFO 2002.2702911618562: Sending message <Pong:> to Peer_7:basic
Peer_8:basic INFO 2002.3762433172017: Received message <Ping:> from Peer_6:basic
Peer_8:basic INFO 2002.3762433172017: Sending message <Pong:> to Peer_6:basic
Peer_8:basic INFO 2003.9358639354446: Received message <Pong:> from Peer_6:basic
Peer_8:basic INFO 2008.2128565557305: Received message <Pong:> from Peer_7:basic
Peer_8:basic INFO 2500: Sending message <Ping:> to Peer_2:basic
Peer_8:basic INFO 2500: Sending message <Ping:> to Peer_10:basic
Peer_8:basic INFO 2500.95077990647: Received message <Ping:> from Peer_2:basic
Peer_8:basic INFO 2500.95077990647: Sending message <Pong:> to Peer_2:basic
Peer_8:basic INFO 2501.461097132638: Received message <Pong:> from Peer_2:basic
Peer_8:basic INFO 2501.6909069156045: Received message <Ping:> from Peer_10:basic
Peer_8:basic INFO 2501.6909069156045: Sending message <Pong:> to Peer_10:basic
Peer_8:basic INFO 2503.536016485492: Received message <Pong:> from Peer_10:basic
Peer_8:basic INFO 3000: Sending message <Ping:> to Peer_11:bootstrap
Peer_8:basic INFO 3000: Sending message <Ping:> to Peer_7:basic
Peer_8:basic INFO 3000: Sending message <Ping:> to Peer_6:basic
Peer_8:basic INFO 3001.1759498308916: Received message <Ping:> from Peer_11:bootstrap
Peer_8:basic INFO 3001.1759498308916: Sending message <Pong:> to Peer_11:bootstrap
Peer_8:basic INFO 3001.5092546538804: Received message <Pong:> from Peer_11:bootstrap
Peer_8:basic INFO 3001.6687241905365: Received message <Ping:> from Peer_6:basic
Peer_8:basic INFO 3001.6687241905365: Sending message <Pong:> to Peer_6:basic
Peer_8:basic INFO 3002.0373706573137: Received message <Ping:> from Peer_7:basic
Peer_8:basic INFO 3002.0373706573137: Sending message <Pong:> to Peer_7:basic
Peer_8:basic INFO 3004.3291469254054: Received message <Pong:> from Peer_7:basic
Peer_8:basic INFO 3006.227942100163: Received message <Pong:> from Peer_6:basic
Peer_8:basic INFO 3500: Sending message <Ping:> to Peer_2:basic
Peer_8:basic INFO 3500: Sending message <Ping:> to Peer_10:basic
Peer_8:basic INFO 3500.624526459451: Received message <Ping:> from Peer_2:basic
Peer_8:basic INFO 3500.624526459451: Sending message <Pong:> to Peer_2:basic
Peer_8:basic INFO 3501.3594546001686: Received message <Pong:> from Peer_10:basic
Peer_8:basic INFO 3501.511370940743: Received message <Pong:> from Peer_2:basic
Peer_8:basic INFO 3501.8685861768927: Received message <Ping:> from Peer_10:basic
Peer_8:basic INFO 3501.8685861768927: Sending message <Pong:> to Peer_10:basic
Peer_8:basic INFO 4000: Sending message <Ping:> to Peer_11:bootstrap
Peer_8:basic INFO 4000: Sending message <Ping:> to Peer_7:basic
Peer_8:basic INFO 4000: Sending message <Ping:> to Peer_6:basic
Peer_8:basic INFO 4001.0310970222176: Received message <Ping:> from Peer_11:bootstrap
Peer_8:basic INFO 4001.0310970222176: Sending message <Pong:> to Peer_11:bootstrap
Peer_8:basic INFO 4001.0693980039446: Received message <Pong:> from Peer_11:bootstrap
Peer_8:basic INFO 4003.183379904795: Received message <Ping:> from Peer_6:basic
Peer_8:basic INFO 4003.183379904795: Sending message <Pong:> to Peer_6:basic
Peer_8:basic INFO 4003.575366631603: Received message <Ping:> from Peer_7:basic
Peer_8:basic INFO 4003.575366631603: Sending message <Pong:> to Peer_7:basic
Peer_8:basic INFO 4004.138141072885: Received message <Pong:> from Peer_7:basic
Peer_8:basic INFO 4004.5408547220645: Received message <Pong:> from Peer_6:basic
Peer_8:basic INFO 4500: Sending message <Ping:> to Peer_2:basic
Peer_8:basic INFO 4500: Sending message <Ping:> to Peer_10:basic
Peer_8:basic INFO 4500.692966860096: Received message <Ping:> from Peer_2:basic
Peer_8:basic INFO 4500.692966860096: Sending message <Pong:> to Peer_2:basic
Peer_8:basic INFO 4501.475902091939: Received message <Pong:> from Peer_2:basic
Peer_8:basic INFO 4501.643358107242: Received message <Ping:> from Peer_10:basic
Peer_8:basic INFO 4501.643358107242: Sending message <Pong:> to Peer_10:basic
Peer_8:basic INFO 4501.643696812207: Received message <RequestPeers:> from Peer_11:bootstrap
Peer_8:basic INFO 4501.643696812207: Sending message <PeerList> to Peer_11:bootstrap
Peer_8:basic INFO 4504.516268421487: Received message <Pong:> from Peer_10:basic
Peer_8:basic INFO 5000: Sending message <Ping:> to Peer_7:basic
Peer_8:basic INFO 5000: Sending message <Ping:> to Peer_6:basic
Peer_8:basic INFO 5001.7585924617315: Received message <RequestPeers:> from Peer_11:bootstrap
Peer_8:basic INFO 5001.7585924617315: Sending message <PeerList> to Peer_11:bootstrap
Peer_8:basic INFO 5002.127351138808: Received message <Ping:> from Peer_6:basic
Peer_8:basic INFO 5002.127351138808: Sending message <Pong:> to Peer_6:basic
Peer_8:basic INFO 5002.2508517309025: Received message <Ping:> from Peer_7:basic
Peer_8:basic INFO 5002.2508517309025: Sending message <Pong:> to Peer_7:basic
Peer_8:basic INFO 5006.531172545693: Received message <Pong:> from Peer_6:basic
Peer_8:basic INFO 5006.852937135704: Received message <Pong:> from Peer_7:basic
Peer_8:basic INFO 5500: Sending message <Ping:> to Peer_2:basic
Peer_8:basic INFO 5500: Sending message <Ping:> to Peer_10:basic
Peer_8:basic INFO 5500.644979863832: Received message <Ping:> from Peer_10:basic
Peer_8:basic INFO 5500.644979863832: Sending message <Pong:> to Peer_10:basic
Peer_8:basic INFO 5500.8502532403: Received message <RequestPeers:> from Peer_11:bootstrap
Peer_8:basic INFO 5500.8502532403: Sending message <PeerList> to Peer_11:bootstrap
Peer_8:basic INFO 5501.269576904259: Received message <Pong:> from Peer_2:basic
Peer_8:basic INFO 5501.373545045275: Received message <Ping:> from Peer_2:basic
Peer_8:basic INFO 5501.373545045275: Sending message <Pong:> to Peer_2:basic
Peer_8:basic INFO 5502.989549397633: Received message <Pong:> from Peer_10:basic
