Peer_9:basic WARNING 0: Not enough peers, fetching more (0, 4)
Peer_9:basic INFO 1.7017080125384223: Connecting to Peer_11:bootstrap
Peer_9:basic INFO 2.4077088531779505: Received message <Hello:> from Peer_11:bootstrap
Peer_9:basic INFO 2.8888271480389958: Received message <RequestPeers:> from Peer_11:bootstrap
Peer_9:basic INFO 2.8888271480389958: Sending message <PeerList> to Peer_11:bootstrap
Peer_9:basic WARNING 500: Not enough peers, fetching more (1, 4)
Peer_9:basic INFO 500: Sending message <RequestPeers:> to Peer_11:bootstrap
Peer_9:basic INFO 500.612201848076: Received message <RequestPeers:> from Peer_11:bootstrap
Peer_9:basic INFO 500.612201848076: Sending message <PeerList> to Peer_11:bootstrap
Peer_9:basic INFO 501.8819047949598: Received message <PeerList> from Peer_11:bootstrap
Peer_9:basic WARNING 1000: Not enough peers, fetching more (1, 4)
Peer_9:basic INFO 1000: Sending message <RequestPeers:> to Peer_11:bootstrap
Peer_9:basic INFO 1000.4208567645119: Connecting to Peer_7:basic
Peer_9:basic INFO 1000.5010550051745: Received message <RequestPeers:> from Peer_11:bootstrap
Peer_9:basic INFO 1000.5010550051745: Sending message <PeerList> to Peer_11:bootstrap
Peer_9:basic INFO 1000.7337398906215: Received message <Hello:> from Peer_10:basic
Peer_9:basic INFO 1000.7337398906215: Connecting to Peer_10:basic
Peer_9:basic INFO 1000.7337398906215: Sending message <Hello:> to Peer_10:basic
Peer_9:basic INFO 1000.7337398906215: Sending message <RequestPeers:> to Peer_10:basic
Peer_9:basic INFO 1000.7877534043969: Received message <Hello:> from Peer_5:basic
Peer_9:basic INFO 1000.7877534043969: Connecting to Peer_5:basic
Peer_9:basic INFO 1000.7877534043969: Sending message <Hello:> to Peer_5:basic
Peer_9:basic INFO 1000.7877534043969: Sending message <RequestPeers:> to Peer_5:basic
Peer_9:basic INFO 1001.482930997077: Received message <PeerList> from Peer_11:bootstrap
Peer_9:basic INFO 1002.4836881621627: Received message <Hello:> from Peer_7:basic
Peer_9:basic INFO 1003.1059723149208: Received message <PeerList> from Peer_10:basic
Peer_9:basic INFO 1003.8401919319897: Received message <RequestPeers:> from Peer_7:basic
Peer_9:basic INFO 1003.8401919319897: Sending message <PeerList> to Peer_7:basic
Peer_9:basic INFO 1003.9707351023167: Received message <PeerList> from Peer_5:basic
Peer_9:basic INFO 1502.207527041791: Received message <Hello:> from Peer_3:basic
Peer_9:basic INFO 1502.207527041791: Connecting to Peer_3:basic
Peer_9:basic INFO 1502.207527041791: Sending message <Hello:> to Peer_3:basic
Peer_9:basic INFO 1502.207527041791: Sending message <RequestPeers:> to Peer_3:basic
Peer_9:basic INFO 1505.7723249973067: Received message <PeerList> from Peer_3:basic
Peer_9:basic INFO 2000: Sending message <Ping:> to Peer_11:bootstrap
Peer_9:basic INFO 2000: Sending message <Ping:> to Peer_7:basic
Peer_9:basic INFO 2000: Sending message <Ping:> to Peer_10:basic
Peer_9:basic INFO 2000: Sending message <Ping:> to Peer_5:basic
Peer_9:basic INFO 2000.678317500136: Received message <Ping:> from Peer_5:basic
Peer_9:basic INFO 2000.678317500136: Sending message <Pong:> to Peer_5:basic
Peer_9:basic INFO 2000.7422054561155: Received message <Ping:> from Peer_10:basic
Peer_9:basic INFO 2000.7422054561155: Sending message <Pong:> to Peer_10:basic
Peer_9:basic INFO 2000.7848130921523: Received message <RequestPeers:> from Peer_11:bootstrap
Peer_9:basic INFO 2000.7848130921523: Sending message <PeerList> to Peer_11:bootstrap
Peer_9:basic INFO 2001.351530755805: Received message <Pong:> from Peer_10:basic
Peer_9:basic INFO 2001.400734485726: Received message <Pong:> from Peer_11:bootstrap
Peer_9:basic INFO 2001.567367934314: Received message <Pong:> from Peer_5:basic
Peer_9:basic INFO 2002.2261215257804: Received message <Ping:> from Peer_7:basic
Peer_9:basic INFO 2002.2261215257804: Sending message <Pong:> to Peer_7:basic
Peer_9:basic INFO 2002.2788959743573: Received message <Pong:> from Peer_7:basic
Peer_9:basic INFO 2002.3750912208911: Received message <Ping:> from Peer_11:bootstrap
Peer_9:basic INFO 2002.3750912208911: Sending message <Pong:> to Peer_11:bootstrap
Peer_9:basic INFO 2500: Sending message <Ping:> to Peer_3:basic
Peer_9:basic INFO 2501.9508067430006: Received message <Ping:> from Peer_3:basic
Peer_9:basic INFO 2501.9508067430006: Sending message <Pong:> to Peer_3:basic
Peer_9:basic INFO 2504.3202869046977: Received message <Pong:> from Peer_3:basic
Peer_9:basic INFO 3000: Sending message <Ping:> to Peer_11:bootstrap
Peer_9:basic INFO 3000: Sending message <Ping:> to Peer_7:basic
Peer_9:basic INFO 3000: Sending message <Ping:> to Peer_10:basic
Peer_9:basic INFO 3000: Sending message <Ping:> to Peer_5:basic
Peer_9:basic INFO 3000.5197287955416: Received message <Ping:> from Peer_11:bootstrap
Peer_9:basic INFO 3000.5197287955416: Sending message <Pong:> to Peer_11:bootstrap
Peer_9:basic INFO 3000.7543438574307: Received message <Ping:> from Peer_10:basic
Peer_9:basic INFO 3000.7543438574307: Sending message <Pong:> to Peer_10:basic
Peer_9:basic INFO 3000.8605143747936: Received message <Ping:> from Peer_5:basic
Peer_9:basic INFO 3000.8605143747936: Sending message <Pong:> to Peer_5:basic
Peer_9:basic INFO 3001.1039620355155: Received message <RequestPeers:> from Peer_11:bootstrap
Peer_9:basic INFO 3001.1039620355155: Sending message <PeerList> to Peer_11:bootstrap
Peer_9:basic INFO 3001.40795619872: Received message <Pong:> from Peer_11:bootstrap
Peer_9:basic INFO 3002.227918438018: Received message <Pong:> from Peer_10:basic
Peer_9:basic INFO 3002.292320360877: Received message <Ping:> from Peer_7:basic
Peer_9:basic INFO 3002.292320360877: Sending message <Pong:> to Peer_7:basic
Peer_9:basic INFO 3002.6769029175325: Received message <Pong:> from Peer_5:basic
Peer_9:basic INFO 3003.2372130234353: Received message <Pong:> from Peer_7:basic
Peer_9:basic INFO 3500: Sending message <Ping:> to Peer_3:basic
Peer_9:basic INFO 3501.2056791328237: Received message <Ping:> from Peer_3:basic
Peer_9:basic INFO 3501.2056791328237: Sending message <Pong:> to Peer_3:basic
Peer_9:basic INFO 3501.837336941237: Received message <RequestPeers:> from Peer_11:bootstrap
Peer_9:basic INFO 3501.837336941237: Sending message <PeerList> to Peer_11:bootstrap
Peer_9:basic INFO 3505.8643139685605: Received message <Pong:> from Peer_3:basic
Peer_9:basic INFO 4000: Sending message <Ping:> to Peer_7:basic
Peer_9:basic INFO 4000: Sending message <Ping:> to Peer_10:basic
Peer_9:basic INFO 4000: Sending message <Ping:> to Peer_5:basic
Peer_9:basic INFO 4000.5373313577643: Received message <Ping:> from Peer_5:basic
Peer_9:basic INFO 4000.5373313577643: Sending message <Pong:> to Peer_5:basic
Peer_9:basic INFO 4001.131731515345: Received message <Pong:> from Peer_5:basic
Peer_9:basic INFO 4001.145981113178: Received message <Ping:> from Peer_10:basic
Peer_9:basic INFO 4001.145981113178: Sending message <Pong:> to Peer_10:basic
Peer_9:basic INFO 4001.2099389721648: Received message <Pong:> from Peer_10:basic
Peer_9:basic INFO 4003.8820907402132: Received message <Ping:> from Peer_7:basic
Peer_9:basic INFO 4003.8820907402132: Sending message <Pong:> to Peer_7:basic
Peer_9:basic INFO 4004.8492670770593: Received message <Pong:> from Peer_7:basic
Peer_9:basic INFO 4500: Sending message <Ping:> to Peer_11:bootstrap
Peer_9:basic INFO 4500: Sending message <Ping:> to Peer_3:basic
Peer_9:basic INFO 4500.836287997061: Received message <Ping:> from Peer_11:bootstrap
Peer_9:basic INFO 4500.836287997061: Sending message <Pong:> to Peer_11:bootstrap
Peer_9:basic INFO 4501.19736887866: Received message <Pong:> from Peer_11:bootstrap
Peer_9:basic INFO 4502.270243332921: Received message <Ping:> from Peer_3:basic
Peer_9:basic INFO 4502.270243332921: Sending message <Pong:> to Peer_3:basic
Peer_9:basic INFO 4504.5770250817395: Received message <Pong:> from Peer_3:basic
Peer_9:basic INFO 5000: Sending message <Ping:> to Peer_7:basic
Peer_9:basic INFO 5000: Sending message <Ping:> to Peer_10:basic
Peer_9:basic INFO 5000: Sending message <Ping:> to Peer_5:basic
Peer_9:basic INFO 5000.529022888006: Received message <Ping:> from Peer_5:basic
Peer_9:basic INFO 5000.529022888006: Sending message <Pong:> to Peer_5:basic
Peer_9:basic INFO 5001.424374278773: Received message <Ping:> from Peer_10:basic
Peer_9:basic INFO 5001.424374278773: Sending message <Pong:> to Peer_10:basic
Peer_9:basic INFO 5002.377155737821: Received message <Pong:> from Peer_10:basic
Peer_9:basic INFO 5002.520005310483: Received message <Pong:> from Peer_5:basic
Peer_9:basic INFO 5003.3643594568: Received message <Ping:> from Peer_7:basic
Peer_9:basic INFO 5003.3643594568: Sending message <Pong:> to Peer_7:basic
Peer_9:basic INFO 5006.657688961594: Received message <Pong:> from Peer_7:basic
Peer_9:basic INFO 5500: Sending message <Ping:> to Peer_11:bootstrap
Peer_9:basic INFO 5500: Sending message <Ping:> to Peer_3:basic
Peer_9:basic INFO 5500.553990143348: Received message <Ping:> from Peer_11:bootstrap
Peer_9:basic INFO 5500.553990143348: Sending message <Pong:> to Peer_11:bootstrap
Peer_9:basic INFO 5500.801023310374: Received message <Ping:> from Peer_3:basic
Peer_9:basic INFO 5500.801023310374: Sending message <Pong:> to Peer_3:basic
Peer_9:basic INFO 5501.343773455678: Received message <Pong:> from Peer_11:bootstrap
Peer_9:basic INFO 5507.333041414236: Received message <Pong:> from Peer_3:basic
