Peer_7:basic WARNING 0: Not enough peers, fetching more (0, 4)
Peer_7:basic INFO 2.8683027605124924: Connecting to Peer_11:bootstrap
Peer_7:basic INFO 5.993122725372967: Received message <Hello:> from Peer_11:bootstrap
Peer_7:basic INFO 6.63345326710283: Received message <RequestPeers:> from Peer_11:bootstrap
Peer_7:basic INFO 6.63345326710283: Sending message <PeerList> to Peer_11:bootstrap
Peer_7:basic WARNING 500: Not enough peers, fetching more (1, 4)
Peer_7:basic INFO 500: Sending message <RequestPeers:> to Peer_11:bootstrap
Peer_7:basic INFO 500.0000053668932: Received message <RequestPeers:> from Peer_11:bootstrap
Peer_7:basic INFO 500.0000053668932: Sending message <PeerList> to Peer_11:bootstrap
Peer_7:basic INFO 504.71967197043193: Received message <PeerList> from Peer_11:bootstrap
Peer_7:basic WARNING 1000: Not enough peers, fetching more (1, 4)
Peer_7:basic INFO 1000: Sending message <RequestPeers:> to Peer_11:bootstrap
Peer_7:basic INFO 1000.4208567645119: Received message <Hello:> from Peer_9:basic
Peer_7:basic INFO 1000.4208567645119: Connecting to Peer_9:basic
Peer_7:basic INFO 1000.4208567645119: Sending message <Hello:> to Peer_9:basic
Peer_7:basic INFO 1000.4208567645119: Sending message <RequestPeers:> to Peer_9:basic
Peer_7:basic INFO 1001.4563803665499: Connecting to Peer_8:basic
Peer_7:basic INFO 1002.8532587749027: Received message <Hello:> from Peer_1:basic
Peer_7:basic INFO 1002.8532587749027: Connecting to Peer_1:basic
Peer_7:basic INFO 1002.8532587749027: Sending message <Hello:> to Peer_1:basic
Peer_7:basic INFO 1002.8532587749027: Sending message <RequestPeers:> to Peer_1:basic
Peer_7:basic INFO 1005.2376210519335: Received message <Hello:> from Peer_8:basic
Peer_7:basic INFO 1005.5722089245672: Received message <PeerList> from Peer_11:bootstrap
Peer_7:basic INFO 1006.0783722433276: Received message <RequestPeers:> from Peer_8:basic
Peer_7:basic INFO 1006.0783722433276: Sending message <PeerList> to Peer_8:basic
Peer_7:basic INFO 1007.0067562223174: Received message <PeerList> from Peer_9:basic
Peer_7:basic INFO 1008.0875087753718: Received message <PeerList> from Peer_1:basic
Peer_7:basic INFO 1501.7030700338419: Received message <RequestPeers:> from Peer_11:bootstrap
Peer_7:basic INFO 1501.7030700338419: Sending message <PeerList> to Peer_11:bootstrap
Peer_7:basic INFO 1502.2712094408041: Received message <RequestPeers:> from Peer_1:basic
Peer_7:basic INFO 1502.2712094408041: Sending message <PeerList> to Peer_1:basic
Peer_7:basic INFO 1502.385609555058: Received message <Hello:> from Peer_4:basic
Peer_7:basic INFO 1502.385609555058: Connecting to Peer_4:basic
Peer_7:basic INFO 1502.385609555058: Sending message <Hello:> to Peer_4:basic
Peer_7:basic INFO 1502.385609555058: Sending message <RequestPeers:> to Peer_4:basic
Peer_7:basic INFO 1504.793748125065: Received message <PeerList> from Peer_4:basic
Peer_7:basic INFO 1504.8139873380985: Received message <Hello:> from Peer_2:basic
Peer_7:basic INFO 1504.8139873380985: Connecting to Peer_2:basic
Peer_7:basic INFO 1504.8139873380985: Sending message <Hello:> to Peer_2:basic
Peer_7:basic INFO 1504.8139873380985: Sending message <RequestPeers:> to Peer_2:basic
Peer_7:basic INFO 1508.4450824521707: Received message <PeerList> from Peer_2:basic
Peer_7:basic INFO 2000: Sending message <Ping:> to Peer_9:basic
Peer_7:basic INFO 2000: Sending message <Ping:> to Peer_8:basic
Peer_7:basic INFO 2000.4820966899108: Received message <Ping:> from Peer_9:basic
Peer_7:basic INFO 2000.4820966899108: Sending message <Pong:> to Peer_9:basic
Peer_7:basic INFO 2002.19729012915: Received message <RequestPeers:> from Peer_11:bootstrap
Peer_7:basic INFO 2002.19729012915: Sending message <PeerList> to Peer_11:bootstrap
Peer_7:basic INFO 2002.287181725833: Received message <RequestPeers:> from Peer_4:basic
Peer_7:basic INFO 2002.287181725833: Sending message <PeerList> to Peer_4:basic
Peer_7:basic INFO 2004.2012939617177: Received message <Ping:> from Peer_8:basic
Peer_7:basic INFO 2004.2012939617177: Sending message <Pong:> to Peer_8:basic
Peer_7:basic INFO 2005.258657097828: Received message <Pong:> from Peer_9:basic
Peer_7:basic INFO 2008.5210247367204: Received message <Pong:> from Peer_8:basic
Peer_7:basic INFO 2500: Sending message <Ping:> to Peer_1:basic
Peer_7:basic INFO 2500: Sending message <Ping:> to Peer_2:basic
Peer_7:basic INFO 2501.281592369468: Received message <Ping:> from Peer_1:basic
Peer_7:basic INFO 2501.281592369468: Sending message <Pong:> to Peer_1:basic
Peer_7:basic INFO 2502.65111152464: Received message <Ping:> from Peer_2:basic
Peer_7:basic INFO 2502.65111152464: Sending message <Pong:> to Peer_2:basic
Peer_7:basic INFO 2503.6302661699838: Received message <Pong:> from Peer_1:basic
Peer_7:basic INFO 2504.8634017851136: Received message <Pong:> from Peer_2:basic
Peer_7:basic INFO 3000: Sending message <Ping:> to Peer_11:bootstrap
Peer_7:basic INFO 3000: Sending message <Ping:> to Peer_9:basic
Peer_7:basic INFO 3000: Sending message <Ping:> to Peer_8:basic
Peer_7:basic INFO 3000: Sending message <Ping:> to Peer_4:basic
Peer_7:basic INFO 3001.910141476567: Received message <Ping:> from Peer_11:bootstrap
Peer_7:basic INFO 3001.910141476567: Sending message <Pong:> to Peer_11:bootstrap
Peer_7:basic INFO 3002.8465229292815: Received message <Ping:> from Peer_8:basic
Peer_7:basic INFO 3002.8465229292815: Sending message <Pong:> to Peer_8:basic
Peer_7:basic INFO 3002.990005947288: Received message <RequestPeers:> from Peer_11:bootstrap
Peer_7:basic INFO 3002.990005947288: Sending message <PeerList> to Peer_11:bootstrap
Peer_7:basic INFO 3003.137452419066: Received message <Ping:> from Peer_4:basic
Peer_7:basic INFO 3003.137452419066: Sending message <Pong:> to Peer_4:basic
Peer_7:basic INFO 3003.2372058323904: Received message <Ping:> from Peer_9:basic
Peer_7:basic INFO 3003.2372058323904: Sending message <Pong:> to Peer_9:basic
Peer_7:basic INFO 3003.375907133443: Received message <Pong:> from Peer_4:basic
Peer_7:basic INFO 3003.427544864275: Received message <Pong:> from Peer_8:basic
Peer_7:basic INFO 3004.6814164785665: Received message <Pong:> from Peer_11:bootstrap
Peer_7:basic INFO 3005.780161435991: Received message <Pong:> from Peer_9:basic
Peer_7:basic INFO 3500: Sending message <Ping:> to Peer_1:basic
Peer_7:basic INFO 3500: Sending message <Ping:> to Peer_2:basic
Peer_7:basic INFO 3500.511532510751: Received message <RequestPeers:> from Peer_11:bootstrap
Peer_7:basic INFO 3500.511532510751: Sending message <PeerList> to Peer_11:bootstrap
Peer_7:basic INFO 3501.0673406028454: Received message <Ping:> from Peer_1:basic
Peer_7:basic INFO 3501.0673406028454: Sending message <Pong:> to Peer_1:basic
Peer_7:basic INFO 3502.9827759918644: Received message <Pong:> from Peer_1:basic
Peer_7:basic INFO 3504.35685727725: Received message <Pong:> from Peer_2:basic
Peer_7:basic INFO 3504.4831180840474: Received message <Ping:> from Peer_2:basic
Peer_7:basic INFO 3504.4831180840474: Sending message <Pong:> to Peer_2:basic
Peer_7:basic INFO 4000: Sending message <Ping:> to Peer_9:basic
Peer_7:basic INFO 4000: Sending message <Ping:> to Peer_8:basic
Peer_7:basic INFO 4000: Sending message <Ping:> to Peer_4:basic
Peer_7:basic INFO 4001.5190095191133: Received message <Ping:> from Peer_8:basic
Peer_7:basic INFO 4001.5190095191133: Sending message <Pong:> to Peer_8:basic
Peer_7:basic INFO 4001.8021207186007: Received message <Ping:> from Peer_4:basic
Peer_7:basic INFO 4001.8021207186007: Sending message <Pong:> to Peer_4:basic
Peer_7:basic INFO 4001.879674075156: Received message <Ping:> from Peer_9:basic
Peer_7:basic INFO 4001.879674075156: Sending message <Pong:> to Peer_9:basic
Peer_7:basic INFO 4005.8578297279932: Received message <Pong:> from Peer_4:basic
Peer_7:basic INFO 4006.8746828132735: Received message <Pong:> from Peer_9:basic
Peer_7:basic INFO 4008.0084358759955: Received message <Pong:> from Peer_8:basic
Peer_7:basic INFO 4500: Sending message <Ping:> to Peer_11:bootstrap
Peer_7:basic INFO 4500: Sending message <Ping:> to Peer_1:basic
Peer_7:basic INFO 4500: Sending message <Ping:> to Peer_2:basic
Peer_7:basic INFO 4501.713733623441: Received message <Ping:> from Peer_1:basic
Peer_7:basic INFO 4501.713733623441: Sending message <Pong:> to Peer_1:basic
Peer_7:basic INFO 4501.991043601415: Received message <RequestPeers:> from Peer_11:bootstrap
Peer_7:basic INFO 4501.991043601415: Sending message <PeerList> to Peer_11:bootstrap
Peer_7:basic INFO 4502.717105872471: Received message <Ping:> from Peer_2:basic
Peer_7:basic INFO 4502.717105872471: Sending message <Pong:> to Peer_2:basic
Peer_7:basic INFO 4503.267095241474: Received message <Ping:> from Peer_11:bootstrap
Peer_7:basic INFO 4503.267095241474: Sending message <Pong:> to Peer_11:bootstrap
Peer_7:basic INFO 4504.441596902807: Received message <Pong:> from Peer_11:bootstrap
Peer_7:basic INFO 4504.446710431192: Received message <Pong:> from Peer_1:basic
Peer_7:basic INFO 4507.587714260761: Received message <Pong:> from Peer_2:basic
Peer_7:basic INFO 5000: Sending message <Ping:> to Peer_9:basic
Peer_7:basic INFO 5000: Sending message <Ping:> to Peer_8:basic
Peer_7:basic INFO 5000: Sending message <Ping:> to Peer_4:basic
Peer_7:basic INFO 5002.071497733609: Received message <Ping:> from Peer_4:basic
Peer_7:basic INFO 5002.071497733609: Sending message <Pong:> to Peer_4:basic
Peer_7:basic INFO 5002.694399455972: Received message <Ping:> from Peer_9:basic
Peer_7:basic INFO 5002.694399455972: Sending message <Pong:> to Peer_9:basic
Peer_7:basic INFO 5002.854462607298: Received message <Ping:> from Peer_8:basic
Peer_7:basic INFO 5002.854462607298: Sending message <Pong:> to Peer_8:basic
Peer_7:basic INFO 5004.24785012577: Received message <Pong:> from Peer_4:basic
Peer_7:basic INFO 5004.784758236663: Received message <Pong:> from Peer_9:basic
Peer_7:basic INFO 5004.95473887528: Received message <Pong:> from Peer_8:basic
Peer_7:basic INFO 5500: Sending message <Ping:> to Peer_11:bootstrap
Peer_7:basic INFO 5500: Sending message <Ping:> to Peer_1:basic
Peer_7:basic INFO 5500: Sending message <Ping:> to Peer_2:basic
Peer_7:basic INFO 5501.597065436952: Received message <Ping:> from Peer_1:basic
Peer_7:basic INFO 5501.597065436952: Sending message <Pong:> to Peer_1:basic
Peer_7:basic INFO 5502.324398264664: Received message <Ping:> from Peer_2:basic
Peer_7:basic INFO 5502.324398264664: Sending message <Pong:> to Peer_2:basic
Peer_7:basic INFO 5502.495990884775: Received message <Pong:> from Peer_1:basic
Peer_7:basic INFO 5503.205696890582: Received message <Pong:> from Peer_11:bootstrap
Peer_7:basic INFO 5503.2070043723: Received message <Ping:> from Peer_11:bootstrap
Peer_7:basic INFO 5503.2070043723: Sending message <Pong:> to Peer_11:bootstrap
Peer_7:basic INFO 5503.22298495939: Received message <RequestPeers:> from Peer_11:bootstrap
Peer_7:basic INFO 5503.22298495939: Sending message <PeerList> to Peer_11:bootstrap
Peer_7:basic INFO 5504.6199594287855: Received message <Pong:> from Peer_2:basic
