Peer_4:basic WARNING 0: Not enough peers, fetching more (0, 4)
Peer_4:basic INFO 0.5466840245266937: Connecting to Peer_11:bootstrap
Peer_4:basic INFO 1.3446757944378283: Received message <RequestPeers:> from Peer_11:bootstrap
Peer_4:basic INFO 1.3446757944378283: Sending message <PeerList> to Peer_11:bootstrap
Peer_4:basic INFO 2.4513934758075617: Received message <Hello:> from Peer_11:bootstrap
Peer_4:basic WARNING 500: Not enough peers, fetching more (1, 4)
Peer_4:basic INFO 500: Sending message <RequestPeers:> to Peer_11:bootstrap
Peer_4:basic INFO 502.36027966743995: Received message <PeerList> from Peer_11:bootstrap
Peer_4:basic WARNING 1000: Not enough peers, fetching more (1, 4)
Peer_4:basic INFO 1000: Sending message <RequestPeers:> to Peer_11:bootstrap
Peer_4:basic INFO 1000.8454424589551: Connecting to Peer_5:basic
Peer_4:basic INFO 1001.5350907378712: Received message <RequestPeers:> from Peer_5:basic
Peer_4:basic INFO 1001.5350907378712: Sending message <PeerList> to Peer_5:basic
Peer_4:basic INFO 1001.6642469799232: Received message <RequestPeers:> from Peer_11:bootstrap
Peer_4:basic INFO 1001.6642469799232: Sending message <PeerList> to Peer_11:bootstrap
Peer_4:basic INFO 1002.1243706493169: Received message <Hello:> from Peer_5:basic
Peer_4:basic INFO 1002.4978156261145: Received message <PeerList> from Peer_11:bootstrap
Peer_4:basic WARNING 1500: Not enough peers, fetching more (2, 4)
Peer_4:basic INFO 1500: Sending message <RequestPeers:> to Peer_5:basic
Peer_4:basic INFO 1500: Sending message <RequestPeers:> to Peer_11:bootstrap
Peer_4:basic INFO 1500.920825259525: Received message <RequestPeers:> from Peer_11:bootstrap
Peer_4:basic INFO 1500.920825259525: Sending message <PeerList> to Peer_11:bootstrap
Peer_4:basic INFO 1501.2274064202488: Received message <PeerList> from Peer_5:basic
Peer_4:basic INFO 1502.1797458269007: Received message <PeerList> from Peer_11:bootstrap
Peer_4:basic INFO 1502.385609555058: Connecting to Peer_7:basic
Peer_4:basic INFO 1502.5232014378068: Received message <RequestPeers:> from Peer_7:basic
Peer_4:basic INFO 1502.5232014378068: Sending message <PeerList> to Peer_7:basic
Peer_4:basic INFO 1506.8652882755125: Received message <Hello:> from Peer_7:basic
Peer_4:basic WARNING 2000: Not enough peers, fetching more (3, 4)
Peer_4:basic INFO 2000: Sending message <RequestPeers:> to Peer_11:bootstrap
Peer_4:basic INFO 2000: Sending message <RequestPeers:> to Peer_7:basic
Peer_4:basic INFO 2000: Sending message <RequestPeers:> to Peer_5:basic
Peer_4:basic INFO 2002.0029196456003: Received message <PeerList> from Peer_11:bootstrap
Peer_4:basic INFO 2003.263120293923: Received message <PeerList> from Peer_5:basic
Peer_4:basic INFO 2004.144842191573: Received message <PeerList> from Peer_7:basic
Peer_4:basic WARNING 2500: Not enough peers, fetching more (3, 4)
Peer_4:basic INFO 2500.521097322677: Received message <RequestPeers:> from Peer_11:bootstrap
Peer_4:basic INFO 2500.521097322677: Sending message <PeerList> to Peer_11:bootstrap
Peer_4:basic INFO 2504.799511149529: Connecting to Peer_6:basic
Peer_4:basic INFO 2506.560983396967: Received message <Hello:> from Peer_6:basic
Peer_4:basic INFO 2507.2942826174403: Received message <RequestPeers:> from Peer_6:basic
Peer_4:basic INFO 2507.2942826174403: Sending message <PeerList> to Peer_6:basic
Peer_4:basic INFO 3000: Sending message <Ping:> to Peer_5:basic
Peer_4:basic INFO 3000: Sending message <Ping:> to Peer_7:basic
Peer_4:basic INFO 3000.8221920552332: Received message <Ping:> from Peer_5:basic
Peer_4:basic INFO 3000.8221920552332: Sending message <Pong:> to Peer_5:basic
Peer_4:basic INFO 3001.3975001839945: Received message <Ping:> from Peer_7:basic
Peer_4:basic INFO 3001.3975001839945: Sending message <Pong:> to Peer_7:basic
Peer_4:basic INFO 3001.6378701130734: Received message <Pong:> from Peer_5:basic
Peer_4:basic INFO 3004.6033051476575: Received message <Pong:> from Peer_7:basic
Peer_4:basic INFO 3500: Sending message <Ping:> to Peer_11:bootstrap
Peer_4:basic INFO 3500: Sending message <Ping:> to Peer_6:basic
Peer_4:basic INFO 3500.7951260395894: Received message <RequestPeers:> from Peer_11:bootstrap
Peer_4:basic INFO 3500.7951260395894: Sending message <PeerList> to Peer_11:bootstrap
Peer_4:basic INFO 3501.072439914192: Received message <Ping:> from Peer_11:bootstrap
Peer_4:basic INFO 3501.072439914192: Sending message <Pong:> to Peer_11:bootstrap
Peer_4:basic INFO 3501.2195548381546: Received message <Pong:> from Peer_11:bootstrap
Peer_4:basic INFO 3502.5622202324244: Received message <Ping:> from Peer_6:basic
Peer_4:basic INFO 3502.5622202324244: Sending message <Pong:> to Peer_6:basic
Peer_4:basic INFO 3504.5947568080387: Received message <Pong:> from Peer_6:basic
Peer_4:basic INFO 4000: Sending message <Ping:> to Peer_5:basic
Peer_4:basic INFO 4000: Sending message <Ping:> to Peer_7:basic
Peer_4:basic INFO 4000.53450041303: Received message <Ping:> from Peer_5:basic
Peer_4:basic INFO 4000.53450041303: Sending message <Pong:> to Peer_5:basic
Peer_4:basic INFO 4001.0561012092758: Received message <RequestPeers:> from Peer_11:bootstrap
Peer_4:basic INFO 4001.0561012092758: Sending message <PeerList> to Peer_11:bootstrap
Peer_4:basic INFO 4003.746329323559: Received message <Ping:> from Peer_7:basic
Peer_4:basic INFO 4003.746329323559: Sending message <Pong:> to Peer_7:basic
Peer_4:basic INFO 4003.7520258632676: Received message <Pong:> from Peer_5:basic
Peer_4:basic INFO 4005.3597151227227: Received message <Pong:> from Peer_7:basic
Peer_4:basic INFO 4500: Sending message <Ping:> to Peer_6:basic
Peer_4:basic INFO 4500.6890132348935: Received message <RequestPeers:> from Peer_11:bootstrap
Peer_4:basic INFO 4500.6890132348935: Sending message <PeerList> to Peer_11:bootstrap
Peer_4:basic INFO 4501.065445847753: Received message <Ping:> from Peer_6:basic
Peer_4:basic INFO 4501.065445847753: Sending message <Pong:> to Peer_6:basic
Peer_4:basic INFO 4505.044094179618: Received message <Pong:> from Peer_6:basic
Peer_4:basic INFO 5000: Sending message <Ping:> to Peer_5:basic
Peer_4:basic INFO 5000: Sending message <Ping:> to Peer_7:basic
Peer_4:basic INFO 5000.551232082526: Received message <RequestPeers:> from Peer_11:bootstrap
Peer_4:basic INFO 5000.551232082526: Sending message <PeerList> to Peer_11:bootstrap
Peer_4:basic INFO 5000.677813441866: Received message <Ping:> from Peer_5:basic
Peer_4:basic INFO 5000.677813441866: Sending message <Pong:> to Peer_5:basic
Peer_4:basic INFO 5001.308497784941: Received message <Pong:> from Peer_5:basic
Peer_4:basic INFO 5002.195721312886: Received message <Ping:> from Peer_7:basic
Peer_4:basic INFO 5002.195721312886: Sending message <Pong:> to Peer_7:basic
Peer_4:basic INFO 5005.8271658417225: Received message <Pong:> from Peer_7:basic
Peer_4:basic INFO 5500: Sending message <Ping:> to Peer_6:basic
Peer_4:basic INFO 5501.666009089354: Received message <Ping:> from Peer_6:basic
Peer_4:basic INFO 5501.666009089354: Sending message <Pong:> to Peer_6:basic
Peer_4:basic INFO 5506.4616144910915: Received message <Pong:> from Peer_6:basic
