Peer_10:basic WARNING 0: Not enough peers, fetching more (0, 4)
Peer_10:basic INFO 0.6660455689728328: Connecting to Peer_11:bootstrap
Peer_10:basic INFO 1.2760860394466425: Received message <RequestPeers:> from Peer_11:bootstrap
Peer_10:basic INFO 1.2760860394466425: Sending message <PeerList> to Peer_11:bootstrap
Peer_10:basic INFO 1.3379514578591576: Received message <Hello:> from Peer_11:bootstrap
Peer_10:basic WARNING 500: Not enough peers, fetching more (1, 4)
Peer_10:basic INFO 500: Sending message <RequestPeers:> to Peer_11:bootstrap
Peer_10:basic INFO 501.6085193399235: Received message <PeerList> from Peer_11:bootstrap
Peer_10:basic WARNING 1000: Not enough peers, fetching more (1, 4)
Peer_10:basic INFO 1000: Sending message <RequestPeers:> to Peer_11:bootstrap
Peer_10:basic INFO 1000.7337398906215: Connecting to Peer_9:basic
Peer_10:basic INFO 1001.7763915726665: Received message <Hello:> from Peer_9:basic
Peer_10:basic INFO 1002.0315526962385: Received message <PeerList> from Peer_11:bootstrap
Peer_10:basic INFO 1002.3893512549944: Received message <RequestPeers:> from Peer_9:basic
Peer_10:basic INFO 1002.3893512549944: Sending message <PeerList> to Peer_9:basic
Peer_10:basic INFO 1003.2884118805574: Received message <Hello:> from Peer_6:basic
Peer_10:basic INFO 1003.2884118805574: Connecting to Peer_6:basic
Peer_10:basic INFO 1003.2884118805574: Sending message <Hello:> to Peer_6:basic
Peer_10:basic INFO 1003.2884118805574: Sending message <RequestPeers:> to Peer_6:basic
Peer_10:basic INFO 1005.9578030215993: Received message <PeerList> from Peer_6:basic
Peer_10:basic WARNING 1500: Not enough peers, fetching more (3, 4)
Peer_10:basic INFO 1500.6047236256293: Connecting to Peer_8:basic
Peer_10:basic INFO 1501.2659884760724: Received message <RequestPeers:> from Peer_8:basic
Peer_10:basic INFO 1501.2659884760724: Sending message <PeerList> to Peer_8:basic
Peer_10:basic INFO 1501.3341150494834: Received message <RequestPeers:> from Peer_11:bootstrap
Peer_10:basic INFO 1501.3341150494834: Sending message <PeerList> to Peer_11:bootstrap
Peer_10:basic INFO 1501.6353928005854: Received message <Hello:> from Peer_8:basic
Peer_10:basic INFO 2000: Sending message <Ping:> to Peer_9:basic
Peer_10:basic INFO 2000: Sending message <Ping:> to Peer_6:basic
Peer_10:basic INFO 2000.5755017916206: Received message <Ping:> from Peer_6:basic
Peer_10:basic INFO 2000.5755017916206: Sending message <Pong:> to Peer_6:basic
Peer_10:basic INFO 2000.6423987676847: Received message <Ping:> from Peer_9:basic
Peer_10:basic INFO 2000.6423987676847: Sending message <Pong:> to Peer_9:basic
Peer_10:basic INFO 2002.0471899495012: Received message <Pong:> from Peer_9:basic
Peer_10:basic INFO 2004.1831925274887: Received message <Pong:> from Peer_6:basic
Peer_10:basic INFO 2500: Sending message <Ping:> to Peer_11:bootstrap
Peer_10:basic INFO 2500: Sending message <Ping:> to Peer_8:basic
Peer_10:basic INFO 2500.6999979911902: Received message <RequestPeers:> from Peer_11:bootstrap
Peer_10:basic INFO 2500.6999979911902: Sending message <PeerList> to Peer_11:bootstrap
Peer_10:basic INFO 2501.0483068039157: Received message <Ping:> from Peer_8:basic
Peer_10:basic INFO 2501.0483068039157: Sending message <Pong:> to Peer_8:basic
Peer_10:basic INFO 2501.274339627167: Received message <Ping:> from Peer_11:bootstrap
Peer_10:basic INFO 2501.274339627167: Sending message <Pong:> to Peer_11:bootstrap
Peer_10:basic INFO 2502.0470948938028: Received message <Pong:> from Peer_11:bootstrap
Peer_10:basic INFO 2502.191088451225: Received message <Pong:> from Peer_8:basic
Peer_10:basic INFO 3000: Sending message <Ping:> to Peer_9:basic
Peer_10:basic INFO 3000: Sending message <Ping:> to Peer_6:basic
Peer_10:basic INFO 3000.7273459688513: Received message <Ping:> from Peer_9:basic
Peer_10:basic INFO 3000.7273459688513: Sending message <Pong:> to Peer_9:basic
Peer_10:basic INFO 3001.6798062324915: Received message <Pong:> from Peer_9:basic
Peer_10:basic INFO 3004.8642059721324: Received message <Ping:> from Peer_6:basic
Peer_10:basic INFO 3004.8642059721324: Sending message <Pong:> to Peer_6:basic
Peer_10:basic INFO 3007.152630118779: Received message <Pong:> from Peer_6:basic
Peer_10:basic INFO 3500: Sending message <Ping:> to Peer_11:bootstrap
Peer_10:basic INFO 3500: Sending message <Ping:> to Peer_8:basic
Peer_10:basic INFO 3500.627336272927: Received message <Ping:> from Peer_8:basic
Peer_10:basic INFO 3500.627336272927: Sending message <Pong:> to Peer_8:basic
Peer_10:basic INFO 3501.0546796381736: Received message <Ping:> from Peer_11:bootstrap
Peer_10:basic INFO 3501.0546796381736: Sending message <Pong:> to Peer_11:bootstrap
Peer_10:basic INFO 3502.5663122265755: Received message <Pong:> from Peer_8:basic
Peer_10:basic INFO 3504.0777912652675: Received message <Pong:> from Peer_11:bootstrap
Peer_10:basic INFO 4000: Sending message <Ping:> to Peer_9:basic
Peer_10:basic INFO 4000: Sending message <Ping:> to Peer_6:basic
Peer_10:basic INFO 4000.5629156716254: Received message <Ping:> from Peer_9:basic
Peer_10:basic INFO 4000.5629156716254: Sending message <Pong:> to Peer_9:basic
Peer_10:basic INFO 4000.829908537137: Received message <RequestPeers:> from Peer_11:bootstrap
Peer_10:basic INFO 4000.829908537137: Sending message <PeerList> to Peer_11:bootstrap
Peer_10:basic INFO 4001.884109232483: Received message <Ping:> from Peer_6:basic
Peer_10:basic INFO 4001.884109232483: Sending message <Pong:> to Peer_6:basic
Peer_10:basic INFO 4001.9814117867245: Received message <Pong:> from Peer_9:basic
Peer_10:basic INFO 4005.3176190632844: Received message <Pong:> from Peer_6:basic
Peer_10:basic INFO 4500: Sending message <Ping:> to Peer_8:basic
Peer_10:basic INFO 4500.566106450075: Received message <RequestPeers:> from Peer_11:bootstrap
Peer_10:basic INFO 4500.566106450075: Sending message <PeerList> to Peer_11:bootstrap
Peer_10:basic INFO 4502.971419785608: Received message <Pong:> from Peer_8:basic
Peer_10:basic INFO 4503.990766783449: Received message <Ping:> from Peer_8:basic
Peer_10:basic INFO 4503.990766783449: Sending message <Pong:> to Peer_8:basic
Peer_10:basic INFO 5000: Sending message <Ping:> to Peer_9:basic
Peer_10:basic INFO 5000: Sending message <Ping:> to Peer_6:basic
Peer_10:basic INFO 5000.602409643245: Received message <RequestPeers:> from Peer_11:bootstrap
Peer_10:basic INFO 5000.602409643245: Sending message <PeerList> to Peer_11:bootstrap
Peer_10:basic INFO 5001.529171858165: Received message <Ping:> from Peer_9:basic
Peer_10:basic INFO 5001.529171858165: Sending message <Pong:> to Peer_9:basic
Peer_10:basic INFO 5002.846020342394: Received message <Pong:> from Peer_9:basic
Peer_10:basic INFO 5004.908115553249: Received message <Ping:> from Peer_6:basic
Peer_10:basic INFO 5004.908115553249: Sending message <Pong:> to Peer_6:basic
Peer_10:basic INFO 5005.788771577615: Received message <Pong:> from Peer_6:basic
Peer_10:basic INFO 5500: Sending message <Ping:> to Peer_8:basic
Peer_10:basic INFO 5500.649059735763: Received message <RequestPeers:> from Peer_11:bootstrap
Peer_10:basic INFO 5500.649059735763: Sending message <PeerList> to Peer_11:bootstrap
Peer_10:basic INFO 5501.123906721966: Received message <Ping:> from Peer_8:basic
Peer_10:basic INFO 5501.123906721966: Sending message <Pong:> to Peer_8:basic
Peer_10:basic INFO 5501.422833182972: Received message <Pong:> from Peer_8:basic
