Peer_4:basic INFO 1.0051053875945655: Connecting to Peer_8:basic
Peer_4:basic INFO 1.0989467178843426: Received message <Hello:> from Peer_8:basic
Peer_4:basic INFO 1.1218147552965012: Received message <Hello:> from Peer_6:basic
Peer_4:basic INFO 1.1218147552965012: Connecting to Peer_6:basic
Peer_4:basic INFO 1.1218147552965012: Sending message <Hello:> to Peer_6:basic
Peer_4:basic INFO 2.046093076736719: Received message <Hello:> from Peer_8:basic
Peer_4:basic INFO 5.535103464420016: Connecting to Peer_2:basic
Peer_4:basic INFO 5.807687397614458: Connecting to Peer_5:basic
Peer_4:basic INFO 5.995545423450472: Received message <Hello:> from Peer_5:basic
Peer_4:basic INFO 6.517935361136138: Received message <Hello:> from Peer_2:basic
Peer_4:basic INFO 9.96939948919691: Received message <Hello:> from Peer_5:basic
Peer_4:basic INFO 11.692387348301569: Received message <Hello:> from Peer_2:basic
Peer_4:basic INFO 1000: Sending message <Ping:> to Peer_8:basic
Peer_4:basic INFO 1000: Sending message <Ping:> to Peer_6:basic
Peer_4:basic INFO 1000: Sending message <Ping:> to Peer_2:basic
Peer_4:basic INFO 1000: Sending message <Ping:> to Peer_5:basic
Peer_4:basic INFO 1000.775382525959: Received message <Ping:> from Peer_8:basic
Peer_4:basic INFO 1000.775382525959: Sending message <Pong:> to Peer_8:basic
Peer_4:basic INFO 1000.9727078619267: Received message <Ping:> from Peer_6:basic
Peer_4:basic INFO 1000.9727078619267: Sending message <Pong:> to Peer_6:basic
Peer_4:basic INFO 1001.7867455098108: Received message <Pong:> from Peer_6:basic
Peer_4:basic INFO 1002.231534543316: Received message <Pong:> from Peer_8:basic
Peer_4:basic INFO 1006.2488091637081: Received message <Ping:> from Peer_2:basic
Peer_4:basic INFO 1006.2488091637081: Sending message <Pong:> to Peer_2:basic
Peer_4:basic INFO 1006.4574424510728: Received message <Ping:> from Peer_5:basic
Peer_4:basic INFO 1006.4574424510728: Sending message <Pong:> to Peer_5:basic
Peer_4:basic INFO 1010.0669119727576: Received message <Pong:> from Peer_5:basic
Peer_4:basic INFO 1012.4852068111834: Received message <Pong:> from Peer_2:basic
Peer_4:basic INFO 2000: Sending message <Ping:> to Peer_8:basic
Peer_4:basic INFO 2000: Sending message <Ping:> to Peer_6:basic
Peer_4:basic INFO 2000: Sending message <Ping:> to Peer_2:basic
Peer_4:basic INFO 2000: Sending message <Ping:> to Peer_5:basic
Peer_4:basic INFO 2000.7727849641599: Received message <Ping:> from Peer_6:basic
Peer_4:basic INFO 2000.7727849641599: Sending message <Pong:> to Peer_6:basic
Peer_4:basic INFO 2001.1134914898437: Received message <Ping:> from Peer_8:basic
Peer_4:basic INFO 2001.1134914898437: Sending message <Pong:> to Peer_8:basic
Peer_4:basic INFO 2001.9649708518077: Received message <Pong:> from Peer_6:basic
Peer_4:basic INFO 2002.3638776968544: Received message <Pong:> from Peer_8:basic
Peer_4:basic INFO 2004.8063857964314: Received message <Ping:> from Peer_5:basic
Peer_4:basic INFO 2004.8063857964314: Sending message <Pong:> to Peer_5:basic
Peer_4:basic INFO 2005.8582649894636: Received message <Ping:> from Peer_2:basic
Peer_4:basic INFO 2005.8582649894636: Sending message <Pong:> to Peer_2:basic
Peer_4:basic INFO 2011.573672732237: Received message <Pong:> from Peer_2:basic
Peer_4:basic INFO 2012.12863058231: Received message <Pong:> from Peer_5:basic
Peer_4:basic INFO 3000: Sending message <Ping:> to Peer_8:basic
Peer_4:basic INFO 3000: Sending message <Ping:> to Peer_6:basic
Peer_4:basic INFO 3000: Sending message <Ping:> to Peer_2:basic
Peer_4:basic INFO 3000: Sending message <Ping:> to Peer_5:basic
Peer_4:basic INFO 3000.6783315075268: Received message <Ping:> from Peer_6:basic
Peer_4:basic INFO 3000.6783315075268: Sending message <Pong:> to Peer_6:basic
Peer_4:basic INFO 3000.939921548675: Received message <Ping:> from Peer_8:basic
Peer_4:basic INFO 3000.939921548675: Sending message <Pong:> to Peer_8:basic
Peer_4:basic INFO 3001.8218911310983: Received message <Pong:> from Peer_8:basic
Peer_4:basic INFO 3001.8716672753135: Received message <Pong:> from Peer_6:basic
Peer_4:basic INFO 3004.67134705638: Received message <Ping:> from Peer_5:basic
Peer_4:basic INFO 3004.67134705638: Sending message <Pong:> to Peer_5:basic
Peer_4:basic INFO 3007.48851738454: Received message <Ping:> from Peer_2:basic
Peer_4:basic INFO 3007.48851738454: Sending message <Pong:> to Peer_2:basic
Peer_4:basic INFO 3012.73921156207: Received message <Pong:> from Peer_5:basic
Peer_4:basic INFO 3012.870713410898: Received message <Pong:> from Peer_2:basic
Peer_4:basic INFO 4000: Sending message <Ping:> to Peer_8:basic
Peer_4:basic INFO 4000: Sending message <Ping:> to Peer_6:basic
Peer_4:basic INFO 4000: Sending message <Ping:> to Peer_2:basic
Peer_4:basic INFO 4000: Sending message <Ping:> to Peer_5:basic
Peer_4:basic INFO 4000.882080331322: Received message <Ping:> from Peer_8:basic
Peer_4:basic INFO 4000.882080331322: Sending message <Pong:> to Peer_8:basic
Peer_4:basic INFO 4001.105776435512: Received message <Ping:> from Peer_6:basic
Peer_4:basic INFO 4001.105776435512: Sending message <Pong:> to Peer_6:basic
Peer_4:basic INFO 4002.0480897043985: Received message <Pong:> from Peer_6:basic
Peer_4:basic INFO 4002.2817583406722: Received message <Pong:> from Peer_8:basic
Peer_4:basic INFO 4005.8440037039354: Received message <Ping:> from Peer_5:basic
Peer_4:basic INFO 4005.8440037039354: Sending message <Pong:> to Peer_5:basic
Peer_4:basic INFO 4007.246758364363: Received message <Ping:> from Peer_2:basic
Peer_4:basic INFO 4007.246758364363: Sending message <Pong:> to Peer_2:basic
Peer_4:basic INFO 4011.7243743255576: Received message <Pong:> from Peer_2:basic
Peer_4:basic INFO 4011.7753925654247: Received message <Pong:> from Peer_5:basic
