Peer_5:basic INFO 0.5091941492852352: Connecting to Peer_1:basic
Peer_5:basic INFO 0.56244096305915: Received message <Hello:> from Peer_2:basic
Peer_5:basic INFO 0.56244096305915: Connecting to Peer_2:basic
Peer_5:basic INFO 0.56244096305915: Sending message <Hello:> to Peer_2:basic
Peer_5:basic INFO 1.4005310382950147: Received message <Hello:> from Peer_1:basic
Peer_5:basic INFO 2.4215548845835317: Received message <Hello:> from Peer_1:basic
Peer_5:basic INFO 4.319411015400513: Connecting to Peer_8:basic
Peer_5:basic INFO 4.680206672839896: Connecting to Peer_6:basic
Peer_5:basic INFO 5.807687397614458: Received message <Hello:> from Peer_4:basic
Peer_5:basic INFO 5.807687397614458: Connecting to Peer_4:basic
Peer_5:basic INFO 5.807687397614458: Sending message <Hello:> to Peer_4:basic
Peer_5:basic INFO 6.518783506169357: Received message <Hello:> from Peer_8:basic
Peer_5:basic INFO 6.88938701231679: Received message <Hello:> from Peer_6:basic
Peer_5:basic INFO 10.609335405017589: Received message <Hello:> from Peer_6:basic
Peer_5:basic INFO 12.138263557162475: Received message <Hello:> from Peer_8:basic
Peer_5:basic INFO 1000: Sending message <Ping:> to Peer_1:basic
Peer_5:basic INFO 1000: Sending message <Ping:> to Peer_2:basic
Peer_5:basic INFO 1000: Sending message <Ping:> to Peer_8:basic
Peer_5:basic INFO 1000: Sending message <Ping:> to Peer_6:basic
Peer_5:basic INFO 1000: Sending message <Ping:> to Peer_4:basic
Peer_5:basic INFO 1000.8167428628499: Received message <Ping:> from Peer_2:basic
Peer_5:basic INFO 1000.8167428628499: Sending message <Pong:> to Peer_2:basic
Peer_5:basic INFO 1000.9113135741048: Received message <Ping:> from Peer_1:basic
Peer_5:basic INFO 1000.9113135741048: Sending message <Pong:> to Peer_1:basic
Peer_5:basic INFO 1002.3095899776888: Received message <Pong:> from Peer_2:basic
Peer_5:basic INFO 1002.3664752957908: Received message <Pong:> from Peer_1:basic
Peer_5:basic INFO 1004.1296697855995: Received message <Ping:> from Peer_4:basic
Peer_5:basic INFO 1004.1296697855995: Sending message <Pong:> to Peer_4:basic
Peer_5:basic INFO 1005.4356952012018: Received message <Ping:> from Peer_8:basic
Peer_5:basic INFO 1005.4356952012018: Sending message <Pong:> to Peer_8:basic
Peer_5:basic INFO 1006.0491133388837: Received message <Ping:> from Peer_6:basic
Peer_5:basic INFO 1006.0491133388837: Sending message <Pong:> to Peer_6:basic
Peer_5:basic INFO 1009.1092919563306: Received message <Pong:> from Peer_6:basic
Peer_5:basic INFO 1012.1767082156219: Received message <Pong:> from Peer_4:basic
Peer_5:basic INFO 1013.240244625939: Received message <Pong:> from Peer_8:basic
Peer_5:basic INFO 2000: Sending message <Ping:> to Peer_1:basic
Peer_5:basic INFO 2000: Sending message <Ping:> to Peer_2:basic
Peer_5:basic INFO 2000: Sending message <Ping:> to Peer_8:basic
Peer_5:basic INFO 2000: Sending message <Ping:> to Peer_6:basic
Peer_5:basic INFO 2000: Sending message <Ping:> to Peer_4:basic
Peer_5:basic INFO 2000.7889751401403: Received message <Ping:> from Peer_1:basic
Peer_5:basic INFO 2000.7889751401403: Sending message <Pong:> to Peer_1:basic
Peer_5:basic INFO 2000.965101531512: Received message <Ping:> from Peer_2:basic
Peer_5:basic INFO 2000.965101531512: Sending message <Pong:> to Peer_2:basic
Peer_5:basic INFO 2001.2097260987016: Received message <Pong:> from Peer_2:basic
Peer_5:basic INFO 2002.0870871598659: Received message <Pong:> from Peer_1:basic
Peer_5:basic INFO 2005.1534518894155: Received message <Ping:> from Peer_6:basic
Peer_5:basic INFO 2005.1534518894155: Sending message <Pong:> to Peer_6:basic
Peer_5:basic INFO 2005.6545582782978: Received message <Ping:> from Peer_4:basic
Peer_5:basic INFO 2005.6545582782978: Sending message <Pong:> to Peer_4:basic
Peer_5:basic INFO 2007.9810039000856: Received message <Ping:> from Peer_8:basic
Peer_5:basic INFO 2007.9810039000856: Sending message <Pong:> to Peer_8:basic
Peer_5:basic INFO 2011.4739805020783: Received message <Pong:> from Peer_8:basic
Peer_5:basic INFO 2011.6830669873755: Received message <Pong:> from Peer_4:basic
Peer_5:basic INFO 2012.2282589066965: Received message <Pong:> from Peer_6:basic
Peer_5:basic INFO 3000: Sending message <Ping:> to Peer_1:basic
Peer_5:basic INFO 3000: Sending message <Ping:> to Peer_2:basic
Peer_5:basic INFO 3000: Sending message <Ping:> to Peer_8:basic
Peer_5:basic INFO 3000: Sending message <Ping:> to Peer_6:basic
Peer_5:basic INFO 3000: Sending message <Ping:> to Peer_4:basic
Peer_5:basic INFO 3000.559724818162: Received message <Ping:> from Peer_1:basic
Peer_5:basic INFO 3000.559724818162: Sending message <Pong:> to Peer_1:basic
Peer_5:basic INFO 3000.625622154081: Received message <Ping:> from Peer_2:basic
Peer_5:basic INFO 3000.625622154081: Sending message <Pong:> to Peer_2:basic
Peer_5:basic INFO 3001.4575997898496: Received message <Pong:> from Peer_2:basic
Peer_5:basic INFO 3001.956795111495: Received message <Pong:> from Peer_1:basic
Peer_5:basic INFO 3005.7933363367424: Received message <Ping:> from Peer_6:basic
Peer_5:basic INFO 3005.7933363367424: Sending message <Pong:> to Peer_6:basic
Peer_5:basic INFO 3005.976707066465: Received message <Ping:> from Peer_8:basic
Peer_5:basic INFO 3005.976707066465: Sending message <Pong:> to Peer_8:basic
Peer_5:basic INFO 3007.476667272303: Received message <Ping:> from Peer_4:basic
Peer_5:basic INFO 3007.476667272303: Sending message <Pong:> to Peer_4:basic
Peer_5:basic INFO 3010.4610418015463: Received message <Pong:> from Peer_6:basic
Peer_5:basic INFO 3011.0340070432526: Received message <Pong:> from Peer_4:basic
Peer_5:basic INFO 3012.793351212603: Received message <Pong:> from Peer_8:basic
Peer_5:basic INFO 4000: Sending message <Ping:> to Peer_1:basic
Peer_5:basic INFO 4000: Sending message <Ping:> to Peer_2:basic
Peer_5:basic INFO 4000: Sending message <Ping:> to Peer_8:basic
Peer_5:basic INFO 4000: Sending message <Ping:> to Peer_6:basic
Peer_5:basic INFO 4000: Sending message <Ping:> to Peer_4:basic
Peer_5:basic INFO 4000.6143555461035: Received message <Ping:> from Peer_1:basic
Peer_5:basic INFO 4000.6143555461035: Sending message <Pong:> to Peer_1:basic
Peer_5:basic INFO 4001.0885214264613: Received message <Ping:> from Peer_2:basic
Peer_5:basic INFO 4001.0885214264613: Sending message <Pong:> to Peer_2:basic
Peer_5:basic INFO 4001.5127697544426: Received message <Pong:> from Peer_2:basic
Peer_5:basic INFO 4001.670426282971: Received message <Pong:> from Peer_1:basic
Peer_5:basic INFO 4004.9971983978785: Received message <Ping:> from Peer_4:basic
Peer_5:basic INFO 4004.9971983978785: Sending message <Pong:> to Peer_4:basic
Peer_5:basic INFO 4005.87277158607: Received message <Ping:> from Peer_8:basic
Peer_5:basic INFO 4005.87277158607: Sending message <Pong:> to Peer_8:basic
Peer_5:basic INFO 4006.3188313384767: Received message <Ping:> from Peer_6:basic
Peer_5:basic INFO 4006.3188313384767: Sending message <Pong:> to Peer_6:basic
Peer_5:basic INFO 4010.4087604481074: Received message <Pong:> from Peer_6:basic
Peer_5:basic INFO 4010.809786188184: Received message <Pong:> from Peer_4:basic
Peer_5:basic INFO 4012.730831390954: Received message <Pong:> from Peer_8:basic
