Peer_8:basic INFO 0.956589530012849: Connecting to Peer_9:basic
Peer_8:basic INFO 1.0051053875945655: Received message <Hello:> from Peer_4:basic
Peer_8:basic INFO 1.0051053875945655: Connecting to Peer_4:basic
Peer_8:basic INFO 1.0051053875945655: Sending message <Hello:> to Peer_4:basic
Peer_8:basic INFO 1.0235090112529854: Received message <Hello:> from Peer_9:basic
Peer_8:basic INFO 1.211317927072095: Received message <Hello:> from Peer_6:basic
Peer_8:basic INFO 1.211317927072095: Connecting to Peer_6:basic
Peer_8:basic INFO 1.211317927072095: Sending message <Hello:> to Peer_6:basic
Peer_8:basic INFO 1.9124686139507867: Received message <Hello:> from Peer_9:basic
Peer_8:basic INFO 4.319411015400513: Received message <Hello:> from Peer_5:basic
Peer_8:basic INFO 4.319411015400513: Connecting to Peer_5:basic
Peer_8:basic INFO 4.319411015400513: Sending message <Hello:> to Peer_5:basic
Peer_8:basic INFO 6.106121660811652: Connecting to Peer_1:basic
Peer_8:basic INFO 7.290475523487496: Received message <Hello:> from Peer_1:basic
Peer_8:basic INFO 13.566314549901579: Received message <Hello:> from Peer_1:basic
Peer_8:basic INFO 1000: Sending message <Ping:> to Peer_9:basic
Peer_8:basic INFO 1000: Sending message <Ping:> to Peer_4:basic
Peer_8:basic INFO 1000: Sending message <Ping:> to Peer_6:basic
Peer_8:basic INFO 1000: Sending message <Ping:> to Peer_5:basic
Peer_8:basic INFO 1000: Sending message <Ping:> to Peer_1:basic
Peer_8:basic INFO 1000.9155454083123: Received message <Ping:> from Peer_6:basic
Peer_8:basic INFO 1000.9155454083123: Sending message <Pong:> to Peer_6:basic
Peer_8:basic INFO 1001.0269929286882: Received message <Ping:> from Peer_4:basic
Peer_8:basic INFO 1001.0269929286882: Sending message <Pong:> to Peer_4:basic
Peer_8:basic INFO 1001.0333356447845: Received message <Ping:> from Peer_9:basic
Peer_8:basic INFO 1001.0333356447845: Sending message <Pong:> to Peer_9:basic
Peer_8:basic INFO 1001.854510711956: Received message <Pong:> from Peer_4:basic
Peer_8:basic INFO 1001.9292855922381: Received message <Pong:> from Peer_6:basic
Peer_8:basic INFO 1002.0504141920145: Received message <Pong:> from Peer_9:basic
Peer_8:basic INFO 1005.2544974919533: Received message <Ping:> from Peer_1:basic
Peer_8:basic INFO 1005.2544974919533: Sending message <Pong:> to Peer_1:basic
Peer_8:basic INFO 1007.32049872668: Received message <Ping:> from Peer_5:basic
Peer_8:basic INFO 1007.32049872668: Sending message <Pong:> to Peer_5:basic
Peer_8:basic INFO 1010.0747534653598: Received message <Pong:> from Peer_1:basic
Peer_8:basic INFO 1012.6303483258763: Received message <Pong:> from Peer_5:basic
Peer_8:basic INFO 2000: Sending message <Ping:> to Peer_9:basic
Peer_8:basic INFO 2000: Sending message <Ping:> to Peer_4:basic
Peer_8:basic INFO 2000: Sending message <Ping:> to Peer_6:basic
Peer_8:basic INFO 2000: Sending message <Ping:> to Peer_5:basic
Peer_8:basic INFO 2000: Sending message <Ping:> to Peer_1:basic
Peer_8:basic INFO 2000.9633751404588: Received message <Ping:> from Peer_9:basic
Peer_8:basic INFO 2000.9633751404588: Sending message <Pong:> to Peer_9:basic
Peer_8:basic INFO 2001.1101706006873: Received message <Ping:> from Peer_6:basic
Peer_8:basic INFO 2001.1101706006873: Sending message <Pong:> to Peer_6:basic
Peer_8:basic INFO 2001.2028838202305: Received message <Ping:> from Peer_4:basic
Peer_8:basic INFO 2001.2028838202305: Sending message <Pong:> to Peer_4:basic
Peer_8:basic INFO 2001.5846835546092: Received message <Pong:> from Peer_9:basic
Peer_8:basic INFO 2001.9901550083644: Received message <Pong:> from Peer_6:basic
Peer_8:basic INFO 2002.1165384078063: Received message <Pong:> from Peer_4:basic
Peer_8:basic INFO 2006.3737558044184: Received message <Ping:> from Peer_5:basic
Peer_8:basic INFO 2006.3737558044184: Sending message <Pong:> to Peer_5:basic
Peer_8:basic INFO 2007.1703908457514: Received message <Ping:> from Peer_1:basic
Peer_8:basic INFO 2007.1703908457514: Sending message <Pong:> to Peer_1:basic
Peer_8:basic INFO 2012.2876931612711: Received message <Pong:> from Peer_1:basic
Peer_8:basic INFO 2013.212721059948: Received message <Pong:> from Peer_5:basic
Peer_8:basic INFO 3000: Sending message <Ping:> to Peer_9:basic
Peer_8:basic INFO 3000: Sending message <Ping:> to Peer_4:basic
Peer_8:basic INFO 3000: Sending message <Ping:> to Peer_6:basic
Peer_8:basic INFO 3000: Sending message <Ping:> to Peer_5:basic
Peer_8:basic INFO 3000: Sending message <Ping:> to Peer_1:basic
Peer_8:basic INFO 3000.540345321292: Received message <Ping:> from Peer_9:basic
Peer_8:basic INFO 3000.540345321292: Sending message <Pong:> to Peer_9:basic
Peer_8:basic INFO 3000.7468155109764: Received message <Ping:> from Peer_6:basic
Peer_8:basic INFO 3000.7468155109764: Sending message <Pong:> to Peer_6:basic
Peer_8:basic INFO 3000.9406183533597: Received message <Ping:> from Peer_4:basic
Peer_8:basic INFO 3000.9406183533597: Sending message <Pong:> to Peer_4:basic
Peer_8:basic INFO 3002.0019698889982: Received message <Pong:> from Peer_9:basic
Peer_8:basic INFO 3002.0265310485966: Received message <Pong:> from Peer_4:basic
Peer_8:basic INFO 3002.2795129757133: Received message <Pong:> from Peer_6:basic
Peer_8:basic INFO 3006.7015901290456: Received message <Ping:> from Peer_5:basic
Peer_8:basic INFO 3006.7015901290456: Sending message <Pong:> to Peer_5:basic
Peer_8:basic INFO 3007.4316645113954: Received message <Ping:> from Peer_1:basic
Peer_8:basic INFO 3007.4316645113954: Sending message <Pong:> to Peer_1:basic
Peer_8:basic INFO 3011.3609403223945: Received message <Pong:> from Peer_5:basic
Peer_8:basic INFO 3013.9549270310285: Received message <Pong:> from Peer_1:basic
Peer_8:basic INFO 4000: Sending message <Ping:> to Peer_9:basic
Peer_8:basic INFO 4000: Sending message <Ping:> to Peer_4:basic
Peer_8:basic INFO 4000: Sending message <Ping:> to Peer_6:basic
Peer_8:basic INFO 4000: Sending message <Ping:> to Peer_5:basic
Peer_8:basic INFO 4000: Sending message <Ping:> to Peer_1:basic
Peer_8:basic INFO 4000.6808749424404: Received message <Ping:> from Peer_6:basic
Peer_8:basic INFO 4000.6808749424404: Sending message <Pong:> to Peer_6:basic
Peer_8:basic INFO 4000.8402183017934: Received message <Ping:> from Peer_9:basic
Peer_8:basic INFO 4000.8402183017934: Sending message <Pong:> to Peer_9:basic
Peer_8:basic INFO 4001.342207949397: Received message <Ping:> from Peer_4:basic
Peer_8:basic INFO 4001.342207949397: Sending message <Pong:> to Peer_4:basic
Peer_8:basic INFO 4001.5926091001784: Received message <Pong:> from Peer_6:basic
Peer_8:basic INFO 4001.765271557312: Received message <Pong:> from Peer_9:basic
Peer_8:basic INFO 4001.9662806725455: Received message <Pong:> from Peer_4:basic
Peer_8:basic INFO 4004.442048401145: Received message <Ping:> from Peer_1:basic
Peer_8:basic INFO 4004.442048401145: Sending message <Pong:> to Peer_1:basic
Peer_8:basic INFO 4006.3188082717984: Received message <Ping:> from Peer_5:basic
Peer_8:basic INFO 4006.3188082717984: Sending message <Pong:> to Peer_5:basic
Peer_8:basic INFO 4010.4622367067986: Received message <Pong:> from Peer_1:basic
Peer_8:basic INFO 4012.105889498655: Received message <Pong:> from Peer_5:basic
