Peer_9:basic INFO 0.956589530012849: Received message <Hello:> from Peer_8:basic
Peer_9:basic INFO 0.956589530012849: Connecting to Peer_8:basic
Peer_9:basic INFO 0.956589530012849: Sending message <Hello:> to Peer_8:basic
Peer_9:basic INFO 1.1760983077441236: Connecting to Peer_3:basic
Peer_9:basic INFO 1.2982834432453547: Received message <Hello:> from Peer_3:basic
Peer_9:basic INFO 2.2127040912875287: Received message <Hello:> from Peer_3:basic
Peer_9:basic INFO 5.83542330385497: Connecting to Peer_1:basic
Peer_9:basic INFO 6.224613253160985: Received message <Hello:> from Peer_2:basic
Peer_9:basic INFO 6.224613253160985: Connecting to Peer_2:basic
Peer_9:basic INFO 6.224613253160985: Sending message <Hello:> to Peer_2:basic
Peer_9:basic INFO 7.478705573242859: Received message <Hello:> from Peer_1:basic
Peer_9:basic INFO 12.462992329134348: Received message <Hello:> from Peer_1:basic
Peer_9:basic INFO 1000: Sending message <Ping:> to Peer_8:basic
Peer_9:basic INFO 1000: Sending message <Ping:> to Peer_3:basic
Peer_9:basic INFO 1000: Sending message <Ping:> to Peer_1:basic
Peer_9:basic INFO 1000: Sending message <Ping:> to Peer_2:basic
Peer_9:basic INFO 1001.1029870694631: Received message <Ping:> from Peer_8:basic
Peer_9:basic INFO 1001.1029870694631: Sending message <Pong:> to Peer_8:basic
Peer_9:basic INFO 1001.1108004016975: Received message <Ping:> from Peer_3:basic
Peer_9:basic INFO 1001.1108004016975: Sending message <Pong:> to Peer_3:basic
Peer_9:basic INFO 1002.3706170607154: Received message <Pong:> from Peer_8:basic
Peer_9:basic INFO 1002.3714496566007: Received message <Pong:> from Peer_3:basic
Peer_9:basic INFO 1006.6503088207244: Received message <Ping:> from Peer_1:basic
Peer_9:basic INFO 1006.6503088207244: Sending message <Pong:> to Peer_1:basic
Peer_9:basic INFO 1007.3655423656224: Received message <Ping:> from Peer_2:basic
Peer_9:basic INFO 1007.3655423656224: Sending message <Pong:> to Peer_2:basic
Peer_9:basic INFO 1012.4980267609163: Received message <Pong:> from Peer_2:basic
Peer_9:basic INFO 1015.3402965970836: Received message <Pong:> from Peer_1:basic
Peer_9:basic INFO 2000: Sending message <Ping:> to Peer_8:basic
Peer_9:basic INFO 2000: Sending message <Ping:> to Peer_3:basic
Peer_9:basic INFO 2000: Sending message <Ping:> to Peer_1:basic
Peer_9:basic INFO 2000: Sending message <Ping:> to Peer_2:basic
Peer_9:basic INFO 2000.7096546514078: Received message <Ping:> from Peer_8:basic
Peer_9:basic INFO 2000.7096546514078: Sending message <Pong:> to Peer_8:basic
Peer_9:basic INFO 2001.3326303915405: Received message <Ping:> from Peer_3:basic
Peer_9:basic INFO 2001.3326303915405: Sending message <Pong:> to Peer_3:basic
Peer_9:basic INFO 2001.7126710821763: Received message <Pong:> from Peer_3:basic
Peer_9:basic INFO 2002.0847019227347: Received message <Pong:> from Peer_8:basic
Peer_9:basic INFO 2006.2561124743333: Received message <Ping:> from Peer_2:basic
Peer_9:basic INFO 2006.2561124743333: Sending message <Pong:> to Peer_2:basic
Peer_9:basic INFO 2006.5711345519046: Received message <Ping:> from Peer_1:basic
Peer_9:basic INFO 2006.5711345519046: Sending message <Pong:> to Peer_1:basic
Peer_9:basic INFO 2012.8079402413202: Received message <Pong:> from Peer_2:basic
Peer_9:basic INFO 2013.3375673800701: Received message <Pong:> from Peer_1:basic
Peer_9:basic INFO 3000: Sending message <Ping:> to Peer_8:basic
Peer_9:basic INFO 3000: Sending message <Ping:> to Peer_3:basic
Peer_9:basic INFO 3000: Sending message <Ping:> to Peer_1:basic
Peer_9:basic INFO 3000: Sending message <Ping:> to Peer_2:basic
Peer_9:basic INFO 3000.9788991908686: Received message <Ping:> from Peer_8:basic
Peer_9:basic INFO 3000.9788991908686: Sending message <Pong:> to Peer_8:basic
Peer_9:basic INFO 3001.1389999233074: Received message <Ping:> from Peer_3:basic
Peer_9:basic INFO 3001.1389999233074: Sending message <Pong:> to Peer_3:basic
Peer_9:basic INFO 3001.5989099863773: Received message <Pong:> from Peer_8:basic
Peer_9:basic INFO 3002.2253275245125: Received message <Pong:> from Peer_3:basic
Peer_9:basic INFO 3004.9554789191734: Received message <Ping:> from Peer_1:basic
Peer_9:basic INFO 3004.9554789191734: Sending message <Pong:> to Peer_1:basic
Peer_9:basic INFO 3006.2117922139646: Received message <Ping:> from Peer_2:basic
Peer_9:basic INFO 3006.2117922139646: Sending message <Pong:> to Peer_2:basic
Peer_9:basic INFO 3010.2563278230887: Received message <Pong:> from Peer_2:basic
Peer_9:basic INFO 3011.632295449789: Received message <Pong:> from Peer_1:basic
Peer_9:basic INFO 4000: Sending message <Ping:> to Peer_8:basic
Peer_9:basic INFO 4000: Sending message <Ping:> to Peer_3:basic
Peer_9:basic INFO 4000: Sending message <Ping:> to Peer_1:basic
Peer_9:basic INFO 4000: Sending message <Ping:> to Peer_2:basic
Peer_9:basic INFO 4000.8889279767072: Received message <Ping:> from Peer_3:basic
Peer_9:basic INFO 4000.8889279767072: Sending message <Pong:> to Peer_3:basic
Peer_9:basic INFO 4001.0096047508237: Received message <Ping:> from Peer_8:basic
Peer_9:basic INFO 4001.0096047508237: Sending message <Pong:> to Peer_8:basic
Peer_9:basic INFO 4001.6564450349397: Received message <Pong:> from Peer_8:basic
Peer_9:basic INFO 4002.2233495069236: Received message <Pong:> from Peer_3:basic
Peer_9:basic INFO 4006.748855083347: Received message <Ping:> from Peer_1:basic
Peer_9:basic INFO 4006.748855083347: Sending message <Pong:> to Peer_1:basic
Peer_9:basic INFO 4006.802205794618: Received message <Ping:> from Peer_2:basic
Peer_9:basic INFO 4006.802205794618: Sending message <Pong:> to Peer_2:basic
Peer_9:basic INFO 4011.8124874047576: Received message <Pong:> from Peer_2:basic
Peer_9:basic INFO 4012.939306179392: Received message <Pong:> from Peer_1:basic
