Peer_7:basic INFO 0.5924241928798136: Received message <Hello:> from Peer_2:basic
Peer_7:basic INFO 0.5924241928798136: Connecting to Peer_2:basic
Peer_7:basic INFO 0.5924241928798136: Sending message <Hello:> to Peer_2:basic
Peer_7:basic INFO 0.6165701515097153: Received message <Hello:> from Peer_2:basic
Peer_7:basic INFO 0.6165701515097153: Connecting to Peer_2:basic
Peer_7:basic INFO 0.6165701515097153: Sending message <Hello:> to Peer_2:basic
Peer_7:basic INFO 0.777449322568277: Connecting to Peer_1:basic
Peer_7:basic INFO 1.0933412830103364: Received message <Hello:> from Peer_1:basic
Peer_7:basic INFO 2.2707862245641484: Received message <Hello:> from Peer_1:basic
Peer_7:basic INFO 1000: Sending message <Ping:> to Peer_2:basic
Peer_7:basic INFO 1000: Sending message <Ping:> to Peer_2:basic
Peer_7:basic INFO 1000: Sending message <Ping:> to Peer_1:basic
Peer_7:basic INFO 1000.5041079812664: Received message <Ping:> from Peer_1:basic
Peer_7:basic INFO 1000.5041079812664: Sending message <Pong:> to Peer_1:basic
Peer_7:basic INFO 1000.5148023148471: Received message <Ping:> from Peer_2:basic
Peer_7:basic INFO 1000.5148023148471: Sending message <Pong:> to Peer_2:basic
Peer_7:basic INFO 1001.1122066615051: Received message <Ping:> from Peer_2:basic
Peer_7:basic INFO 1001.1122066615051: Sending message <Pong:> to Peer_2:basic
Peer_7:basic INFO 1001.329048194964: Received message <Pong:> from Peer_2:basic
Peer_7:basic INFO 1001.8340046549271: Received message <Pong:> from Peer_2:basic
Peer_7:basic INFO 1002.3282074820163: Received message <Pong:> from Peer_1:basic
Peer_7:basic INFO 2000: Sending message <Ping:> to Peer_2:basic
Peer_7:basic INFO 2000: Sending message <Ping:> to Peer_2:basic
Peer_7:basic INFO 2000: Sending message <Ping:> to Peer_1:basic
Peer_7:basic INFO 2000.5664868628394: Received message <Ping:> from Peer_1:basic
Peer_7:basic INFO 2000.5664868628394: Sending message <Pong:> to Peer_1:basic
Peer_7:basic INFO 2000.7254104906337: Received message <Ping:> from Peer_2:basic
Peer_7:basic INFO 2000.7254104906337: Sending message <Pong:> to Peer_2:basic
Peer_7:basic INFO 2000.858551857913: Received message <Ping:> from Peer_2:basic
Peer_7:basic INFO 2000.858551857913: Sending message <Pong:> to Peer_2:basic
Peer_7:basic INFO 2001.552003046331: Received message <Pong:> from Peer_2:basic
Peer_7:basic INFO 2001.9192524843832: Received message <Pong:> from Peer_2:basic
Peer_7:basic INFO 2002.0200415573067: Received message <Pong:> from Peer_1:basic
Peer_7:basic INFO 3000: Sending message <Ping:> to Peer_2:basic
Peer_7:basic INFO 3000: Sending message <Ping:> to Peer_2:basic
Peer_7:basic INFO 3000: Sending message <Ping:> to Peer_1:basic
Peer_7:basic INFO 3000.642185770915: Received message <Ping:> from Peer_2:basic
Peer_7:basic INFO 3000.642185770915: Sending message <Pong:> to Peer_2:basic
Peer_7:basic INFO 3000.6488590964477: Received message <Ping:> from Peer_2:basic
Peer_7:basic INFO 3000.6488590964477: Sending message <Pong:> to Peer_2:basic
Peer_7:basic INFO 3001.4927662444584: Received message <Pong:> from Peer_2:basic
Peer_7:basic INFO 3002.342528732091: Received message <Pong:> from Peer_2:basic
Peer_7:basic INFO 3002.521855844046: Received message <Pong:> from Peer_1:basic
Peer_7:basic INFO 3002.7452966815804: Received message <Ping:> from Peer_1:basic
Peer_7:basic INFO 3002.7452966815804: Sending message <Pong:> to Peer_1:basic
Peer_7:basic INFO 4000: Sending message <Ping:> to Peer_2:basic
Peer_7:basic INFO 4000: Sending message <Ping:> to Peer_2:basic
Peer_7:basic INFO 4000: Sending message <Ping:> to Peer_1:basic
Peer_7:basic INFO 4000.5826812229398: Received message <Ping:> from Peer_2:basic
Peer_7:basic INFO 4000.5826812229398: Sending message <Pong:> to Peer_2:basic
Peer_7:basic INFO 4000.7887524211856: Received message <Ping:> from Peer_2:basic
Peer_7:basic INFO 4000.7887524211856: Sending message <Pong:> to Peer_2:basic
Peer_7:basic INFO 4000.8093512785763: Received message <Ping:> from Peer_1:basic
Peer_7:basic INFO 4000.8093512785763: Sending message <Pong:> to Peer_1:basic
Peer_7:basic INFO 4001.313040415341: Received message <Pong:> from Peer_2:basic
Peer_7:basic INFO 4001.6842596538477: Received message <Pong:> from Peer_1:basic
Peer_7:basic INFO 4001.7852142806055: Received message <Pong:> from Peer_2:basic
