Peer_6:basic INFO 1.1218147552965012: Connecting to Peer_4:basic
Peer_6:basic INFO 1.211317927072095: Connecting to Peer_8:basic
Peer_6:basic INFO 1.2188185746181148: Received message <Hello:> from Peer_4:basic
Peer_6:basic INFO 1.3814725804671686: Received message <Hello:> from Peer_8:basic
Peer_6:basic INFO 2.1770895506872336: Received message <Hello:> from Peer_4:basic
Peer_6:basic INFO 2.367768234551539: Received message <Hello:> from Peer_8:basic
Peer_6:basic INFO 4.506981380215831: Received message <Hello:> from Peer_2:basic
Peer_6:basic INFO 4.506981380215831: Connecting to Peer_2:basic
Peer_6:basic INFO 4.506981380215831: Sending message <Hello:> to Peer_2:basic
Peer_6:basic INFO 4.680206672839896: Received message <Hello:> from Peer_5:basic
Peer_6:basic INFO 4.680206672839896: Connecting to Peer_5:basic
Peer_6:basic INFO 4.680206672839896: Sending message <Hello:> to Peer_5:basic
Peer_6:basic INFO 6.2283877276344795: Connecting to Peer_1:basic
Peer_6:basic INFO 6.603074138400188: Received message <Hello:> from Peer_1:basic
Peer_6:basic INFO 11.705975775574721: Received message <Hello:> from Peer_1:basic
Peer_6:basic INFO 1000: Sending message <Ping:> to Peer_4:basic
Peer_6:basic INFO 1000: Sending message <Ping:> to Peer_8:basic
Peer_6:basic INFO 1000: Sending message <Ping:> to Peer_2:basic
Peer_6:basic INFO 1000: Sending message <Ping:> to Peer_5:basic
Peer_6:basic INFO 1000: Sending message <Ping:> to Peer_1:basic
Peer_6:basic INFO 1000.5739520555704: Received message <Ping:> from Peer_4:basic
Peer_6:basic INFO 1000.5739520555704: Sending message <Pong:> to Peer_4:basic
Peer_6:basic INFO 1000.8568392339944: Received message <Ping:> from Peer_8:basic
Peer_6:basic INFO 1000.8568392339944: Sending message <Pong:> to Peer_8:basic
Peer_6:basic INFO 1001.8636490065124: Received message <Pong:> from Peer_4:basic
Peer_6:basic INFO 1001.9276494955146: Received message <Pong:> from Peer_8:basic
Peer_6:basic INFO 1004.4652858014274: Received message <Ping:> from Peer_5:basic
Peer_6:basic INFO 1004.4652858014274: Sending message <Pong:> to Peer_5:basic
Peer_6:basic INFO 1004.9561935479844: Received message <Ping:> from Peer_1:basic
Peer_6:basic INFO 1004.9561935479844: Sending message <Pong:> to Peer_1:basic
Peer_6:basic INFO 1005.4769026111197: Received message <Ping:> from Peer_2:basic
Peer_6:basic INFO 1005.4769026111197: Sending message <Pong:> to Peer_2:basic
Peer_6:basic INFO 1009.8893099755602: Received message <Pong:> from Peer_2:basic
Peer_6:basic INFO 1012.5081643904947: Received message <Pong:> from Peer_1:basic
Peer_6:basic INFO 1014.2747102409547: Received message <Pong:> from Peer_5:basic
Peer_6:basic INFO 2000: Sending message <Ping:> to Peer_4:basic
Peer_6:basic INFO 2000: Sending message <Ping:> to Peer_8:basic
Peer_6:basic INFO 2000: Sending message <Ping:> to Peer_2:basic
Peer_6:basic INFO 2000: Sending message <Ping:> to Peer_5:basic
Peer_6:basic INFO 2000: Sending message <Ping:> to Peer_1:basic
Peer_6:basic INFO 2000.974260032846: Received message <Ping:> from Peer_4:basic
Peer_6:basic INFO 2000.974260032846: Sending message <Pong:> to Peer_4:basic
Peer_6:basic INFO 2001.0445650605939: Received message <Ping:> from Peer_8:basic
Peer_6:basic INFO 2001.0445650605939: Sending message <Pong:> to Peer_8:basic
Peer_6:basic INFO 2001.8346982405553: Received message <Pong:> from Peer_4:basic
Peer_6:basic INFO 2002.1103467050318: Received message <Pong:> from Peer_8:basic
Peer_6:basic INFO 2005.411377018079: Received message <Ping:> from Peer_2:basic
Peer_6:basic INFO 2005.411377018079: Sending message <Pong:> to Peer_2:basic
Peer_6:basic INFO 2005.866814772564: Received message <Ping:> from Peer_5:basic
Peer_6:basic INFO 2005.866814772564: Sending message <Pong:> to Peer_5:basic
Peer_6:basic INFO 2006.2626658039467: Received message <Ping:> from Peer_1:basic
Peer_6:basic INFO 2006.2626658039467: Sending message <Pong:> to Peer_1:basic
Peer_6:basic INFO 2012.3805040963384: Received message <Pong:> from Peer_1:basic
Peer_6:basic INFO 2012.9311274351135: Received message <Pong:> from Peer_5:basic
Peer_6:basic INFO 2013.7991123916283: Received message <Pong:> from Peer_2:basic
Peer_6:basic INFO 3000: Sending message <Ping:> to Peer_4:basic
Peer_6:basic INFO 3000: Sending message <Ping:> to Peer_8:basic
Peer_6:basic INFO 3000: Sending message <Ping:> to Peer_2:basic
Peer_6:basic INFO 3000: Sending message <Ping:> to Peer_5:basic
Peer_6:basic INFO 3000: Sending message <Ping:> to Peer_1:basic
Peer_6:basic INFO 3000.9416812489353: Received message <Ping:> from Peer_4:basic
Peer_6:basic INFO 3000.9416812489353: Sending message <Pong:> to Peer_4:basic
Peer_6:basic INFO 3001.248584405698: Received message <Ping:> from Peer_8:basic
Peer_6:basic INFO 3001.248584405698: Sending message <Pong:> to Peer_8:basic
Peer_6:basic INFO 3001.4604605380455: Received message <Pong:> from Peer_8:basic
Peer_6:basic INFO 3001.8309618387843: Received message <Pong:> from Peer_4:basic
Peer_6:basic INFO 3005.3705298277523: Received message <Ping:> from Peer_2:basic
Peer_6:basic INFO 3005.3705298277523: Sending message <Pong:> to Peer_2:basic
Peer_6:basic INFO 3005.41014579734: Received message <Ping:> from Peer_5:basic
Peer_6:basic INFO 3005.41014579734: Sending message <Pong:> to Peer_5:basic
Peer_6:basic INFO 3006.8027359323323: Received message <Ping:> from Peer_1:basic
Peer_6:basic INFO 3006.8027359323323: Sending message <Pong:> to Peer_1:basic
Peer_6:basic INFO 3010.9735200200107: Received message <Pong:> from Peer_1:basic
Peer_6:basic INFO 3012.22170206085: Received message <Pong:> from Peer_5:basic
Peer_6:basic INFO 3013.343258723014: Received message <Pong:> from Peer_2:basic
Peer_6:basic INFO 4000: Sending message <Ping:> to Peer_4:basic
Peer_6:basic INFO 4000: Sending message <Ping:> to Peer_8:basic
Peer_6:basic INFO 4000: Sending message <Ping:> to Peer_2:basic
Peer_6:basic INFO 4000: Sending message <Ping:> to Peer_5:basic
Peer_6:basic INFO 4000: Sending message <Ping:> to Peer_1:basic
Peer_6:basic INFO 4000.6458521654563: Received message <Ping:> from Peer_8:basic
Peer_6:basic INFO 4000.6458521654563: Sending message <Pong:> to Peer_8:basic
Peer_6:basic INFO 4001.38741119285: Received message <Ping:> from Peer_4:basic
Peer_6:basic INFO 4001.38741119285: Sending message <Pong:> to Peer_4:basic
Peer_6:basic INFO 4001.5613412634393: Received message <Pong:> from Peer_8:basic
Peer_6:basic INFO 4002.351842974663: Received message <Pong:> from Peer_4:basic
Peer_6:basic INFO 4005.48259954183: Received message <Ping:> from Peer_5:basic
Peer_6:basic INFO 4005.48259954183: Sending message <Pong:> to Peer_5:basic
Peer_6:basic INFO 4006.3993670855534: Received message <Ping:> from Peer_1:basic
Peer_6:basic INFO 4006.3993670855534: Sending message <Pong:> to Peer_1:basic
Peer_6:basic INFO 4006.610105913701: Received message <Ping:> from Peer_2:basic
Peer_6:basic INFO 4006.610105913701: Sending message <Pong:> to Peer_2:basic
Peer_6:basic INFO 4012.350427991733: Received message <Pong:> from Peer_1:basic
Peer_6:basic INFO 4012.79232955354: Received message <Pong:> from Peer_5:basic
Peer_6:basic INFO 4012.8740260266254: Received message <Pong:> from Peer_2:basic
