Peer_2:basic INFO 0.5396901171270209: Connecting to Peer_1:basic
Peer_2:basic INFO 0.56244096305915: Connecting to Peer_5:basic
Peer_2:basic INFO 0.5924241928798136: Connecting to Peer_7:basic
Peer_2:basic INFO 0.6165701515097153: Connecting to Peer_7:basic
Peer_2:basic INFO 0.6692915581318041: Received message <Hello:> from Peer_7:basic
Peer_2:basic INFO 0.7499142866937499: Received message <Hello:> from Peer_5:basic
Peer_2:basic INFO 1.054024920568184: Received message <Hello:> from Peer_7:basic
Peer_2:basic INFO 1.0961300957407023: Received message <Hello:> from Peer_7:basic
Peer_2:basic INFO 1.3700906788110419: Received message <Hello:> from Peer_5:basic
Peer_2:basic INFO 1.464056961853796: Received message <Hello:> from Peer_1:basic
Peer_2:basic INFO 2.0423803051610636: Received message <Hello:> from Peer_7:basic
Peer_2:basic INFO 2.3872800953189186: Received message <Hello:> from Peer_1:basic
Peer_2:basic INFO 4.506981380215831: Connecting to Peer_6:basic
Peer_2:basic INFO 5.535103464420016: Received message <Hello:> from Peer_4:basic
Peer_2:basic INFO 5.535103464420016: Connecting to Peer_4:basic
Peer_2:basic INFO 5.535103464420016: Sending message <Hello:> to Peer_4:basic
Peer_2:basic INFO 6.224613253160985: Connecting to Peer_9:basic
Peer_2:basic INFO 7.23948341694271: Received message <Hello:> from Peer_6:basic
Peer_2:basic INFO 7.48333683592752: Received message <Hello:> from Peer_9:basic
Peer_2:basic INFO 10.199860839366895: Received message <Hello:> from Peer_6:basic
Peer_2:basic INFO 11.814073910461296: Received message <Hello:> from Peer_9:basic
Peer_2:basic INFO 1000: Sending message <Ping:> to Peer_1:basic
Peer_2:basic INFO 1000: Sending message <Ping:> to Peer_7:basic
Peer_2:basic INFO 1000: Sending message <Ping:> to Peer_9:basic
Peer_2:basic INFO 1000: Sending message <Ping:> to Peer_5:basic
Peer_2:basic INFO 1000: Sending message <Ping:> to Peer_7:basic
Peer_2:basic INFO 1000: Sending message <Ping:> to Peer_6:basic
Peer_2:basic INFO 1000: Sending message <Ping:> to Peer_4:basic
Peer_2:basic INFO 1000.5147591682475: Received message <Ping:> from Peer_1:basic
Peer_2:basic INFO 1000.5147591682475: Sending message <Pong:> to Peer_1:basic
Peer_2:basic INFO 1000.689190018355: Received message <Ping:> from Peer_7:basic
Peer_2:basic INFO 1000.689190018355: Sending message <Pong:> to Peer_7:basic
Peer_2:basic INFO 1000.7956693001582: Received message <Ping:> from Peer_7:basic
Peer_2:basic INFO 1000.7956693001582: Sending message <Pong:> to Peer_7:basic
Peer_2:basic INFO 1001.1479695486307: Received message <Ping:> from Peer_5:basic
Peer_2:basic INFO 1001.1479695486307: Sending message <Pong:> to Peer_5:basic
Peer_2:basic INFO 1001.1669866291298: Received message <Pong:> from Peer_1:basic
Peer_2:basic INFO 1001.6344216604482: Received message <Pong:> from Peer_7:basic
Peer_2:basic INFO 1001.9241118792102: Received message <Pong:> from Peer_5:basic
Peer_2:basic INFO 1002.9696296788512: Received message <Pong:> from Peer_7:basic
Peer_2:basic INFO 1005.4495220391643: Received message <Ping:> from Peer_6:basic
Peer_2:basic INFO 1005.4495220391643: Sending message <Pong:> to Peer_6:basic
Peer_2:basic INFO 1005.6153152532008: Received message <Ping:> from Peer_4:basic
Peer_2:basic INFO 1005.6153152532008: Sending message <Pong:> to Peer_4:basic
Peer_2:basic INFO 1005.9845734304148: Received message <Ping:> from Peer_9:basic
Peer_2:basic INFO 1005.9845734304148: Sending message <Pong:> to Peer_9:basic
Peer_2:basic INFO 1011.8965738535686: Received message <Pong:> from Peer_6:basic
Peer_2:basic INFO 1012.3307434837495: Received message <Pong:> from Peer_4:basic
Peer_2:basic INFO 1013.5229762585847: Received message <Pong:> from Peer_9:basic
Peer_2:basic INFO 2000: Sending message <Ping:> to Peer_1:basic
Peer_2:basic INFO 2000: Sending message <Ping:> to Peer_7:basic
Peer_2:basic INFO 2000: Sending message <Ping:> to Peer_9:basic
Peer_2:basic INFO 2000: Sending message <Ping:> to Peer_5:basic
Peer_2:basic INFO 2000: Sending message <Ping:> to Peer_7:basic
Peer_2:basic INFO 2000: Sending message <Ping:> to Peer_6:basic
Peer_2:basic INFO 2000: Sending message <Ping:> to Peer_4:basic
Peer_2:basic INFO 2000.5462326620461: Received message <Ping:> from Peer_1:basic
Peer_2:basic INFO 2000.5462326620461: Sending message <Pong:> to Peer_1:basic
Peer_2:basic INFO 2000.5935736130175: Received message <Ping:> from Peer_5:basic
Peer_2:basic INFO 2000.5935736130175: Sending message <Pong:> to Peer_5:basic
Peer_2:basic INFO 2000.8526742401577: Received message <Ping:> from Peer_7:basic
Peer_2:basic INFO 2000.8526742401577: Sending message <Pong:> to Peer_7:basic
Peer_2:basic INFO 2001.1322246566428: Received message <Ping:> from Peer_7:basic
Peer_2:basic INFO 2001.1322246566428: Sending message <Pong:> to Peer_7:basic
Peer_2:basic INFO 2001.3864889134725: Received message <Pong:> from Peer_7:basic
Peer_2:basic INFO 2001.6397011233958: Received message <Pong:> from Peer_1:basic
Peer_2:basic INFO 2001.9500469578181: Received message <Pong:> from Peer_7:basic
Peer_2:basic INFO 2002.2445470917626: Received message <Pong:> from Peer_5:basic
Peer_2:basic INFO 2005.285399985974: Received message <Ping:> from Peer_4:basic
Peer_2:basic INFO 2005.285399985974: Sending message <Pong:> to Peer_4:basic
Peer_2:basic INFO 2006.6368755463482: Received message <Ping:> from Peer_6:basic
Peer_2:basic INFO 2006.6368755463482: Sending message <Pong:> to Peer_6:basic
Peer_2:basic INFO 2007.0054876522688: Received message <Ping:> from Peer_9:basic
Peer_2:basic INFO 2007.0054876522688: Sending message <Pong:> to Peer_9:basic
Peer_2:basic INFO 2010.889507715352: Received message <Pong:> from Peer_9:basic
Peer_2:basic INFO 2011.1616517787518: Received message <Pong:> from Peer_6:basic
Peer_2:basic INFO 2013.4439817341538: Received message <Pong:> from Peer_4:basic
Peer_2:basic INFO 3000: Sending message <Ping:> to Peer_1:basic
Peer_2:basic INFO 3000: Sending message <Ping:> to Peer_7:basic
Peer_2:basic INFO 3000: Sending message <Ping:> to Peer_9:basic
Peer_2:basic INFO 3000: Sending message <Ping:> to Peer_5:basic
Peer_2:basic INFO 3000: Sending message <Ping:> to Peer_7:basic
Peer_2:basic INFO 3000: Sending message <Ping:> to Peer_6:basic
Peer_2:basic INFO 3000: Sending message <Ping:> to Peer_4:basic
Peer_2:basic INFO 3000.618354369128: Received message <Ping:> from Peer_1:basic
Peer_2:basic INFO 3000.618354369128: Sending message <Pong:> to Peer_1:basic
Peer_2:basic INFO 3000.8451912871565: Received message <Ping:> from Peer_5:basic
Peer_2:basic INFO 3000.8451912871565: Sending message <Pong:> to Peer_5:basic
Peer_2:basic INFO 3000.891469302919: Received message <Ping:> from Peer_7:basic
Peer_2:basic INFO 3000.891469302919: Sending message <Pong:> to Peer_7:basic
Peer_2:basic INFO 3001.2223362107256: Received message <Ping:> from Peer_7:basic
Peer_2:basic INFO 3001.2223362107256: Sending message <Pong:> to Peer_7:basic
Peer_2:basic INFO 3001.330836771404: Received message <Pong:> from Peer_7:basic
Peer_2:basic INFO 3001.6253027733383: Received message <Pong:> from Peer_5:basic
Peer_2:basic INFO 3001.741926522638: Received message <Pong:> from Peer_7:basic
Peer_2:basic INFO 3002.8034515449212: Received message <Pong:> from Peer_1:basic
Peer_2:basic INFO 3004.27427867991: Received message <Ping:> from Peer_9:basic
Peer_2:basic INFO 3004.27427867991: Sending message <Pong:> to Peer_9:basic
Peer_2:basic INFO 3006.2813559055116: Received message <Ping:> from Peer_6:basic
Peer_2:basic INFO 3006.2813559055116: Sending message <Pong:> to Peer_6:basic
Peer_2:basic INFO 3006.6012080275627: Received message <Ping:> from Peer_4:basic
Peer_2:basic INFO 3006.6012080275627: Sending message <Pong:> to Peer_4:basic
Peer_2:basic INFO 3011.296132115889: Received message <Pong:> from Peer_9:basic
Peer_2:basic INFO 3012.3396914144296: Received message <Pong:> from Peer_6:basic
Peer_2:basic INFO 3012.6423572062736: Received message <Pong:> from Peer_4:basic
Peer_2:basic INFO 4000: Sending message <Ping:> to Peer_1:basic
Peer_2:basic INFO 4000: Sending message <Ping:> to Peer_7:basic
Peer_2:basic INFO 4000: Sending message <Ping:> to Peer_9:basic
Peer_2:basic INFO 4000: Sending message <Ping:> to Peer_5:basic
Peer_2:basic INFO 4000: Sending message <Ping:> to Peer_7:basic
Peer_2:basic INFO 4000: Sending message <Ping:> to Peer_6:basic
Peer_2:basic INFO 4000: Sending message <Ping:> to Peer_4:basic
Peer_2:basic INFO 4000.527597052571: Received message <Ping:> from Peer_1:basic
Peer_2:basic INFO 4000.527597052571: Sending message <Pong:> to Peer_1:basic
Peer_2:basic INFO 4000.7349261102477: Received message <Ping:> from Peer_7:basic
Peer_2:basic INFO 4000.7349261102477: Sending message <Pong:> to Peer_7:basic
Peer_2:basic INFO 4000.9522449790707: Received message <Ping:> from Peer_5:basic
Peer_2:basic INFO 4000.9522449790707: Sending message <Pong:> to Peer_5:basic
Peer_2:basic INFO 4001.091941987519: Received message <Pong:> from Peer_7:basic
Peer_2:basic INFO 4001.198436930773: Received message <Ping:> from Peer_7:basic
Peer_2:basic INFO 4001.198436930773: Sending message <Pong:> to Peer_7:basic
Peer_2:basic INFO 4001.4952226990545: Received message <Pong:> from Peer_1:basic
Peer_2:basic INFO 4002.165023375982: Received message <Pong:> from Peer_7:basic
Peer_2:basic INFO 4002.8002700135626: Received message <Pong:> from Peer_5:basic
Peer_2:basic INFO 4006.0438682258896: Received message <Ping:> from Peer_9:basic
Peer_2:basic INFO 4006.0438682258896: Sending message <Pong:> to Peer_9:basic
Peer_2:basic INFO 4006.503480103532: Received message <Ping:> from Peer_6:basic
Peer_2:basic INFO 4006.503480103532: Sending message <Pong:> to Peer_6:basic
Peer_2:basic INFO 4007.5859994010657: Received message <Ping:> from Peer_4:basic
Peer_2:basic INFO 4007.5859994010657: Sending message <Pong:> to Peer_4:basic
Peer_2:basic INFO 4012.028038339191: Received message <Pong:> from Peer_9:basic
Peer_2:basic INFO 4012.2721869641987: Received message <Pong:> from Peer_6:basic
Peer_2:basic INFO 4012.5962330369266: Received message <Pong:> from Peer_4:basic
