Peer_1:basic INFO 0.5091941492852352: Received message <Hello:> from Peer_5:basic
Peer_1:basic INFO 0.5091941492852352: Connecting to Peer_5:basic
Peer_1:basic INFO 0.5091941492852352: Sending message <Hello:> to Peer_5:basic
Peer_1:basic INFO 0.5396901171270209: Received message <Hello:> from Peer_2:basic
Peer_1:basic INFO 0.5396901171270209: Connecting to Peer_2:basic
Peer_1:basic INFO 0.5396901171270209: Sending message <Hello:> to Peer_2:basic
Peer_1:basic INFO 0.777449322568277: Received message <Hello:> from Peer_7:basic
Peer_1:basic INFO 0.777449322568277: Connecting to Peer_7:basic
Peer_1:basic INFO 0.777449322568277: Sending message <Hello:> to Peer_7:basic
Peer_1:basic INFO 5.83542330385497: Received message <Hello:> from Peer_9:basic
Peer_1:basic INFO 5.83542330385497: Connecting to Peer_9:basic
Peer_1:basic INFO 5.83542330385497: Sending message <Hello:> to Peer_9:basic
Peer_1:basic INFO 6.106121660811652: Received message <Hello:> from Peer_8:basic
Peer_1:basic INFO 6.106121660811652: Connecting to Peer_8:basic
Peer_1:basic INFO 6.106121660811652: Sending message <Hello:> to Peer_8:basic
Peer_1:basic INFO 6.2283877276344795: Received message <Hello:> from Peer_6:basic
Peer_1:basic INFO 6.2283877276344795: Connecting to Peer_6:basic
Peer_1:basic INFO 6.2283877276344795: Sending message <Hello:> to Peer_6:basic
Peer_1:basic INFO 1000: Sending message <Ping:> to Peer_5:basic
Peer_1:basic INFO 1000: Sending message <Ping:> to Peer_2:basic
Peer_1:basic INFO 1000: Sending message <Ping:> to Peer_7:basic
Peer_1:basic INFO 1000: Sending message <Ping:> to Peer_9:basic
Peer_1:basic INFO 1000: Sending message <Ping:> to Peer_8:basic
Peer_1:basic INFO 1000: Sending message <Ping:> to Peer_6:basic
Peer_1:basic INFO 1000.5356178884653: Received message <Ping:> from Peer_5:basic
Peer_1:basic INFO 1000.5356178884653: Sending message <Pong:> to Peer_5:basic
Peer_1:basic INFO 1000.5858130987775: Received message <Ping:> from Peer_2:basic
Peer_1:basic INFO 1000.5858130987775: Sending message <Pong:> to Peer_2:basic
Peer_1:basic INFO 1001.0355511674884: Received message <Pong:> from Peer_2:basic
Peer_1:basic INFO 1001.1381998410903: Received message <Ping:> from Peer_7:basic
Peer_1:basic INFO 1001.1381998410903: Sending message <Pong:> to Peer_7:basic
Peer_1:basic INFO 1001.6510969483854: Received message <Pong:> from Peer_5:basic
Peer_1:basic INFO 1001.7772713801637: Received message <Pong:> from Peer_7:basic
Peer_1:basic INFO 1004.2444436220046: Received message <Ping:> from Peer_8:basic
Peer_1:basic INFO 1004.2444436220046: Sending message <Pong:> to Peer_8:basic
Peer_1:basic INFO 1006.8329374268935: Received message <Ping:> from Peer_6:basic
Peer_1:basic INFO 1006.8329374268935: Sending message <Pong:> to Peer_6:basic
Peer_1:basic INFO 1008.395526733574: Received message <Ping:> from Peer_9:basic
Peer_1:basic INFO 1008.395526733574: Sending message <Pong:> to Peer_9:basic
Peer_1:basic INFO 1011.8492918638203: Received message <Pong:> from Peer_6:basic
Peer_1:basic INFO 1012.374904696499: Received message <Pong:> from Peer_8:basic
Peer_1:basic INFO 1013.6321569563918: Received message <Pong:> from Peer_9:basic
Peer_1:basic INFO 2000: Sending message <Ping:> to Peer_5:basic
Peer_1:basic INFO 2000: Sending message <Ping:> to Peer_2:basic
Peer_1:basic INFO 2000: Sending message <Ping:> to Peer_7:basic
Peer_1:basic INFO 2000: Sending message <Ping:> to Peer_9:basic
Peer_1:basic INFO 2000: Sending message <Ping:> to Peer_8:basic
Peer_1:basic INFO 2000: Sending message <Ping:> to Peer_6:basic
Peer_1:basic INFO 2000.5090648614282: Received message <Ping:> from Peer_7:basic
Peer_1:basic INFO 2000.5090648614282: Sending message <Pong:> to Peer_7:basic
Peer_1:basic INFO 2000.889225488521: Received message <Ping:> from Peer_2:basic
Peer_1:basic INFO 2000.889225488521: Sending message <Pong:> to Peer_2:basic
Peer_1:basic INFO 2001.0437917393558: Received message <Ping:> from Peer_5:basic
Peer_1:basic INFO 2001.0437917393558: Sending message <Pong:> to Peer_5:basic
Peer_1:basic INFO 2001.058778899168: Received message <Pong:> from Peer_2:basic
Peer_1:basic INFO 2002.1285152271325: Received message <Pong:> from Peer_7:basic
Peer_1:basic INFO 2002.7185511926907: Received message <Pong:> from Peer_5:basic
Peer_1:basic INFO 2005.952233145487: Received message <Ping:> from Peer_8:basic
Peer_1:basic INFO 2005.952233145487: Sending message <Pong:> to Peer_8:basic
Peer_1:basic INFO 2006.4494650066122: Received message <Ping:> from Peer_9:basic
Peer_1:basic INFO 2006.4494650066122: Sending message <Pong:> to Peer_9:basic
Peer_1:basic INFO 2007.205569417932: Received message <Ping:> from Peer_6:basic
Peer_1:basic INFO 2007.205569417932: Sending message <Pong:> to Peer_6:basic
Peer_1:basic INFO 2010.2230582431716: Received message <Pong:> from Peer_9:basic
Peer_1:basic INFO 2011.4551383373393: Received message <Pong:> from Peer_6:basic
Peer_1:basic INFO 2013.007926648969: Received message <Pong:> from Peer_8:basic
Peer_1:basic INFO 3000: Sending message <Ping:> to Peer_5:basic
Peer_1:basic INFO 3000: Sending message <Ping:> to Peer_2:basic
Peer_1:basic INFO 3000: Sending message <Ping:> to Peer_7:basic
Peer_1:basic INFO 3000: Sending message <Ping:> to Peer_9:basic
Peer_1:basic INFO 3000: Sending message <Ping:> to Peer_8:basic
Peer_1:basic INFO 3000: Sending message <Ping:> to Peer_6:basic
Peer_1:basic INFO 3001.0615433054613: Received message <Ping:> from Peer_5:basic
Peer_1:basic INFO 3001.0615433054613: Sending message <Pong:> to Peer_5:basic
Peer_1:basic INFO 3001.334191384092: Received message <Ping:> from Peer_7:basic
Peer_1:basic INFO 3001.334191384092: Sending message <Pong:> to Peer_7:basic
Peer_1:basic INFO 3001.47075814586: Received message <Pong:> from Peer_2:basic
Peer_1:basic INFO 3001.493422623369: Received message <Pong:> from Peer_5:basic
Peer_1:basic INFO 3001.695085159254: Received message <Ping:> from Peer_2:basic
Peer_1:basic INFO 3001.695085159254: Sending message <Pong:> to Peer_2:basic
Peer_1:basic INFO 3004.1617440088944: Received message <Pong:> from Peer_7:basic
Peer_1:basic INFO 3005.5416076008532: Received message <Ping:> from Peer_9:basic
Peer_1:basic INFO 3005.5416076008532: Sending message <Pong:> to Peer_9:basic
Peer_1:basic INFO 3005.777693765027: Received message <Ping:> from Peer_6:basic
Peer_1:basic INFO 3005.777693765027: Sending message <Pong:> to Peer_6:basic
Peer_1:basic INFO 3007.017375460643: Received message <Ping:> from Peer_8:basic
Peer_1:basic INFO 3007.017375460643: Sending message <Pong:> to Peer_8:basic
Peer_1:basic INFO 3012.216850643105: Received message <Pong:> from Peer_9:basic
Peer_1:basic INFO 3012.4562541455252: Received message <Pong:> from Peer_6:basic
Peer_1:basic INFO 3014.6456406185857: Received message <Pong:> from Peer_8:basic
Peer_1:basic INFO 4000: Sending message <Ping:> to Peer_5:basic
Peer_1:basic INFO 4000: Sending message <Ping:> to Peer_2:basic
Peer_1:basic INFO 4000: Sending message <Ping:> to Peer_7:basic
Peer_1:basic INFO 4000: Sending message <Ping:> to Peer_9:basic
Peer_1:basic INFO 4000: Sending message <Ping:> to Peer_8:basic
Peer_1:basic INFO 4000: Sending message <Ping:> to Peer_6:basic
Peer_1:basic INFO 4000.7699108381626: Received message <Ping:> from Peer_5:basic
Peer_1:basic INFO 4000.7699108381626: Sending message <Pong:> to Peer_5:basic
Peer_1:basic INFO 4000.8220323979754: Received message <Ping:> from Peer_7:basic
Peer_1:basic INFO 4000.8220323979754: Sending message <Pong:> to Peer_7:basic
Peer_1:basic INFO 4000.9681259725808: Received message <Ping:> from Peer_2:basic
Peer_1:basic INFO 4000.9681259725808: Sending message <Pong:> to Peer_2:basic
Peer_1:basic INFO 4001.236254744962: Received message <Pong:> from Peer_5:basic
Peer_1:basic INFO 4001.3746214593393: Received message <Pong:> from Peer_7:basic
Peer_1:basic INFO 4003.395881500228: Received message <Pong:> from Peer_2:basic
Peer_1:basic INFO 4004.589378236529: Received message <Ping:> from Peer_8:basic
Peer_1:basic INFO 4004.589378236529: Sending message <Pong:> to Peer_8:basic
Peer_1:basic INFO 4005.742249345669: Received message <Ping:> from Peer_6:basic
Peer_1:basic INFO 4005.742249345669: Sending message <Pong:> to Peer_6:basic
Peer_1:basic INFO 4008.5411955206628: Received message <Ping:> from Peer_9:basic
Peer_1:basic INFO 4008.5411955206628: Sending message <Pong:> to Peer_9:basic
Peer_1:basic INFO 4011.6358724209636: Received message <Pong:> from Peer_8:basic
Peer_1:basic INFO 4012.2723725467376: Received message <Pong:> from Peer_6:basic
Peer_1:basic INFO 4013.328392249679: Received message <Pong:> from Peer_9:basic
