Peer_9:basic WARNING 0: Not enough peers, fetching more (0, 4)
Peer_9:basic INFO 2.5752276618382948: Connecting to Peer_21:bootstrap
Peer_9:basic INFO 4.340527562873787: Received message <Hello:> from Peer_21:bootstrap
Peer_9:basic INFO 4.969849129186518: Received message <RequestPeers:> from Peer_21:bootstrap
Peer_9:basic INFO 4.969849129186518: Sending message <PeerList> to Peer_21:bootstrap
Peer_9:basic WARNING 500: Not enough peers, fetching more (1, 4)
Peer_9:basic INFO 500: Sending message <RequestPeers:> to Peer_21:bootstrap
Peer_9:basic INFO 504.2263553298046: Received message <PeerList> from Peer_21:bootstrap
Peer_9:basic WARNING 1000: Not enough peers, fetching more (1, 4)
Peer_9:basic INFO 1000: Sending message <RequestPeers:> to Peer_21:bootstrap
Peer_9:basic INFO 1001.0393895654329: Connecting to Peer_18:basic
Peer_9:basic INFO 1001.9437193589038: Received message <Hello:> from Peer_18:basic
Peer_9:basic INFO 1002.3108994117596: Received message <Hello:> from Peer_15:basic
Peer_9:basic INFO 1002.3108994117596: Connecting to Peer_15:basic
Peer_9:basic INFO 1002.3108994117596: Sending message <Hello:> to Peer_15:basic
Peer_9:basic INFO 1002.3108994117596: Sending message <RequestPeers:> to Peer_15:basic
Peer_9:basic INFO 1003.4194987423809: Received message <RequestPeers:> from Peer_18:basic
Peer_9:basic INFO 1003.4194987423809: Sending message <PeerList> to Peer_18:basic
Peer_9:basic INFO 1004.1292861924451: Received message <PeerList> from Peer_21:bootstrap
Peer_9:basic INFO 1004.7202422446434: Received message <Hello:> from Peer_18:basic
Peer_9:basic INFO 1005.2476203771051: Received message <PeerList> from Peer_15:basic
Peer_9:basic WARNING 1500: Not enough peers, fetching more (3, 4)
Peer_9:basic INFO 1501.8467545502122: Received message <Hello:> from Peer_19:basic
Peer_9:basic INFO 1501.8467545502122: Connecting to Peer_19:basic
Peer_9:basic INFO 1501.8467545502122: Sending message <Hello:> to Peer_19:basic
Peer_9:basic INFO 1501.8467545502122: Sending message <RequestPeers:> to Peer_19:basic
Peer_9:basic INFO 1504.2351071760809: Connecting to Peer_20:basic
Peer_9:basic INFO 1505.671871188825: Received message <PeerList> from Peer_19:basic
Peer_9:basic INFO 1506.3868042847257: Received message <Hello:> from Peer_20:basic
Peer_9:basic INFO 1508.6009587687743: Received message <RequestPeers:> from Peer_20:basic
Peer_9:basic INFO 1508.6009587687743: Sending message <PeerList> to Peer_20:basic
Peer_9:basic INFO 2000: Sending message <Ping:> to Peer_21:bootstrap
Peer_9:basic INFO 2000: Sending message <Ping:> to Peer_18:basic
Peer_9:basic INFO 2000: Sending message <Ping:> to Peer_15:basic
Peer_9:basic INFO 2001.7025745366384: Received message <Ping:> from Peer_21:bootstrap
Peer_9:basic INFO 2001.7025745366384: Sending message <Pong:> to Peer_21:bootstrap
Peer_9:basic INFO 2001.70666949957: Received message <Ping:> from Peer_18:basic
Peer_9:basic INFO 2001.70666949957: Sending message <Pong:> to Peer_18:basic
Peer_9:basic INFO 2002.0049044302705: Received message <Ping:> from Peer_15:basic
Peer_9:basic INFO 2002.0049044302705: Sending message <Pong:> to Peer_15:basic
Peer_9:basic INFO 2002.669705553757: Received message <Pong:> from Peer_18:basic
Peer_9:basic INFO 2003.239483250248: Received message <Pong:> from Peer_15:basic
Peer_9:basic INFO 2004.5265853094038: Received message <Pong:> from Peer_21:bootstrap
Peer_9:basic INFO 2500: Sending message <Ping:> to Peer_19:basic
Peer_9:basic INFO 2500: Sending message <Ping:> to Peer_20:basic
Peer_9:basic INFO 2500.068998534139: Received message <Ping:> from Peer_20:basic
Peer_9:basic INFO 2500.068998534139: Sending message <Pong:> to Peer_20:basic
Peer_9:basic INFO 2502.5045389234115: Received message <Ping:> from Peer_19:basic
Peer_9:basic INFO 2502.5045389234115: Sending message <Pong:> to Peer_19:basic
Peer_9:basic INFO 2503.571786247797: Received message <Pong:> from Peer_20:basic
Peer_9:basic INFO 2503.9159384088007: Received message <Pong:> from Peer_19:basic
Peer_9:basic INFO 3000: Sending message <Ping:> to Peer_21:bootstrap
Peer_9:basic INFO 3000: Sending message <Ping:> to Peer_18:basic
Peer_9:basic INFO 3000: Sending message <Ping:> to Peer_15:basic
Peer_9:basic INFO 3001.9518330536994: Received message <Ping:> from Peer_21:bootstrap
Peer_9:basic INFO 3001.9518330536994: Sending message <Pong:> to Peer_21:bootstrap
Peer_9:basic INFO 3002.6025223885545: Received message <Ping:> from Peer_15:basic
Peer_9:basic INFO 3002.6025223885545: Sending message <Pong:> to Peer_15:basic
Peer_9:basic INFO 3003.2244642518885: Received message <Pong:> from Peer_21:bootstrap
Peer_9:basic INFO 3003.7084538882755: Received message <Pong:> from Peer_18:basic
Peer_9:basic INFO 3003.797993004369: Received message <Ping:> from Peer_18:basic
Peer_9:basic INFO 3003.797993004369: Sending message <Pong:> to Peer_18:basic
Peer_9:basic INFO 3003.9615934718313: Received message <Pong:> from Peer_15:basic
Peer_9:basic INFO 3500: Sending message <Ping:> to Peer_19:basic
Peer_9:basic INFO 3500: Sending message <Ping:> to Peer_20:basic
Peer_9:basic INFO 3501.5914675448657: Received message <Ping:> from Peer_19:basic
Peer_9:basic INFO 3501.5914675448657: Sending message <Pong:> to Peer_19:basic
Peer_9:basic INFO 3503.5427899855645: Received message <Pong:> from Peer_19:basic
Peer_9:basic INFO 3504.319551996756: Received message <Ping:> from Peer_20:basic
Peer_9:basic INFO 3504.319551996756: Sending message <Pong:> to Peer_20:basic
Peer_9:basic INFO 3506.7387445558347: Received message <Pong:> from Peer_20:basic
Peer_9:basic INFO 4000: Sending message <Ping:> to Peer_21:bootstrap
Peer_9:basic INFO 4000: Sending message <Ping:> to Peer_18:basic
Peer_9:basic INFO 4000: Sending message <Ping:> to Peer_15:basic
Peer_9:basic INFO 4001.4169324702393: Received message <Ping:> from Peer_21:bootstrap
Peer_9:basic INFO 4001.4169324702393: Sending message <Pong:> to Peer_21:bootstrap
Peer_9:basic INFO 4001.5418310955088: Received message <Ping:> from Peer_15:basic
Peer_9:basic INFO 4001.5418310955088: Sending message <Pong:> to Peer_15:basic
Peer_9:basic INFO 4001.9568269306837: Received message <Ping:> from Peer_18:basic
Peer_9:basic INFO 4001.9568269306837: Sending message <Pong:> to Peer_18:basic
Peer_9:basic INFO 4003.7040181210205: Received message <Pong:> from Peer_15:basic
Peer_9:basic INFO 4004.4700474007923: Received message <Pong:> from Peer_21:bootstrap
Peer_9:basic INFO 4008.3300389700876: Received message <Pong:> from Peer_18:basic
Peer_9:basic INFO 4500: Sending message <Ping:> to Peer_19:basic
Peer_9:basic INFO 4500: Sending message <Ping:> to Peer_20:basic
Peer_9:basic INFO 4501.7943781800095: Received message <Ping:> from Peer_19:basic
Peer_9:basic INFO 4501.7943781800095: Sending message <Pong:> to Peer_19:basic
Peer_9:basic INFO 4501.94860058138: Received message <Ping:> from Peer_20:basic
Peer_9:basic INFO 4501.94860058138: Sending message <Pong:> to Peer_20:basic
Peer_9:basic INFO 4503.167895585942: Received message <Pong:> from Peer_19:basic
Peer_9:basic INFO 4505.256286274997: Received message <Pong:> from Peer_20:basic
Peer_9:basic INFO 5000: Sending message <Ping:> to Peer_21:bootstrap
Peer_9:basic INFO 5000: Sending message <Ping:> to Peer_18:basic
Peer_9:basic INFO 5000: Sending message <Ping:> to Peer_15:basic
Peer_9:basic INFO 5001.43056710984: Received message <Ping:> from Peer_18:basic
Peer_9:basic INFO 5001.43056710984: Sending message <Pong:> to Peer_18:basic
Peer_9:basic INFO 5002.497483316425: Received message <Ping:> from Peer_15:basic
Peer_9:basic INFO 5002.497483316425: Sending message <Pong:> to Peer_15:basic
Peer_9:basic INFO 5002.535659291614: Received message <Ping:> from Peer_21:bootstrap
Peer_9:basic INFO 5002.535659291614: Sending message <Pong:> to Peer_21:bootstrap
Peer_9:basic INFO 5002.730271621144: Received message <Pong:> from Peer_18:basic
Peer_9:basic INFO 5003.831069016663: Received message <Pong:> from Peer_15:basic
Peer_9:basic INFO 5004.72631348659: Received message <Pong:> from Peer_21:bootstrap
Peer_9:basic INFO 5500: Sending message <Ping:> to Peer_19:basic
Peer_9:basic INFO 5500: Sending message <Ping:> to Peer_20:basic
Peer_9:basic INFO 5502.309790372871: Received message <Ping:> from Peer_19:basic
Peer_9:basic INFO 5502.309790372871: Sending message <Pong:> to Peer_19:basic
Peer_9:basic INFO 5502.9374012273: Received message <Ping:> from Peer_20:basic
Peer_9:basic INFO 5502.9374012273: Sending message <Pong:> to Peer_20:basic
Peer_9:basic INFO 5504.965122783273: Received message <Pong:> from Peer_19:basic
Peer_9:basic INFO 5505.262222880734: Received message <Pong:> from Peer_20:basic
Peer_9:basic INFO 6000: Sending message <Ping:> to Peer_21:bootstrap
Peer_9:basic INFO 6000: Sending message <Ping:> to Peer_18:basic
Peer_9:basic INFO 6000: Sending message <Ping:> to Peer_15:basic
Peer_9:basic INFO 6001.661786074028: Received message <Ping:> from Peer_15:basic
Peer_9:basic INFO 6001.661786074028: Sending message <Pong:> to Peer_15:basic
Peer_9:basic INFO 6002.337486589628: Received message <Ping:> from Peer_21:bootstrap
Peer_9:basic INFO 6002.337486589628: Sending message <Pong:> to Peer_21:bootstrap
Peer_9:basic INFO 6003.382097595166: Received message <Pong:> from Peer_21:bootstrap
Peer_9:basic INFO 6003.773657118879: Received message <Pong:> from Peer_18:basic
Peer_9:basic INFO 6004.113727958734: Received message <Ping:> from Peer_18:basic
Peer_9:basic INFO 6004.113727958734: Sending message <Pong:> to Peer_18:basic
Peer_9:basic INFO 6004.56751548161: Received message <Pong:> from Peer_15:basic
Peer_9:basic INFO 6500: Sending message <Ping:> to Peer_19:basic
Peer_9:basic INFO 6500: Sending message <Ping:> to Peer_20:basic
Peer_9:basic INFO 6501.43647222336: Received message <Ping:> from Peer_19:basic
Peer_9:basic INFO 6501.43647222336: Sending message <Pong:> to Peer_19:basic
Peer_9:basic INFO 6502.714308041696: Received message <Ping:> from Peer_20:basic
Peer_9:basic INFO 6502.714308041696: Sending message <Pong:> to Peer_20:basic
Peer_9:basic INFO 6503.157583267426: Received message <Pong:> from Peer_19:basic
Peer_9:basic INFO 6505.650056500934: Received message <Pong:> from Peer_20:basic
