Peer_15:basic WARNING 0: Not enough peers, fetching more (0, 4)
Peer_15:basic INFO 2.1731094077968316: Connecting to Peer_21:bootstrap
Peer_15:basic INFO 3.7952411539560456: Received message <RequestPeers:> from Peer_21:bootstrap
Peer_15:basic INFO 3.7952411539560456: Sending message <PeerList> to Peer_21:bootstrap
Peer_15:basic INFO 3.821793234023855: Received message <Hello:> from Peer_21:bootstrap
Peer_15:basic WARNING 500: Not enough peers, fetching more (1, 4)
Peer_15:basic INFO 500: Sending message <RequestPeers:> to Peer_21:bootstrap
Peer_15:basic INFO 504.7887222120394: Received message <PeerList> from Peer_21:bootstrap
Peer_15:basic WARNING 1000: Not enough peers, fetching more (1, 4)
Peer_15:basic INFO 1000: Sending message <RequestPeers:> to Peer_21:bootstrap
Peer_15:basic INFO 1001.5104885241497: Received message <Hello:> from Peer_7:basic
Peer_15:basic INFO 1001.5104885241497: Connecting to Peer_7:basic
Peer_15:basic INFO 1001.5104885241497: Sending message <Hello:> to Peer_7:basic
Peer_15:basic INFO 1001.5104885241497: Sending message <RequestPeers:> to Peer_7:basic
Peer_15:basic INFO 1001.5651810387559: Received message <Hello:> from Peer_3:basic
Peer_15:basic INFO 1001.5651810387559: Connecting to Peer_3:basic
Peer_15:basic INFO 1001.5651810387559: Sending message <Hello:> to Peer_3:basic
Peer_15:basic INFO 1001.5651810387559: Sending message <RequestPeers:> to Peer_3:basic
Peer_15:basic INFO 1002.3108994117596: Connecting to Peer_9:basic
Peer_15:basic INFO 1003.0354694640273: Received message <PeerList> from Peer_21:bootstrap
Peer_15:basic INFO 1004.0036607774123: Received message <RequestPeers:> from Peer_9:basic
Peer_15:basic INFO 1004.0036607774123: Sending message <PeerList> to Peer_9:basic
Peer_15:basic INFO 1004.5343387716889: Received message <Hello:> from Peer_9:basic
Peer_15:basic INFO 1005.5870901780775: Received message <PeerList> from Peer_3:basic
Peer_15:basic INFO 1006.2207165349716: Received message <PeerList> from Peer_7:basic
Peer_15:basic INFO 1501.8477797070868: Received message <RequestPeers:> from Peer_7:basic
Peer_15:basic INFO 1501.8477797070868: Sending message <PeerList> to Peer_7:basic
Peer_15:basic INFO 1503.9167409375589: Received message <Hello:> from Peer_18:basic
Peer_15:basic INFO 1503.9167409375589: Connecting to Peer_18:basic
Peer_15:basic INFO 1503.9167409375589: Sending message <Hello:> to Peer_18:basic
Peer_15:basic INFO 1503.9167409375589: Sending message <RequestPeers:> to Peer_18:basic
Peer_15:basic INFO 1509.3629740589813: Received message <PeerList> from Peer_18:basic
Peer_15:basic INFO 2000: Sending message <Ping:> to Peer_21:bootstrap
Peer_15:basic INFO 2000: Sending message <Ping:> to Peer_3:basic
Peer_15:basic INFO 2000: Sending message <Ping:> to Peer_9:basic
Peer_15:basic INFO 2001.1600466107313: Received message <Ping:> from Peer_9:basic
Peer_15:basic INFO 2001.1600466107313: Sending message <Pong:> to Peer_9:basic
Peer_15:basic INFO 2001.7868192678595: Received message <Ping:> from Peer_3:basic
Peer_15:basic INFO 2001.7868192678595: Sending message <Pong:> to Peer_3:basic
Peer_15:basic INFO 2002.485982081328: Received message <Ping:> from Peer_21:bootstrap
Peer_15:basic INFO 2002.485982081328: Sending message <Pong:> to Peer_21:bootstrap
Peer_15:basic INFO 2003.5990011060992: Received message <Pong:> from Peer_21:bootstrap
Peer_15:basic INFO 2003.8642740421622: Received message <Pong:> from Peer_9:basic
Peer_15:basic INFO 2004.5598623428336: Received message <Pong:> from Peer_3:basic
Peer_15:basic INFO 2500: Sending message <Ping:> to Peer_7:basic
Peer_15:basic INFO 2500: Sending message <Ping:> to Peer_18:basic
Peer_15:basic INFO 2502.130376728236: Received message <Ping:> from Peer_18:basic
Peer_15:basic INFO 2502.130376728236: Sending message <Pong:> to Peer_18:basic
Peer_15:basic INFO 2502.2144582187025: Received message <Ping:> from Peer_7:basic
Peer_15:basic INFO 2502.2144582187025: Sending message <Pong:> to Peer_7:basic
Peer_15:basic INFO 2503.7293551605735: Received message <Pong:> from Peer_18:basic
Peer_15:basic INFO 2504.591232972529: Received message <Pong:> from Peer_7:basic
Peer_15:basic INFO 3000: Sending message <Ping:> to Peer_21:bootstrap
Peer_15:basic INFO 3000: Sending message <Ping:> to Peer_3:basic
Peer_15:basic INFO 3000: Sending message <Ping:> to Peer_9:basic
Peer_15:basic INFO 3001.8809783264205: Received message <Ping:> from Peer_3:basic
Peer_15:basic INFO 3001.8809783264205: Sending message <Pong:> to Peer_3:basic
Peer_15:basic INFO 3001.9950913229472: Received message <Ping:> from Peer_9:basic
Peer_15:basic INFO 3001.9950913229472: Sending message <Pong:> to Peer_9:basic
Peer_15:basic INFO 3002.5667814756466: Received message <Ping:> from Peer_21:bootstrap
Peer_15:basic INFO 3002.5667814756466: Sending message <Pong:> to Peer_21:bootstrap
Peer_15:basic INFO 3003.122867867314: Received message <Pong:> from Peer_21:bootstrap
Peer_15:basic INFO 3003.4471775453017: Received message <Pong:> from Peer_3:basic
Peer_15:basic INFO 3003.99329337884: Received message <Pong:> from Peer_9:basic
Peer_15:basic INFO 3500: Sending message <Ping:> to Peer_7:basic
Peer_15:basic INFO 3500: Sending message <Ping:> to Peer_18:basic
Peer_15:basic INFO 3501.9159248072797: Received message <Ping:> from Peer_7:basic
Peer_15:basic INFO 3501.9159248072797: Sending message <Pong:> to Peer_7:basic
Peer_15:basic INFO 3502.9010725610847: Received message <Pong:> from Peer_18:basic
Peer_15:basic INFO 3503.306384391615: Received message <Ping:> from Peer_18:basic
Peer_15:basic INFO 3503.306384391615: Sending message <Pong:> to Peer_18:basic
Peer_15:basic INFO 3504.4502764285694: Received message <Pong:> from Peer_7:basic
Peer_15:basic INFO 4000: Sending message <Ping:> to Peer_21:bootstrap
Peer_15:basic INFO 4000: Sending message <Ping:> to Peer_3:basic
Peer_15:basic INFO 4000: Sending message <Ping:> to Peer_9:basic
Peer_15:basic INFO 4001.6556204345543: Received message <Ping:> from Peer_9:basic
Peer_15:basic INFO 4001.6556204345543: Sending message <Pong:> to Peer_9:basic
Peer_15:basic INFO 4002.202777359906: Received message <Ping:> from Peer_3:basic
Peer_15:basic INFO 4002.202777359906: Sending message <Pong:> to Peer_3:basic
Peer_15:basic INFO 4002.714969559041: Received message <Ping:> from Peer_21:bootstrap
Peer_15:basic INFO 4002.714969559041: Sending message <Pong:> to Peer_21:bootstrap
Peer_15:basic INFO 4003.7852538376824: Received message <Pong:> from Peer_9:basic
Peer_15:basic INFO 4004.545731138283: Received message <Pong:> from Peer_3:basic
Peer_15:basic INFO 4004.602529471364: Received message <Pong:> from Peer_21:bootstrap
Peer_15:basic INFO 4500: Sending message <Ping:> to Peer_7:basic
Peer_15:basic INFO 4500: Sending message <Ping:> to Peer_18:basic
Peer_15:basic INFO 4501.763934552992: Received message <Ping:> from Peer_18:basic
Peer_15:basic INFO 4501.763934552992: Sending message <Pong:> to Peer_18:basic
Peer_15:basic INFO 4502.4419340365075: Received message <Ping:> from Peer_7:basic
Peer_15:basic INFO 4502.4419340365075: Sending message <Pong:> to Peer_7:basic
Peer_15:basic INFO 4503.990917436907: Received message <Pong:> from Peer_7:basic
Peer_15:basic INFO 4504.249723110127: Received message <Pong:> from Peer_18:basic
Peer_15:basic INFO 5000: Sending message <Ping:> to Peer_21:bootstrap
Peer_15:basic INFO 5000: Sending message <Ping:> to Peer_3:basic
Peer_15:basic INFO 5000: Sending message <Ping:> to Peer_9:basic
Peer_15:basic INFO 5001.373272253144: Received message <Ping:> from Peer_21:bootstrap
Peer_15:basic INFO 5001.373272253144: Sending message <Pong:> to Peer_21:bootstrap
Peer_15:basic INFO 5001.8190571475: Received message <Ping:> from Peer_9:basic
Peer_15:basic INFO 5001.8190571475: Sending message <Pong:> to Peer_9:basic
Peer_15:basic INFO 5003.0349880426265: Received message <Ping:> from Peer_3:basic
Peer_15:basic INFO 5003.0349880426265: Sending message <Pong:> to Peer_3:basic
Peer_15:basic INFO 5003.830891980877: Received message <Pong:> from Peer_21:bootstrap
Peer_15:basic INFO 5004.309325630137: Received message <Pong:> from Peer_3:basic
Peer_15:basic INFO 5005.010951744008: Received message <Pong:> from Peer_9:basic
Peer_15:basic INFO 5500: Sending message <Ping:> to Peer_7:basic
Peer_15:basic INFO 5500: Sending message <Ping:> to Peer_18:basic
Peer_15:basic INFO 5501.903493529508: Received message <Ping:> from Peer_7:basic
Peer_15:basic INFO 5501.903493529508: Sending message <Pong:> to Peer_7:basic
Peer_15:basic INFO 5503.264530245614: Received message <Ping:> from Peer_18:basic
Peer_15:basic INFO 5503.264530245614: Sending message <Pong:> to Peer_18:basic
Peer_15:basic INFO 5505.169651999933: Received message <Pong:> from Peer_7:basic
Peer_15:basic INFO 5508.36750839995: Received message <Pong:> from Peer_18:basic
Peer_15:basic INFO 6000: Sending message <Ping:> to Peer_21:bootstrap
Peer_15:basic INFO 6000: Sending message <Ping:> to Peer_3:basic
Peer_15:basic INFO 6000: Sending message <Ping:> to Peer_9:basic
Peer_15:basic INFO 6002.075662245745: Received message <Ping:> from Peer_3:basic
Peer_15:basic INFO 6002.075662245745: Sending message <Pong:> to Peer_3:basic
Peer_15:basic INFO 6002.184456677582: Received message <Ping:> from Peer_21:bootstrap
Peer_15:basic INFO 6002.184456677582: Sending message <Pong:> to Peer_21:bootstrap
Peer_15:basic INFO 6002.692854669596: Received message <Ping:> from Peer_9:basic
Peer_15:basic INFO 6002.692854669596: Sending message <Pong:> to Peer_9:basic
Peer_15:basic INFO 6003.014438545698: Received message <Pong:> from Peer_3:basic
Peer_15:basic INFO 6003.916323998015: Received message <Pong:> from Peer_21:bootstrap
Peer_15:basic INFO 6003.925872805272: Received message <Pong:> from Peer_9:basic
Peer_15:basic INFO 6500: Sending message <Ping:> to Peer_7:basic
Peer_15:basic INFO 6500: Sending message <Ping:> to Peer_18:basic
Peer_15:basic INFO 6500.452001627742: Received message <Ping:> from Peer_18:basic
Peer_15:basic INFO 6500.452001627742: Sending message <Pong:> to Peer_18:basic
Peer_15:basic INFO 6500.854090518712: Received message <Ping:> from Peer_7:basic
Peer_15:basic INFO 6500.854090518712: Sending message <Pong:> to Peer_7:basic
Peer_15:basic INFO 6504.536106577541: Received message <Pong:> from Peer_7:basic
Peer_15:basic INFO 6505.068419818018: Received message <Pong:> from Peer_18:basic
