Peer_14:basic WARNING 0: Not enough peers, fetching more (0, 4)
Peer_14:basic INFO 2.853944611967637: Connecting to Peer_21:bootstrap
Peer_14:basic INFO 4.261811455931133: Received message <RequestPeers:> from Peer_21:bootstrap
Peer_14:basic INFO 4.261811455931133: Sending message <PeerList> to Peer_21:bootstrap
Peer_14:basic INFO 6.788594322097033: Received message <Hello:> from Peer_21:bootstrap
Peer_14:basic WARNING 500: Not enough peers, fetching more (1, 4)
Peer_14:basic INFO 500: Sending message <RequestPeers:> to Peer_21:bootstrap
Peer_14:basic INFO 507.05550983869796: Received message <PeerList> from Peer_21:bootstrap
Peer_14:basic WARNING 1000: Not enough peers, fetching more (1, 4)
Peer_14:basic INFO 1000: Sending message <RequestPeers:> to Peer_21:bootstrap
Peer_14:basic INFO 1001.3258794769183: Received message <Hello:> from Peer_6:basic
Peer_14:basic INFO 1001.3258794769183: Connecting to Peer_6:basic
Peer_14:basic INFO 1001.3258794769183: Sending message <Hello:> to Peer_6:basic
Peer_14:basic INFO 1001.3258794769183: Sending message <RequestPeers:> to Peer_6:basic
Peer_14:basic INFO 1002.5801904257997: Received message <PeerList> from Peer_6:basic
Peer_14:basic INFO 1002.6932649944494: Received message <PeerList> from Peer_21:bootstrap
Peer_14:basic WARNING 1500: Not enough peers, fetching more (2, 4)
Peer_14:basic INFO 1500.5304476989506: Received message <Hello:> from Peer_17:basic
Peer_14:basic INFO 1500.5304476989506: Connecting to Peer_17:basic
Peer_14:basic INFO 1500.5304476989506: Sending message <Hello:> to Peer_17:basic
Peer_14:basic INFO 1500.5304476989506: Sending message <RequestPeers:> to Peer_17:basic
Peer_14:basic INFO 1500.551085392422: Connecting to Peer_4:basic
Peer_14:basic INFO 1500.6587353885354: Connecting to Peer_8:basic
Peer_14:basic INFO 1501.0498123123118: Received message <Hello:> from Peer_8:basic
Peer_14:basic INFO 1501.178278674394: Received message <Hello:> from Peer_4:basic
Peer_14:basic INFO 1501.3713530272823: Received message <RequestPeers:> from Peer_4:basic
Peer_14:basic INFO 1501.3713530272823: Sending message <PeerList> to Peer_4:basic
Peer_14:basic INFO 1501.6574955193205: Received message <RequestPeers:> from Peer_8:basic
Peer_14:basic INFO 1501.6574955193205: Sending message <PeerList> to Peer_8:basic
Peer_14:basic INFO 1502.08843721396: Received message <Hello:> from Peer_8:basic
Peer_14:basic INFO 1504.270164856703: Received message <PeerList> from Peer_17:basic
Peer_14:basic INFO 2000: Sending message <Ping:> to Peer_21:bootstrap
Peer_14:basic INFO 2000: Sending message <Ping:> to Peer_6:basic
Peer_14:basic INFO 2000.764324569394: Received message <Ping:> from Peer_6:basic
Peer_14:basic INFO 2000.764324569394: Sending message <Pong:> to Peer_6:basic
Peer_14:basic INFO 2001.5271462595354: Received message <Pong:> from Peer_6:basic
Peer_14:basic INFO 2002.3144559840134: Received message <Ping:> from Peer_21:bootstrap
Peer_14:basic INFO 2002.3144559840134: Sending message <Pong:> to Peer_21:bootstrap
Peer_14:basic INFO 2005.8276773420016: Received message <Pong:> from Peer_21:bootstrap
Peer_14:basic INFO 2500: Sending message <Ping:> to Peer_17:basic
Peer_14:basic INFO 2500: Sending message <Ping:> to Peer_4:basic
Peer_14:basic INFO 2500: Sending message <Ping:> to Peer_8:basic
Peer_14:basic INFO 2500.521587056696: Received message <Ping:> from Peer_4:basic
Peer_14:basic INFO 2500.521587056696: Sending message <Pong:> to Peer_4:basic
Peer_14:basic INFO 2500.582577068584: Received message <Ping:> from Peer_17:basic
Peer_14:basic INFO 2500.582577068584: Sending message <Pong:> to Peer_17:basic
Peer_14:basic INFO 2501.0339480565003: Received message <Ping:> from Peer_8:basic
Peer_14:basic INFO 2501.0339480565003: Sending message <Pong:> to Peer_8:basic
Peer_14:basic INFO 2501.2549311284533: Received message <Pong:> from Peer_17:basic
Peer_14:basic INFO 2501.3811001876934: Received message <Pong:> from Peer_4:basic
Peer_14:basic INFO 2502.308755578948: Received message <Pong:> from Peer_8:basic
Peer_14:basic INFO 3000: Sending message <Ping:> to Peer_21:bootstrap
Peer_14:basic INFO 3000: Sending message <Ping:> to Peer_6:basic
Peer_14:basic INFO 3000.862185318558: Received message <Ping:> from Peer_6:basic
Peer_14:basic INFO 3000.862185318558: Sending message <Pong:> to Peer_6:basic
Peer_14:basic INFO 3002.1036955296568: Received message <Ping:> from Peer_21:bootstrap
Peer_14:basic INFO 3002.1036955296568: Sending message <Pong:> to Peer_21:bootstrap
Peer_14:basic INFO 3002.1766901413425: Received message <Pong:> from Peer_6:basic
Peer_14:basic INFO 3003.1248743937904: Received message <Pong:> from Peer_21:bootstrap
Peer_14:basic INFO 3500: Sending message <Ping:> to Peer_17:basic
Peer_14:basic INFO 3500: Sending message <Ping:> to Peer_4:basic
Peer_14:basic INFO 3500: Sending message <Ping:> to Peer_8:basic
Peer_14:basic INFO 3500.6109757332256: Received message <Ping:> from Peer_8:basic
Peer_14:basic INFO 3500.6109757332256: Sending message <Pong:> to Peer_8:basic
Peer_14:basic INFO 3500.6528771153653: Received message <Ping:> from Peer_4:basic
Peer_14:basic INFO 3500.6528771153653: Sending message <Pong:> to Peer_4:basic
Peer_14:basic INFO 3501.081536571596: Received message <Pong:> from Peer_17:basic
Peer_14:basic INFO 3501.531496154579: Received message <Ping:> from Peer_17:basic
Peer_14:basic INFO 3501.531496154579: Sending message <Pong:> to Peer_17:basic
Peer_14:basic INFO 3501.808750361135: Received message <Pong:> from Peer_8:basic
Peer_14:basic INFO 3502.546597713083: Received message <Pong:> from Peer_4:basic
Peer_14:basic INFO 4000: Sending message <Ping:> to Peer_21:bootstrap
Peer_14:basic INFO 4000: Sending message <Ping:> to Peer_6:basic
Peer_14:basic INFO 4001.756622685227: Received message <Ping:> from Peer_6:basic
Peer_14:basic INFO 4001.756622685227: Sending message <Pong:> to Peer_6:basic
Peer_14:basic INFO 4002.482607620869: Received message <Pong:> from Peer_6:basic
Peer_14:basic INFO 4003.5271408075114: Received message <Ping:> from Peer_21:bootstrap
Peer_14:basic INFO 4003.5271408075114: Sending message <Pong:> to Peer_21:bootstrap
Peer_14:basic INFO 4006.1314372166476: Received message <Pong:> from Peer_21:bootstrap
Peer_14:basic INFO 4500: Sending message <Ping:> to Peer_17:basic
Peer_14:basic INFO 4500: Sending message <Ping:> to Peer_4:basic
Peer_14:basic INFO 4500: Sending message <Ping:> to Peer_8:basic
Peer_14:basic INFO 4500.557485196139: Received message <Ping:> from Peer_4:basic
Peer_14:basic INFO 4500.557485196139: Sending message <Pong:> to Peer_4:basic
Peer_14:basic INFO 4500.573028653426: Received message <Ping:> from Peer_8:basic
Peer_14:basic INFO 4500.573028653426: Sending message <Pong:> to Peer_8:basic
Peer_14:basic INFO 4500.877134384084: Received message <Ping:> from Peer_17:basic
Peer_14:basic INFO 4500.877134384084: Sending message <Pong:> to Peer_17:basic
Peer_14:basic INFO 4501.202569967769: Received message <Pong:> from Peer_17:basic
Peer_14:basic INFO 4502.098054819882: Received message <Pong:> from Peer_4:basic
Peer_14:basic INFO 4502.363789953985: Received message <Pong:> from Peer_8:basic
Peer_14:basic INFO 5000: Sending message <Ping:> to Peer_21:bootstrap
Peer_14:basic INFO 5000: Sending message <Ping:> to Peer_6:basic
Peer_14:basic INFO 5000.642413677281: Received message <Ping:> from Peer_6:basic
Peer_14:basic INFO 5000.642413677281: Sending message <Pong:> to Peer_6:basic
Peer_14:basic INFO 5001.847601805123: Received message <Pong:> from Peer_6:basic
Peer_14:basic INFO 5003.446435233033: Received message <Ping:> from Peer_21:bootstrap
Peer_14:basic INFO 5003.446435233033: Sending message <Pong:> to Peer_21:bootstrap
Peer_14:basic INFO 5004.490741852363: Received message <Pong:> from Peer_21:bootstrap
Peer_14:basic INFO 5500: Sending message <Ping:> to Peer_17:basic
Peer_14:basic INFO 5500: Sending message <Ping:> to Peer_4:basic
Peer_14:basic INFO 5500: Sending message <Ping:> to Peer_8:basic
Peer_14:basic INFO 5500.717741775742: Received message <Ping:> from Peer_8:basic
Peer_14:basic INFO 5500.717741775742: Sending message <Pong:> to Peer_8:basic
Peer_14:basic INFO 5500.751989021658: Received message <Ping:> from Peer_4:basic
Peer_14:basic INFO 5500.751989021658: Sending message <Pong:> to Peer_4:basic
Peer_14:basic INFO 5501.05352277326: Received message <Pong:> from Peer_17:basic
Peer_14:basic INFO 5501.216661337781: Received message <Pong:> from Peer_4:basic
Peer_14:basic INFO 5501.96769639427: Received message <Ping:> from Peer_17:basic
Peer_14:basic INFO 5501.96769639427: Sending message <Pong:> to Peer_17:basic
Peer_14:basic INFO 5503.164783619183: Received message <Pong:> from Peer_8:basic
Peer_14:basic INFO 6000: Sending message <Ping:> to Peer_21:bootstrap
Peer_14:basic INFO 6000: Sending message <Ping:> to Peer_6:basic
Peer_14:basic INFO 6000.780852326719: Received message <Ping:> from Peer_6:basic
Peer_14:basic INFO 6000.780852326719: Sending message <Pong:> to Peer_6:basic
Peer_14:basic INFO 6002.126736332942: Received message <Ping:> from Peer_21:bootstrap
Peer_14:basic INFO 6002.126736332942: Sending message <Pong:> to Peer_21:bootstrap
Peer_14:basic INFO 6002.243508598257: Received message <Pong:> from Peer_6:basic
Peer_14:basic INFO 6008.390064414003: Received message <Pong:> from Peer_21:bootstrap
Peer_14:basic INFO 6500: Sending message <Ping:> to Peer_17:basic
Peer_14:basic INFO 6500: Sending message <Ping:> to Peer_4:basic
Peer_14:basic INFO 6500: Sending message <Ping:> to Peer_8:basic
Peer_14:basic INFO 6501.2564756132415: Received message <Ping:> from Peer_4:basic
Peer_14:basic INFO 6501.2564756132415: Sending message <Pong:> to Peer_4:basic
Peer_14:basic INFO 6501.34704107319: Received message <Pong:> from Peer_8:basic
Peer_14:basic INFO 6501.4726020831: Received message <Ping:> from Peer_8:basic
Peer_14:basic INFO 6501.4726020831: Sending message <Pong:> to Peer_8:basic
Peer_14:basic INFO 6501.648521565339: Received message <Pong:> from Peer_4:basic
Peer_14:basic INFO 6501.665989560982: Received message <Ping:> from Peer_17:basic
Peer_14:basic INFO 6501.665989560982: Sending message <Pong:> to Peer_17:basic
Peer_14:basic INFO 6502.215557503728: Received message <Pong:> from Peer_17:basic
