Peer_13:basic WARNING 0: Not enough peers, fetching more (0, 4)
Peer_13:basic INFO 2.0382279431242605: Connecting to Peer_21:bootstrap
Peer_13:basic INFO 3.3654284518202355: Received message <RequestPeers:> from Peer_21:bootstrap
Peer_13:basic INFO 3.3654284518202355: Sending message <PeerList> to Peer_21:bootstrap
Peer_13:basic INFO 3.6116422755222164: Received message <Hello:> from Peer_21:bootstrap
Peer_13:basic WARNING 500: Not enough peers, fetching more (1, 4)
Peer_13:basic INFO 500: Sending message <RequestPeers:> to Peer_21:bootstrap
Peer_13:basic INFO 502.8402461193461: Received message <PeerList> from Peer_21:bootstrap
Peer_13:basic WARNING 1000: Not enough peers, fetching more (1, 4)
Peer_13:basic INFO 1000: Sending message <RequestPeers:> to Peer_21:bootstrap
Peer_13:basic INFO 1002.1562072686447: Received message <Hello:> from Peer_11:basic
Peer_13:basic INFO 1002.1562072686447: Connecting to Peer_11:basic
Peer_13:basic INFO 1002.1562072686447: Sending message <Hello:> to Peer_11:basic
Peer_13:basic INFO 1002.1562072686447: Sending message <RequestPeers:> to Peer_11:basic
Peer_13:basic INFO 1003.3332430434201: Received message <PeerList> from Peer_21:bootstrap
Peer_13:basic INFO 1003.9709434804249: Connecting to Peer_20:basic
Peer_13:basic INFO 1004.364646289642: Received message <Hello:> from Peer_20:basic
Peer_13:basic INFO 1005.5808363619327: Received message <PeerList> from Peer_11:basic
Peer_13:basic INFO 1006.7639008413715: Received message <RequestPeers:> from Peer_20:basic
Peer_13:basic INFO 1006.7639008413715: Sending message <PeerList> to Peer_20:basic
Peer_13:basic WARNING 1500: Not enough peers, fetching more (3, 4)
Peer_13:basic INFO 1501.461671330761: Received message <Hello:> from Peer_7:basic
Peer_13:basic INFO 1501.461671330761: Connecting to Peer_7:basic
Peer_13:basic INFO 1501.461671330761: Sending message <Hello:> to Peer_7:basic
Peer_13:basic INFO 1501.461671330761: Sending message <RequestPeers:> to Peer_7:basic
Peer_13:basic INFO 1502.438737039087: Received message <Hello:> from Peer_10:basic
Peer_13:basic INFO 1502.438737039087: Connecting to Peer_10:basic
Peer_13:basic INFO 1502.438737039087: Sending message <Hello:> to Peer_10:basic
Peer_13:basic INFO 1502.438737039087: Sending message <RequestPeers:> to Peer_10:basic
Peer_13:basic INFO 1502.5680978947526: Connecting to Peer_17:basic
Peer_13:basic INFO 1503.7986301827948: Received message <Hello:> from Peer_17:basic
Peer_13:basic INFO 1503.9167499566101: Received message <RequestPeers:> from Peer_17:basic
Peer_13:basic INFO 1503.9167499566101: Sending message <PeerList> to Peer_17:basic
Peer_13:basic INFO 1504.9484277219833: Received message <PeerList> from Peer_7:basic
Peer_13:basic INFO 1506.6495843181674: Received message <PeerList> from Peer_10:basic
Peer_13:basic INFO 2000: Sending message <Ping:> to Peer_21:bootstrap
Peer_13:basic INFO 2000: Sending message <Ping:> to Peer_11:basic
Peer_13:basic INFO 2000: Sending message <Ping:> to Peer_20:basic
Peer_13:basic INFO 2001.7237871251773: Received message <Ping:> from Peer_21:bootstrap
Peer_13:basic INFO 2001.7237871251773: Sending message <Pong:> to Peer_21:bootstrap
Peer_13:basic INFO 2002.3175377894574: Received message <Ping:> from Peer_20:basic
Peer_13:basic INFO 2002.3175377894574: Sending message <Pong:> to Peer_20:basic
Peer_13:basic INFO 2002.6139450257313: Received message <Ping:> from Peer_11:basic
Peer_13:basic INFO 2002.6139450257313: Sending message <Pong:> to Peer_11:basic
Peer_13:basic INFO 2003.3306474960164: Received message <Pong:> from Peer_20:basic
Peer_13:basic INFO 2003.793508169301: Received message <Pong:> from Peer_21:bootstrap
Peer_13:basic INFO 2003.945365503508: Received message <Pong:> from Peer_11:basic
Peer_13:basic INFO 2500: Sending message <Ping:> to Peer_7:basic
Peer_13:basic INFO 2500: Sending message <Ping:> to Peer_10:basic
Peer_13:basic INFO 2500: Sending message <Ping:> to Peer_17:basic
Peer_13:basic INFO 2501.800523777516: Received message <Ping:> from Peer_17:basic
Peer_13:basic INFO 2501.800523777516: Sending message <Pong:> to Peer_17:basic
Peer_13:basic INFO 2501.9704553073425: Received message <Ping:> from Peer_10:basic
Peer_13:basic INFO 2501.9704553073425: Sending message <Pong:> to Peer_10:basic
Peer_13:basic INFO 2502.617129143611: Received message <Ping:> from Peer_7:basic
Peer_13:basic INFO 2502.617129143611: Sending message <Pong:> to Peer_7:basic
Peer_13:basic INFO 2503.683652104991: Received message <Pong:> from Peer_7:basic
Peer_13:basic INFO 2504.3430620630807: Received message <Pong:> from Peer_10:basic
Peer_13:basic INFO 2508.169914809444: Received message <Pong:> from Peer_17:basic
Peer_13:basic INFO 3000: Sending message <Ping:> to Peer_21:bootstrap
Peer_13:basic INFO 3000: Sending message <Ping:> to Peer_11:basic
Peer_13:basic INFO 3000: Sending message <Ping:> to Peer_20:basic
Peer_13:basic INFO 3000.0000076457677: Received message <Ping:> from Peer_20:basic
Peer_13:basic INFO 3000.0000076457677: Sending message <Pong:> to Peer_20:basic
Peer_13:basic INFO 3001.362572857727: Received message <Ping:> from Peer_21:bootstrap
Peer_13:basic INFO 3001.362572857727: Sending message <Pong:> to Peer_21:bootstrap
Peer_13:basic INFO 3001.6816466397972: Received message <Ping:> from Peer_11:basic
Peer_13:basic INFO 3001.6816466397972: Sending message <Pong:> to Peer_11:basic
Peer_13:basic INFO 3003.7442832243855: Received message <Pong:> from Peer_21:bootstrap
Peer_13:basic INFO 3003.7452771796657: Received message <Pong:> from Peer_20:basic
Peer_13:basic INFO 3004.2714947230297: Received message <Pong:> from Peer_11:basic
Peer_13:basic INFO 3500: Sending message <Ping:> to Peer_7:basic
Peer_13:basic INFO 3500: Sending message <Ping:> to Peer_10:basic
Peer_13:basic INFO 3500: Sending message <Ping:> to Peer_17:basic
Peer_13:basic INFO 3501.109420071114: Received message <Ping:> from Peer_17:basic
Peer_13:basic INFO 3501.109420071114: Sending message <Pong:> to Peer_17:basic
Peer_13:basic INFO 3501.9139373953944: Received message <Ping:> from Peer_10:basic
Peer_13:basic INFO 3501.9139373953944: Sending message <Pong:> to Peer_10:basic
Peer_13:basic INFO 3502.3084446496814: Received message <Ping:> from Peer_7:basic
Peer_13:basic INFO 3502.3084446496814: Sending message <Pong:> to Peer_7:basic
Peer_13:basic INFO 3503.332098357261: Received message <Pong:> from Peer_7:basic
Peer_13:basic INFO 3505.2584350696375: Received message <Pong:> from Peer_10:basic
Peer_13:basic INFO 3506.1858471010714: Received message <Pong:> from Peer_17:basic
Peer_13:basic INFO 4000: Sending message <Ping:> to Peer_21:bootstrap
Peer_13:basic INFO 4000: Sending message <Ping:> to Peer_11:basic
Peer_13:basic INFO 4000: Sending message <Ping:> to Peer_20:basic
Peer_13:basic INFO 4000.8304054562045: Received message <Ping:> from Peer_20:basic
Peer_13:basic INFO 4000.8304054562045: Sending message <Pong:> to Peer_20:basic
Peer_13:basic INFO 4001.6475455523537: Received message <Ping:> from Peer_21:bootstrap
Peer_13:basic INFO 4001.6475455523537: Sending message <Pong:> to Peer_21:bootstrap
Peer_13:basic INFO 4002.2101170206665: Received message <Ping:> from Peer_11:basic
Peer_13:basic INFO 4002.2101170206665: Sending message <Pong:> to Peer_11:basic
Peer_13:basic INFO 4003.9486176392898: Received message <Pong:> from Peer_21:bootstrap
Peer_13:basic INFO 4004.3137319619746: Received message <Pong:> from Peer_11:basic
Peer_13:basic INFO 4004.4799877134155: Received message <Pong:> from Peer_20:basic
Peer_13:basic INFO 4500: Sending message <Ping:> to Peer_7:basic
Peer_13:basic INFO 4500: Sending message <Ping:> to Peer_10:basic
Peer_13:basic INFO 4500: Sending message <Ping:> to Peer_17:basic
Peer_13:basic INFO 4500.873681272518: Received message <Ping:> from Peer_17:basic
Peer_13:basic INFO 4500.873681272518: Sending message <Pong:> to Peer_17:basic
Peer_13:basic INFO 4501.384421521887: Received message <Ping:> from Peer_10:basic
Peer_13:basic INFO 4501.384421521887: Sending message <Pong:> to Peer_10:basic
Peer_13:basic INFO 4501.500222673133: Received message <Ping:> from Peer_7:basic
Peer_13:basic INFO 4501.500222673133: Sending message <Pong:> to Peer_7:basic
Peer_13:basic INFO 4503.391931594514: Received message <Pong:> from Peer_10:basic
Peer_13:basic INFO 4503.673501111449: Received message <Pong:> from Peer_7:basic
Peer_13:basic INFO 4504.07208438846: Received message <Pong:> from Peer_17:basic
Peer_13:basic INFO 5000: Sending message <Ping:> to Peer_21:bootstrap
Peer_13:basic INFO 5000: Sending message <Ping:> to Peer_11:basic
Peer_13:basic INFO 5000: Sending message <Ping:> to Peer_20:basic
Peer_13:basic INFO 5001.896482947881: Received message <Ping:> from Peer_11:basic
Peer_13:basic INFO 5001.896482947881: Sending message <Pong:> to Peer_11:basic
Peer_13:basic INFO 5001.94343103153: Received message <Ping:> from Peer_21:bootstrap
Peer_13:basic INFO 5001.94343103153: Sending message <Pong:> to Peer_21:bootstrap
Peer_13:basic INFO 5002.540334921632: Received message <Pong:> from Peer_21:bootstrap
Peer_13:basic INFO 5003.030242488346: Received message <Ping:> from Peer_20:basic
Peer_13:basic INFO 5003.030242488346: Sending message <Pong:> to Peer_20:basic
Peer_13:basic INFO 5003.503264033334: Received message <Pong:> from Peer_20:basic
Peer_13:basic INFO 5004.553028482334: Received message <Pong:> from Peer_11:basic
Peer_13:basic INFO 5500: Sending message <Ping:> to Peer_7:basic
Peer_13:basic INFO 5500: Sending message <Ping:> to Peer_10:basic
Peer_13:basic INFO 5500: Sending message <Ping:> to Peer_17:basic
Peer_13:basic INFO 5501.635125797528: Received message <Ping:> from Peer_7:basic
Peer_13:basic INFO 5501.635125797528: Sending message <Pong:> to Peer_7:basic
Peer_13:basic INFO 5502.858057205548: Received message <Ping:> from Peer_17:basic
Peer_13:basic INFO 5502.858057205548: Sending message <Pong:> to Peer_17:basic
Peer_13:basic INFO 5502.872566271967: Received message <Ping:> from Peer_10:basic
Peer_13:basic INFO 5502.872566271967: Sending message <Pong:> to Peer_10:basic
Peer_13:basic INFO 5503.865628584147: Received message <Pong:> from Peer_17:basic
Peer_13:basic INFO 5504.185726543391: Received message <Pong:> from Peer_10:basic
Peer_13:basic INFO 5504.52584637478: Received message <Pong:> from Peer_7:basic
Peer_13:basic INFO 6000: Sending message <Ping:> to Peer_21:bootstrap
Peer_13:basic INFO 6000: Sending message <Ping:> to Peer_11:basic
Peer_13:basic INFO 6000: Sending message <Ping:> to Peer_20:basic
Peer_13:basic INFO 6001.120814795355: Received message <Ping:> from Peer_20:basic
Peer_13:basic INFO 6001.120814795355: Sending message <Pong:> to Peer_20:basic
Peer_13:basic INFO 6001.630588997469: Received message <Ping:> from Peer_21:bootstrap
Peer_13:basic INFO 6001.630588997469: Sending message <Pong:> to Peer_21:bootstrap
Peer_13:basic INFO 6001.898219491367: Received message <Ping:> from Peer_11:basic
Peer_13:basic INFO 6001.898219491367: Sending message <Pong:> to Peer_11:basic
Peer_13:basic INFO 6003.6248413848025: Received message <Pong:> from Peer_21:bootstrap
Peer_13:basic INFO 6004.707910012228: Received message <Pong:> from Peer_11:basic
Peer_13:basic INFO 6007.709998296711: Received message <Pong:> from Peer_20:basic
Peer_13:basic INFO 6500: Sending message <Ping:> to Peer_7:basic
Peer_13:basic INFO 6500: Sending message <Ping:> to Peer_10:basic
Peer_13:basic INFO 6500: Sending message <Ping:> to Peer_17:basic
Peer_13:basic INFO 6501.845290737631: Received message <Ping:> from Peer_7:basic
Peer_13:basic INFO 6501.845290737631: Sending message <Pong:> to Peer_7:basic
Peer_13:basic INFO 6502.543825561255: Received message <Ping:> from Peer_10:basic
Peer_13:basic INFO 6502.543825561255: Sending message <Pong:> to Peer_10:basic
Peer_13:basic INFO 6503.336672770806: Received message <Pong:> from Peer_7:basic
Peer_13:basic INFO 6503.431808041407: Received message <Pong:> from Peer_17:basic
Peer_13:basic INFO 6503.819567406388: Received message <Pong:> from Peer_10:basic
Peer_13:basic INFO 6504.175481500348: Received message <Ping:> from Peer_17:basic
Peer_13:basic INFO 6504.175481500348: Sending message <Pong:> to Peer_17:basic
