Peer_17:basic WARNING 0: Not enough peers, fetching more (0, 4)
Peer_17:basic INFO 3.9165060483197887: Connecting to Peer_21:bootstrap
Peer_17:basic INFO 7.81501216678919: Received message <Hello:> from Peer_21:bootstrap
Peer_17:basic INFO 8.247240473667155: Received message <RequestPeers:> from Peer_21:bootstrap
Peer_17:basic INFO 8.247240473667155: Sending message <PeerList> to Peer_21:bootstrap
Peer_17:basic WARNING 500: Not enough peers, fetching more (1, 4)
Peer_17:basic INFO 500: Sending message <RequestPeers:> to Peer_21:bootstrap
Peer_17:basic INFO 503.2136823086996: Received message <PeerList> from Peer_21:bootstrap
Peer_17:basic WARNING 1000: Not enough peers, fetching more (1, 4)
Peer_17:basic INFO 1000: Sending message <RequestPeers:> to Peer_21:bootstrap
Peer_17:basic INFO 1003.2216980374794: Connecting to Peer_11:basic
Peer_17:basic INFO 1003.2217064445616: Received message <RequestPeers:> from Peer_11:basic
Peer_17:basic INFO 1003.2217064445616: Sending message <PeerList> to Peer_11:basic
Peer_17:basic INFO 1006.6180500553394: Received message <PeerList> from Peer_21:bootstrap
Peer_17:basic INFO 1006.8703631291783: Received message <Hello:> from Peer_11:basic
Peer_17:basic WARNING 1500: Not enough peers, fetching more (2, 4)
Peer_17:basic INFO 1500: Sending message <RequestPeers:> to Peer_21:bootstrap
Peer_17:basic INFO 1500: Sending message <RequestPeers:> to Peer_11:basic
Peer_17:basic INFO 1500.241644591134: Received message <Hello:> from Peer_1:basic
Peer_17:basic INFO 1500.241644591134: Connecting to Peer_1:basic
Peer_17:basic INFO 1500.241644591134: Sending message <Hello:> to Peer_1:basic
Peer_17:basic INFO 1500.241644591134: Sending message <RequestPeers:> to Peer_1:basic
Peer_17:basic INFO 1500.5304476989506: Connecting to Peer_14:basic
Peer_17:basic INFO 1501.0838395480039: Received message <Hello:> from Peer_14:basic
Peer_17:basic INFO 1501.7351045314606: Received message <RequestPeers:> from Peer_14:basic
Peer_17:basic INFO 1501.7351045314606: Sending message <PeerList> to Peer_14:basic
Peer_17:basic INFO 1502.5680978947526: Received message <Hello:> from Peer_13:basic
Peer_17:basic INFO 1502.5680978947526: Connecting to Peer_13:basic
Peer_17:basic INFO 1502.5680978947526: Sending message <Hello:> to Peer_13:basic
Peer_17:basic INFO 1502.5680978947526: Sending message <RequestPeers:> to Peer_13:basic
Peer_17:basic INFO 1504.5962939018982: Received message <PeerList> from Peer_1:basic
Peer_17:basic INFO 1504.9736901584708: Received message <PeerList> from Peer_21:bootstrap
Peer_17:basic INFO 1507.9117831435935: Received message <PeerList> from Peer_11:basic
Peer_17:basic INFO 1508.0081391039707: Received message <PeerList> from Peer_13:basic
Peer_17:basic INFO 2500: Sending message <Ping:> to Peer_21:bootstrap
Peer_17:basic INFO 2500: Sending message <Ping:> to Peer_11:basic
Peer_17:basic INFO 2500: Sending message <Ping:> to Peer_1:basic
Peer_17:basic INFO 2500: Sending message <Ping:> to Peer_14:basic
Peer_17:basic INFO 2500: Sending message <Ping:> to Peer_13:basic
Peer_17:basic INFO 2500.5350973544723: Received message <Ping:> from Peer_14:basic
Peer_17:basic INFO 2500.5350973544723: Sending message <Pong:> to Peer_14:basic
Peer_17:basic INFO 2500.646558381419: Received message <Ping:> from Peer_21:bootstrap
Peer_17:basic INFO 2500.646558381419: Sending message <Pong:> to Peer_21:bootstrap
Peer_17:basic INFO 2501.1726327151578: Received message <Ping:> from Peer_11:basic
Peer_17:basic INFO 2501.1726327151578: Sending message <Pong:> to Peer_11:basic
Peer_17:basic INFO 2501.2111984035123: Received message <Pong:> from Peer_14:basic
Peer_17:basic INFO 2501.7203910763196: Received message <Ping:> from Peer_1:basic
Peer_17:basic INFO 2501.7203910763196: Sending message <Pong:> to Peer_1:basic
Peer_17:basic INFO 2502.9511970951676: Received message <Pong:> from Peer_13:basic
Peer_17:basic INFO 2503.948411002889: Received message <Pong:> from Peer_11:basic
Peer_17:basic INFO 2504.0916737092452: Received message <Ping:> from Peer_13:basic
Peer_17:basic INFO 2504.0916737092452: Sending message <Pong:> to Peer_13:basic
Peer_17:basic INFO 2506.2792328085193: Received message <Pong:> from Peer_1:basic
Peer_17:basic INFO 2507.624567865204: Received message <Pong:> from Peer_21:bootstrap
Peer_17:basic INFO 3500: Sending message <Ping:> to Peer_21:bootstrap
Peer_17:basic INFO 3500: Sending message <Ping:> to Peer_11:basic
Peer_17:basic INFO 3500: Sending message <Ping:> to Peer_1:basic
Peer_17:basic INFO 3500: Sending message <Ping:> to Peer_14:basic
Peer_17:basic INFO 3500: Sending message <Ping:> to Peer_13:basic
Peer_17:basic INFO 3500.00000650562: Received message <Ping:> from Peer_21:bootstrap
Peer_17:basic INFO 3500.00000650562: Sending message <Pong:> to Peer_21:bootstrap
Peer_17:basic INFO 3500.5116758339313: Received message <Ping:> from Peer_14:basic
Peer_17:basic INFO 3500.5116758339313: Sending message <Pong:> to Peer_14:basic
Peer_17:basic INFO 3501.0947314414198: Received message <Ping:> from Peer_13:basic
Peer_17:basic INFO 3501.0947314414198: Sending message <Pong:> to Peer_13:basic
Peer_17:basic INFO 3501.8043868423224: Received message <Pong:> from Peer_13:basic
Peer_17:basic INFO 3501.8312260288185: Received message <Pong:> from Peer_1:basic
Peer_17:basic INFO 3502.659808517573: Received message <Pong:> from Peer_14:basic
Peer_17:basic INFO 3502.892741352751: Received message <Ping:> from Peer_11:basic
Peer_17:basic INFO 3502.892741352751: Sending message <Pong:> to Peer_11:basic
Peer_17:basic INFO 3503.052571730182: Received message <Pong:> from Peer_21:bootstrap
Peer_17:basic INFO 3504.038820739703: Received message <Ping:> from Peer_1:basic
Peer_17:basic INFO 3504.038820739703: Sending message <Pong:> to Peer_1:basic
Peer_17:basic INFO 3506.024622143442: Received message <Pong:> from Peer_11:basic
Peer_17:basic INFO 4500: Sending message <Ping:> to Peer_21:bootstrap
Peer_17:basic INFO 4500: Sending message <Ping:> to Peer_11:basic
Peer_17:basic INFO 4500: Sending message <Ping:> to Peer_1:basic
Peer_17:basic INFO 4500: Sending message <Ping:> to Peer_14:basic
Peer_17:basic INFO 4500: Sending message <Ping:> to Peer_13:basic
Peer_17:basic INFO 4500.0140632901675: Received message <Ping:> from Peer_11:basic
Peer_17:basic INFO 4500.0140632901675: Sending message <Pong:> to Peer_11:basic
Peer_17:basic INFO 4500.5475615067035: Received message <Ping:> from Peer_14:basic
Peer_17:basic INFO 4500.5475615067035: Sending message <Pong:> to Peer_14:basic
Peer_17:basic INFO 4501.492267254914: Received message <Ping:> from Peer_1:basic
Peer_17:basic INFO 4501.492267254914: Sending message <Pong:> to Peer_1:basic
Peer_17:basic INFO 4502.0211543946925: Received message <Pong:> from Peer_14:basic
Peer_17:basic INFO 4502.4967762556325: Received message <Pong:> from Peer_11:basic
Peer_17:basic INFO 4503.142767390628: Received message <Ping:> from Peer_21:bootstrap
Peer_17:basic INFO 4503.142767390628: Sending message <Pong:> to Peer_21:bootstrap
Peer_17:basic INFO 4503.373724477965: Received message <Ping:> from Peer_13:basic
Peer_17:basic INFO 4503.373724477965: Sending message <Pong:> to Peer_13:basic
Peer_17:basic INFO 4503.810245405198: Received message <Pong:> from Peer_1:basic
Peer_17:basic INFO 4504.398313120322: Received message <Pong:> from Peer_13:basic
Peer_17:basic INFO 4505.336256024325: Received message <Pong:> from Peer_21:bootstrap
Peer_17:basic INFO 5500: Sending message <Ping:> to Peer_21:bootstrap
Peer_17:basic INFO 5500: Sending message <Ping:> to Peer_11:basic
Peer_17:basic INFO 5500: Sending message <Ping:> to Peer_1:basic
Peer_17:basic INFO 5500: Sending message <Ping:> to Peer_14:basic
Peer_17:basic INFO 5500: Sending message <Ping:> to Peer_13:basic
Peer_17:basic INFO 5500.526286360216: Received message <Ping:> from Peer_14:basic
Peer_17:basic INFO 5500.526286360216: Sending message <Pong:> to Peer_14:basic
Peer_17:basic INFO 5502.446077078455: Received message <Ping:> from Peer_13:basic
Peer_17:basic INFO 5502.446077078455: Sending message <Pong:> to Peer_13:basic
Peer_17:basic INFO 5502.688383014235: Received message <Ping:> from Peer_1:basic
Peer_17:basic INFO 5502.688383014235: Sending message <Pong:> to Peer_1:basic
Peer_17:basic INFO 5502.75653900363: Received message <Pong:> from Peer_14:basic
Peer_17:basic INFO 5502.930557413347: Received message <Pong:> from Peer_21:bootstrap
Peer_17:basic INFO 5503.001777767349: Received message <Pong:> from Peer_11:basic
Peer_17:basic INFO 5503.169823888443: Received message <Ping:> from Peer_11:basic
Peer_17:basic INFO 5503.169823888443: Sending message <Pong:> to Peer_11:basic
Peer_17:basic INFO 5503.787153022754: Received message <Pong:> from Peer_13:basic
Peer_17:basic INFO 5504.716519619793: Received message <Pong:> from Peer_1:basic
Peer_17:basic INFO 5505.21699995808: Received message <Ping:> from Peer_21:bootstrap
Peer_17:basic INFO 5505.21699995808: Sending message <Pong:> to Peer_21:bootstrap
Peer_17:basic INFO 6500: Sending message <Ping:> to Peer_21:bootstrap
Peer_17:basic INFO 6500: Sending message <Ping:> to Peer_11:basic
Peer_17:basic INFO 6500: Sending message <Ping:> to Peer_1:basic
Peer_17:basic INFO 6500: Sending message <Ping:> to Peer_14:basic
Peer_17:basic INFO 6500: Sending message <Ping:> to Peer_13:basic
Peer_17:basic INFO 6501.150221390918: Received message <Ping:> from Peer_1:basic
Peer_17:basic INFO 6501.150221390918: Sending message <Pong:> to Peer_1:basic
Peer_17:basic INFO 6501.313623722886: Received message <Ping:> from Peer_14:basic
Peer_17:basic INFO 6501.313623722886: Sending message <Pong:> to Peer_14:basic
Peer_17:basic INFO 6502.3784881953625: Received message <Ping:> from Peer_21:bootstrap
Peer_17:basic INFO 6502.3784881953625: Sending message <Pong:> to Peer_21:bootstrap
Peer_17:basic INFO 6502.528959654218: Received message <Ping:> from Peer_11:basic
Peer_17:basic INFO 6502.528959654218: Sending message <Pong:> to Peer_11:basic
Peer_17:basic INFO 6502.60565525548: Received message <Pong:> from Peer_14:basic
Peer_17:basic INFO 6502.8920767040845: Received message <Ping:> from Peer_13:basic
Peer_17:basic INFO 6502.8920767040845: Sending message <Pong:> to Peer_13:basic
Peer_17:basic INFO 6503.330915275947: Received message <Pong:> from Peer_11:basic
Peer_17:basic INFO 6505.7923760395915: Received message <Pong:> from Peer_13:basic
Peer_17:basic INFO 6506.127343155102: Received message <Pong:> from Peer_1:basic
Peer_17:basic INFO 6506.742534875522: Received message <Pong:> from Peer_21:bootstrap
