Peer_7:basic WARNING 0: Not enough peers, fetching more (0, 4)
Peer_7:basic INFO 2.3994308545555234: Connecting to Peer_21:bootstrap
Peer_7:basic INFO 3.9722370607382746: Received message <RequestPeers:> from Peer_21:bootstrap
Peer_7:basic INFO 3.9722370607382746: Sending message <PeerList> to Peer_21:bootstrap
Peer_7:basic INFO 4.668362938148407: Received message <Hello:> from Peer_21:bootstrap
Peer_7:basic WARNING 500: Not enough peers, fetching more (1, 4)
Peer_7:basic INFO 500: Sending message <RequestPeers:> to Peer_21:bootstrap
Peer_7:basic INFO 503.23738723542317: Received message <PeerList> from Peer_21:bootstrap
Peer_7:basic WARNING 1000: Not enough peers, fetching more (1, 4)
Peer_7:basic INFO 1000: Sending message <RequestPeers:> to Peer_21:bootstrap
Peer_7:basic INFO 1001.5104885241497: Connecting to Peer_15:basic
Peer_7:basic INFO 1003.5210009596079: Received message <RequestPeers:> from Peer_15:basic
Peer_7:basic INFO 1003.5210009596079: Sending message <PeerList> to Peer_15:basic
Peer_7:basic INFO 1004.2994996291624: Received message <PeerList> from Peer_21:bootstrap
Peer_7:basic INFO 1004.4431463414156: Received message <Hello:> from Peer_15:basic
Peer_7:basic WARNING 1500: Not enough peers, fetching more (2, 4)
Peer_7:basic INFO 1500: Sending message <RequestPeers:> to Peer_15:basic
Peer_7:basic INFO 1500: Sending message <RequestPeers:> to Peer_21:bootstrap
Peer_7:basic INFO 1501.461671330761: Connecting to Peer_13:basic
Peer_7:basic INFO 1501.89598508542: Received message <Hello:> from Peer_2:basic
Peer_7:basic INFO 1501.89598508542: Connecting to Peer_2:basic
Peer_7:basic INFO 1501.89598508542: Sending message <Hello:> to Peer_2:basic
Peer_7:basic INFO 1501.89598508542: Sending message <RequestPeers:> to Peer_2:basic
Peer_7:basic INFO 1502.596462976231: Received message <RequestPeers:> from Peer_13:basic
Peer_7:basic INFO 1502.596462976231: Sending message <PeerList> to Peer_13:basic
Peer_7:basic INFO 1503.3547706848483: Received message <Hello:> from Peer_13:basic
Peer_7:basic INFO 1503.5866575858477: Received message <PeerList> from Peer_15:basic
Peer_7:basic INFO 1504.2820233087061: Received message <PeerList> from Peer_21:bootstrap
Peer_7:basic INFO 1508.0522502314052: Received message <PeerList> from Peer_2:basic
Peer_7:basic INFO 2500: Sending message <Ping:> to Peer_21:bootstrap
Peer_7:basic INFO 2500: Sending message <Ping:> to Peer_15:basic
Peer_7:basic INFO 2500: Sending message <Ping:> to Peer_13:basic
Peer_7:basic INFO 2500: Sending message <Ping:> to Peer_2:basic
Peer_7:basic INFO 2501.6257469472275: Received message <Ping:> from Peer_21:bootstrap
Peer_7:basic INFO 2501.6257469472275: Sending message <Pong:> to Peer_21:bootstrap
Peer_7:basic INFO 2501.7536489058734: Received message <Ping:> from Peer_2:basic
Peer_7:basic INFO 2501.7536489058734: Sending message <Pong:> to Peer_2:basic
Peer_7:basic INFO 2502.0754507854645: Received message <Ping:> from Peer_13:basic
Peer_7:basic INFO 2502.0754507854645: Sending message <Pong:> to Peer_13:basic
Peer_7:basic INFO 2502.1062164122677: Received message <Ping:> from Peer_15:basic
Peer_7:basic INFO 2502.1062164122677: Sending message <Pong:> to Peer_15:basic
Peer_7:basic INFO 2504.152611959583: Received message <Pong:> from Peer_15:basic
Peer_7:basic INFO 2504.479777168356: Received message <Pong:> from Peer_13:basic
Peer_7:basic INFO 2504.7215279386737: Received message <Pong:> from Peer_2:basic
Peer_7:basic INFO 2505.0514303936725: Received message <Pong:> from Peer_21:bootstrap
Peer_7:basic INFO 3500: Sending message <Ping:> to Peer_21:bootstrap
Peer_7:basic INFO 3500: Sending message <Ping:> to Peer_15:basic
Peer_7:basic INFO 3500: Sending message <Ping:> to Peer_13:basic
Peer_7:basic INFO 3500: Sending message <Ping:> to Peer_2:basic
Peer_7:basic INFO 3500.7457018685514: Received message <Ping:> from Peer_21:bootstrap
Peer_7:basic INFO 3500.7457018685514: Sending message <Pong:> to Peer_21:bootstrap
Peer_7:basic INFO 3501.6630944762132: Received message <Ping:> from Peer_13:basic
Peer_7:basic INFO 3501.6630944762132: Sending message <Pong:> to Peer_13:basic
Peer_7:basic INFO 3501.8926697943293: Received message <Ping:> from Peer_15:basic
Peer_7:basic INFO 3501.8926697943293: Sending message <Pong:> to Peer_15:basic
Peer_7:basic INFO 3502.394988064914: Received message <Ping:> from Peer_2:basic
Peer_7:basic INFO 3502.394988064914: Sending message <Pong:> to Peer_2:basic
Peer_7:basic INFO 3502.8549105724896: Received message <Pong:> from Peer_15:basic
Peer_7:basic INFO 3503.6206631834193: Received message <Pong:> from Peer_13:basic
Peer_7:basic INFO 3503.9546423187376: Received message <Pong:> from Peer_21:bootstrap
Peer_7:basic INFO 3506.5761288866406: Received message <Pong:> from Peer_2:basic
Peer_7:basic INFO 4500: Sending message <Ping:> to Peer_21:bootstrap
Peer_7:basic INFO 4500: Sending message <Ping:> to Peer_15:basic
Peer_7:basic INFO 4500: Sending message <Ping:> to Peer_13:basic
Peer_7:basic INFO 4500: Sending message <Ping:> to Peer_2:basic
Peer_7:basic INFO 4501.771842726134: Received message <Ping:> from Peer_15:basic
Peer_7:basic INFO 4501.771842726134: Sending message <Pong:> to Peer_15:basic
Peer_7:basic INFO 4502.29963697319: Received message <Ping:> from Peer_13:basic
Peer_7:basic INFO 4502.29963697319: Sending message <Pong:> to Peer_13:basic
Peer_7:basic INFO 4502.497223404089: Received message <Ping:> from Peer_21:bootstrap
Peer_7:basic INFO 4502.497223404089: Sending message <Pong:> to Peer_21:bootstrap
Peer_7:basic INFO 4503.1749597449025: Received message <Ping:> from Peer_2:basic
Peer_7:basic INFO 4503.1749597449025: Sending message <Pong:> to Peer_2:basic
Peer_7:basic INFO 4503.508264454113: Received message <Pong:> from Peer_13:basic
Peer_7:basic INFO 4504.133706040362: Received message <Pong:> from Peer_21:bootstrap
Peer_7:basic INFO 4504.989800616604: Received message <Pong:> from Peer_15:basic
Peer_7:basic INFO 4505.360305999057: Received message <Pong:> from Peer_2:basic
Peer_7:basic INFO 5500: Sending message <Ping:> to Peer_21:bootstrap
Peer_7:basic INFO 5500: Sending message <Ping:> to Peer_15:basic
Peer_7:basic INFO 5500: Sending message <Ping:> to Peer_13:basic
Peer_7:basic INFO 5500: Sending message <Ping:> to Peer_2:basic
Peer_7:basic INFO 5501.299489123505: Received message <Ping:> from Peer_13:basic
Peer_7:basic INFO 5501.299489123505: Sending message <Pong:> to Peer_13:basic
Peer_7:basic INFO 5501.896512194915: Received message <Ping:> from Peer_21:bootstrap
Peer_7:basic INFO 5501.896512194915: Sending message <Pong:> to Peer_21:bootstrap
Peer_7:basic INFO 5502.261380437142: Received message <Ping:> from Peer_15:basic
Peer_7:basic INFO 5502.261380437142: Sending message <Pong:> to Peer_15:basic
Peer_7:basic INFO 5502.650373692454: Received message <Pong:> from Peer_13:basic
Peer_7:basic INFO 5502.943945567231: Received message <Pong:> from Peer_15:basic
Peer_7:basic INFO 5503.014528575915: Received message <Ping:> from Peer_2:basic
Peer_7:basic INFO 5503.014528575915: Sending message <Pong:> to Peer_2:basic
Peer_7:basic INFO 5504.8416795075145: Received message <Pong:> from Peer_21:bootstrap
Peer_7:basic INFO 5505.836501876488: Received message <Pong:> from Peer_2:basic
Peer_7:basic INFO 6500: Sending message <Ping:> to Peer_21:bootstrap
Peer_7:basic INFO 6500: Sending message <Ping:> to Peer_15:basic
Peer_7:basic INFO 6500: Sending message <Ping:> to Peer_13:basic
Peer_7:basic INFO 6500: Sending message <Ping:> to Peer_2:basic
Peer_7:basic INFO 6501.636914041073: Received message <Ping:> from Peer_21:bootstrap
Peer_7:basic INFO 6501.636914041073: Sending message <Pong:> to Peer_21:bootstrap
Peer_7:basic INFO 6502.105030908221: Received message <Ping:> from Peer_15:basic
Peer_7:basic INFO 6502.105030908221: Sending message <Pong:> to Peer_15:basic
Peer_7:basic INFO 6502.247708587671: Received message <Pong:> from Peer_15:basic
Peer_7:basic INFO 6502.2603580224395: Received message <Ping:> from Peer_13:basic
Peer_7:basic INFO 6502.2603580224395: Sending message <Pong:> to Peer_13:basic
Peer_7:basic INFO 6502.779320262429: Received message <Ping:> from Peer_2:basic
Peer_7:basic INFO 6502.779320262429: Sending message <Pong:> to Peer_2:basic
Peer_7:basic INFO 6502.933610639179: Received message <Pong:> from Peer_21:bootstrap
Peer_7:basic INFO 6503.01639923675: Received message <Pong:> from Peer_2:basic
Peer_7:basic INFO 6503.616972281946: Received message <Pong:> from Peer_13:basic
