Peer_3:basic WARNING 0: Not enough peers, fetching more (0, 4)
Peer_3:basic INFO 1.7515845638746548: Connecting to Peer_21:bootstrap
Peer_3:basic INFO 3.2413050688889546: Received message <Hello:> from Peer_21:bootstrap
Peer_3:basic INFO 3.994684987520129: Received message <RequestPeers:> from Peer_21:bootstrap
Peer_3:basic INFO 3.994684987520129: Sending message <PeerList> to Peer_21:bootstrap
Peer_3:basic WARNING 500: Not enough peers, fetching more (1, 4)
Peer_3:basic INFO 500: Sending message <RequestPeers:> to Peer_21:bootstrap
Peer_3:basic INFO 502.56774016167617: Received message <PeerList> from Peer_21:bootstrap
Peer_3:basic WARNING 1000: Not enough peers, fetching more (1, 4)
Peer_3:basic INFO 1000: Sending message <RequestPeers:> to Peer_21:bootstrap
Peer_3:basic INFO 1001.4700210554706: Received message <Hello:> from Peer_5:basic
Peer_3:basic INFO 1001.4700210554706: Connecting to Peer_5:basic
Peer_3:basic INFO 1001.4700210554706: Sending message <Hello:> to Peer_5:basic
Peer_3:basic INFO 1001.4700210554706: Sending message <RequestPeers:> to Peer_5:basic
Peer_3:basic INFO 1001.5651810387559: Connecting to Peer_15:basic
Peer_3:basic INFO 1001.5826572960104: Received message <Hello:> from Peer_2:basic
Peer_3:basic INFO 1001.5826572960104: Connecting to Peer_2:basic
Peer_3:basic INFO 1001.5826572960104: Sending message <Hello:> to Peer_2:basic
Peer_3:basic INFO 1001.5826572960104: Sending message <RequestPeers:> to Peer_2:basic
Peer_3:basic INFO 1002.7044835627074: Received message <Hello:> from Peer_15:basic
Peer_3:basic INFO 1003.5095307157908: Received message <PeerList> from Peer_21:bootstrap
Peer_3:basic INFO 1003.6004278371199: Received message <RequestPeers:> from Peer_15:basic
Peer_3:basic INFO 1003.6004278371199: Sending message <PeerList> to Peer_15:basic
Peer_3:basic INFO 1004.744155752864: Received message <PeerList> from Peer_5:basic
Peer_3:basic INFO 1008.9423843284173: Received message <PeerList> from Peer_2:basic
Peer_3:basic INFO 2000: Sending message <Ping:> to Peer_21:bootstrap
Peer_3:basic INFO 2000: Sending message <Ping:> to Peer_5:basic
Peer_3:basic INFO 2000: Sending message <Ping:> to Peer_15:basic
Peer_3:basic INFO 2000: Sending message <Ping:> to Peer_2:basic
Peer_3:basic INFO 2001.6883304748042: Received message <Ping:> from Peer_2:basic
Peer_3:basic INFO 2001.6883304748042: Sending message <Pong:> to Peer_2:basic
Peer_3:basic INFO 2001.7477473518954: Received message <Ping:> from Peer_5:basic
Peer_3:basic INFO 2001.7477473518954: Sending message <Pong:> to Peer_5:basic
Peer_3:basic INFO 2002.3484315133294: Received message <Ping:> from Peer_15:basic
Peer_3:basic INFO 2002.3484315133294: Sending message <Pong:> to Peer_15:basic
Peer_3:basic INFO 2002.6317286641806: Received message <Ping:> from Peer_21:bootstrap
Peer_3:basic INFO 2002.6317286641806: Sending message <Pong:> to Peer_21:bootstrap
Peer_3:basic INFO 2003.0142349574598: Received message <Pong:> from Peer_15:basic
Peer_3:basic INFO 2003.4014804886322: Received message <Pong:> from Peer_5:basic
Peer_3:basic INFO 2003.874383608189: Received message <Pong:> from Peer_21:bootstrap
Peer_3:basic INFO 2006.9008553748076: Received message <Pong:> from Peer_2:basic
Peer_3:basic INFO 3000: Sending message <Ping:> to Peer_21:bootstrap
Peer_3:basic INFO 3000: Sending message <Ping:> to Peer_5:basic
Peer_3:basic INFO 3000: Sending message <Ping:> to Peer_15:basic
Peer_3:basic INFO 3000: Sending message <Ping:> to Peer_2:basic
Peer_3:basic INFO 3001.317771717444: Received message <Ping:> from Peer_2:basic
Peer_3:basic INFO 3001.317771717444: Sending message <Pong:> to Peer_2:basic
Peer_3:basic INFO 3001.5101795563323: Received message <Ping:> from Peer_21:bootstrap
Peer_3:basic INFO 3001.5101795563323: Sending message <Pong:> to Peer_21:bootstrap
Peer_3:basic INFO 3001.643659234352: Received message <Ping:> from Peer_15:basic
Peer_3:basic INFO 3001.643659234352: Sending message <Pong:> to Peer_15:basic
Peer_3:basic INFO 3002.591583637522: Received message <Ping:> from Peer_5:basic
Peer_3:basic INFO 3002.591583637522: Sending message <Pong:> to Peer_5:basic
Peer_3:basic INFO 3003.6028336869717: Received message <Pong:> from Peer_21:bootstrap
Peer_3:basic INFO 3003.890619849455: Received message <Pong:> from Peer_15:basic
Peer_3:basic INFO 3004.522080886147: Received message <Pong:> from Peer_2:basic
Peer_3:basic INFO 3004.834540070067: Received message <Pong:> from Peer_5:basic
Peer_3:basic INFO 4000: Sending message <Ping:> to Peer_21:bootstrap
Peer_3:basic INFO 4000: Sending message <Ping:> to Peer_5:basic
Peer_3:basic INFO 4000: Sending message <Ping:> to Peer_15:basic
Peer_3:basic INFO 4000: Sending message <Ping:> to Peer_2:basic
Peer_3:basic INFO 4001.5826253641335: Received message <Ping:> from Peer_15:basic
Peer_3:basic INFO 4001.5826253641335: Sending message <Pong:> to Peer_15:basic
Peer_3:basic INFO 4001.7023896824753: Received message <Ping:> from Peer_2:basic
Peer_3:basic INFO 4001.7023896824753: Sending message <Pong:> to Peer_2:basic
Peer_3:basic INFO 4001.8747998853105: Received message <Ping:> from Peer_5:basic
Peer_3:basic INFO 4001.8747998853105: Sending message <Pong:> to Peer_5:basic
Peer_3:basic INFO 4002.2233418455194: Received message <Ping:> from Peer_21:bootstrap
Peer_3:basic INFO 4002.2233418455194: Sending message <Pong:> to Peer_21:bootstrap
Peer_3:basic INFO 4003.002015900525: Received message <Pong:> from Peer_5:basic
Peer_3:basic INFO 4003.9858209439158: Received message <Pong:> from Peer_21:bootstrap
Peer_3:basic INFO 4004.5274309000206: Received message <Pong:> from Peer_15:basic
Peer_3:basic INFO 4005.255892118631: Received message <Pong:> from Peer_2:basic
Peer_3:basic INFO 5000: Sending message <Ping:> to Peer_21:bootstrap
Peer_3:basic INFO 5000: Sending message <Ping:> to Peer_5:basic
Peer_3:basic INFO 5000: Sending message <Ping:> to Peer_15:basic
Peer_3:basic INFO 5000: Sending message <Ping:> to Peer_2:basic
Peer_3:basic INFO 5000.88434030425: Received message <Ping:> from Peer_2:basic
Peer_3:basic INFO 5000.88434030425: Sending message <Pong:> to Peer_2:basic
Peer_3:basic INFO 5001.676823295652: Received message <Ping:> from Peer_21:bootstrap
Peer_3:basic INFO 5001.676823295652: Sending message <Pong:> to Peer_21:bootstrap
Peer_3:basic INFO 5001.7923823357405: Received message <Ping:> from Peer_15:basic
Peer_3:basic INFO 5001.7923823357405: Sending message <Pong:> to Peer_15:basic
Peer_3:basic INFO 5002.184609521848: Received message <Ping:> from Peer_5:basic
Peer_3:basic INFO 5002.184609521848: Sending message <Pong:> to Peer_5:basic
Peer_3:basic INFO 5003.848204225585: Received message <Pong:> from Peer_21:bootstrap
Peer_3:basic INFO 5004.040869677749: Received message <Pong:> from Peer_5:basic
Peer_3:basic INFO 5005.063623807223: Received message <Pong:> from Peer_15:basic
Peer_3:basic INFO 5006.624289589861: Received message <Pong:> from Peer_2:basic
Peer_3:basic INFO 6000: Sending message <Ping:> to Peer_21:bootstrap
Peer_3:basic INFO 6000: Sending message <Ping:> to Peer_5:basic
Peer_3:basic INFO 6000: Sending message <Ping:> to Peer_15:basic
Peer_3:basic INFO 6000: Sending message <Ping:> to Peer_2:basic
Peer_3:basic INFO 6001.246397255273: Received message <Ping:> from Peer_5:basic
Peer_3:basic INFO 6001.246397255273: Sending message <Pong:> to Peer_5:basic
Peer_3:basic INFO 6001.453921184459: Received message <Ping:> from Peer_15:basic
Peer_3:basic INFO 6001.453921184459: Sending message <Pong:> to Peer_15:basic
Peer_3:basic INFO 6001.683624951668: Received message <Ping:> from Peer_2:basic
Peer_3:basic INFO 6001.683624951668: Sending message <Pong:> to Peer_2:basic
Peer_3:basic INFO 6002.250279610123: Received message <Ping:> from Peer_21:bootstrap
Peer_3:basic INFO 6002.250279610123: Sending message <Pong:> to Peer_21:bootstrap
Peer_3:basic INFO 6003.274860120423: Received message <Pong:> from Peer_2:basic
Peer_3:basic INFO 6004.2966543147995: Received message <Pong:> from Peer_21:bootstrap
Peer_3:basic INFO 6004.614872624045: Received message <Pong:> from Peer_5:basic
Peer_3:basic INFO 6004.9390031198445: Received message <Pong:> from Peer_15:basic
