Peer_11:bootstrap WARNING 0: Not enough peers, fetching more (0, 15)
Peer_11:bootstrap INFO 0.5615245659481535: Received message <Hello:> from Peer_7:basic
Peer_11:bootstrap INFO 0.5615245659481535: Connecting to Peer_7:basic
Peer_11:bootstrap INFO 0.5615245659481535: Sending message <Hello:> to Peer_7:basic
Peer_11:bootstrap INFO 0.5615245659481535: Sending message <RequestPeers:> to Peer_7:basic
Peer_11:bootstrap INFO 0.5784282420051162: Received message <Hello:> from Peer_3:basic
Peer_11:bootstrap INFO 0.5784282420051162: Connecting to Peer_3:basic
Peer_11:bootstrap INFO 0.5784282420051162: Sending message <Hello:> to Peer_3:basic
Peer_11:bootstrap INFO 0.5784282420051162: Sending message <RequestPeers:> to Peer_3:basic
Peer_11:bootstrap INFO 0.6983198270368653: Received message <Hello:> from Peer_9:basic
Peer_11:bootstrap INFO 0.6983198270368653: Connecting to Peer_9:basic
Peer_11:bootstrap INFO 0.6983198270368653: Sending message <Hello:> to Peer_9:basic
Peer_11:bootstrap INFO 0.6983198270368653: Sending message <RequestPeers:> to Peer_9:basic
Peer_11:bootstrap INFO 0.9488429161697756: Received message <Hello:> from Peer_6:basic
Peer_11:bootstrap INFO 0.9488429161697756: Connecting to Peer_6:basic
Peer_11:bootstrap INFO 0.9488429161697756: Sending message <Hello:> to Peer_6:basic
Peer_11:bootstrap INFO 0.9488429161697756: Sending message <RequestPeers:> to Peer_6:basic
Peer_11:bootstrap INFO 1.5355492129770396: Received message <Hello:> from Peer_2:basic
Peer_11:bootstrap INFO 1.5355492129770396: Connecting to Peer_2:basic
Peer_11:bootstrap INFO 1.5355492129770396: Sending message <Hello:> to Peer_2:basic
Peer_11:bootstrap INFO 1.5355492129770396: Sending message <RequestPeers:> to Peer_2:basic
Peer_11:bootstrap INFO 1.8820314138527647: Received message <PeerList> from Peer_7:basic
Peer_11:bootstrap INFO 1.9058984094802842: Received message <Hello:> from Peer_4:basic
Peer_11:bootstrap INFO 1.9058984094802842: Connecting to Peer_4:basic
Peer_11:bootstrap INFO 1.9058984094802842: Sending message <Hello:> to Peer_4:basic
Peer_11:bootstrap INFO 1.9058984094802842: Sending message <RequestPeers:> to Peer_4:basic
Peer_11:bootstrap INFO 2.1032760186212096: Received message <PeerList> from Peer_3:basic
Peer_11:bootstrap INFO 2.217673956252508: Received message <Hello:> from Peer_10:basic
Peer_11:bootstrap INFO 2.217673956252508: Connecting to Peer_10:basic
Peer_11:bootstrap INFO 2.217673956252508: Sending message <Hello:> to Peer_10:basic
Peer_11:bootstrap INFO 2.217673956252508: Sending message <RequestPeers:> to Peer_10:basic
Peer_11:bootstrap INFO 2.328047628764566: Received message <Hello:> from Peer_5:basic
Peer_11:bootstrap INFO 2.328047628764566: Connecting to Peer_5:basic
Peer_11:bootstrap INFO 2.328047628764566: Sending message <Hello:> to Peer_5:basic
Peer_11:bootstrap INFO 2.328047628764566: Sending message <RequestPeers:> to Peer_5:basic
Peer_11:bootstrap INFO 2.7588312042498426: Received message <PeerList> from Peer_9:basic
Peer_11:bootstrap INFO 2.794523890645686: Received message <PeerList> from Peer_6:basic
Peer_11:bootstrap INFO 2.9911012468102323: Received message <Hello:> from Peer_8:basic
Peer_11:bootstrap INFO 2.9911012468102323: Connecting to Peer_8:basic
Peer_11:bootstrap INFO 2.9911012468102323: Sending message <Hello:> to Peer_8:basic
Peer_11:bootstrap INFO 2.9911012468102323: Sending message <RequestPeers:> to Peer_8:basic
Peer_11:bootstrap INFO 3.461875237923164: Received message <Hello:> from Peer_1:basic
Peer_11:bootstrap INFO 3.461875237923164: Connecting to Peer_1:basic
Peer_11:bootstrap INFO 3.461875237923164: Sending message <Hello:> to Peer_1:basic
Peer_11:bootstrap INFO 3.461875237923164: Sending message <RequestPeers:> to Peer_1:basic
Peer_11:bootstrap INFO 4.497689175533532: Received message <PeerList> from Peer_4:basic
Peer_11:bootstrap INFO 4.799830645559792: Received message <PeerList> from Peer_10:basic
Peer_11:bootstrap INFO 5.203997567012183: Received message <PeerList> from Peer_2:basic
Peer_11:bootstrap INFO 7.2066012885886375: Received message <PeerList> from Peer_1:basic
Peer_11:bootstrap INFO 7.559449865890676: Received message <PeerList> from Peer_5:basic
Peer_11:bootstrap INFO 11.152811206941188: Received message <PeerList> from Peer_8:basic
Peer_11:bootstrap WARNING 500: Not enough peers, fetching more (10, 15)
Peer_11:bootstrap INFO 500: Sending message <RequestPeers:> to Peer_5:basic
Peer_11:bootstrap INFO 500: Sending message <RequestPeers:> to Peer_6:basic
Peer_11:bootstrap INFO 500: Sending message <RequestPeers:> to Peer_9:basic
Peer_11:bootstrap INFO 500: Sending message <RequestPeers:> to Peer_7:basic
Peer_11:bootstrap INFO 500: Sending message <RequestPeers:> to Peer_2:basic
Peer_11:bootstrap INFO 500.6434774831385: Received message <RequestPeers:> from Peer_4:basic
Peer_11:bootstrap INFO 500.6434774831385: Sending message <PeerList> to Peer_4:basic
Peer_11:bootstrap INFO 500.6465869614934: Received message <RequestPeers:> from Peer_10:basic
Peer_11:bootstrap INFO 500.6465869614934: Sending message <PeerList> to Peer_10:basic
Peer_11:bootstrap INFO 500.82344408256205: Received message <RequestPeers:> from Peer_7:basic
Peer_11:bootstrap INFO 500.82344408256205: Sending message <PeerList> to Peer_7:basic
Peer_11:bootstrap INFO 500.8725024417176: Received message <RequestPeers:> from Peer_6:basic
Peer_11:bootstrap INFO 500.8725024417176: Sending message <PeerList> to Peer_6:basic
Peer_11:bootstrap INFO 501.0036838437134: Received message <RequestPeers:> from Peer_2:basic
Peer_11:bootstrap INFO 501.0036838437134: Sending message <PeerList> to Peer_2:basic
Peer_11:bootstrap INFO 501.005462342612: Received message <RequestPeers:> from Peer_9:basic
Peer_11:bootstrap INFO 501.005462342612: Sending message <PeerList> to Peer_9:basic
Peer_11:bootstrap INFO 501.14362815545655: Received message <RequestPeers:> from Peer_3:basic
Peer_11:bootstrap INFO 501.14362815545655: Sending message <PeerList> to Peer_3:basic
Peer_11:bootstrap INFO 501.40661436802026: Received message <PeerList> from Peer_2:basic
Peer_11:bootstrap INFO 501.50914081347383: Received message <PeerList> from Peer_6:basic
Peer_11:bootstrap INFO 501.5696501354128: Received message <PeerList> from Peer_9:basic
Peer_11:bootstrap INFO 502.01828279495544: Received message <PeerList> from Peer_5:basic
Peer_11:bootstrap INFO 502.21270712977906: Received message <PeerList> from Peer_7:basic
Peer_11:bootstrap INFO 502.77595086958934: Received message <RequestPeers:> from Peer_8:basic
Peer_11:bootstrap INFO 502.77595086958934: Sending message <PeerList> to Peer_8:basic
Peer_11:bootstrap INFO 504.0383002773008: Received message <RequestPeers:> from Peer_1:basic
Peer_11:bootstrap INFO 504.0383002773008: Sending message <PeerList> to Peer_1:basic
Peer_11:bootstrap INFO 504.31543785104986: Received message <RequestPeers:> from Peer_5:basic
Peer_11:bootstrap INFO 504.31543785104986: Sending message <PeerList> to Peer_5:basic
Peer_11:bootstrap WARNING 1000: Not enough peers, fetching more (10, 15)
Peer_11:bootstrap INFO 1000: Sending message <RequestPeers:> to Peer_2:basic
Peer_11:bootstrap INFO 1000: Sending message <RequestPeers:> to Peer_4:basic
Peer_11:bootstrap INFO 1000: Sending message <RequestPeers:> to Peer_1:basic
Peer_11:bootstrap INFO 1000: Sending message <RequestPeers:> to Peer_8:basic
Peer_11:bootstrap INFO 1000: Sending message <RequestPeers:> to Peer_10:basic
Peer_11:bootstrap INFO 1000.5099997559662: Received message <RequestPeers:> from Peer_6:basic
Peer_11:bootstrap INFO 1000.5099997559662: Sending message <PeerList> to Peer_6:basic
Peer_11:bootstrap INFO 1000.5266925481282: Received message <RequestPeers:> from Peer_3:basic
Peer_11:bootstrap INFO 1000.5266925481282: Sending message <PeerList> to Peer_3:basic
Peer_11:bootstrap INFO 1000.533747246069: Received message <RequestPeers:> from Peer_2:basic
Peer_11:bootstrap INFO 1000.533747246069: Sending message <PeerList> to Peer_2:basic
Peer_11:bootstrap INFO 1000.6266071064017: Received message <RequestPeers:> from Peer_4:basic
Peer_11:bootstrap INFO 1000.6266071064017: Sending message <PeerList> to Peer_4:basic
Peer_11:bootstrap INFO 1000.7392836997038: Received message <RequestPeers:> from Peer_7:basic
Peer_11:bootstrap INFO 1000.7392836997038: Sending message <PeerList> to Peer_7:basic
Peer_11:bootstrap INFO 1000.8761993050421: Received message <RequestPeers:> from Peer_9:basic
Peer_11:bootstrap INFO 1000.8761993050421: Sending message <PeerList> to Peer_9:basic
Peer_11:bootstrap INFO 1001.1813613903327: Received message <PeerList> from Peer_2:basic
Peer_11:bootstrap INFO 1002.0857167511739: Received message <RequestPeers:> from Peer_5:basic
Peer_11:bootstrap INFO 1002.0857167511739: Sending message <PeerList> to Peer_5:basic
Peer_11:bootstrap INFO 1002.4254394179139: Received message <RequestPeers:> from Peer_8:basic
Peer_11:bootstrap INFO 1002.4254394179139: Sending message <PeerList> to Peer_8:basic
Peer_11:bootstrap INFO 1002.4271112969584: Received message <RequestPeers:> from Peer_1:basic
Peer_11:bootstrap INFO 1002.4271112969584: Sending message <PeerList> to Peer_1:basic
Peer_11:bootstrap INFO 1002.5737505422132: Received message <PeerList> from Peer_4:basic
Peer_11:bootstrap INFO 1004.810878372055: Received message <PeerList> from Peer_10:basic
Peer_11:bootstrap INFO 1004.914641972935: Received message <RequestPeers:> from Peer_10:basic
Peer_11:bootstrap INFO 1004.914641972935: Sending message <PeerList> to Peer_10:basic
Peer_11:bootstrap INFO 1005.954760333938: Received message <PeerList> from Peer_1:basic
Peer_11:bootstrap INFO 1006.1809250121158: Received message <PeerList> from Peer_8:basic
Peer_11:bootstrap WARNING 1500: Not enough peers, fetching more (10, 15)
Peer_11:bootstrap INFO 1500: Sending message <RequestPeers:> to Peer_2:basic
Peer_11:bootstrap INFO 1500: Sending message <RequestPeers:> to Peer_3:basic
Peer_11:bootstrap INFO 1500: Sending message <RequestPeers:> to Peer_6:basic
Peer_11:bootstrap INFO 1500: Sending message <RequestPeers:> to Peer_4:basic
Peer_11:bootstrap INFO 1500: Sending message <RequestPeers:> to Peer_5:basic
Peer_11:bootstrap INFO 1500.7839226947342: Received message <RequestPeers:> from Peer_9:basic
Peer_11:bootstrap INFO 1500.7839226947342: Sending message <PeerList> to Peer_9:basic
Peer_11:bootstrap INFO 1500.9349367614964: Received message <RequestPeers:> from Peer_7:basic
Peer_11:bootstrap INFO 1500.9349367614964: Sending message <PeerList> to Peer_7:basic
Peer_11:bootstrap INFO 1501.3992531587585: Received message <RequestPeers:> from Peer_4:basic
Peer_11:bootstrap INFO 1501.3992531587585: Sending message <PeerList> to Peer_4:basic
Peer_11:bootstrap INFO 1501.4251950143164: Received message <PeerList> from Peer_3:basic
Peer_11:bootstrap INFO 1501.443879591354: Received message <PeerList> from Peer_4:basic
Peer_11:bootstrap INFO 1501.7729245427165: Received message <RequestPeers:> from Peer_1:basic
Peer_11:bootstrap INFO 1501.7729245427165: Sending message <PeerList> to Peer_1:basic
Peer_11:bootstrap INFO 1501.8945281533652: Received message <PeerList> from Peer_2:basic
Peer_11:bootstrap INFO 1502.3526425718228: Received message <RequestPeers:> from Peer_8:basic
Peer_11:bootstrap INFO 1502.3526425718228: Sending message <PeerList> to Peer_8:basic
Peer_11:bootstrap INFO 1503.6070645315865: Received message <PeerList> from Peer_6:basic
Peer_11:bootstrap INFO 1505.4165439121905: Received message <PeerList> from Peer_5:basic
Peer_11:bootstrap WARNING 2000: Not enough peers, fetching more (10, 15)
Peer_11:bootstrap INFO 2000: Sending message <RequestPeers:> to Peer_3:basic
Peer_11:bootstrap INFO 2000: Sending message <RequestPeers:> to Peer_2:basic
Peer_11:bootstrap INFO 2000: Sending message <RequestPeers:> to Peer_1:basic
Peer_11:bootstrap INFO 2000: Sending message <RequestPeers:> to Peer_10:basic
Peer_11:bootstrap INFO 2000: Sending message <RequestPeers:> to Peer_8:basic
Peer_11:bootstrap INFO 2000: Sending message <Ping:> to Peer_10:basic
Peer_11:bootstrap INFO 2000.9965148663246: Received message <RequestPeers:> from Peer_9:basic
Peer_11:bootstrap INFO 2000.9965148663246: Sending message <PeerList> to Peer_9:basic
Peer_11:bootstrap INFO 2001.1493976893653: Received message <PeerList> from Peer_3:basic
Peer_11:bootstrap INFO 2001.5245063023458: Received message <Pong:> from Peer_10:basic
Peer_11:bootstrap INFO 2001.9964148160334: Received message <PeerList> from Peer_2:basic
Peer_11:bootstrap INFO 2003.414508803841: Received message <Ping:> from Peer_10:basic
Peer_11:bootstrap INFO 2003.414508803841: Sending message <Pong:> to Peer_10:basic
Peer_11:bootstrap INFO 2005.4437333818585: Received message <PeerList> from Peer_10:basic
Peer_11:bootstrap INFO 2005.455152519989: Received message <PeerList> from Peer_1:basic
Peer_11:bootstrap INFO 2007.452701585601: Received message <PeerList> from Peer_8:basic
Peer_11:bootstrap WARNING 2500: Not enough peers, fetching more (10, 15)
Peer_11:bootstrap INFO 2500: Sending message <RequestPeers:> to Peer_9:basic
Peer_11:bootstrap INFO 2500: Sending message <RequestPeers:> to Peer_8:basic
Peer_11:bootstrap INFO 2500: Sending message <RequestPeers:> to Peer_1:basic
Peer_11:bootstrap INFO 2500: Sending message <RequestPeers:> to Peer_6:basic
Peer_11:bootstrap INFO 2500: Sending message <RequestPeers:> to Peer_4:basic
Peer_11:bootstrap INFO 2500: Sending message <Ping:> to Peer_7:basic
Peer_11:bootstrap INFO 2500: Sending message <Ping:> to Peer_6:basic
Peer_11:bootstrap INFO 2500: Sending message <Ping:> to Peer_4:basic
Peer_11:bootstrap INFO 2500: Sending message <Ping:> to Peer_5:basic
Peer_11:bootstrap INFO 2500.695811863077: Received message <Ping:> from Peer_4:basic
Peer_11:bootstrap INFO 2500.695811863077: Sending message <Pong:> to Peer_4:basic
Peer_11:bootstrap INFO 2501.117930691441: Received message <Pong:> from Peer_4:basic
Peer_11:bootstrap INFO 2501.185088011708: Received message <Pong:> from Peer_6:basic
Peer_11:bootstrap INFO 2501.6196444880243: Received message <PeerList> from Peer_9:basic
Peer_11:bootstrap INFO 2501.6463752656555: Received message <Ping:> from Peer_6:basic
Peer_11:bootstrap INFO 2501.6463752656555: Sending message <Pong:> to Peer_6:basic
Peer_11:bootstrap INFO 2501.646576654368: Received message <Pong:> from Peer_7:basic
Peer_11:bootstrap INFO 2501.6766902120035: Received message <PeerList> from Peer_4:basic
Peer_11:bootstrap INFO 2502.1165708504504: Received message <Ping:> from Peer_7:basic
Peer_11:bootstrap INFO 2502.1165708504504: Sending message <Pong:> to Peer_7:basic
Peer_11:bootstrap INFO 2502.2879605790868: Received message <PeerList> from Peer_1:basic
Peer_11:bootstrap INFO 2502.3488425667574: Received message <PeerList> from Peer_6:basic
Peer_11:bootstrap INFO 2502.4233770067663: Received message <Ping:> from Peer_5:basic
Peer_11:bootstrap INFO 2502.4233770067663: Sending message <Pong:> to Peer_5:basic
Peer_11:bootstrap INFO 2506.6690552075665: Received message <PeerList> from Peer_8:basic
Peer_11:bootstrap INFO 2507.582195264649: Received message <Pong:> from Peer_5:basic
Peer_11:bootstrap WARNING 3000: Not enough peers, fetching more (10, 15)
Peer_11:bootstrap INFO 3000: Sending message <RequestPeers:> to Peer_1:basic
Peer_11:bootstrap INFO 3000: Sending message <RequestPeers:> to Peer_2:basic
Peer_11:bootstrap INFO 3000: Sending message <RequestPeers:> to Peer_3:basic
Peer_11:bootstrap INFO 3000: Sending message <RequestPeers:> to Peer_5:basic
Peer_11:bootstrap INFO 3000: Sending message <RequestPeers:> to Peer_9:basic
Peer_11:bootstrap INFO 3000: Sending message <Ping:> to Peer_3:basic
Peer_11:bootstrap INFO 3000: Sending message <Ping:> to Peer_2:basic
Peer_11:bootstrap INFO 3000: Sending message <Ping:> to Peer_10:basic
Peer_11:bootstrap INFO 3000.57588392561: Received message <Ping:> from Peer_3:basic
Peer_11:bootstrap INFO 3000.57588392561: Sending message <Pong:> to Peer_3:basic
Peer_11:bootstrap INFO 3000.787405275701: Received message <Ping:> from Peer_2:basic
Peer_11:bootstrap INFO 3000.787405275701: Sending message <Pong:> to Peer_2:basic
Peer_11:bootstrap INFO 3001.278723069633: Received message <PeerList> from Peer_3:basic
Peer_11:bootstrap INFO 3001.5086438762064: Received message <PeerList> from Peer_2:basic
Peer_11:bootstrap INFO 3001.6121819543723: Received message <Pong:> from Peer_2:basic
Peer_11:bootstrap INFO 3001.673190115055: Received message <Pong:> from Peer_3:basic
Peer_11:bootstrap INFO 3002.5982909118843: Received message <PeerList> from Peer_9:basic
Peer_11:bootstrap INFO 3002.901412210113: Received message <Ping:> from Peer_10:basic
Peer_11:bootstrap INFO 3002.901412210113: Sending message <Pong:> to Peer_10:basic
Peer_11:bootstrap INFO 3004.0470784017753: Received message <PeerList> from Peer_1:basic
Peer_11:bootstrap INFO 3006.209092714767: Received message <Pong:> from Peer_10:basic
Peer_11:bootstrap INFO 3007.260399244495: Received message <PeerList> from Peer_5:basic
Peer_11:bootstrap WARNING 3500: Not enough peers, fetching more (10, 15)
Peer_11:bootstrap INFO 3500: Sending message <RequestPeers:> to Peer_3:basic
Peer_11:bootstrap INFO 3500: Sending message <RequestPeers:> to Peer_2:basic
Peer_11:bootstrap INFO 3500: Sending message <RequestPeers:> to Peer_4:basic
Peer_11:bootstrap INFO 3500: Sending message <RequestPeers:> to Peer_6:basic
Peer_11:bootstrap INFO 3500: Sending message <RequestPeers:> to Peer_5:basic
Peer_11:bootstrap INFO 3500: Sending message <Ping:> to Peer_7:basic
Peer_11:bootstrap INFO 3500: Sending message <Ping:> to Peer_6:basic
Peer_11:bootstrap INFO 3500: Sending message <Ping:> to Peer_4:basic
Peer_11:bootstrap INFO 3500: Sending message <Ping:> to Peer_8:basic
Peer_11:bootstrap INFO 3500.5130898144744: Received message <Ping:> from Peer_6:basic
Peer_11:bootstrap INFO 3500.5130898144744: Sending message <Pong:> to Peer_6:basic
Peer_11:bootstrap INFO 3500.5272854990585: Received message <Ping:> from Peer_7:basic
Peer_11:bootstrap INFO 3500.5272854990585: Sending message <Pong:> to Peer_7:basic
Peer_11:bootstrap INFO 3500.81020269809: Received message <Ping:> from Peer_4:basic
Peer_11:bootstrap INFO 3500.81020269809: Sending message <Pong:> to Peer_4:basic
Peer_11:bootstrap INFO 3501.0461128669895: Received message <Ping:> from Peer_8:basic
Peer_11:bootstrap INFO 3501.0461128669895: Sending message <Pong:> to Peer_8:basic
Peer_11:bootstrap INFO 3501.186404015747: Received message <PeerList> from Peer_5:basic
Peer_11:bootstrap INFO 3501.307467978369: Received message <Pong:> from Peer_6:basic
Peer_11:bootstrap INFO 3501.4240963593256: Received message <PeerList> from Peer_2:basic
Peer_11:bootstrap INFO 3501.937092224868: Received message <PeerList> from Peer_4:basic
Peer_11:bootstrap INFO 3502.2360471540796: Received message <PeerList> from Peer_6:basic
Peer_11:bootstrap INFO 3502.364445843224: Received message <PeerList> from Peer_3:basic
Peer_11:bootstrap INFO 3502.5787683134718: Received message <Pong:> from Peer_7:basic
Peer_11:bootstrap INFO 3502.953902119124: Received message <Pong:> from Peer_4:basic
Peer_11:bootstrap INFO 3503.7345809420012: Received message <Pong:> from Peer_8:basic
Peer_11:bootstrap WARNING 4000: Not enough peers, fetching more (10, 15)
Peer_11:bootstrap INFO 4000: Sending message <RequestPeers:> to Peer_3:basic
Peer_11:bootstrap INFO 4000: Sending message <RequestPeers:> to Peer_1:basic
Peer_11:bootstrap INFO 4000: Sending message <RequestPeers:> to Peer_6:basic
Peer_11:bootstrap INFO 4000: Sending message <RequestPeers:> to Peer_10:basic
Peer_11:bootstrap INFO 4000: Sending message <RequestPeers:> to Peer_7:basic
Peer_11:bootstrap INFO 4000: Sending message <Ping:> to Peer_9:basic
Peer_11:bootstrap INFO 4000: Sending message <Ping:> to Peer_10:basic
Peer_11:bootstrap INFO 4000: Sending message <Ping:> to Peer_1:basic
Peer_11:bootstrap INFO 4000.61634115123: Received message <Ping:> from Peer_9:basic
Peer_11:bootstrap INFO 4000.61634115123: Sending message <Pong:> to Peer_9:basic
Peer_11:bootstrap INFO 4001.2719123399033: Received message <PeerList> from Peer_7:basic
Peer_11:bootstrap INFO 4001.2920097773094: Received message <Pong:> from Peer_9:basic
Peer_11:bootstrap INFO 4001.6698956923424: Received message <PeerList> from Peer_3:basic
Peer_11:bootstrap INFO 4002.037436581796: Received message <PeerList> from Peer_6:basic
Peer_11:bootstrap INFO 4002.4644534184145: Received message <Ping:> from Peer_1:basic
Peer_11:bootstrap INFO 4002.4644534184145: Sending message <Pong:> to Peer_1:basic
Peer_11:bootstrap INFO 4003.4729859368085: Received message <Ping:> from Peer_10:basic
Peer_11:bootstrap INFO 4003.4729859368085: Sending message <Pong:> to Peer_10:basic
Peer_11:bootstrap INFO 4004.394338374938: Received message <Pong:> from Peer_10:basic
Peer_11:bootstrap INFO 4005.662246494571: Received message <PeerList> from Peer_10:basic
Peer_11:bootstrap INFO 4006.0001829693033: Received message <Pong:> from Peer_1:basic
Peer_11:bootstrap INFO 4006.4132063094285: Received message <PeerList> from Peer_1:basic
Peer_11:bootstrap WARNING 4500: Not enough peers, fetching more (10, 15)
Peer_11:bootstrap INFO 4500: Sending message <RequestPeers:> to Peer_6:basic
Peer_11:bootstrap INFO 4500: Sending message <RequestPeers:> to Peer_2:basic
Peer_11:bootstrap INFO 4500: Sending message <RequestPeers:> to Peer_8:basic
Peer_11:bootstrap INFO 4500: Sending message <RequestPeers:> to Peer_5:basic
Peer_11:bootstrap INFO 4500: Sending message <RequestPeers:> to Peer_3:basic
Peer_11:bootstrap INFO 4500: Sending message <Ping:> to Peer_2:basic
Peer_11:bootstrap INFO 4500: Sending message <Ping:> to Peer_4:basic
Peer_11:bootstrap INFO 4500: Sending message <Ping:> to Peer_5:basic
Peer_11:bootstrap INFO 4500: Sending message <Ping:> to Peer_8:basic
Peer_11:bootstrap INFO 4500.952551796743: Received message <Ping:> from Peer_4:basic
Peer_11:bootstrap INFO 4500.952551796743: Sending message <Pong:> to Peer_4:basic
Peer_11:bootstrap INFO 4501.234388857629: Received message <PeerList> from Peer_6:basic
Peer_11:bootstrap INFO 4501.328883907456: Received message <Ping:> from Peer_5:basic
Peer_11:bootstrap INFO 4501.328883907456: Sending message <Pong:> to Peer_5:basic
Peer_11:bootstrap INFO 4501.463280374003: Received message <PeerList> from Peer_2:basic
Peer_11:bootstrap INFO 4501.568141321664: Received message <PeerList> from Peer_3:basic
Peer_11:bootstrap INFO 4501.786466930337: Received message <Pong:> from Peer_4:basic
Peer_11:bootstrap INFO 4502.190609087716: Received message <Ping:> from Peer_2:basic
Peer_11:bootstrap INFO 4502.190609087716: Sending message <Pong:> to Peer_2:basic
Peer_11:bootstrap INFO 4502.410655899402: Received message <Pong:> from Peer_2:basic
Peer_11:bootstrap INFO 4502.503906227547: Received message <Ping:> from Peer_8:basic
Peer_11:bootstrap INFO 4502.503906227547: Sending message <Pong:> to Peer_8:basic
Peer_11:bootstrap INFO 4503.631994848939: Received message <Pong:> from Peer_5:basic
Peer_11:bootstrap INFO 4506.07784730219: Received message <PeerList> from Peer_8:basic
Peer_11:bootstrap INFO 4506.949810036313: Received message <Pong:> from Peer_8:basic
Peer_11:bootstrap INFO 4506.970998666922: Received message <PeerList> from Peer_5:basic
