Peer_1:basic WARNING 0: Not enough peers, fetching more (0, 4)
Peer_1:basic INFO 1.9945657491474698: Connecting to Peer_21:bootstrap
Peer_1:basic INFO 3.741662118905517: Received message <Hello:> from Peer_21:bootstrap
Peer_1:basic INFO 4.103221258197006: Received message <RequestPeers:> from Peer_21:bootstrap
Peer_1:basic INFO 4.103221258197006: Sending message <PeerList> to Peer_21:bootstrap
Peer_1:basic WARNING 500: Not enough peers, fetching more (1, 4)
Peer_1:basic INFO 500: Sending message <RequestPeers:> to Peer_21:bootstrap
Peer_1:basic INFO 503.4623771331023: Received message <PeerList> from Peer_21:bootstrap
Peer_1:basic WARNING 1000: Not enough peers, fetching more (1, 4)
Peer_1:basic INFO 1000: Sending message <RequestPeers:> to Peer_21:bootstrap
Peer_1:basic INFO 1001.7518541824757: Connecting to Peer_5:basic
Peer_1:basic INFO 1002.6430179177971: Received message <RequestPeers:> from Peer_5:basic
Peer_1:basic INFO 1002.6430179177971: Sending message <PeerList> to Peer_5:basic
Peer_1:basic INFO 1003.6739521162156: Received message <PeerList> from Peer_21:bootstrap
Peer_1:basic INFO 1003.82850850772: Received message <Hello:> from Peer_5:basic
Peer_1:basic WARNING 1500: Not enough peers, fetching more (2, 4)
Peer_1:basic INFO 1500: Sending message <RequestPeers:> to Peer_21:bootstrap
Peer_1:basic INFO 1500: Sending message <RequestPeers:> to Peer_5:basic
Peer_1:basic INFO 1500.241644591134: Connecting to Peer_17:basic
Peer_1:basic INFO 1501.4406704313155: Received message <RequestPeers:> from Peer_17:basic
Peer_1:basic INFO 1501.4406704313155: Sending message <PeerList> to Peer_17:basic
Peer_1:basic INFO 1503.3621624251696: Received message <Hello:> from Peer_17:basic
Peer_1:basic INFO 1503.5234061694339: Received message <PeerList> from Peer_21:bootstrap
Peer_1:basic INFO 1504.0811759182072: Received message <PeerList> from Peer_5:basic
Peer_1:basic WARNING 2000: Not enough peers, fetching more (3, 4)
Peer_1:basic INFO 2001.2116654195272: Received message <Hello:> from Peer_8:basic
Peer_1:basic INFO 2001.2116654195272: Connecting to Peer_8:basic
Peer_1:basic INFO 2001.2116654195272: Sending message <Hello:> to Peer_8:basic
Peer_1:basic INFO 2001.2116654195272: Sending message <RequestPeers:> to Peer_8:basic
Peer_1:basic INFO 2002.476362422294: Connecting to Peer_11:basic
Peer_1:basic INFO 2003.9910284484727: Received message <Hello:> from Peer_11:basic
Peer_1:basic INFO 2004.8606862053293: Received message <RequestPeers:> from Peer_11:basic
Peer_1:basic INFO 2004.8606862053293: Sending message <PeerList> to Peer_11:basic
Peer_1:basic INFO 2006.920975027898: Received message <PeerList> from Peer_8:basic
Peer_1:basic INFO 2500: Sending message <Ping:> to Peer_21:bootstrap
Peer_1:basic INFO 2500: Sending message <Ping:> to Peer_5:basic
Peer_1:basic INFO 2500: Sending message <Ping:> to Peer_17:basic
Peer_1:basic INFO 2502.2048874958505: Received message <Ping:> from Peer_5:basic
Peer_1:basic INFO 2502.2048874958505: Sending message <Pong:> to Peer_5:basic
Peer_1:basic INFO 2502.540676100449: Received message <Ping:> from Peer_21:bootstrap
Peer_1:basic INFO 2502.540676100449: Sending message <Pong:> to Peer_21:bootstrap
Peer_1:basic INFO 2503.243334801025: Received message <Ping:> from Peer_17:basic
Peer_1:basic INFO 2503.243334801025: Sending message <Pong:> to Peer_17:basic
Peer_1:basic INFO 2503.3519471148393: Received message <Pong:> from Peer_21:bootstrap
Peer_1:basic INFO 2504.688423064877: Received message <Pong:> from Peer_5:basic
Peer_1:basic INFO 2506.7270045573905: Received message <Pong:> from Peer_17:basic
Peer_1:basic INFO 3000: Sending message <Ping:> to Peer_8:basic
Peer_1:basic INFO 3000: Sending message <Ping:> to Peer_11:basic
Peer_1:basic INFO 3001.52984601096: Received message <Ping:> from Peer_11:basic
Peer_1:basic INFO 3001.52984601096: Sending message <Pong:> to Peer_11:basic
Peer_1:basic INFO 3001.9172417979516: Received message <Ping:> from Peer_8:basic
Peer_1:basic INFO 3001.9172417979516: Sending message <Pong:> to Peer_8:basic
Peer_1:basic INFO 3003.3548251466295: Received message <Pong:> from Peer_11:basic
Peer_1:basic INFO 3004.89784997427: Received message <Pong:> from Peer_8:basic
Peer_1:basic INFO 3500: Sending message <Ping:> to Peer_21:bootstrap
Peer_1:basic INFO 3500: Sending message <Ping:> to Peer_5:basic
Peer_1:basic INFO 3500: Sending message <Ping:> to Peer_17:basic
Peer_1:basic INFO 3501.601411461693: Received message <Ping:> from Peer_21:bootstrap
Peer_1:basic INFO 3501.601411461693: Sending message <Pong:> to Peer_21:bootstrap
Peer_1:basic INFO 3501.831216759565: Received message <Ping:> from Peer_17:basic
Peer_1:basic INFO 3501.831216759565: Sending message <Pong:> to Peer_17:basic
Peer_1:basic INFO 3502.3913485692824: Received message <Pong:> from Peer_21:bootstrap
Peer_1:basic INFO 3502.854874977114: Received message <Ping:> from Peer_5:basic
Peer_1:basic INFO 3502.854874977114: Sending message <Pong:> to Peer_5:basic
Peer_1:basic INFO 3504.009496624813: Received message <Pong:> from Peer_5:basic
Peer_1:basic INFO 3506.2484091420833: Received message <Pong:> from Peer_17:basic
Peer_1:basic INFO 4000: Sending message <Ping:> to Peer_8:basic
Peer_1:basic INFO 4000: Sending message <Ping:> to Peer_11:basic
Peer_1:basic INFO 4002.5444542463274: Received message <Ping:> from Peer_8:basic
Peer_1:basic INFO 4002.5444542463274: Sending message <Pong:> to Peer_8:basic
Peer_1:basic INFO 4002.576476028232: Received message <Ping:> from Peer_11:basic
Peer_1:basic INFO 4002.576476028232: Sending message <Pong:> to Peer_11:basic
Peer_1:basic INFO 4004.1205671572266: Received message <Pong:> from Peer_11:basic
Peer_1:basic INFO 4004.2199558939014: Received message <Pong:> from Peer_8:basic
Peer_1:basic INFO 4500: Sending message <Ping:> to Peer_21:bootstrap
Peer_1:basic INFO 4500: Sending message <Ping:> to Peer_5:basic
Peer_1:basic INFO 4500: Sending message <Ping:> to Peer_17:basic
Peer_1:basic INFO 4500.453418685906: Received message <Ping:> from Peer_17:basic
Peer_1:basic INFO 4500.453418685906: Sending message <Pong:> to Peer_17:basic
Peer_1:basic INFO 4502.097712541086: Received message <Ping:> from Peer_21:bootstrap
Peer_1:basic INFO 4502.097712541086: Sending message <Pong:> to Peer_21:bootstrap
Peer_1:basic INFO 4502.151827009836: Received message <Ping:> from Peer_5:basic
Peer_1:basic INFO 4502.151827009836: Sending message <Pong:> to Peer_5:basic
Peer_1:basic INFO 4503.354804467059: Received message <Pong:> from Peer_21:bootstrap
Peer_1:basic INFO 4503.482732823882: Received message <Pong:> from Peer_17:basic
Peer_1:basic INFO 4503.7933426961345: Received message <Pong:> from Peer_5:basic
Peer_1:basic INFO 5000: Sending message <Ping:> to Peer_8:basic
Peer_1:basic INFO 5000: Sending message <Ping:> to Peer_11:basic
Peer_1:basic INFO 5002.026212474949: Received message <Ping:> from Peer_11:basic
Peer_1:basic INFO 5002.026212474949: Sending message <Pong:> to Peer_11:basic
Peer_1:basic INFO 5003.9298964749005: Received message <Pong:> from Peer_11:basic
Peer_1:basic INFO 5004.1070699556885: Received message <Ping:> from Peer_8:basic
Peer_1:basic INFO 5004.1070699556885: Sending message <Pong:> to Peer_8:basic
Peer_1:basic INFO 5005.927444065174: Received message <Pong:> from Peer_8:basic
Peer_1:basic INFO 5500: Sending message <Ping:> to Peer_21:bootstrap
Peer_1:basic INFO 5500: Sending message <Ping:> to Peer_5:basic
Peer_1:basic INFO 5500: Sending message <Ping:> to Peer_17:basic
Peer_1:basic INFO 5501.506463594647: Received message <Ping:> from Peer_17:basic
Peer_1:basic INFO 5501.506463594647: Sending message <Pong:> to Peer_17:basic
Peer_1:basic INFO 5502.1413813397: Received message <Ping:> from Peer_21:bootstrap
Peer_1:basic INFO 5502.1413813397: Sending message <Pong:> to Peer_21:bootstrap
Peer_1:basic INFO 5502.849171863491: Received message <Pong:> from Peer_21:bootstrap
Peer_1:basic INFO 5502.990395914288: Received message <Ping:> from Peer_5:basic
Peer_1:basic INFO 5502.990395914288: Sending message <Pong:> to Peer_5:basic
Peer_1:basic INFO 5503.801088363832: Received message <Pong:> from Peer_17:basic
Peer_1:basic INFO 5504.371129542228: Received message <Pong:> from Peer_5:basic
Peer_1:basic INFO 6000: Sending message <Ping:> to Peer_8:basic
Peer_1:basic INFO 6000: Sending message <Ping:> to Peer_11:basic
Peer_1:basic INFO 6002.125974806171: Received message <Ping:> from Peer_11:basic
Peer_1:basic INFO 6002.125974806171: Sending message <Pong:> to Peer_11:basic
Peer_1:basic INFO 6003.778948914684: Received message <Ping:> from Peer_8:basic
Peer_1:basic INFO 6003.778948914684: Sending message <Pong:> to Peer_8:basic
Peer_1:basic INFO 6003.800417015278: Received message <Pong:> from Peer_11:basic
Peer_1:basic INFO 6006.686507217585: Received message <Pong:> from Peer_8:basic
Peer_1:basic INFO 6500: Sending message <Ping:> to Peer_21:bootstrap
Peer_1:basic INFO 6500: Sending message <Ping:> to Peer_5:basic
Peer_1:basic INFO 6500: Sending message <Ping:> to Peer_17:basic
Peer_1:basic INFO 6501.166027367444: Received message <Ping:> from Peer_5:basic
Peer_1:basic INFO 6501.166027367444: Sending message <Pong:> to Peer_5:basic
Peer_1:basic INFO 6502.498379855708: Received message <Ping:> from Peer_21:bootstrap
Peer_1:basic INFO 6502.498379855708: Sending message <Pong:> to Peer_21:bootstrap
Peer_1:basic INFO 6503.739626527186: Received message <Pong:> from Peer_17:basic
Peer_1:basic INFO 6504.198888281413: Received message <Pong:> from Peer_5:basic
Peer_1:basic INFO 6504.269555071668: Received message <Ping:> from Peer_17:basic
Peer_1:basic INFO 6504.269555071668: Sending message <Pong:> to Peer_17:basic
Peer_1:basic INFO 6504.3902194475: Received message <Pong:> from Peer_21:bootstrap
