Peer_12:basic WARNING 0: Not enough peers, fetching more (0, 4)
Peer_12:basic INFO 1.704536966400843: Connecting to Peer_21:bootstrap
Peer_12:basic INFO 2.128098193991876: Received message <RequestPeers:> from Peer_21:bootstrap
Peer_12:basic INFO 2.128098193991876: Sending message <PeerList> to Peer_21:bootstrap
Peer_12:basic INFO 4.561094764470988: Received message <Hello:> from Peer_21:bootstrap
Peer_12:basic WARNING 500: Not enough peers, fetching more (1, 4)
Peer_12:basic INFO 500: Sending message <RequestPeers:> to Peer_21:bootstrap
Peer_12:basic INFO 504.07593020428874: Received message <PeerList> from Peer_21:bootstrap
Peer_12:basic WARNING 1000: Not enough peers, fetching more (1, 4)
Peer_12:basic INFO 1000: Sending message <RequestPeers:> to Peer_21:bootstrap
Peer_12:basic INFO 1002.4087206598019: Connecting to Peer_5:basic
Peer_12:basic INFO 1003.3236111561542: Received message <Hello:> from Peer_20:basic
Peer_12:basic INFO 1003.3236111561542: Connecting to Peer_20:basic
Peer_12:basic INFO 1003.3236111561542: Sending message <Hello:> to Peer_20:basic
Peer_12:basic INFO 1003.3236111561542: Sending message <RequestPeers:> to Peer_20:basic
Peer_12:basic INFO 1004.0763011487298: Received message <Hello:> from Peer_5:basic
Peer_12:basic INFO 1004.2902613553798: Received message <PeerList> from Peer_21:bootstrap
Peer_12:basic INFO 1004.9032191999894: Received message <RequestPeers:> from Peer_5:basic
Peer_12:basic INFO 1004.9032191999894: Sending message <PeerList> to Peer_5:basic
Peer_12:basic INFO 1011.7586549429384: Received message <PeerList> from Peer_20:basic
Peer_12:basic WARNING 1500: Not enough peers, fetching more (3, 4)
Peer_12:basic INFO 1502.7922877122467: Connecting to Peer_4:basic
Peer_12:basic INFO 1505.0888488963715: Received message <Hello:> from Peer_4:basic
Peer_12:basic INFO 1506.8275317401128: Received message <RequestPeers:> from Peer_4:basic
Peer_12:basic INFO 1506.8275317401128: Sending message <PeerList> to Peer_4:basic
Peer_12:basic INFO 2000: Sending message <Ping:> to Peer_21:bootstrap
Peer_12:basic INFO 2000: Sending message <Ping:> to Peer_5:basic
Peer_12:basic INFO 2000: Sending message <Ping:> to Peer_20:basic
Peer_12:basic INFO 2000.5641383106706: Received message <Ping:> from Peer_21:bootstrap
Peer_12:basic INFO 2000.5641383106706: Sending message <Pong:> to Peer_21:bootstrap
Peer_12:basic INFO 2001.099438766244: Received message <Pong:> from Peer_20:basic
Peer_12:basic INFO 2001.8124429935822: Received message <Hello:> from Peer_10:basic
Peer_12:basic INFO 2001.8124429935822: Connecting to Peer_10:basic
Peer_12:basic INFO 2001.8124429935822: Sending message <Hello:> to Peer_10:basic
Peer_12:basic INFO 2001.8124429935822: Sending message <RequestPeers:> to Peer_10:basic
Peer_12:basic INFO 2002.2386899049504: Received message <Ping:> from Peer_5:basic
Peer_12:basic INFO 2002.2386899049504: Sending message <Pong:> to Peer_5:basic
Peer_12:basic INFO 2003.0034089142814: Received message <Pong:> from Peer_5:basic
Peer_12:basic INFO 2004.5174229764757: Received message <Ping:> from Peer_20:basic
Peer_12:basic INFO 2004.5174229764757: Sending message <Pong:> to Peer_20:basic
Peer_12:basic INFO 2005.0465325821847: Received message <Pong:> from Peer_21:bootstrap
Peer_12:basic INFO 2006.1060871079205: Received message <PeerList> from Peer_10:basic
Peer_12:basic INFO 2500: Sending message <Ping:> to Peer_4:basic
Peer_12:basic INFO 2503.1397305257397: Received message <Ping:> from Peer_4:basic
Peer_12:basic INFO 2503.1397305257397: Sending message <Pong:> to Peer_4:basic
Peer_12:basic INFO 2504.2689074929053: Received message <Pong:> from Peer_4:basic
Peer_12:basic INFO 3000: Sending message <Ping:> to Peer_21:bootstrap
Peer_12:basic INFO 3000: Sending message <Ping:> to Peer_5:basic
Peer_12:basic INFO 3000: Sending message <Ping:> to Peer_20:basic
Peer_12:basic INFO 3000: Sending message <Ping:> to Peer_10:basic
Peer_12:basic INFO 3001.211795759963: Received message <Ping:> from Peer_21:bootstrap
Peer_12:basic INFO 3001.211795759963: Sending message <Pong:> to Peer_21:bootstrap
Peer_12:basic INFO 3001.277830774275: Received message <Ping:> from Peer_5:basic
Peer_12:basic INFO 3001.277830774275: Sending message <Pong:> to Peer_5:basic
Peer_12:basic INFO 3002.2335544439416: Received message <Ping:> from Peer_20:basic
Peer_12:basic INFO 3002.2335544439416: Sending message <Pong:> to Peer_20:basic
Peer_12:basic INFO 3002.8995716797767: Received message <Ping:> from Peer_10:basic
Peer_12:basic INFO 3002.8995716797767: Sending message <Pong:> to Peer_10:basic
Peer_12:basic INFO 3003.5450037971523: Received message <Pong:> from Peer_10:basic
Peer_12:basic INFO 3003.554380483206: Received message <Pong:> from Peer_5:basic
Peer_12:basic INFO 3004.076195188735: Received message <Pong:> from Peer_21:bootstrap
Peer_12:basic INFO 3005.4840430822837: Received message <Pong:> from Peer_20:basic
Peer_12:basic INFO 3500: Sending message <Ping:> to Peer_4:basic
Peer_12:basic INFO 3501.411435501115: Received message <Pong:> from Peer_4:basic
Peer_12:basic INFO 3503.2926828233035: Received message <Ping:> from Peer_4:basic
Peer_12:basic INFO 3503.2926828233035: Sending message <Pong:> to Peer_4:basic
Peer_12:basic INFO 4000: Sending message <Ping:> to Peer_21:bootstrap
Peer_12:basic INFO 4000: Sending message <Ping:> to Peer_5:basic
Peer_12:basic INFO 4000: Sending message <Ping:> to Peer_20:basic
Peer_12:basic INFO 4000: Sending message <Ping:> to Peer_10:basic
Peer_12:basic INFO 4001.852225913258: Received message <Ping:> from Peer_10:basic
Peer_12:basic INFO 4001.852225913258: Sending message <Pong:> to Peer_10:basic
Peer_12:basic INFO 4002.079634722145: Received message <Ping:> from Peer_21:bootstrap
Peer_12:basic INFO 4002.079634722145: Sending message <Pong:> to Peer_21:bootstrap
Peer_12:basic INFO 4002.217823532177: Received message <Ping:> from Peer_5:basic
Peer_12:basic INFO 4002.217823532177: Sending message <Pong:> to Peer_5:basic
Peer_12:basic INFO 4002.836525045495: Received message <Ping:> from Peer_20:basic
Peer_12:basic INFO 4002.836525045495: Sending message <Pong:> to Peer_20:basic
Peer_12:basic INFO 4003.1657804600736: Received message <Pong:> from Peer_20:basic
Peer_12:basic INFO 4003.730606402879: Received message <Pong:> from Peer_21:bootstrap
Peer_12:basic INFO 4003.9268377651674: Received message <Pong:> from Peer_10:basic
Peer_12:basic INFO 4004.9839382552072: Received message <Pong:> from Peer_5:basic
Peer_12:basic INFO 4500: Sending message <Ping:> to Peer_4:basic
Peer_12:basic INFO 4503.163464707975: Received message <Ping:> from Peer_4:basic
Peer_12:basic INFO 4503.163464707975: Sending message <Pong:> to Peer_4:basic
Peer_12:basic INFO 4507.092439385505: Received message <Pong:> from Peer_4:basic
Peer_12:basic INFO 5000: Sending message <Ping:> to Peer_21:bootstrap
Peer_12:basic INFO 5000: Sending message <Ping:> to Peer_5:basic
Peer_12:basic INFO 5000: Sending message <Ping:> to Peer_20:basic
Peer_12:basic INFO 5000: Sending message <Ping:> to Peer_10:basic
Peer_12:basic INFO 5001.595842627794: Received message <Ping:> from Peer_21:bootstrap
Peer_12:basic INFO 5001.595842627794: Sending message <Pong:> to Peer_21:bootstrap
Peer_12:basic INFO 5001.9047509125385: Received message <Ping:> from Peer_10:basic
Peer_12:basic INFO 5001.9047509125385: Sending message <Pong:> to Peer_10:basic
Peer_12:basic INFO 5002.250434019341: Received message <Ping:> from Peer_5:basic
Peer_12:basic INFO 5002.250434019341: Sending message <Pong:> to Peer_5:basic
Peer_12:basic INFO 5002.637488867438: Received message <Ping:> from Peer_20:basic
Peer_12:basic INFO 5002.637488867438: Sending message <Pong:> to Peer_20:basic
Peer_12:basic INFO 5004.207742231847: Received message <Pong:> from Peer_21:bootstrap
Peer_12:basic INFO 5004.280429185936: Received message <Pong:> from Peer_20:basic
Peer_12:basic INFO 5004.407271898763: Received message <Pong:> from Peer_10:basic
Peer_12:basic INFO 5005.41823399178: Received message <Pong:> from Peer_5:basic
Peer_12:basic INFO 5500: Sending message <Ping:> to Peer_4:basic
Peer_12:basic INFO 5502.928627277298: Received message <Ping:> from Peer_4:basic
Peer_12:basic INFO 5502.928627277298: Sending message <Pong:> to Peer_4:basic
Peer_12:basic INFO 5506.285803270695: Received message <Pong:> from Peer_4:basic
Peer_12:basic INFO 6000: Sending message <Ping:> to Peer_21:bootstrap
Peer_12:basic INFO 6000: Sending message <Ping:> to Peer_5:basic
Peer_12:basic INFO 6000: Sending message <Ping:> to Peer_20:basic
Peer_12:basic INFO 6000: Sending message <Ping:> to Peer_10:basic
Peer_12:basic INFO 6000.781470546562: Received message <Ping:> from Peer_10:basic
Peer_12:basic INFO 6000.781470546562: Sending message <Pong:> to Peer_10:basic
Peer_12:basic INFO 6000.947607554801: Received message <Ping:> from Peer_21:bootstrap
Peer_12:basic INFO 6000.947607554801: Sending message <Pong:> to Peer_21:bootstrap
Peer_12:basic INFO 6001.957885802197: Received message <Ping:> from Peer_5:basic
Peer_12:basic INFO 6001.957885802197: Sending message <Pong:> to Peer_5:basic
Peer_12:basic INFO 6002.886990507301: Received message <Pong:> from Peer_10:basic
Peer_12:basic INFO 6004.31271207515: Received message <Pong:> from Peer_20:basic
Peer_12:basic INFO 6004.627882371184: Received message <Pong:> from Peer_5:basic
Peer_12:basic INFO 6004.663828779736: Received message <Ping:> from Peer_20:basic
Peer_12:basic INFO 6004.663828779736: Sending message <Pong:> to Peer_20:basic
Peer_12:basic INFO 6004.916393110431: Received message <Pong:> from Peer_21:bootstrap
Peer_12:basic INFO 6500: Sending message <Ping:> to Peer_4:basic
Peer_12:basic INFO 6504.3042850878755: Received message <Ping:> from Peer_4:basic
Peer_12:basic INFO 6504.3042850878755: Sending message <Pong:> to Peer_4:basic
Peer_12:basic INFO 6506.349614962716: Received message <Pong:> from Peer_4:basic
