Peer_5:basic WARNING 0: Not enough peers, fetching more (0, 4)
Peer_5:basic INFO 2.7299344948665256: Connecting to Peer_21:bootstrap
Peer_5:basic INFO 4.932527621025106: Received message <Hello:> from Peer_21:bootstrap
Peer_5:basic INFO 5.291211793877023: Received message <RequestPeers:> from Peer_21:bootstrap
Peer_5:basic INFO 5.291211793877023: Sending message <PeerList> to Peer_21:bootstrap
Peer_5:basic WARNING 500: Not enough peers, fetching more (1, 4)
Peer_5:basic INFO 500: Sending message <RequestPeers:> to Peer_21:bootstrap
Peer_5:basic INFO 504.11385982052195: Received message <PeerList> from Peer_21:bootstrap
Peer_5:basic WARNING 1000: Not enough peers, fetching more (1, 4)
Peer_5:basic INFO 1000: Sending message <RequestPeers:> to Peer_21:bootstrap
Peer_5:basic INFO 1001.4700210554706: Connecting to Peer_3:basic
Peer_5:basic INFO 1001.7518541824757: Received message <Hello:> from Peer_1:basic
Peer_5:basic INFO 1001.7518541824757: Connecting to Peer_1:basic
Peer_5:basic INFO 1001.7518541824757: Sending message <Hello:> to Peer_1:basic
Peer_5:basic INFO 1001.7518541824757: Sending message <RequestPeers:> to Peer_1:basic
Peer_5:basic INFO 1002.1443989784239: Received message <Hello:> from Peer_16:basic
Peer_5:basic INFO 1002.1443989784239: Connecting to Peer_16:basic
Peer_5:basic INFO 1002.1443989784239: Sending message <Hello:> to Peer_16:basic
Peer_5:basic INFO 1002.1443989784239: Sending message <RequestPeers:> to Peer_16:basic
Peer_5:basic INFO 1002.4087206598019: Received message <Hello:> from Peer_12:basic
Peer_5:basic INFO 1002.4087206598019: Connecting to Peer_12:basic
Peer_5:basic INFO 1002.4087206598019: Sending message <Hello:> to Peer_12:basic
Peer_5:basic INFO 1002.4087206598019: Sending message <RequestPeers:> to Peer_12:basic
Peer_5:basic INFO 1002.8777136546195: Received message <RequestPeers:> from Peer_3:basic
Peer_5:basic INFO 1002.8777136546195: Sending message <PeerList> to Peer_3:basic
Peer_5:basic INFO 1002.952431370221: Received message <Hello:> from Peer_3:basic
Peer_5:basic INFO 1004.2588443544755: Received message <PeerList> from Peer_21:bootstrap
Peer_5:basic INFO 1005.029667367939: Received message <PeerList> from Peer_1:basic
Peer_5:basic INFO 1005.1189362819667: Received message <PeerList> from Peer_16:basic
Peer_5:basic INFO 1006.557015823792: Received message <PeerList> from Peer_12:basic
Peer_5:basic INFO 1501.9800323348334: Received message <RequestPeers:> from Peer_1:basic
Peer_5:basic INFO 1501.9800323348334: Sending message <PeerList> to Peer_1:basic
Peer_5:basic INFO 2000: Sending message <Ping:> to Peer_21:bootstrap
Peer_5:basic INFO 2000: Sending message <Ping:> to Peer_3:basic
Peer_5:basic INFO 2000: Sending message <Ping:> to Peer_16:basic
Peer_5:basic INFO 2000: Sending message <Ping:> to Peer_12:basic
Peer_5:basic INFO 2001.1468303639626: Received message <Ping:> from Peer_3:basic
Peer_5:basic INFO 2001.1468303639626: Sending message <Pong:> to Peer_3:basic
Peer_5:basic INFO 2001.1702495150969: Received message <Ping:> from Peer_12:basic
Peer_5:basic INFO 2001.1702495150969: Sending message <Pong:> to Peer_12:basic
Peer_5:basic INFO 2001.3016451423732: Received message <Ping:> from Peer_21:bootstrap
Peer_5:basic INFO 2001.3016451423732: Sending message <Pong:> to Peer_21:bootstrap
Peer_5:basic INFO 2001.7205130060522: Received message <Ping:> from Peer_16:basic
Peer_5:basic INFO 2001.7205130060522: Sending message <Pong:> to Peer_16:basic
Peer_5:basic INFO 2003.3655406706628: Received message <Pong:> from Peer_21:bootstrap
Peer_5:basic INFO 2003.598726701597: Received message <Pong:> from Peer_3:basic
Peer_5:basic INFO 2005.7779862816813: Received message <Pong:> from Peer_12:basic
Peer_5:basic INFO 2007.622824536646: Received message <Pong:> from Peer_16:basic
Peer_5:basic INFO 2500: Sending message <Ping:> to Peer_1:basic
Peer_5:basic INFO 2502.38572024378: Received message <Ping:> from Peer_1:basic
Peer_5:basic INFO 2502.38572024378: Sending message <Pong:> to Peer_1:basic
Peer_5:basic INFO 2503.64546322146: Received message <Pong:> from Peer_1:basic
Peer_5:basic INFO 3000: Sending message <Ping:> to Peer_21:bootstrap
Peer_5:basic INFO 3000: Sending message <Ping:> to Peer_3:basic
Peer_5:basic INFO 3000: Sending message <Ping:> to Peer_16:basic
Peer_5:basic INFO 3000: Sending message <Ping:> to Peer_12:basic
Peer_5:basic INFO 3001.151278496034: Received message <Ping:> from Peer_12:basic
Peer_5:basic INFO 3001.151278496034: Sending message <Pong:> to Peer_12:basic
Peer_5:basic INFO 3001.7965980222543: Received message <Ping:> from Peer_21:bootstrap
Peer_5:basic INFO 3001.7965980222543: Sending message <Pong:> to Peer_21:bootstrap
Peer_5:basic INFO 3002.0395086348817: Received message <Ping:> from Peer_16:basic
Peer_5:basic INFO 3002.0395086348817: Sending message <Pong:> to Peer_16:basic
Peer_5:basic INFO 3002.3253264881696: Received message <Ping:> from Peer_3:basic
Peer_5:basic INFO 3002.3253264881696: Sending message <Pong:> to Peer_3:basic
Peer_5:basic INFO 3002.653960342004: Received message <Pong:> from Peer_21:bootstrap
Peer_5:basic INFO 3003.175101914353: Received message <Pong:> from Peer_12:basic
Peer_5:basic INFO 3004.679997178092: Received message <Pong:> from Peer_3:basic
Peer_5:basic INFO 3005.906807236983: Received message <Pong:> from Peer_16:basic
Peer_5:basic INFO 3500: Sending message <Ping:> to Peer_1:basic
Peer_5:basic INFO 3502.007490455722: Received message <Ping:> from Peer_1:basic
Peer_5:basic INFO 3502.007490455722: Sending message <Pong:> to Peer_1:basic
Peer_5:basic INFO 3505.506360570198: Received message <Pong:> from Peer_1:basic
Peer_5:basic INFO 4000: Sending message <Ping:> to Peer_21:bootstrap
Peer_5:basic INFO 4000: Sending message <Ping:> to Peer_3:basic
Peer_5:basic INFO 4000: Sending message <Ping:> to Peer_16:basic
Peer_5:basic INFO 4000: Sending message <Ping:> to Peer_12:basic
Peer_5:basic INFO 4001.016525250857: Received message <Ping:> from Peer_3:basic
Peer_5:basic INFO 4001.016525250857: Sending message <Pong:> to Peer_3:basic
Peer_5:basic INFO 4001.5905732117094: Received message <Ping:> from Peer_16:basic
Peer_5:basic INFO 4001.5905732117094: Sending message <Pong:> to Peer_16:basic
Peer_5:basic INFO 4001.6565471832723: Received message <Pong:> from Peer_16:basic
Peer_5:basic INFO 4002.0289556457765: Received message <Ping:> from Peer_21:bootstrap
Peer_5:basic INFO 4002.0289556457765: Sending message <Pong:> to Peer_21:bootstrap
Peer_5:basic INFO 4002.7243188993375: Received message <Ping:> from Peer_12:basic
Peer_5:basic INFO 4002.7243188993375: Sending message <Pong:> to Peer_12:basic
Peer_5:basic INFO 4003.5739417932746: Received message <Pong:> from Peer_3:basic
Peer_5:basic INFO 4003.748423197159: Received message <Pong:> from Peer_21:bootstrap
Peer_5:basic INFO 4004.752895086141: Received message <Pong:> from Peer_12:basic
Peer_5:basic INFO 4500: Sending message <Ping:> to Peer_1:basic
Peer_5:basic INFO 4501.517155196474: Received message <Ping:> from Peer_1:basic
Peer_5:basic INFO 4501.517155196474: Sending message <Pong:> to Peer_1:basic
Peer_5:basic INFO 4504.832224168941: Received message <Pong:> from Peer_1:basic
Peer_5:basic INFO 5000: Sending message <Ping:> to Peer_21:bootstrap
Peer_5:basic INFO 5000: Sending message <Ping:> to Peer_3:basic
Peer_5:basic INFO 5000: Sending message <Ping:> to Peer_16:basic
Peer_5:basic INFO 5000: Sending message <Ping:> to Peer_12:basic
Peer_5:basic INFO 5001.573452947361: Received message <Ping:> from Peer_21:bootstrap
Peer_5:basic INFO 5001.573452947361: Sending message <Pong:> to Peer_21:bootstrap
Peer_5:basic INFO 5001.781419108651: Received message <Ping:> from Peer_3:basic
Peer_5:basic INFO 5001.781419108651: Sending message <Pong:> to Peer_3:basic
Peer_5:basic INFO 5002.193720950209: Received message <Ping:> from Peer_12:basic
Peer_5:basic INFO 5002.193720950209: Sending message <Pong:> to Peer_12:basic
Peer_5:basic INFO 5003.247164860915: Received message <Ping:> from Peer_16:basic
Peer_5:basic INFO 5003.247164860915: Sending message <Pong:> to Peer_16:basic
Peer_5:basic INFO 5003.826061144237: Received message <Pong:> from Peer_3:basic
Peer_5:basic INFO 5004.778629625793: Received message <Pong:> from Peer_12:basic
Peer_5:basic INFO 5005.180405960234: Received message <Pong:> from Peer_21:bootstrap
Peer_5:basic INFO 5007.307910117749: Received message <Pong:> from Peer_16:basic
Peer_5:basic INFO 5500: Sending message <Ping:> to Peer_1:basic
Peer_5:basic INFO 5502.029921550332: Received message <Ping:> from Peer_1:basic
Peer_5:basic INFO 5502.029921550332: Sending message <Pong:> to Peer_1:basic
Peer_5:basic INFO 5504.809640694375: Received message <Pong:> from Peer_1:basic
Peer_5:basic INFO 6000: Sending message <Ping:> to Peer_21:bootstrap
Peer_5:basic INFO 6000: Sending message <Ping:> to Peer_3:basic
Peer_5:basic INFO 6000: Sending message <Ping:> to Peer_16:basic
Peer_5:basic INFO 6000: Sending message <Ping:> to Peer_12:basic
Peer_5:basic INFO 6002.343551509285: Received message <Ping:> from Peer_12:basic
Peer_5:basic INFO 6002.343551509285: Sending message <Pong:> to Peer_12:basic
Peer_5:basic INFO 6002.53916279948: Received message <Ping:> from Peer_16:basic
Peer_5:basic INFO 6002.53916279948: Sending message <Pong:> to Peer_16:basic
Peer_5:basic INFO 6003.002871639426: Received message <Ping:> from Peer_21:bootstrap
Peer_5:basic INFO 6003.002871639426: Sending message <Pong:> to Peer_21:bootstrap
Peer_5:basic INFO 6003.063576089796: Received message <Pong:> from Peer_12:basic
Peer_5:basic INFO 6003.206688938395: Received message <Ping:> from Peer_3:basic
Peer_5:basic INFO 6003.206688938395: Sending message <Pong:> to Peer_3:basic
Peer_5:basic INFO 6003.338233603183: Received message <Pong:> from Peer_3:basic
Peer_5:basic INFO 6003.955504580632: Received message <Pong:> from Peer_16:basic
Peer_5:basic INFO 6004.971884739819: Received message <Pong:> from Peer_21:bootstrap
Peer_5:basic INFO 6500: Sending message <Ping:> to Peer_1:basic
Peer_5:basic INFO 6501.8803107213635: Received message <Ping:> from Peer_1:basic
Peer_5:basic INFO 6501.8803107213635: Sending message <Pong:> to Peer_1:basic
Peer_5:basic INFO 6503.118540444272: Received message <Pong:> from Peer_1:basic
