Peer_18:basic WARNING 0: Not enough peers, fetching more (0, 4)
Peer_18:basic INFO 3.7581322202398413: Connecting to Peer_21:bootstrap
Peer_18:basic INFO 6.724206517138708: Received message <Hello:> from Peer_21:bootstrap
Peer_18:basic INFO 7.339902641099871: Received message <RequestPeers:> from Peer_21:bootstrap
Peer_18:basic INFO 7.339902641099871: Sending message <PeerList> to Peer_21:bootstrap
Peer_18:basic WARNING 500: Not enough peers, fetching more (1, 4)
Peer_18:basic INFO 500: Sending message <RequestPeers:> to Peer_21:bootstrap
Peer_18:basic INFO 504.8283551579567: Received message <PeerList> from Peer_21:bootstrap
Peer_18:basic WARNING 1000: Not enough peers, fetching more (1, 4)
Peer_18:basic INFO 1000: Sending message <RequestPeers:> to Peer_21:bootstrap
Peer_18:basic INFO 1001.0393895654329: Received message <Hello:> from Peer_9:basic
Peer_18:basic INFO 1001.0393895654329: Connecting to Peer_9:basic
Peer_18:basic INFO 1001.0393895654329: Sending message <Hello:> to Peer_9:basic
Peer_18:basic INFO 1001.0393895654329: Sending message <RequestPeers:> to Peer_9:basic
Peer_18:basic INFO 1003.5366256114297: Received message <PeerList> from Peer_9:basic
Peer_18:basic INFO 1004.307924476887: Received message <PeerList> from Peer_21:bootstrap
Peer_18:basic WARNING 1500: Not enough peers, fetching more (2, 4)
Peer_18:basic INFO 1500.8422088370962: Connecting to Peer_6:basic
Peer_18:basic INFO 1500.953881303744: Received message <Hello:> from Peer_6:basic
Peer_18:basic INFO 1501.1210690159887: Received message <Hello:> from Peer_4:basic
Peer_18:basic INFO 1501.1210690159887: Connecting to Peer_4:basic
Peer_18:basic INFO 1501.1210690159887: Sending message <Hello:> to Peer_4:basic
Peer_18:basic INFO 1501.1210690159887: Sending message <RequestPeers:> to Peer_4:basic
Peer_18:basic INFO 1501.9730494074452: Received message <RequestPeers:> from Peer_6:basic
Peer_18:basic INFO 1501.9730494074452: Sending message <PeerList> to Peer_6:basic
Peer_18:basic INFO 1503.011855596259: Received message <PeerList> from Peer_4:basic
Peer_18:basic INFO 1503.540533724712: Received message <Hello:> from Peer_6:basic
Peer_18:basic INFO 1503.9167409375589: Connecting to Peer_15:basic
Peer_18:basic INFO 1506.4475990537144: Received message <Hello:> from Peer_15:basic
Peer_18:basic INFO 1506.8976161486994: Received message <RequestPeers:> from Peer_15:basic
Peer_18:basic INFO 1506.8976161486994: Sending message <PeerList> to Peer_15:basic
Peer_18:basic INFO 2000: Sending message <Ping:> to Peer_21:bootstrap
Peer_18:basic INFO 2000: Sending message <Ping:> to Peer_9:basic
Peer_18:basic INFO 2001.0707330633609: Received message <Ping:> from Peer_9:basic
Peer_18:basic INFO 2001.0707330633609: Sending message <Pong:> to Peer_9:basic
Peer_18:basic INFO 2001.3730469124769: Received message <Ping:> from Peer_21:bootstrap
Peer_18:basic INFO 2001.3730469124769: Sending message <Pong:> to Peer_21:bootstrap
Peer_18:basic INFO 2002.4389589246357: Received message <Pong:> from Peer_21:bootstrap
Peer_18:basic INFO 2005.3171063439565: Received message <Pong:> from Peer_9:basic
Peer_18:basic INFO 2500: Sending message <Ping:> to Peer_6:basic
Peer_18:basic INFO 2500: Sending message <Ping:> to Peer_4:basic
Peer_18:basic INFO 2500: Sending message <Ping:> to Peer_15:basic
Peer_18:basic INFO 2500.7703421902042: Received message <Ping:> from Peer_6:basic
Peer_18:basic INFO 2500.7703421902042: Sending message <Pong:> to Peer_6:basic
Peer_18:basic INFO 2500.999288459364: Received message <Ping:> from Peer_4:basic
Peer_18:basic INFO 2500.999288459364: Sending message <Pong:> to Peer_4:basic
Peer_18:basic INFO 2501.099344766594: Received message <Pong:> from Peer_6:basic
Peer_18:basic INFO 2502.1533420382466: Received message <Pong:> from Peer_4:basic
Peer_18:basic INFO 2502.365639106014: Received message <Ping:> from Peer_15:basic
Peer_18:basic INFO 2502.365639106014: Sending message <Pong:> to Peer_15:basic
Peer_18:basic INFO 2505.746166493581: Received message <Pong:> from Peer_15:basic
Peer_18:basic INFO 3000: Sending message <Ping:> to Peer_21:bootstrap
Peer_18:basic INFO 3000: Sending message <Ping:> to Peer_9:basic
Peer_18:basic INFO 3001.6473715617926: Received message <Ping:> from Peer_9:basic
Peer_18:basic INFO 3001.6473715617926: Sending message <Pong:> to Peer_9:basic
Peer_18:basic INFO 3004.200473293281: Received message <Ping:> from Peer_21:bootstrap
Peer_18:basic INFO 3004.200473293281: Sending message <Pong:> to Peer_21:bootstrap
Peer_18:basic INFO 3004.941213614938: Received message <Pong:> from Peer_9:basic
Peer_18:basic INFO 3007.545964919113: Received message <Pong:> from Peer_21:bootstrap
Peer_18:basic INFO 3500: Sending message <Ping:> to Peer_6:basic
Peer_18:basic INFO 3500: Sending message <Ping:> to Peer_4:basic
Peer_18:basic INFO 3500: Sending message <Ping:> to Peer_15:basic
Peer_18:basic INFO 3500.9209328956567: Received message <Ping:> from Peer_4:basic
Peer_18:basic INFO 3500.9209328956567: Sending message <Pong:> to Peer_4:basic
Peer_18:basic INFO 3501.5424881857866: Received message <Pong:> from Peer_6:basic
Peer_18:basic INFO 3501.8416744465158: Received message <Ping:> from Peer_15:basic
Peer_18:basic INFO 3501.8416744465158: Sending message <Pong:> to Peer_15:basic
Peer_18:basic INFO 3502.0883716403105: Received message <Ping:> from Peer_6:basic
Peer_18:basic INFO 3502.0883716403105: Sending message <Pong:> to Peer_6:basic
Peer_18:basic INFO 3502.4585328967332: Received message <Pong:> from Peer_4:basic
Peer_18:basic INFO 3505.5999089441225: Received message <Pong:> from Peer_15:basic
Peer_18:basic INFO 4000: Sending message <Ping:> to Peer_21:bootstrap
Peer_18:basic INFO 4000: Sending message <Ping:> to Peer_9:basic
Peer_18:basic INFO 4001.8253079412943: Received message <Ping:> from Peer_21:bootstrap
Peer_18:basic INFO 4001.8253079412943: Sending message <Pong:> to Peer_21:bootstrap
Peer_18:basic INFO 4002.8149310116237: Received message <Ping:> from Peer_9:basic
Peer_18:basic INFO 4002.8149310116237: Sending message <Pong:> to Peer_9:basic
Peer_18:basic INFO 4003.9287797557295: Received message <Pong:> from Peer_9:basic
Peer_18:basic INFO 4004.437162651323: Received message <Pong:> from Peer_21:bootstrap
Peer_18:basic INFO 4500: Sending message <Ping:> to Peer_6:basic
Peer_18:basic INFO 4500: Sending message <Ping:> to Peer_4:basic
Peer_18:basic INFO 4500: Sending message <Ping:> to Peer_15:basic
Peer_18:basic INFO 4501.071564337045: Received message <Ping:> from Peer_6:basic
Peer_18:basic INFO 4501.071564337045: Sending message <Pong:> to Peer_6:basic
Peer_18:basic INFO 4501.2909454828405: Received message <Ping:> from Peer_4:basic
Peer_18:basic INFO 4501.2909454828405: Sending message <Pong:> to Peer_4:basic
Peer_18:basic INFO 4501.972003972302: Received message <Pong:> from Peer_6:basic
Peer_18:basic INFO 4502.258014538033: Received message <Ping:> from Peer_15:basic
Peer_18:basic INFO 4502.258014538033: Sending message <Pong:> to Peer_15:basic
Peer_18:basic INFO 4502.6487641983795: Received message <Pong:> from Peer_4:basic
Peer_18:basic INFO 4504.387360168357: Received message <Pong:> from Peer_15:basic
Peer_18:basic INFO 5000: Sending message <Ping:> to Peer_21:bootstrap
Peer_18:basic INFO 5000: Sending message <Ping:> to Peer_9:basic
Peer_18:basic INFO 5001.582843027454: Received message <Ping:> from Peer_9:basic
Peer_18:basic INFO 5001.582843027454: Sending message <Pong:> to Peer_9:basic
Peer_18:basic INFO 5001.7624890776815: Received message <Ping:> from Peer_21:bootstrap
Peer_18:basic INFO 5001.7624890776815: Sending message <Pong:> to Peer_21:bootstrap
Peer_18:basic INFO 5004.485842201033: Received message <Pong:> from Peer_9:basic
Peer_18:basic INFO 5004.532451902174: Received message <Pong:> from Peer_21:bootstrap
Peer_18:basic INFO 5500: Sending message <Ping:> to Peer_6:basic
Peer_18:basic INFO 5500: Sending message <Ping:> to Peer_4:basic
Peer_18:basic INFO 5500: Sending message <Ping:> to Peer_15:basic
Peer_18:basic INFO 5500.512007729354: Received message <Ping:> from Peer_6:basic
Peer_18:basic INFO 5500.512007729354: Sending message <Pong:> to Peer_6:basic
Peer_18:basic INFO 5501.01078269712: Received message <Ping:> from Peer_4:basic
Peer_18:basic INFO 5501.01078269712: Sending message <Pong:> to Peer_4:basic
Peer_18:basic INFO 5502.9441059077735: Received message <Pong:> from Peer_6:basic
Peer_18:basic INFO 5504.366175205688: Received message <Pong:> from Peer_4:basic
Peer_18:basic INFO 5504.72316914894: Received message <Ping:> from Peer_15:basic
Peer_18:basic INFO 5504.72316914894: Sending message <Pong:> to Peer_15:basic
Peer_18:basic INFO 5505.98106280914: Received message <Pong:> from Peer_15:basic
Peer_18:basic INFO 6000: Sending message <Ping:> to Peer_21:bootstrap
Peer_18:basic INFO 6000: Sending message <Ping:> to Peer_9:basic
Peer_18:basic INFO 6001.475311671618: Received message <Ping:> from Peer_21:bootstrap
Peer_18:basic INFO 6001.475311671618: Sending message <Pong:> to Peer_21:bootstrap
Peer_18:basic INFO 6003.088443309202: Received message <Ping:> from Peer_9:basic
Peer_18:basic INFO 6003.088443309202: Sending message <Pong:> to Peer_9:basic
Peer_18:basic INFO 6003.933322479811: Received message <Pong:> from Peer_21:bootstrap
Peer_18:basic INFO 6004.621135475502: Received message <Pong:> from Peer_9:basic
Peer_18:basic INFO 6500: Sending message <Ping:> to Peer_6:basic
Peer_18:basic INFO 6500: Sending message <Ping:> to Peer_4:basic
Peer_18:basic INFO 6500: Sending message <Ping:> to Peer_15:basic
Peer_18:basic INFO 6501.064367275399: Received message <Ping:> from Peer_6:basic
Peer_18:basic INFO 6501.064367275399: Sending message <Pong:> to Peer_6:basic
Peer_18:basic INFO 6501.098761172606: Received message <Ping:> from Peer_4:basic
Peer_18:basic INFO 6501.098761172606: Sending message <Pong:> to Peer_4:basic
Peer_18:basic INFO 6501.193312210086: Received message <Pong:> from Peer_6:basic
Peer_18:basic INFO 6501.571573070062: Received message <Pong:> from Peer_4:basic
Peer_18:basic INFO 6501.636540033974: Received message <Pong:> from Peer_15:basic
Peer_18:basic INFO 6502.331919200854: Received message <Ping:> from Peer_15:basic
Peer_18:basic INFO 6502.331919200854: Sending message <Pong:> to Peer_15:basic
