Peer_16:basic WARNING 0: Not enough peers, fetching more (0, 4)
Peer_16:basic INFO 0.5652349923710487: Connecting to Peer_21:bootstrap
Peer_16:basic INFO 1.8525926938090256: Received message <RequestPeers:> from Peer_21:bootstrap
Peer_16:basic INFO 1.8525926938090256: Sending message <PeerList> to Peer_21:bootstrap
Peer_16:basic INFO 2.465163527022231: Received message <Hello:> from Peer_21:bootstrap
Peer_16:basic WARNING 500: Not enough peers, fetching more (1, 4)
Peer_16:basic INFO 500: Sending message <RequestPeers:> to Peer_21:bootstrap
Peer_16:basic INFO 502.9753709319806: Received message <PeerList> from Peer_21:bootstrap
Peer_16:basic WARNING 1000: Not enough peers, fetching more (1, 4)
Peer_16:basic INFO 1000: Sending message <RequestPeers:> to Peer_21:bootstrap
Peer_16:basic INFO 1002.1443989784239: Connecting to Peer_5:basic
Peer_16:basic INFO 1003.0513583123737: Received message <Hello:> from Peer_5:basic
Peer_16:basic INFO 1003.4457626921849: Received message <RequestPeers:> from Peer_5:basic
Peer_16:basic INFO 1003.4457626921849: Sending message <PeerList> to Peer_5:basic
Peer_16:basic INFO 1003.8526253766827: Received message <Hello:> from Peer_10:basic
Peer_16:basic INFO 1003.8526253766827: Connecting to Peer_10:basic
Peer_16:basic INFO 1003.8526253766827: Sending message <Hello:> to Peer_10:basic
Peer_16:basic INFO 1003.8526253766827: Sending message <RequestPeers:> to Peer_10:basic
Peer_16:basic INFO 1006.114660030582: Received message <PeerList> from Peer_21:bootstrap
Peer_16:basic INFO 1008.9418825734673: Received message <PeerList> from Peer_10:basic
Peer_16:basic WARNING 1500: Not enough peers, fetching more (3, 4)
Peer_16:basic INFO 1501.3514773164316: Received message <RequestPeers:> from Peer_10:basic
Peer_16:basic INFO 1501.3514773164316: Sending message <PeerList> to Peer_10:basic
Peer_16:basic INFO 1503.3541859249028: Connecting to Peer_19:basic
Peer_16:basic INFO 1506.2337380490058: Received message <Hello:> from Peer_19:basic
Peer_16:basic INFO 1507.5965315657004: Received message <RequestPeers:> from Peer_19:basic
Peer_16:basic INFO 1507.5965315657004: Sending message <PeerList> to Peer_19:basic
Peer_16:basic INFO 2000: Sending message <Ping:> to Peer_21:bootstrap
Peer_16:basic INFO 2000: Sending message <Ping:> to Peer_5:basic
Peer_16:basic INFO 2003.6383403454622: Received message <Ping:> from Peer_5:basic
Peer_16:basic INFO 2003.6383403454622: Sending message <Pong:> to Peer_5:basic
Peer_16:basic INFO 2004.4496079979629: Received message <Pong:> from Peer_21:bootstrap
Peer_16:basic INFO 2004.510933324708: Received message <Ping:> from Peer_21:bootstrap
Peer_16:basic INFO 2004.510933324708: Sending message <Pong:> to Peer_21:bootstrap
Peer_16:basic INFO 2005.5711377308028: Received message <Pong:> from Peer_5:basic
Peer_16:basic INFO 2500: Sending message <Ping:> to Peer_10:basic
Peer_16:basic INFO 2500: Sending message <Ping:> to Peer_19:basic
Peer_16:basic INFO 2503.3710130465015: Received message <Ping:> from Peer_10:basic
Peer_16:basic INFO 2503.3710130465015: Sending message <Pong:> to Peer_10:basic
Peer_16:basic INFO 2503.3732849738326: Received message <Pong:> from Peer_10:basic
Peer_16:basic INFO 2503.9676521399933: Received message <Pong:> from Peer_19:basic
Peer_16:basic INFO 2504.0292296085204: Received message <Ping:> from Peer_19:basic
Peer_16:basic INFO 2504.0292296085204: Sending message <Pong:> to Peer_19:basic
Peer_16:basic INFO 3000: Sending message <Ping:> to Peer_21:bootstrap
Peer_16:basic INFO 3000: Sending message <Ping:> to Peer_5:basic
Peer_16:basic INFO 3002.5831499791966: Received message <Ping:> from Peer_21:bootstrap
Peer_16:basic INFO 3002.5831499791966: Sending message <Pong:> to Peer_21:bootstrap
Peer_16:basic INFO 3004.1018221232566: Received message <Ping:> from Peer_5:basic
Peer_16:basic INFO 3004.1018221232566: Sending message <Pong:> to Peer_5:basic
Peer_16:basic INFO 3004.9707510817157: Received message <Pong:> from Peer_21:bootstrap
Peer_16:basic INFO 3005.2645141757766: Received message <Pong:> from Peer_5:basic
Peer_16:basic INFO 3500: Sending message <Ping:> to Peer_10:basic
Peer_16:basic INFO 3500: Sending message <Ping:> to Peer_19:basic
Peer_16:basic INFO 3501.9712864758053: Received message <Ping:> from Peer_10:basic
Peer_16:basic INFO 3501.9712864758053: Sending message <Pong:> to Peer_10:basic
Peer_16:basic INFO 3502.059177311797: Received message <Ping:> from Peer_19:basic
Peer_16:basic INFO 3502.059177311797: Sending message <Pong:> to Peer_19:basic
Peer_16:basic INFO 3503.823241701168: Received message <Pong:> from Peer_19:basic
Peer_16:basic INFO 3504.9346913402546: Received message <Pong:> from Peer_10:basic
Peer_16:basic INFO 4000: Sending message <Ping:> to Peer_21:bootstrap
Peer_16:basic INFO 4000: Sending message <Ping:> to Peer_5:basic
Peer_16:basic INFO 4000.0101507293743: Received message <Ping:> from Peer_5:basic
Peer_16:basic INFO 4000.0101507293743: Sending message <Pong:> to Peer_5:basic
Peer_16:basic INFO 4002.7101698193483: Received message <Ping:> from Peer_21:bootstrap
Peer_16:basic INFO 4002.7101698193483: Sending message <Pong:> to Peer_21:bootstrap
Peer_16:basic INFO 4004.1056321474503: Received message <Pong:> from Peer_5:basic
Peer_16:basic INFO 4007.718871019735: Received message <Pong:> from Peer_21:bootstrap
Peer_16:basic INFO 4500: Sending message <Ping:> to Peer_10:basic
Peer_16:basic INFO 4500: Sending message <Ping:> to Peer_19:basic
Peer_16:basic INFO 4502.964831259116: Received message <Ping:> from Peer_19:basic
Peer_16:basic INFO 4502.964831259116: Sending message <Pong:> to Peer_19:basic
Peer_16:basic INFO 4503.957731344831: Received message <Ping:> from Peer_10:basic
Peer_16:basic INFO 4503.957731344831: Sending message <Pong:> to Peer_10:basic
Peer_16:basic INFO 4504.041741673274: Received message <Pong:> from Peer_19:basic
Peer_16:basic INFO 4506.078884893418: Received message <Pong:> from Peer_10:basic
Peer_16:basic INFO 5000: Sending message <Ping:> to Peer_21:bootstrap
Peer_16:basic INFO 5000: Sending message <Ping:> to Peer_5:basic
Peer_16:basic INFO 5001.218716017439: Received message <Ping:> from Peer_21:bootstrap
Peer_16:basic INFO 5001.218716017439: Sending message <Pong:> to Peer_21:bootstrap
Peer_16:basic INFO 5002.774280337922: Received message <Ping:> from Peer_5:basic
Peer_16:basic INFO 5002.774280337922: Sending message <Pong:> to Peer_5:basic
Peer_16:basic INFO 5005.547175567306: Received message <Pong:> from Peer_5:basic
Peer_16:basic INFO 5007.005713541533: Received message <Pong:> from Peer_21:bootstrap
Peer_16:basic INFO 5500: Sending message <Ping:> to Peer_10:basic
Peer_16:basic INFO 5500: Sending message <Ping:> to Peer_19:basic
Peer_16:basic INFO 5500.423770836623: Received message <Ping:> from Peer_19:basic
Peer_16:basic INFO 5500.423770836623: Sending message <Pong:> to Peer_19:basic
Peer_16:basic INFO 5501.922430012548: Received message <Ping:> from Peer_10:basic
Peer_16:basic INFO 5501.922430012548: Sending message <Pong:> to Peer_10:basic
Peer_16:basic INFO 5505.532440803081: Received message <Pong:> from Peer_10:basic
Peer_16:basic INFO 5506.4600734718015: Received message <Pong:> from Peer_19:basic
Peer_16:basic INFO 6000: Sending message <Ping:> to Peer_21:bootstrap
Peer_16:basic INFO 6000: Sending message <Ping:> to Peer_5:basic
Peer_16:basic INFO 6002.876932742433: Received message <Ping:> from Peer_21:bootstrap
Peer_16:basic INFO 6002.876932742433: Sending message <Pong:> to Peer_21:bootstrap
Peer_16:basic INFO 6003.955495445758: Received message <Ping:> from Peer_5:basic
Peer_16:basic INFO 6003.955495445758: Sending message <Pong:> to Peer_5:basic
Peer_16:basic INFO 6004.8455684431165: Received message <Pong:> from Peer_5:basic
Peer_16:basic INFO 6006.016378126658: Received message <Pong:> from Peer_21:bootstrap
Peer_16:basic INFO 6500: Sending message <Ping:> to Peer_10:basic
Peer_16:basic INFO 6500: Sending message <Ping:> to Peer_19:basic
Peer_16:basic INFO 6501.32668230134: Received message <Ping:> from Peer_10:basic
Peer_16:basic INFO 6501.32668230134: Sending message <Pong:> to Peer_10:basic
Peer_16:basic INFO 6502.782926909278: Received message <Ping:> from Peer_19:basic
Peer_16:basic INFO 6502.782926909278: Sending message <Pong:> to Peer_19:basic
Peer_16:basic INFO 6504.167362812068: Received message <Pong:> from Peer_10:basic
Peer_16:basic INFO 6504.321505010114: Received message <Pong:> from Peer_19:basic
