Peer_2:basic WARNING 0: Not enough peers, fetching more (0, 4)
Peer_2:basic INFO 4.86996309288388: Connecting to Peer_21:bootstrap
Peer_2:basic INFO 6.728589901175096: Received message <RequestPeers:> from Peer_21:bootstrap
Peer_2:basic INFO 6.728589901175096: Sending message <PeerList> to Peer_21:bootstrap
Peer_2:basic INFO 8.658119551440768: Received message <Hello:> from Peer_21:bootstrap
Peer_2:basic WARNING 500: Not enough peers, fetching more (1, 4)
Peer_2:basic INFO 500: Sending message <RequestPeers:> to Peer_21:bootstrap
Peer_2:basic INFO 507.0706473469105: Received message <PeerList> from Peer_21:bootstrap
Peer_2:basic WARNING 1000: Not enough peers, fetching more (1, 4)
Peer_2:basic INFO 1000: Sending message <RequestPeers:> to Peer_21:bootstrap
Peer_2:basic INFO 1001.5826572960104: Connecting to Peer_3:basic
Peer_2:basic INFO 1002.0297888407576: Received message <Hello:> from Peer_19:basic
Peer_2:basic INFO 1002.0297888407576: Connecting to Peer_19:basic
Peer_2:basic INFO 1002.0297888407576: Sending message <Hello:> to Peer_19:basic
Peer_2:basic INFO 1002.0297888407576: Sending message <RequestPeers:> to Peer_19:basic
Peer_2:basic INFO 1003.1273387521284: Received message <Hello:> from Peer_3:basic
Peer_2:basic INFO 1003.6127971465423: Received message <PeerList> from Peer_21:bootstrap
Peer_2:basic INFO 1004.2296402950869: Received message <RequestPeers:> from Peer_3:basic
Peer_2:basic INFO 1004.2296402950869: Sending message <PeerList> to Peer_3:basic
Peer_2:basic INFO 1010.1086152065326: Received message <PeerList> from Peer_19:basic
Peer_2:basic WARNING 1500: Not enough peers, fetching more (3, 4)
Peer_2:basic INFO 1500.9413907613482: Received message <Hello:> from Peer_20:basic
Peer_2:basic INFO 1500.9413907613482: Connecting to Peer_20:basic
Peer_2:basic INFO 1500.9413907613482: Sending message <Hello:> to Peer_20:basic
Peer_2:basic INFO 1500.9413907613482: Sending message <RequestPeers:> to Peer_20:basic
Peer_2:basic INFO 1501.89598508542: Connecting to Peer_7:basic
Peer_2:basic INFO 1503.1806236371785: Received message <Hello:> from Peer_7:basic
Peer_2:basic INFO 1503.2905771608096: Received message <PeerList> from Peer_20:basic
Peer_2:basic INFO 1503.850347640258: Received message <RequestPeers:> from Peer_19:basic
Peer_2:basic INFO 1503.850347640258: Sending message <PeerList> to Peer_19:basic
Peer_2:basic INFO 1506.6113450240657: Received message <RequestPeers:> from Peer_7:basic
Peer_2:basic INFO 1506.6113450240657: Sending message <PeerList> to Peer_7:basic
Peer_2:basic INFO 2000: Sending message <Ping:> to Peer_21:bootstrap
Peer_2:basic INFO 2000: Sending message <Ping:> to Peer_3:basic
Peer_2:basic INFO 2001.8127707718622: Received message <Ping:> from Peer_21:bootstrap
Peer_2:basic INFO 2001.8127707718622: Sending message <Pong:> to Peer_21:bootstrap
Peer_2:basic INFO 2003.4600279639644: Received message <Ping:> from Peer_3:basic
Peer_2:basic INFO 2003.4600279639644: Sending message <Pong:> to Peer_3:basic
Peer_2:basic INFO 2004.2214640259258: Received message <Pong:> from Peer_3:basic
Peer_2:basic INFO 2008.3151717143676: Received message <Pong:> from Peer_21:bootstrap
Peer_2:basic INFO 2500: Sending message <Ping:> to Peer_19:basic
Peer_2:basic INFO 2500: Sending message <Ping:> to Peer_20:basic
Peer_2:basic INFO 2500: Sending message <Ping:> to Peer_7:basic
Peer_2:basic INFO 2500.6733273684254: Received message <Ping:> from Peer_20:basic
Peer_2:basic INFO 2500.6733273684254: Sending message <Pong:> to Peer_20:basic
Peer_2:basic INFO 2501.2687002590505: Received message <Pong:> from Peer_20:basic
Peer_2:basic INFO 2501.4208009228646: Received message <Ping:> from Peer_7:basic
Peer_2:basic INFO 2501.4208009228646: Sending message <Pong:> to Peer_7:basic
Peer_2:basic INFO 2502.458408719488: Received message <Ping:> from Peer_19:basic
Peer_2:basic INFO 2502.458408719488: Sending message <Pong:> to Peer_19:basic
Peer_2:basic INFO 2503.798608392711: Received message <Pong:> from Peer_7:basic
Peer_2:basic INFO 2504.5110268705625: Received message <Pong:> from Peer_19:basic
Peer_2:basic INFO 3000: Sending message <Ping:> to Peer_21:bootstrap
Peer_2:basic INFO 3000: Sending message <Ping:> to Peer_3:basic
Peer_2:basic INFO 3001.72201938981: Received message <Ping:> from Peer_21:bootstrap
Peer_2:basic INFO 3001.72201938981: Sending message <Pong:> to Peer_21:bootstrap
Peer_2:basic INFO 3002.5178661374966: Received message <Pong:> from Peer_3:basic
Peer_2:basic INFO 3003.5247504388626: Received message <Ping:> from Peer_3:basic
Peer_2:basic INFO 3003.5247504388626: Sending message <Pong:> to Peer_3:basic
Peer_2:basic INFO 3003.949053929147: Received message <Pong:> from Peer_21:bootstrap
Peer_2:basic INFO 3500: Sending message <Ping:> to Peer_19:basic
Peer_2:basic INFO 3500: Sending message <Ping:> to Peer_20:basic
Peer_2:basic INFO 3500: Sending message <Ping:> to Peer_7:basic
Peer_2:basic INFO 3501.3855831449628: Received message <Pong:> from Peer_20:basic
Peer_2:basic INFO 3501.86795832113: Received message <Ping:> from Peer_20:basic
Peer_2:basic INFO 3501.86795832113: Sending message <Pong:> to Peer_20:basic
Peer_2:basic INFO 3502.0300853318795: Received message <Ping:> from Peer_19:basic
Peer_2:basic INFO 3502.0300853318795: Sending message <Pong:> to Peer_19:basic
Peer_2:basic INFO 3503.0679623505002: Received message <Ping:> from Peer_7:basic
Peer_2:basic INFO 3503.0679623505002: Sending message <Pong:> to Peer_7:basic
Peer_2:basic INFO 3505.5163197204106: Received message <Pong:> from Peer_7:basic
Peer_2:basic INFO 3508.7846886710568: Received message <Pong:> from Peer_19:basic
Peer_2:basic INFO 4000: Sending message <Ping:> to Peer_21:bootstrap
Peer_2:basic INFO 4000: Sending message <Ping:> to Peer_3:basic
Peer_2:basic INFO 4002.395328587472: Received message <Ping:> from Peer_21:bootstrap
Peer_2:basic INFO 4002.395328587472: Sending message <Pong:> to Peer_21:bootstrap
Peer_2:basic INFO 4003.1323909814696: Received message <Ping:> from Peer_3:basic
Peer_2:basic INFO 4003.1323909814696: Sending message <Pong:> to Peer_3:basic
Peer_2:basic INFO 4005.862342821483: Received message <Pong:> from Peer_21:bootstrap
Peer_2:basic INFO 4007.2421310769673: Received message <Pong:> from Peer_3:basic
Peer_2:basic INFO 4500: Sending message <Ping:> to Peer_19:basic
Peer_2:basic INFO 4500: Sending message <Ping:> to Peer_20:basic
Peer_2:basic INFO 4500: Sending message <Ping:> to Peer_7:basic
Peer_2:basic INFO 4501.460212203938: Received message <Ping:> from Peer_20:basic
Peer_2:basic INFO 4501.460212203938: Sending message <Pong:> to Peer_20:basic
Peer_2:basic INFO 4501.945847798902: Received message <Pong:> from Peer_20:basic
Peer_2:basic INFO 4502.048104037151: Received message <Ping:> from Peer_19:basic
Peer_2:basic INFO 4502.048104037151: Sending message <Pong:> to Peer_19:basic
Peer_2:basic INFO 4502.294905954364: Received message <Ping:> from Peer_7:basic
Peer_2:basic INFO 4502.294905954364: Sending message <Pong:> to Peer_7:basic
Peer_2:basic INFO 4504.8977906073205: Received message <Pong:> from Peer_19:basic
Peer_2:basic INFO 4507.455576425359: Received message <Pong:> from Peer_7:basic
Peer_2:basic INFO 5000: Sending message <Ping:> to Peer_21:bootstrap
Peer_2:basic INFO 5000: Sending message <Ping:> to Peer_3:basic
Peer_2:basic INFO 5000.640991712747: Received message <Ping:> from Peer_21:bootstrap
Peer_2:basic INFO 5000.640991712747: Sending message <Pong:> to Peer_21:bootstrap
Peer_2:basic INFO 5003.095111154001: Received message <Ping:> from Peer_3:basic
Peer_2:basic INFO 5003.095111154001: Sending message <Pong:> to Peer_3:basic
Peer_2:basic INFO 5003.731935818205: Received message <Pong:> from Peer_21:bootstrap
Peer_2:basic INFO 5004.53212016941: Received message <Pong:> from Peer_3:basic
Peer_2:basic INFO 5500: Sending message <Ping:> to Peer_19:basic
Peer_2:basic INFO 5500: Sending message <Ping:> to Peer_20:basic
Peer_2:basic INFO 5500: Sending message <Ping:> to Peer_7:basic
Peer_2:basic INFO 5500.598780223695: Received message <Ping:> from Peer_20:basic
Peer_2:basic INFO 5500.598780223695: Sending message <Pong:> to Peer_20:basic
Peer_2:basic INFO 5502.547845714205: Received message <Pong:> from Peer_20:basic
Peer_2:basic INFO 5502.751324653154: Received message <Ping:> from Peer_19:basic
Peer_2:basic INFO 5502.751324653154: Sending message <Pong:> to Peer_19:basic
Peer_2:basic INFO 5503.014535840262: Received message <Pong:> from Peer_7:basic
Peer_2:basic INFO 5503.124536597056: Received message <Ping:> from Peer_7:basic
Peer_2:basic INFO 5503.124536597056: Sending message <Pong:> to Peer_7:basic
Peer_2:basic INFO 5505.27331652534: Received message <Pong:> from Peer_19:basic
Peer_2:basic INFO 6000: Sending message <Ping:> to Peer_21:bootstrap
Peer_2:basic INFO 6000: Sending message <Ping:> to Peer_3:basic
Peer_2:basic INFO 6001.0697872915025: Received message <Ping:> from Peer_3:basic
Peer_2:basic INFO 6001.0697872915025: Sending message <Pong:> to Peer_3:basic
Peer_2:basic INFO 6001.105480364986: Received message <Ping:> from Peer_21:bootstrap
Peer_2:basic INFO 6001.105480364986: Sending message <Pong:> to Peer_21:bootstrap
Peer_2:basic INFO 6003.926256454033: Received message <Pong:> from Peer_3:basic
Peer_2:basic INFO 6005.995282442111: Received message <Pong:> from Peer_21:bootstrap
Peer_2:basic INFO 6500: Sending message <Ping:> to Peer_19:basic
Peer_2:basic INFO 6500: Sending message <Ping:> to Peer_20:basic
Peer_2:basic INFO 6500: Sending message <Ping:> to Peer_7:basic
Peer_2:basic INFO 6500.356142676044: Received message <Ping:> from Peer_7:basic
Peer_2:basic INFO 6500.356142676044: Sending message <Pong:> to Peer_7:basic
Peer_2:basic INFO 6500.678564766184: Received message <Ping:> from Peer_20:basic
Peer_2:basic INFO 6500.678564766184: Sending message <Pong:> to Peer_20:basic
Peer_2:basic INFO 6502.220726487988: Received message <Ping:> from Peer_19:basic
Peer_2:basic INFO 6502.220726487988: Sending message <Pong:> to Peer_19:basic
Peer_2:basic INFO 6502.665533562899: Received message <Pong:> from Peer_20:basic
Peer_2:basic INFO 6504.996605951065: Received message <Pong:> from Peer_19:basic
Peer_2:basic INFO 6507.3581955035515: Received message <Pong:> from Peer_7:basic
