Peer_6:basic WARNING 0: Not enough peers, fetching more (0, 4)
Peer_6:basic INFO 4.753128973966386e-06: Connecting to Peer_21:bootstrap
Peer_6:basic INFO 2.796705241565126: Received message <Hello:> from Peer_21:bootstrap
Peer_6:basic INFO 4.91982299521721: Received message <RequestPeers:> from Peer_21:bootstrap
Peer_6:basic INFO 4.91982299521721: Sending message <PeerList> to Peer_21:bootstrap
Peer_6:basic WARNING 500: Not enough peers, fetching more (1, 4)
Peer_6:basic INFO 500: Sending message <RequestPeers:> to Peer_21:bootstrap
Peer_6:basic INFO 502.11115711300795: Received message <PeerList> from Peer_21:bootstrap
Peer_6:basic WARNING 1000: Not enough peers, fetching more (1, 4)
Peer_6:basic INFO 1000: Sending message <RequestPeers:> to Peer_21:bootstrap
Peer_6:basic INFO 1001.0407108946188: Received message <Hello:> from Peer_8:basic
Peer_6:basic INFO 1001.0407108946188: Connecting to Peer_8:basic
Peer_6:basic INFO 1001.0407108946188: Sending message <Hello:> to Peer_8:basic
Peer_6:basic INFO 1001.0407108946188: Sending message <RequestPeers:> to Peer_8:basic
Peer_6:basic INFO 1001.3258794769183: Connecting to Peer_14:basic
Peer_6:basic INFO 1001.9858555056217: Received message <RequestPeers:> from Peer_14:basic
Peer_6:basic INFO 1001.9858555056217: Sending message <PeerList> to Peer_14:basic
Peer_6:basic INFO 1003.2067700794572: Received message <Hello:> from Peer_14:basic
Peer_6:basic INFO 1003.288933334733: Received message <PeerList> from Peer_8:basic
Peer_6:basic INFO 1004.3425582431893: Received message <PeerList> from Peer_21:bootstrap
Peer_6:basic WARNING 1500: Not enough peers, fetching more (3, 4)
Peer_6:basic INFO 1500.8422088370962: Received message <Hello:> from Peer_18:basic
Peer_6:basic INFO 1500.8422088370962: Connecting to Peer_18:basic
Peer_6:basic INFO 1500.8422088370962: Sending message <Hello:> to Peer_18:basic
Peer_6:basic INFO 1500.8422088370962: Sending message <RequestPeers:> to Peer_18:basic
Peer_6:basic INFO 1501.9356456532694: Received message <RequestPeers:> from Peer_8:basic
Peer_6:basic INFO 1501.9356456532694: Sending message <PeerList> to Peer_8:basic
Peer_6:basic INFO 1503.7144996254765: Received message <PeerList> from Peer_18:basic
Peer_6:basic INFO 2000: Sending message <Ping:> to Peer_21:bootstrap
Peer_6:basic INFO 2000: Sending message <Ping:> to Peer_14:basic
Peer_6:basic INFO 2000.3583218355611: Received message <Ping:> from Peer_21:bootstrap
Peer_6:basic INFO 2000.3583218355611: Sending message <Pong:> to Peer_21:bootstrap
Peer_6:basic INFO 2000.8358681913626: Received message <Ping:> from Peer_14:basic
Peer_6:basic INFO 2000.8358681913626: Sending message <Pong:> to Peer_14:basic
Peer_6:basic INFO 2001.724985886639: Received message <Pong:> from Peer_14:basic
Peer_6:basic INFO 2003.2362438854013: Received message <Pong:> from Peer_21:bootstrap
Peer_6:basic INFO 2500: Sending message <Ping:> to Peer_8:basic
Peer_6:basic INFO 2500: Sending message <Ping:> to Peer_18:basic
Peer_6:basic INFO 2500.5848264902274: Received message <Ping:> from Peer_18:basic
Peer_6:basic INFO 2500.5848264902274: Sending message <Pong:> to Peer_18:basic
Peer_6:basic INFO 2500.8209024311886: Received message <Ping:> from Peer_8:basic
Peer_6:basic INFO 2500.8209024311886: Sending message <Pong:> to Peer_8:basic
Peer_6:basic INFO 2501.379321661605: Received message <Pong:> from Peer_18:basic
Peer_6:basic INFO 2501.9322605090083: Received message <Pong:> from Peer_8:basic
Peer_6:basic INFO 3000: Sending message <Ping:> to Peer_21:bootstrap
Peer_6:basic INFO 3000: Sending message <Ping:> to Peer_14:basic
Peer_6:basic INFO 3000.75945442378: Received message <Ping:> from Peer_14:basic
Peer_6:basic INFO 3000.75945442378: Sending message <Pong:> to Peer_14:basic
Peer_6:basic INFO 3002.32861310117: Received message <Pong:> from Peer_14:basic
Peer_6:basic INFO 3002.9445071471064: Received message <Ping:> from Peer_21:bootstrap
Peer_6:basic INFO 3002.9445071471064: Sending message <Pong:> to Peer_21:bootstrap
Peer_6:basic INFO 3003.556918284562: Received message <Pong:> from Peer_21:bootstrap
Peer_6:basic INFO 3500: Sending message <Ping:> to Peer_8:basic
Peer_6:basic INFO 3500: Sending message <Ping:> to Peer_18:basic
Peer_6:basic INFO 3500.789642621702: Received message <Ping:> from Peer_18:basic
Peer_6:basic INFO 3500.789642621702: Sending message <Pong:> to Peer_18:basic
Peer_6:basic INFO 3502.2345429798997: Received message <Ping:> from Peer_8:basic
Peer_6:basic INFO 3502.2345429798997: Sending message <Pong:> to Peer_8:basic
Peer_6:basic INFO 3502.31154051077: Received message <Pong:> from Peer_8:basic
Peer_6:basic INFO 3502.6406994744566: Received message <Pong:> from Peer_18:basic
Peer_6:basic INFO 4000: Sending message <Ping:> to Peer_21:bootstrap
Peer_6:basic INFO 4000: Sending message <Ping:> to Peer_14:basic
Peer_6:basic INFO 4000.6795048093304: Received message <Ping:> from Peer_21:bootstrap
Peer_6:basic INFO 4000.6795048093304: Sending message <Pong:> to Peer_21:bootstrap
Peer_6:basic INFO 4001.785979349145: Received message <Ping:> from Peer_14:basic
Peer_6:basic INFO 4001.785979349145: Sending message <Pong:> to Peer_14:basic
Peer_6:basic INFO 4002.404795872607: Received message <Pong:> from Peer_21:bootstrap
Peer_6:basic INFO 4003.665903708518: Received message <Pong:> from Peer_14:basic
Peer_6:basic INFO 4500: Sending message <Ping:> to Peer_8:basic
Peer_6:basic INFO 4500: Sending message <Ping:> to Peer_18:basic
Peer_6:basic INFO 4501.034573258012: Received message <Ping:> from Peer_8:basic
Peer_6:basic INFO 4501.034573258012: Sending message <Pong:> to Peer_8:basic
Peer_6:basic INFO 4501.082209210229: Received message <Ping:> from Peer_18:basic
Peer_6:basic INFO 4501.082209210229: Sending message <Pong:> to Peer_18:basic
Peer_6:basic INFO 4501.669621400537: Received message <Pong:> from Peer_8:basic
Peer_6:basic INFO 4501.68166591885: Received message <Pong:> from Peer_18:basic
Peer_6:basic INFO 5000: Sending message <Ping:> to Peer_21:bootstrap
Peer_6:basic INFO 5000: Sending message <Ping:> to Peer_14:basic
Peer_6:basic INFO 5000.809505804171: Received message <Ping:> from Peer_14:basic
Peer_6:basic INFO 5000.809505804171: Sending message <Pong:> to Peer_14:basic
Peer_6:basic INFO 5001.4048435960185: Received message <Pong:> from Peer_14:basic
Peer_6:basic INFO 5004.348553470107: Received message <Ping:> from Peer_21:bootstrap
Peer_6:basic INFO 5004.348553470107: Sending message <Pong:> to Peer_21:bootstrap
Peer_6:basic INFO 5005.3574234257185: Received message <Pong:> from Peer_21:bootstrap
Peer_6:basic INFO 5500: Sending message <Ping:> to Peer_8:basic
Peer_6:basic INFO 5500: Sending message <Ping:> to Peer_18:basic
Peer_6:basic INFO 5500.7206634191025: Received message <Ping:> from Peer_8:basic
Peer_6:basic INFO 5500.7206634191025: Sending message <Pong:> to Peer_8:basic
Peer_6:basic INFO 5501.228400323042: Received message <Pong:> from Peer_18:basic
Peer_6:basic INFO 5501.716747095151: Received message <Ping:> from Peer_18:basic
Peer_6:basic INFO 5501.716747095151: Sending message <Pong:> to Peer_18:basic
Peer_6:basic INFO 5502.12888591335: Received message <Pong:> from Peer_8:basic
Peer_6:basic INFO 6000: Sending message <Ping:> to Peer_21:bootstrap
Peer_6:basic INFO 6000: Sending message <Ping:> to Peer_14:basic
Peer_6:basic INFO 6000.666307945555: Received message <Ping:> from Peer_14:basic
Peer_6:basic INFO 6000.666307945555: Sending message <Pong:> to Peer_14:basic
Peer_6:basic INFO 6002.289283705944: Received message <Pong:> from Peer_14:basic
Peer_6:basic INFO 6002.84235106852: Received message <Ping:> from Peer_21:bootstrap
Peer_6:basic INFO 6002.84235106852: Sending message <Pong:> to Peer_21:bootstrap
Peer_6:basic INFO 6008.055076406081: Received message <Pong:> from Peer_21:bootstrap
Peer_6:basic INFO 6500: Sending message <Ping:> to Peer_8:basic
Peer_6:basic INFO 6500: Sending message <Ping:> to Peer_18:basic
Peer_6:basic INFO 6500.620820924721: Received message <Ping:> from Peer_18:basic
Peer_6:basic INFO 6500.620820924721: Sending message <Pong:> to Peer_18:basic
Peer_6:basic INFO 6500.711498850105: Received message <Ping:> from Peer_8:basic
Peer_6:basic INFO 6500.711498850105: Sending message <Pong:> to Peer_8:basic
Peer_6:basic INFO 6501.287425895803: Received message <Pong:> from Peer_8:basic
Peer_6:basic INFO 6501.692516226668: Received message <Pong:> from Peer_18:basic
