Peer_19:basic WARNING 0: Not enough peers, fetching more (0, 4)
Peer_19:basic INFO 2.3122959920506627: Connecting to Peer_21:bootstrap
Peer_19:basic INFO 4.184099781851369: Received message <RequestPeers:> from Peer_21:bootstrap
Peer_19:basic INFO 4.184099781851369: Sending message <PeerList> to Peer_21:bootstrap
Peer_19:basic INFO 4.930619081502128: Received message <Hello:> from Peer_21:bootstrap
Peer_19:basic WARNING 500: Not enough peers, fetching more (1, 4)
Peer_19:basic INFO 500: Sending message <RequestPeers:> to Peer_21:bootstrap
Peer_19:basic INFO 504.8198776748434: Received message <PeerList> from Peer_21:bootstrap
Peer_19:basic WARNING 1000: Not enough peers, fetching more (1, 4)
Peer_19:basic INFO 1000: Sending message <RequestPeers:> to Peer_21:bootstrap
Peer_19:basic INFO 1002.0297888407576: Connecting to Peer_2:basic
Peer_19:basic INFO 1004.3143735634785: Received message <Hello:> from Peer_2:basic
Peer_19:basic INFO 1004.4281817505293: Received message <PeerList> from Peer_21:bootstrap
Peer_19:basic INFO 1006.7379318666545: Received message <RequestPeers:> from Peer_2:basic
Peer_19:basic INFO 1006.7379318666545: Sending message <PeerList> to Peer_2:basic
Peer_19:basic WARNING 1500: Not enough peers, fetching more (2, 4)
Peer_19:basic INFO 1500: Sending message <RequestPeers:> to Peer_2:basic
Peer_19:basic INFO 1500: Sending message <RequestPeers:> to Peer_21:bootstrap
Peer_19:basic INFO 1501.8467545502122: Connecting to Peer_9:basic
Peer_19:basic INFO 1503.3541859249028: Received message <Hello:> from Peer_16:basic
Peer_19:basic INFO 1503.3541859249028: Connecting to Peer_16:basic
Peer_19:basic INFO 1503.3541859249028: Sending message <Hello:> to Peer_16:basic
Peer_19:basic INFO 1503.3541859249028: Sending message <RequestPeers:> to Peer_16:basic
Peer_19:basic INFO 1504.160468240531: Received message <PeerList> from Peer_21:bootstrap
Peer_19:basic INFO 1504.2434114689465: Received message <RequestPeers:> from Peer_9:basic
Peer_19:basic INFO 1504.2434114689465: Sending message <PeerList> to Peer_9:basic
Peer_19:basic INFO 1504.9399916384393: Received message <Hello:> from Peer_9:basic
Peer_19:basic INFO 1505.1353551484788: Received message <PeerList> from Peer_2:basic
Peer_19:basic INFO 1511.807148658717: Received message <PeerList> from Peer_16:basic
Peer_19:basic INFO 2500: Sending message <Ping:> to Peer_21:bootstrap
Peer_19:basic INFO 2500: Sending message <Ping:> to Peer_2:basic
Peer_19:basic INFO 2500: Sending message <Ping:> to Peer_9:basic
Peer_19:basic INFO 2500: Sending message <Ping:> to Peer_16:basic
Peer_19:basic INFO 2501.63113509787: Received message <Ping:> from Peer_2:basic
Peer_19:basic INFO 2501.63113509787: Sending message <Pong:> to Peer_2:basic
Peer_19:basic INFO 2501.7439750817734: Received message <Ping:> from Peer_9:basic
Peer_19:basic INFO 2501.7439750817734: Sending message <Pong:> to Peer_9:basic
Peer_19:basic INFO 2502.084910033566: Received message <Ping:> from Peer_21:bootstrap
Peer_19:basic INFO 2502.084910033566: Sending message <Pong:> to Peer_21:bootstrap
Peer_19:basic INFO 2502.3975219333547: Received message <Ping:> from Peer_16:basic
Peer_19:basic INFO 2502.3975219333547: Sending message <Pong:> to Peer_16:basic
Peer_19:basic INFO 2504.0292394805574: Received message <Pong:> from Peer_16:basic
Peer_19:basic INFO 2504.1674104780104: Received message <Pong:> from Peer_21:bootstrap
Peer_19:basic INFO 2504.297974810146: Received message <Pong:> from Peer_9:basic
Peer_19:basic INFO 2504.7621572882663: Received message <Pong:> from Peer_2:basic
Peer_19:basic INFO 3500: Sending message <Ping:> to Peer_21:bootstrap
Peer_19:basic INFO 3500: Sending message <Ping:> to Peer_2:basic
Peer_19:basic INFO 3500: Sending message <Ping:> to Peer_9:basic
Peer_19:basic INFO 3500: Sending message <Ping:> to Peer_16:basic
Peer_19:basic INFO 3500.6427870614116: Received message <Ping:> from Peer_16:basic
Peer_19:basic INFO 3500.6427870614116: Sending message <Pong:> to Peer_16:basic
Peer_19:basic INFO 3501.317793951918: Received message <Ping:> from Peer_9:basic
Peer_19:basic INFO 3501.317793951918: Sending message <Pong:> to Peer_9:basic
Peer_19:basic INFO 3501.3786684869738: Received message <Ping:> from Peer_21:bootstrap
Peer_19:basic INFO 3501.3786684869738: Sending message <Pong:> to Peer_21:bootstrap
Peer_19:basic INFO 3502.030094424773: Received message <Pong:> from Peer_2:basic
Peer_19:basic INFO 3503.1118680152854: Received message <Pong:> from Peer_21:bootstrap
Peer_19:basic INFO 3503.128757459671: Received message <Pong:> from Peer_16:basic
Peer_19:basic INFO 3503.7159432407775: Received message <Pong:> from Peer_9:basic
Peer_19:basic INFO 3504.4153583418015: Received message <Ping:> from Peer_2:basic
Peer_19:basic INFO 3504.4153583418015: Sending message <Pong:> to Peer_2:basic
Peer_19:basic INFO 4500: Sending message <Ping:> to Peer_21:bootstrap
Peer_19:basic INFO 4500: Sending message <Ping:> to Peer_2:basic
Peer_19:basic INFO 4500: Sending message <Ping:> to Peer_9:basic
Peer_19:basic INFO 4500: Sending message <Ping:> to Peer_16:basic
Peer_19:basic INFO 4501.419078561925: Received message <Ping:> from Peer_21:bootstrap
Peer_19:basic INFO 4501.419078561925: Sending message <Pong:> to Peer_21:bootstrap
Peer_19:basic INFO 4502.1462452119185: Received message <Ping:> from Peer_9:basic
Peer_19:basic INFO 4502.1462452119185: Sending message <Pong:> to Peer_9:basic
Peer_19:basic INFO 4502.166421042674: Received message <Ping:> from Peer_16:basic
Peer_19:basic INFO 4502.166421042674: Sending message <Pong:> to Peer_16:basic
Peer_19:basic INFO 4502.2152364604835: Received message <Ping:> from Peer_2:basic
Peer_19:basic INFO 4502.2152364604835: Sending message <Pong:> to Peer_2:basic
Peer_19:basic INFO 4503.674277498749: Received message <Pong:> from Peer_16:basic
Peer_19:basic INFO 4504.20406237588: Received message <Pong:> from Peer_21:bootstrap
Peer_19:basic INFO 4504.294582275753: Received message <Pong:> from Peer_2:basic
Peer_19:basic INFO 4504.817605816581: Received message <Pong:> from Peer_9:basic
Peer_19:basic INFO 5500: Sending message <Ping:> to Peer_21:bootstrap
Peer_19:basic INFO 5500: Sending message <Ping:> to Peer_2:basic
Peer_19:basic INFO 5500: Sending message <Ping:> to Peer_9:basic
Peer_19:basic INFO 5500: Sending message <Ping:> to Peer_16:basic
Peer_19:basic INFO 5501.240757356993: Received message <Ping:> from Peer_21:bootstrap
Peer_19:basic INFO 5501.240757356993: Sending message <Pong:> to Peer_21:bootstrap
Peer_19:basic INFO 5502.267484596577: Received message <Ping:> from Peer_2:basic
Peer_19:basic INFO 5502.267484596577: Sending message <Pong:> to Peer_2:basic
Peer_19:basic INFO 5502.310878427891: Received message <Ping:> from Peer_16:basic
Peer_19:basic INFO 5502.310878427891: Sending message <Pong:> to Peer_16:basic
Peer_19:basic INFO 5502.470129586665: Received message <Ping:> from Peer_9:basic
Peer_19:basic INFO 5502.470129586665: Sending message <Pong:> to Peer_9:basic
Peer_19:basic INFO 5502.974816504349: Received message <Pong:> from Peer_16:basic
Peer_19:basic INFO 5504.037164286161: Received message <Pong:> from Peer_9:basic
Peer_19:basic INFO 5504.212338122006: Received message <Pong:> from Peer_21:bootstrap
Peer_19:basic INFO 5506.055548770848: Received message <Pong:> from Peer_2:basic
Peer_19:basic INFO 6500: Sending message <Ping:> to Peer_21:bootstrap
Peer_19:basic INFO 6500: Sending message <Ping:> to Peer_2:basic
Peer_19:basic INFO 6500: Sending message <Ping:> to Peer_9:basic
Peer_19:basic INFO 6500: Sending message <Ping:> to Peer_16:basic
Peer_19:basic INFO 6501.849304222249: Received message <Ping:> from Peer_21:bootstrap
Peer_19:basic INFO 6501.849304222249: Sending message <Pong:> to Peer_21:bootstrap
Peer_19:basic INFO 6502.409284608409: Received message <Ping:> from Peer_9:basic
Peer_19:basic INFO 6502.409284608409: Sending message <Pong:> to Peer_9:basic
Peer_19:basic INFO 6502.636113415532: Received message <Pong:> from Peer_2:basic
Peer_19:basic INFO 6502.660787226767: Received message <Pong:> from Peer_9:basic
Peer_19:basic INFO 6503.020705622901: Received message <Ping:> from Peer_2:basic
Peer_19:basic INFO 6503.020705622901: Sending message <Pong:> to Peer_2:basic
Peer_19:basic INFO 6503.592850592104: Received message <Pong:> from Peer_21:bootstrap
Peer_19:basic INFO 6503.677905601714: Received message <Ping:> from Peer_16:basic
Peer_19:basic INFO 6503.677905601714: Sending message <Pong:> to Peer_16:basic
Peer_19:basic INFO 6505.0274978152665: Received message <Pong:> from Peer_16:basic
