Peer_11:basic WARNING 0: Not enough peers, fetching more (0, 4)
Peer_11:basic INFO 1.6273126780746623: Connecting to Peer_21:bootstrap
Peer_11:basic INFO 3.3639136055256578: Received message <RequestPeers:> from Peer_21:bootstrap
Peer_11:basic INFO 3.3639136055256578: Sending message <PeerList> to Peer_21:bootstrap
Peer_11:basic INFO 4.0370604145741975: Received message <Hello:> from Peer_21:bootstrap
Peer_11:basic WARNING 500: Not enough peers, fetching more (1, 4)
Peer_11:basic INFO 500: Sending message <RequestPeers:> to Peer_21:bootstrap
Peer_11:basic INFO 504.25865381314196: Received message <PeerList> from Peer_21:bootstrap
Peer_11:basic WARNING 1000: Not enough peers, fetching more (1, 4)
Peer_11:basic INFO 1000: Sending message <RequestPeers:> to Peer_21:bootstrap
Peer_11:basic INFO 1001.3399783349898: Received message <Hello:> from Peer_4:basic
Peer_11:basic INFO 1001.3399783349898: Connecting to Peer_4:basic
Peer_11:basic INFO 1001.3399783349898: Sending message <Hello:> to Peer_4:basic
Peer_11:basic INFO 1001.3399783349898: Sending message <RequestPeers:> to Peer_4:basic
Peer_11:basic INFO 1002.1562072686447: Connecting to Peer_13:basic
Peer_11:basic INFO 1003.2216980374794: Received message <Hello:> from Peer_17:basic
Peer_11:basic INFO 1003.2216980374794: Connecting to Peer_17:basic
Peer_11:basic INFO 1003.2216980374794: Sending message <Hello:> to Peer_17:basic
Peer_11:basic INFO 1003.2216980374794: Sending message <RequestPeers:> to Peer_17:basic
Peer_11:basic INFO 1003.6328434754281: Received message <RequestPeers:> from Peer_13:basic
Peer_11:basic INFO 1003.6328434754281: Sending message <PeerList> to Peer_13:basic
Peer_11:basic INFO 1004.3319902984982: Received message <Hello:> from Peer_13:basic
Peer_11:basic INFO 1004.3929627551761: Received message <PeerList> from Peer_21:bootstrap
Peer_11:basic INFO 1005.3532445610915: Received message <PeerList> from Peer_4:basic
Peer_11:basic INFO 1006.4415972980773: Received message <PeerList> from Peer_17:basic
Peer_11:basic INFO 1502.8527951047424: Received message <RequestPeers:> from Peer_4:basic
Peer_11:basic INFO 1502.8527951047424: Sending message <PeerList> to Peer_4:basic
Peer_11:basic INFO 1503.2558225324078: Received message <RequestPeers:> from Peer_17:basic
Peer_11:basic INFO 1503.2558225324078: Sending message <PeerList> to Peer_17:basic
Peer_11:basic INFO 2000: Sending message <Ping:> to Peer_21:bootstrap
Peer_11:basic INFO 2000: Sending message <Ping:> to Peer_13:basic
Peer_11:basic INFO 2001.9972043802486: Received message <Ping:> from Peer_13:basic
Peer_11:basic INFO 2001.9972043802486: Sending message <Pong:> to Peer_13:basic
Peer_11:basic INFO 2002.476362422294: Received message <Hello:> from Peer_1:basic
Peer_11:basic INFO 2002.476362422294: Connecting to Peer_1:basic
Peer_11:basic INFO 2002.476362422294: Sending message <Hello:> to Peer_1:basic
Peer_11:basic INFO 2002.476362422294: Sending message <RequestPeers:> to Peer_1:basic
Peer_11:basic INFO 2002.766450373874: Received message <Ping:> from Peer_21:bootstrap
Peer_11:basic INFO 2002.766450373874: Sending message <Pong:> to Peer_21:bootstrap
Peer_11:basic INFO 2003.6068976530873: Received message <Pong:> from Peer_13:basic
Peer_11:basic INFO 2004.3889944739933: Received message <Pong:> from Peer_21:bootstrap
Peer_11:basic INFO 2007.5094732596042: Received message <PeerList> from Peer_1:basic
Peer_11:basic INFO 2500: Sending message <Ping:> to Peer_4:basic
Peer_11:basic INFO 2500: Sending message <Ping:> to Peer_17:basic
Peer_11:basic INFO 2501.2306137781106: Received message <Ping:> from Peer_4:basic
Peer_11:basic INFO 2501.2306137781106: Sending message <Pong:> to Peer_4:basic
Peer_11:basic INFO 2502.2758655918933: Received message <Ping:> from Peer_17:basic
Peer_11:basic INFO 2502.2758655918933: Sending message <Pong:> to Peer_17:basic
Peer_11:basic INFO 2503.0777253991946: Received message <Pong:> from Peer_17:basic
Peer_11:basic INFO 2505.0150129853932: Received message <Pong:> from Peer_4:basic
Peer_11:basic INFO 3000: Sending message <Ping:> to Peer_21:bootstrap
Peer_11:basic INFO 3000: Sending message <Ping:> to Peer_13:basic
Peer_11:basic INFO 3000: Sending message <Ping:> to Peer_1:basic
Peer_11:basic INFO 3001.5147690447525: Received message <Ping:> from Peer_13:basic
Peer_11:basic INFO 3001.5147690447525: Sending message <Pong:> to Peer_13:basic
Peer_11:basic INFO 3001.6752516495994: Received message <Ping:> from Peer_21:bootstrap
Peer_11:basic INFO 3001.6752516495994: Sending message <Pong:> to Peer_21:bootstrap
Peer_11:basic INFO 3002.1381359003985: Received message <Ping:> from Peer_1:basic
Peer_11:basic INFO 3002.1381359003985: Sending message <Pong:> to Peer_1:basic
Peer_11:basic INFO 3003.663863895729: Received message <Pong:> from Peer_21:bootstrap
Peer_11:basic INFO 3003.93274829003: Received message <Pong:> from Peer_13:basic
Peer_11:basic INFO 3004.3965971396183: Received message <Pong:> from Peer_1:basic
Peer_11:basic INFO 3500: Sending message <Ping:> to Peer_4:basic
Peer_11:basic INFO 3500: Sending message <Ping:> to Peer_17:basic
Peer_11:basic INFO 3501.224559268156: Received message <Ping:> from Peer_17:basic
Peer_11:basic INFO 3501.224559268156: Sending message <Pong:> to Peer_17:basic
Peer_11:basic INFO 3502.5718405040216: Received message <Ping:> from Peer_4:basic
Peer_11:basic INFO 3502.5718405040216: Sending message <Pong:> to Peer_4:basic
Peer_11:basic INFO 3503.6861247709808: Received message <Pong:> from Peer_4:basic
Peer_11:basic INFO 3505.1975392472127: Received message <Pong:> from Peer_17:basic
Peer_11:basic INFO 4000: Sending message <Ping:> to Peer_21:bootstrap
Peer_11:basic INFO 4000: Sending message <Ping:> to Peer_13:basic
Peer_11:basic INFO 4000: Sending message <Ping:> to Peer_1:basic
Peer_11:basic INFO 4001.823153019973: Received message <Ping:> from Peer_21:bootstrap
Peer_11:basic INFO 4001.823153019973: Sending message <Pong:> to Peer_21:bootstrap
Peer_11:basic INFO 4002.23126024045: Received message <Ping:> from Peer_1:basic
Peer_11:basic INFO 4002.23126024045: Sending message <Pong:> to Peer_1:basic
Peer_11:basic INFO 4002.3680690475626: Received message <Ping:> from Peer_13:basic
Peer_11:basic INFO 4002.3680690475626: Sending message <Pong:> to Peer_13:basic
Peer_11:basic INFO 4002.853064522263: Received message <Pong:> from Peer_21:bootstrap
Peer_11:basic INFO 4004.1021504086107: Received message <Pong:> from Peer_1:basic
Peer_11:basic INFO 4005.6225813097553: Received message <Pong:> from Peer_13:basic
Peer_11:basic INFO 4500: Sending message <Ping:> to Peer_4:basic
Peer_11:basic INFO 4500: Sending message <Ping:> to Peer_17:basic
Peer_11:basic INFO 4501.387860312951: Received message <Pong:> from Peer_17:basic
Peer_11:basic INFO 4501.70859191294: Received message <Ping:> from Peer_17:basic
Peer_11:basic INFO 4501.70859191294: Sending message <Pong:> to Peer_17:basic
Peer_11:basic INFO 4501.945983081792: Received message <Ping:> from Peer_4:basic
Peer_11:basic INFO 4501.945983081792: Sending message <Pong:> to Peer_4:basic
Peer_11:basic INFO 4507.810949723351: Received message <Pong:> from Peer_4:basic
Peer_11:basic INFO 5000: Sending message <Ping:> to Peer_21:bootstrap
Peer_11:basic INFO 5000: Sending message <Ping:> to Peer_13:basic
Peer_11:basic INFO 5000: Sending message <Ping:> to Peer_1:basic
Peer_11:basic INFO 5001.713173491693: Received message <Ping:> from Peer_21:bootstrap
Peer_11:basic INFO 5001.713173491693: Sending message <Pong:> to Peer_21:bootstrap
Peer_11:basic INFO 5001.968430030519: Received message <Ping:> from Peer_13:basic
Peer_11:basic INFO 5001.968430030519: Sending message <Pong:> to Peer_13:basic
Peer_11:basic INFO 5002.493054835391: Received message <Ping:> from Peer_1:basic
Peer_11:basic INFO 5002.493054835391: Sending message <Pong:> to Peer_1:basic
Peer_11:basic INFO 5003.347957457409: Received message <Pong:> from Peer_13:basic
Peer_11:basic INFO 5004.443926683828: Received message <Pong:> from Peer_1:basic
Peer_11:basic INFO 5004.58794603499: Received message <Pong:> from Peer_21:bootstrap
Peer_11:basic INFO 5500: Sending message <Ping:> to Peer_4:basic
Peer_11:basic INFO 5500: Sending message <Ping:> to Peer_17:basic
Peer_11:basic INFO 5502.315818061084: Received message <Ping:> from Peer_17:basic
Peer_11:basic INFO 5502.315818061084: Sending message <Pong:> to Peer_17:basic
Peer_11:basic INFO 5503.2262749273905: Received message <Ping:> from Peer_4:basic
Peer_11:basic INFO 5503.2262749273905: Sending message <Pong:> to Peer_4:basic
Peer_11:basic INFO 5503.229588139432: Received message <Pong:> from Peer_4:basic
Peer_11:basic INFO 5503.816410322219: Received message <Pong:> from Peer_17:basic
Peer_11:basic INFO 6000: Sending message <Ping:> to Peer_21:bootstrap
Peer_11:basic INFO 6000: Sending message <Ping:> to Peer_13:basic
Peer_11:basic INFO 6000: Sending message <Ping:> to Peer_1:basic
Peer_11:basic INFO 6001.1369984510475: Received message <Ping:> from Peer_21:bootstrap
Peer_11:basic INFO 6001.1369984510475: Sending message <Pong:> to Peer_21:bootstrap
Peer_11:basic INFO 6001.8733892843065: Received message <Ping:> from Peer_1:basic
Peer_11:basic INFO 6001.8733892843065: Sending message <Pong:> to Peer_1:basic
Peer_11:basic INFO 6002.0398669900005: Received message <Pong:> from Peer_21:bootstrap
Peer_11:basic INFO 6002.460553562523: Received message <Ping:> from Peer_13:basic
Peer_11:basic INFO 6002.460553562523: Sending message <Pong:> to Peer_13:basic
Peer_11:basic INFO 6003.965839966875: Received message <Pong:> from Peer_13:basic
Peer_11:basic INFO 6004.749262628871: Received message <Pong:> from Peer_1:basic
Peer_11:basic INFO 6500: Sending message <Ping:> to Peer_4:basic
Peer_11:basic INFO 6500: Sending message <Ping:> to Peer_17:basic
Peer_11:basic INFO 6500.893417258047: Received message <Ping:> from Peer_4:basic
Peer_11:basic INFO 6500.893417258047: Sending message <Pong:> to Peer_4:basic
Peer_11:basic INFO 6501.60280531078: Received message <Pong:> from Peer_4:basic
Peer_11:basic INFO 6502.0539489489975: Received message <Ping:> from Peer_17:basic
Peer_11:basic INFO 6502.0539489489975: Sending message <Pong:> to Peer_17:basic
Peer_11:basic INFO 6505.932277305524: Received message <Pong:> from Peer_17:basic
