Peer_8:basic WARNING 0: Not enough peers, fetching more (0, 4)
Peer_8:basic INFO 6.584183661466386e-06: Connecting to Peer_21:bootstrap
Peer_8:basic INFO 3.190443395976472: Received message <RequestPeers:> from Peer_21:bootstrap
Peer_8:basic INFO 3.190443395976472: Sending message <PeerList> to Peer_21:bootstrap
Peer_8:basic INFO 4.73051712536092: Received message <Hello:> from Peer_21:bootstrap
Peer_8:basic WARNING 500: Not enough peers, fetching more (1, 4)
Peer_8:basic INFO 500: Sending message <RequestPeers:> to Peer_21:bootstrap
Peer_8:basic INFO 506.88712725772075: Received message <PeerList> from Peer_21:bootstrap
Peer_8:basic WARNING 1000: Not enough peers, fetching more (1, 4)
Peer_8:basic INFO 1000: Sending message <RequestPeers:> to Peer_21:bootstrap
Peer_8:basic INFO 1001.0407108946188: Connecting to Peer_6:basic
Peer_8:basic INFO 1001.614839225262: Received message <Hello:> from Peer_6:basic
Peer_8:basic INFO 1002.2656268539066: Received message <RequestPeers:> from Peer_6:basic
Peer_8:basic INFO 1002.2656268539066: Sending message <PeerList> to Peer_6:basic
Peer_8:basic INFO 1004.2787768321194: Received message <PeerList> from Peer_21:bootstrap
Peer_8:basic WARNING 1500: Not enough peers, fetching more (2, 4)
Peer_8:basic INFO 1500: Sending message <RequestPeers:> to Peer_21:bootstrap
Peer_8:basic INFO 1500: Sending message <RequestPeers:> to Peer_6:basic
Peer_8:basic INFO 1500.6587353885354: Received message <Hello:> from Peer_14:basic
Peer_8:basic INFO 1500.6587353885354: Connecting to Peer_14:basic
Peer_8:basic INFO 1500.6587353885354: Sending message <Hello:> to Peer_14:basic
Peer_8:basic INFO 1500.6587353885354: Sending message <RequestPeers:> to Peer_14:basic
Peer_8:basic INFO 1502.1576823582195: Received message <PeerList> from Peer_14:basic
Peer_8:basic INFO 1502.9191704629648: Received message <PeerList> from Peer_6:basic
Peer_8:basic INFO 1506.959862028833: Received message <PeerList> from Peer_21:bootstrap
Peer_8:basic WARNING 2000: Not enough peers, fetching more (3, 4)
Peer_8:basic INFO 2001.2116654195272: Connecting to Peer_1:basic
Peer_8:basic INFO 2002.0082948945728: Received message <Hello:> from Peer_1:basic
Peer_8:basic INFO 2004.5587235390487: Received message <RequestPeers:> from Peer_1:basic
Peer_8:basic INFO 2004.5587235390487: Sending message <PeerList> to Peer_1:basic
Peer_8:basic INFO 2500: Sending message <Ping:> to Peer_21:bootstrap
Peer_8:basic INFO 2500: Sending message <Ping:> to Peer_6:basic
Peer_8:basic INFO 2500: Sending message <Ping:> to Peer_14:basic
Peer_8:basic INFO 2501.1284495289333: Received message <Ping:> from Peer_6:basic
Peer_8:basic INFO 2501.1284495289333: Sending message <Pong:> to Peer_6:basic
Peer_8:basic INFO 2501.29042622277: Received message <Ping:> from Peer_14:basic
Peer_8:basic INFO 2501.29042622277: Sending message <Pong:> to Peer_14:basic
Peer_8:basic INFO 2502.342372014429: Received message <Pong:> from Peer_14:basic
Peer_8:basic INFO 2502.8929294888335: Received message <Ping:> from Peer_21:bootstrap
Peer_8:basic INFO 2502.8929294888335: Sending message <Pong:> to Peer_21:bootstrap
Peer_8:basic INFO 2503.053669764576: Received message <Pong:> from Peer_6:basic
Peer_8:basic INFO 2506.0487100201512: Received message <Pong:> from Peer_21:bootstrap
Peer_8:basic INFO 3000: Sending message <Ping:> to Peer_1:basic
Peer_8:basic INFO 3003.7418033085924: Received message <Ping:> from Peer_1:basic
Peer_8:basic INFO 3003.7418033085924: Sending message <Pong:> to Peer_1:basic
Peer_8:basic INFO 3005.7223424043495: Received message <Pong:> from Peer_1:basic
Peer_8:basic INFO 3500: Sending message <Ping:> to Peer_21:bootstrap
Peer_8:basic INFO 3500: Sending message <Ping:> to Peer_6:basic
Peer_8:basic INFO 3500: Sending message <Ping:> to Peer_14:basic
Peer_8:basic INFO 3501.265433553764: Received message <Ping:> from Peer_21:bootstrap
Peer_8:basic INFO 3501.265433553764: Sending message <Pong:> to Peer_21:bootstrap
Peer_8:basic INFO 3501.3007604322825: Received message <Ping:> from Peer_14:basic
Peer_8:basic INFO 3501.3007604322825: Sending message <Pong:> to Peer_14:basic
Peer_8:basic INFO 3501.4727487600044: Received message <Ping:> from Peer_6:basic
Peer_8:basic INFO 3501.4727487600044: Sending message <Pong:> to Peer_6:basic
Peer_8:basic INFO 3502.2288646679394: Received message <Pong:> from Peer_14:basic
Peer_8:basic INFO 3502.7444801213937: Received message <Pong:> from Peer_6:basic
Peer_8:basic INFO 3507.109832663034: Received message <Pong:> from Peer_21:bootstrap
Peer_8:basic INFO 4000: Sending message <Ping:> to Peer_1:basic
Peer_8:basic INFO 4001.9213083880136: Received message <Ping:> from Peer_1:basic
Peer_8:basic INFO 4001.9213083880136: Sending message <Pong:> to Peer_1:basic
Peer_8:basic INFO 4006.379646083592: Received message <Pong:> from Peer_1:basic
Peer_8:basic INFO 4500: Sending message <Ping:> to Peer_21:bootstrap
Peer_8:basic INFO 4500: Sending message <Ping:> to Peer_6:basic
Peer_8:basic INFO 4500: Sending message <Ping:> to Peer_14:basic
Peer_8:basic INFO 4500.69383917661: Received message <Ping:> from Peer_14:basic
Peer_8:basic INFO 4500.69383917661: Sending message <Pong:> to Peer_14:basic
Peer_8:basic INFO 4501.096964058392: Received message <Ping:> from Peer_6:basic
Peer_8:basic INFO 4501.096964058392: Sending message <Pong:> to Peer_6:basic
Peer_8:basic INFO 4501.318911947765: Received message <Ping:> from Peer_21:bootstrap
Peer_8:basic INFO 4501.318911947765: Sending message <Pong:> to Peer_21:bootstrap
Peer_8:basic INFO 4501.820200791722: Received message <Pong:> from Peer_6:basic
Peer_8:basic INFO 4501.938084104391: Received message <Pong:> from Peer_14:basic
Peer_8:basic INFO 4507.106966528424: Received message <Pong:> from Peer_21:bootstrap
Peer_8:basic INFO 5000: Sending message <Ping:> to Peer_1:basic
Peer_8:basic INFO 5002.751687428636: Received message <Ping:> from Peer_1:basic
Peer_8:basic INFO 5002.751687428636: Sending message <Pong:> to Peer_1:basic
Peer_8:basic INFO 5006.039585400714: Received message <Pong:> from Peer_1:basic
Peer_8:basic INFO 5500: Sending message <Ping:> to Peer_21:bootstrap
Peer_8:basic INFO 5500: Sending message <Ping:> to Peer_6:basic
Peer_8:basic INFO 5500: Sending message <Ping:> to Peer_14:basic
Peer_8:basic INFO 5500.718529856236: Received message <Ping:> from Peer_14:basic
Peer_8:basic INFO 5500.718529856236: Sending message <Pong:> to Peer_14:basic
Peer_8:basic INFO 5500.86158868197: Received message <Ping:> from Peer_6:basic
Peer_8:basic INFO 5500.86158868197: Sending message <Pong:> to Peer_6:basic
Peer_8:basic INFO 5501.683005084224: Received message <Pong:> from Peer_14:basic
Peer_8:basic INFO 5502.2349344630675: Received message <Ping:> from Peer_21:bootstrap
Peer_8:basic INFO 5502.2349344630675: Sending message <Pong:> to Peer_21:bootstrap
Peer_8:basic INFO 5503.321303227859: Received message <Pong:> from Peer_6:basic
Peer_8:basic INFO 5506.9640878109: Received message <Pong:> from Peer_21:bootstrap
Peer_8:basic INFO 6000: Sending message <Ping:> to Peer_1:basic
Peer_8:basic INFO 6003.938121717366: Received message <Ping:> from Peer_1:basic
Peer_8:basic INFO 6003.938121717366: Sending message <Pong:> to Peer_1:basic
Peer_8:basic INFO 6007.711543986361: Received message <Pong:> from Peer_1:basic
Peer_8:basic INFO 6500: Sending message <Ping:> to Peer_21:bootstrap
Peer_8:basic INFO 6500: Sending message <Ping:> to Peer_6:basic
Peer_8:basic INFO 6500: Sending message <Ping:> to Peer_14:basic
Peer_8:basic INFO 6500.500434652077: Received message <Ping:> from Peer_6:basic
Peer_8:basic INFO 6500.500434652077: Sending message <Pong:> to Peer_6:basic
Peer_8:basic INFO 6500.527779812863: Received message <Ping:> from Peer_14:basic
Peer_8:basic INFO 6500.527779812863: Sending message <Pong:> to Peer_14:basic
Peer_8:basic INFO 6501.509152456825: Received message <Pong:> from Peer_6:basic
Peer_8:basic INFO 6502.576820098734: Received message <Pong:> from Peer_14:basic
Peer_8:basic INFO 6504.775358224642: Received message <Ping:> from Peer_21:bootstrap
Peer_8:basic INFO 6504.775358224642: Sending message <Pong:> to Peer_21:bootstrap
Peer_8:basic INFO 6505.034659141499: Received message <Pong:> from Peer_21:bootstrap
