Peer_21:bootstrap WARNING 0: Not enough peers, fetching more (0, 15)
Peer_21:bootstrap INFO 4.753128973966386e-06: Received message <Hello:> from Peer_6:basic
Peer_21:bootstrap INFO 4.753128973966386e-06: Connecting to Peer_6:basic
Peer_21:bootstrap INFO 4.753128973966386e-06: Sending message <Hello:> to Peer_6:basic
Peer_21:bootstrap INFO 4.753128973966386e-06: Sending message <RequestPeers:> to Peer_6:basic
Peer_21:bootstrap INFO 6.584183661466386e-06: Received message <Hello:> from Peer_8:basic
Peer_21:bootstrap INFO 6.584183661466386e-06: Connecting to Peer_8:basic
Peer_21:bootstrap INFO 6.584183661466386e-06: Sending message <Hello:> to Peer_8:basic
Peer_21:bootstrap INFO 6.584183661466386e-06: Sending message <RequestPeers:> to Peer_8:basic
Peer_21:bootstrap INFO 0.5652349923710487: Received message <Hello:> from Peer_16:basic
Peer_21:bootstrap INFO 0.5652349923710487: Connecting to Peer_16:basic
Peer_21:bootstrap INFO 0.5652349923710487: Sending message <Hello:> to Peer_16:basic
Peer_21:bootstrap INFO 0.5652349923710487: Sending message <RequestPeers:> to Peer_16:basic
Peer_21:bootstrap INFO 1.6273126780746623: Received message <Hello:> from Peer_11:basic
Peer_21:bootstrap INFO 1.6273126780746623: Connecting to Peer_11:basic
Peer_21:bootstrap INFO 1.6273126780746623: Sending message <Hello:> to Peer_11:basic
Peer_21:bootstrap INFO 1.6273126780746623: Sending message <RequestPeers:> to Peer_11:basic
Peer_21:bootstrap INFO 1.704536966400843: Received message <Hello:> from Peer_12:basic
Peer_21:bootstrap INFO 1.704536966400843: Connecting to Peer_12:basic
Peer_21:bootstrap INFO 1.704536966400843: Sending message <Hello:> to Peer_12:basic
Peer_21:bootstrap INFO 1.704536966400843: Sending message <RequestPeers:> to Peer_12:basic
Peer_21:bootstrap INFO 1.7515845638746548: Received message <Hello:> from Peer_3:basic
Peer_21:bootstrap INFO 1.7515845638746548: Connecting to Peer_3:basic
Peer_21:bootstrap INFO 1.7515845638746548: Sending message <Hello:> to Peer_3:basic
Peer_21:bootstrap INFO 1.7515845638746548: Sending message <RequestPeers:> to Peer_3:basic
Peer_21:bootstrap INFO 1.906076961239965: Received message <Hello:> from Peer_4:basic
Peer_21:bootstrap INFO 1.906076961239965: Connecting to Peer_4:basic
Peer_21:bootstrap INFO 1.906076961239965: Sending message <Hello:> to Peer_4:basic
Peer_21:bootstrap INFO 1.906076961239965: Sending message <RequestPeers:> to Peer_4:basic
Peer_21:bootstrap INFO 1.9945657491474698: Received message <Hello:> from Peer_1:basic
Peer_21:bootstrap INFO 1.9945657491474698: Connecting to Peer_1:basic
Peer_21:bootstrap INFO 1.9945657491474698: Sending message <Hello:> to Peer_1:basic
Peer_21:bootstrap INFO 1.9945657491474698: Sending message <RequestPeers:> to Peer_1:basic
Peer_21:bootstrap INFO 2.0382279431242605: Received message <Hello:> from Peer_13:basic
Peer_21:bootstrap INFO 2.0382279431242605: Connecting to Peer_13:basic
Peer_21:bootstrap INFO 2.0382279431242605: Sending message <Hello:> to Peer_13:basic
Peer_21:bootstrap INFO 2.0382279431242605: Sending message <RequestPeers:> to Peer_13:basic
Peer_21:bootstrap INFO 2.1731094077968316: Received message <Hello:> from Peer_15:basic
Peer_21:bootstrap INFO 2.1731094077968316: Connecting to Peer_15:basic
Peer_21:bootstrap INFO 2.1731094077968316: Sending message <Hello:> to Peer_15:basic
Peer_21:bootstrap INFO 2.1731094077968316: Sending message <RequestPeers:> to Peer_15:basic
Peer_21:bootstrap INFO 2.2460336682616227: Received message <Hello:> from Peer_20:basic
Peer_21:bootstrap INFO 2.2460336682616227: Connecting to Peer_20:basic
Peer_21:bootstrap INFO 2.2460336682616227: Sending message <Hello:> to Peer_20:basic
Peer_21:bootstrap INFO 2.2460336682616227: Sending message <RequestPeers:> to Peer_20:basic
Peer_21:bootstrap INFO 2.3122959920506627: Received message <Hello:> from Peer_19:basic
Peer_21:bootstrap INFO 2.3122959920506627: Connecting to Peer_19:basic
Peer_21:bootstrap INFO 2.3122959920506627: Sending message <Hello:> to Peer_19:basic
Peer_21:bootstrap INFO 2.3122959920506627: Sending message <RequestPeers:> to Peer_19:basic
Peer_21:bootstrap INFO 2.3994308545555234: Received message <Hello:> from Peer_7:basic
Peer_21:bootstrap INFO 2.3994308545555234: Connecting to Peer_7:basic
Peer_21:bootstrap INFO 2.3994308545555234: Sending message <Hello:> to Peer_7:basic
Peer_21:bootstrap INFO 2.3994308545555234: Sending message <RequestPeers:> to Peer_7:basic
Peer_21:bootstrap INFO 2.4004517467196806: Received message <Hello:> from Peer_10:basic
Peer_21:bootstrap INFO 2.4004517467196806: Connecting to Peer_10:basic
Peer_21:bootstrap INFO 2.4004517467196806: Sending message <Hello:> to Peer_10:basic
Peer_21:bootstrap INFO 2.4004517467196806: Sending message <RequestPeers:> to Peer_10:basic
Peer_21:bootstrap INFO 2.5752276618382948: Received message <Hello:> from Peer_9:basic
Peer_21:bootstrap INFO 2.5752276618382948: Connecting to Peer_9:basic
Peer_21:bootstrap INFO 2.5752276618382948: Sending message <Hello:> to Peer_9:basic
Peer_21:bootstrap INFO 2.5752276618382948: Sending message <RequestPeers:> to Peer_9:basic
Peer_21:bootstrap INFO 2.7299344948665256: Received message <Hello:> from Peer_5:basic
Peer_21:bootstrap INFO 2.7299344948665256: Connecting to Peer_5:basic
Peer_21:bootstrap INFO 2.7299344948665256: Sending message <Hello:> to Peer_5:basic
Peer_21:bootstrap INFO 2.7299344948665256: Sending message <RequestPeers:> to Peer_5:basic
Peer_21:bootstrap INFO 2.853944611967637: Received message <Hello:> from Peer_14:basic
Peer_21:bootstrap INFO 2.853944611967637: Connecting to Peer_14:basic
Peer_21:bootstrap INFO 2.853944611967637: Sending message <Hello:> to Peer_14:basic
Peer_21:bootstrap INFO 2.853944611967637: Sending message <RequestPeers:> to Peer_14:basic
Peer_21:bootstrap INFO 3.7581322202398413: Received message <Hello:> from Peer_18:basic
Peer_21:bootstrap INFO 3.7581322202398413: Connecting to Peer_18:basic
Peer_21:bootstrap INFO 3.7581322202398413: Sending message <Hello:> to Peer_18:basic
Peer_21:bootstrap INFO 3.7581322202398413: Sending message <RequestPeers:> to Peer_18:basic
Peer_21:bootstrap INFO 3.9165060483197887: Received message <Hello:> from Peer_17:basic
Peer_21:bootstrap INFO 3.9165060483197887: Connecting to Peer_17:basic
Peer_21:bootstrap INFO 3.9165060483197887: Sending message <Hello:> to Peer_17:basic
Peer_21:bootstrap INFO 3.9165060483197887: Sending message <RequestPeers:> to Peer_17:basic
Peer_21:bootstrap INFO 4.020686269552539: Received message <PeerList> from Peer_12:basic
Peer_21:bootstrap INFO 4.86996309288388: Received message <Hello:> from Peer_2:basic
Peer_21:bootstrap INFO 4.86996309288388: Connecting to Peer_2:basic
Peer_21:bootstrap INFO 4.86996309288388: Sending message <Hello:> to Peer_2:basic
Peer_21:bootstrap INFO 4.86996309288388: Sending message <RequestPeers:> to Peer_2:basic
Peer_21:bootstrap INFO 5.601644453619094: Received message <PeerList> from Peer_19:basic
Peer_21:bootstrap INFO 5.623416052086553: Received message <PeerList> from Peer_11:basic
Peer_21:bootstrap INFO 5.644465362912779: Received message <PeerList> from Peer_20:basic
Peer_21:bootstrap INFO 5.665861105348001: Received message <PeerList> from Peer_3:basic
Peer_21:bootstrap INFO 5.699444608667296: Received message <PeerList> from Peer_6:basic
Peer_21:bootstrap INFO 5.854333180440736: Received message <PeerList> from Peer_10:basic
Peer_21:bootstrap INFO 5.923120075483674: Received message <PeerList> from Peer_15:basic
Peer_21:bootstrap INFO 5.988501136072524: Received message <PeerList> from Peer_13:basic
Peer_21:bootstrap INFO 6.102084104539879: Received message <PeerList> from Peer_16:basic
Peer_21:bootstrap INFO 6.141521183214538: Received message <PeerList> from Peer_4:basic
Peer_21:bootstrap INFO 6.264905021841183: Received message <PeerList> from Peer_7:basic
Peer_21:bootstrap INFO 6.371847387657717: Received message <PeerList> from Peer_8:basic
Peer_21:bootstrap INFO 6.613981978406498: Received message <PeerList> from Peer_9:basic
Peer_21:bootstrap INFO 6.763974976708568: Received message <PeerList> from Peer_1:basic
Peer_21:bootstrap INFO 7.494944178386307: Received message <PeerList> from Peer_14:basic
Peer_21:bootstrap INFO 8.079128904687922: Received message <PeerList> from Peer_5:basic
Peer_21:bootstrap INFO 8.161826249811947: Received message <PeerList> from Peer_18:basic
Peer_21:bootstrap INFO 10.1699630683461: Received message <PeerList> from Peer_2:basic
Peer_21:bootstrap INFO 10.352229662236544: Received message <PeerList> from Peer_17:basic
Peer_21:bootstrap INFO 500.00000475312896: Received message <RequestPeers:> from Peer_6:basic
Peer_21:bootstrap INFO 500.00000475312896: Sending message <PeerList> to Peer_6:basic
Peer_21:bootstrap INFO 500.9726552384589: Received message <RequestPeers:> from Peer_16:basic
Peer_21:bootstrap INFO 500.9726552384589: Sending message <PeerList> to Peer_16:basic
Peer_21:bootstrap INFO 501.06658742076394: Received message <RequestPeers:> from Peer_3:basic
Peer_21:bootstrap INFO 501.06658742076394: Sending message <PeerList> to Peer_3:basic
Peer_21:bootstrap INFO 501.5886241811741: Received message <RequestPeers:> from Peer_5:basic
Peer_21:bootstrap INFO 501.5886241811741: Sending message <PeerList> to Peer_5:basic
Peer_21:bootstrap INFO 501.62543660091796: Received message <RequestPeers:> from Peer_12:basic
Peer_21:bootstrap INFO 501.62543660091796: Sending message <PeerList> to Peer_12:basic
Peer_21:bootstrap INFO 501.65749276536866: Received message <RequestPeers:> from Peer_4:basic
Peer_21:bootstrap INFO 501.65749276536866: Sending message <PeerList> to Peer_4:basic
Peer_21:bootstrap INFO 501.6844847809831: Received message <RequestPeers:> from Peer_17:basic
Peer_21:bootstrap INFO 501.6844847809831: Sending message <PeerList> to Peer_17:basic
Peer_21:bootstrap INFO 501.68828932240996: Received message <RequestPeers:> from Peer_11:basic
Peer_21:bootstrap INFO 501.68828932240996: Sending message <PeerList> to Peer_11:basic
Peer_21:bootstrap INFO 501.73297247663277: Received message <RequestPeers:> from Peer_1:basic
Peer_21:bootstrap INFO 501.73297247663277: Sending message <PeerList> to Peer_1:basic
Peer_21:bootstrap INFO 501.7605430205643: Received message <RequestPeers:> from Peer_13:basic
Peer_21:bootstrap INFO 501.7605430205643: Sending message <PeerList> to Peer_13:basic
Peer_21:bootstrap INFO 501.7801308978839: Received message <RequestPeers:> from Peer_7:basic
Peer_21:bootstrap INFO 501.7801308978839: Sending message <PeerList> to Peer_7:basic
Peer_21:bootstrap INFO 501.9095577773078: Received message <RequestPeers:> from Peer_15:basic
Peer_21:bootstrap INFO 501.9095577773078: Sending message <PeerList> to Peer_15:basic
Peer_21:bootstrap INFO 501.9196968009428: Received message <RequestPeers:> from Peer_9:basic
Peer_21:bootstrap INFO 501.9196968009428: Sending message <PeerList> to Peer_9:basic
Peer_21:bootstrap INFO 502.34951498485356: Received message <RequestPeers:> from Peer_8:basic
Peer_21:bootstrap INFO 502.34951498485356: Sending message <PeerList> to Peer_8:basic
Peer_21:bootstrap INFO 502.4954419027589: Received message <RequestPeers:> from Peer_10:basic
Peer_21:bootstrap INFO 502.4954419027589: Sending message <PeerList> to Peer_10:basic
Peer_21:bootstrap INFO 502.6752888633493: Received message <RequestPeers:> from Peer_19:basic
Peer_21:bootstrap INFO 502.6752888633493: Sending message <PeerList> to Peer_19:basic
Peer_21:bootstrap INFO 502.92472798078785: Received message <RequestPeers:> from Peer_2:basic
Peer_21:bootstrap INFO 502.92472798078785: Sending message <PeerList> to Peer_2:basic
Peer_21:bootstrap INFO 502.93794370543833: Received message <RequestPeers:> from Peer_20:basic
Peer_21:bootstrap INFO 502.93794370543833: Sending message <PeerList> to Peer_20:basic
Peer_21:bootstrap INFO 503.005394606155: Received message <RequestPeers:> from Peer_14:basic
Peer_21:bootstrap INFO 503.005394606155: Sending message <PeerList> to Peer_14:basic
Peer_21:bootstrap INFO 504.37229796632846: Received message <RequestPeers:> from Peer_18:basic
Peer_21:bootstrap INFO 504.37229796632846: Sending message <PeerList> to Peer_18:basic
Peer_21:bootstrap INFO 1000.8487463113536: Received message <RequestPeers:> from Peer_14:basic
Peer_21:bootstrap INFO 1000.8487463113536: Sending message <PeerList> to Peer_14:basic
Peer_21:bootstrap INFO 1001.1326960705043: Received message <RequestPeers:> from Peer_6:basic
Peer_21:bootstrap INFO 1001.1326960705043: Sending message <PeerList> to Peer_6:basic
Peer_21:bootstrap INFO 1001.188876551248: Received message <RequestPeers:> from Peer_20:basic
Peer_21:bootstrap INFO 1001.188876551248: Sending message <PeerList> to Peer_20:basic
Peer_21:bootstrap INFO 1001.2987141784579: Received message <RequestPeers:> from Peer_18:basic
Peer_21:bootstrap INFO 1001.2987141784579: Sending message <PeerList> to Peer_18:basic
Peer_21:bootstrap INFO 1001.4697040458628: Received message <RequestPeers:> from Peer_15:basic
Peer_21:bootstrap INFO 1001.4697040458628: Sending message <PeerList> to Peer_15:basic
Peer_21:bootstrap INFO 1001.8129063019667: Received message <RequestPeers:> from Peer_3:basic
Peer_21:bootstrap INFO 1001.8129063019667: Sending message <PeerList> to Peer_3:basic
Peer_21:bootstrap INFO 1001.8373192646827: Received message <RequestPeers:> from Peer_9:basic
Peer_21:bootstrap INFO 1001.8373192646827: Sending message <PeerList> to Peer_9:basic
Peer_21:bootstrap INFO 1001.8654094902956: Received message <RequestPeers:> from Peer_1:basic
Peer_21:bootstrap INFO 1001.8654094902956: Sending message <PeerList> to Peer_1:basic
Peer_21:bootstrap INFO 1001.8931742498676: Received message <RequestPeers:> from Peer_13:basic
Peer_21:bootstrap INFO 1001.8931742498676: Sending message <PeerList> to Peer_13:basic
Peer_21:bootstrap INFO 1002.127781968009: Received message <RequestPeers:> from Peer_19:basic
Peer_21:bootstrap INFO 1002.127781968009: Sending message <PeerList> to Peer_19:basic
Peer_21:bootstrap INFO 1002.1536319106809: Received message <RequestPeers:> from Peer_5:basic
Peer_21:bootstrap INFO 1002.1536319106809: Sending message <PeerList> to Peer_5:basic
Peer_21:bootstrap INFO 1002.1643202737087: Received message <RequestPeers:> from Peer_10:basic
Peer_21:bootstrap INFO 1002.1643202737087: Sending message <PeerList> to Peer_10:basic
Peer_21:bootstrap INFO 1002.1847726630845: Received message <RequestPeers:> from Peer_11:basic
Peer_21:bootstrap INFO 1002.1847726630845: Sending message <PeerList> to Peer_11:basic
Peer_21:bootstrap INFO 1002.3307541149312: Received message <RequestPeers:> from Peer_4:basic
Peer_21:bootstrap INFO 1002.3307541149312: Sending message <PeerList> to Peer_4:basic
Peer_21:bootstrap INFO 1002.5981508370138: Received message <RequestPeers:> from Peer_7:basic
Peer_21:bootstrap INFO 1002.5981508370138: Sending message <PeerList> to Peer_7:basic
Peer_21:bootstrap INFO 1002.6759932712299: Received message <RequestPeers:> from Peer_2:basic
Peer_21:bootstrap INFO 1002.6759932712299: Sending message <PeerList> to Peer_2:basic
Peer_21:bootstrap INFO 1002.7724865344364: Received message <RequestPeers:> from Peer_16:basic
Peer_21:bootstrap INFO 1002.7724865344364: Sending message <PeerList> to Peer_16:basic
Peer_21:bootstrap INFO 1002.969532077442: Received message <RequestPeers:> from Peer_12:basic
Peer_21:bootstrap INFO 1002.969532077442: Sending message <PeerList> to Peer_12:basic
Peer_21:bootstrap INFO 1003.0218224007914: Received message <RequestPeers:> from Peer_17:basic
Peer_21:bootstrap INFO 1003.0218224007914: Sending message <PeerList> to Peer_17:basic
Peer_21:bootstrap INFO 1003.1491345932926: Received message <RequestPeers:> from Peer_8:basic
Peer_21:bootstrap INFO 1003.1491345932926: Sending message <PeerList> to Peer_8:basic
Peer_21:bootstrap INFO 1501.445865014897: Received message <RequestPeers:> from Peer_17:basic
Peer_21:bootstrap INFO 1501.445865014897: Sending message <PeerList> to Peer_17:basic
Peer_21:bootstrap INFO 1501.5884323716323: Received message <RequestPeers:> from Peer_10:basic
Peer_21:bootstrap INFO 1501.5884323716323: Sending message <PeerList> to Peer_10:basic
Peer_21:bootstrap INFO 1501.690110194901: Received message <RequestPeers:> from Peer_19:basic
Peer_21:bootstrap INFO 1501.690110194901: Sending message <PeerList> to Peer_19:basic
Peer_21:bootstrap INFO 1501.8155818007313: Received message <RequestPeers:> from Peer_1:basic
Peer_21:bootstrap INFO 1501.8155818007313: Sending message <PeerList> to Peer_1:basic
Peer_21:bootstrap INFO 1502.212590330794: Received message <RequestPeers:> from Peer_7:basic
Peer_21:bootstrap INFO 1502.212590330794: Sending message <PeerList> to Peer_7:basic
Peer_21:bootstrap INFO 1502.7621668232273: Received message <RequestPeers:> from Peer_4:basic
Peer_21:bootstrap INFO 1502.7621668232273: Sending message <PeerList> to Peer_4:basic
Peer_21:bootstrap INFO 1503.961347859762: Received message <RequestPeers:> from Peer_8:basic
Peer_21:bootstrap INFO 1503.961347859762: Sending message <PeerList> to Peer_8:basic
Peer_21:bootstrap INFO 2000: Sending message <Ping:> to Peer_6:basic
Peer_21:bootstrap INFO 2000: Sending message <Ping:> to Peer_16:basic
Peer_21:bootstrap INFO 2000: Sending message <Ping:> to Peer_11:basic
Peer_21:bootstrap INFO 2000: Sending message <Ping:> to Peer_12:basic
Peer_21:bootstrap INFO 2000: Sending message <Ping:> to Peer_3:basic
Peer_21:bootstrap INFO 2000: Sending message <Ping:> to Peer_13:basic
Peer_21:bootstrap INFO 2000: Sending message <Ping:> to Peer_15:basic
Peer_21:bootstrap INFO 2000: Sending message <Ping:> to Peer_20:basic
Peer_21:bootstrap INFO 2000: Sending message <Ping:> to Peer_9:basic
Peer_21:bootstrap INFO 2000: Sending message <Ping:> to Peer_5:basic
Peer_21:bootstrap INFO 2000: Sending message <Ping:> to Peer_14:basic
Peer_21:bootstrap INFO 2000: Sending message <Ping:> to Peer_18:basic
Peer_21:bootstrap INFO 2000: Sending message <Ping:> to Peer_2:basic
Peer_21:bootstrap INFO 2000.964836753611: Received message <Ping:> from Peer_18:basic
Peer_21:bootstrap INFO 2000.964836753611: Sending message <Pong:> to Peer_18:basic
Peer_21:bootstrap INFO 2001.1623059178744: Received message <Ping:> from Peer_16:basic
Peer_21:bootstrap INFO 2001.1623059178744: Sending message <Pong:> to Peer_16:basic
Peer_21:bootstrap INFO 2001.5282695106441: Received message <Ping:> from Peer_5:basic
Peer_21:bootstrap INFO 2001.5282695106441: Sending message <Pong:> to Peer_5:basic
Peer_21:bootstrap INFO 2001.570927442339: Received message <Ping:> from Peer_15:basic
Peer_21:bootstrap INFO 2001.570927442339: Sending message <Pong:> to Peer_15:basic
Peer_21:bootstrap INFO 2001.7376993119988: Received message <Ping:> from Peer_20:basic
Peer_21:bootstrap INFO 2001.7376993119988: Sending message <Pong:> to Peer_20:basic
Peer_21:bootstrap INFO 2001.845861139857: Received message <Ping:> from Peer_13:basic
Peer_21:bootstrap INFO 2001.845861139857: Sending message <Pong:> to Peer_13:basic
Peer_21:bootstrap INFO 2002.0366448099835: Received message <Ping:> from Peer_3:basic
Peer_21:bootstrap INFO 2002.0366448099835: Sending message <Pong:> to Peer_3:basic
Peer_21:bootstrap INFO 2002.1009070509958: Received message <Ping:> from Peer_11:basic
Peer_21:bootstrap INFO 2002.1009070509958: Sending message <Pong:> to Peer_11:basic
Peer_21:bootstrap INFO 2002.3443371944845: Received message <Ping:> from Peer_9:basic
Peer_21:bootstrap INFO 2002.3443371944845: Sending message <Pong:> to Peer_9:basic
Peer_21:bootstrap INFO 2002.595242721631: Received message <Ping:> from Peer_2:basic
Peer_21:bootstrap INFO 2002.595242721631: Sending message <Pong:> to Peer_2:basic
Peer_21:bootstrap INFO 2002.6817249746634: Received message <Ping:> from Peer_6:basic
Peer_21:bootstrap INFO 2002.6817249746634: Sending message <Pong:> to Peer_6:basic
Peer_21:bootstrap INFO 2002.7305310955257: Received message <Pong:> from Peer_6:basic
Peer_21:bootstrap INFO 2002.8166706288257: Received message <Pong:> from Peer_12:basic
Peer_21:bootstrap INFO 2003.0314802371086: Received message <Ping:> from Peer_12:basic
Peer_21:bootstrap INFO 2003.0314802371086: Sending message <Pong:> to Peer_12:basic
Peer_21:bootstrap INFO 2003.0952485735372: Received message <Pong:> from Peer_13:basic
Peer_21:bootstrap INFO 2003.4943157808846: Received message <Pong:> from Peer_9:basic
Peer_21:bootstrap INFO 2003.8656941612317: Received message <Ping:> from Peer_14:basic
Peer_21:bootstrap INFO 2003.8656941612317: Sending message <Pong:> to Peer_14:basic
Peer_21:bootstrap INFO 2003.926454946854: Received message <Pong:> from Peer_18:basic
Peer_21:bootstrap INFO 2004.1258784423098: Received message <Pong:> from Peer_5:basic
Peer_21:bootstrap INFO 2004.9012038848655: Received message <Pong:> from Peer_15:basic
Peer_21:bootstrap INFO 2004.9083473442677: Received message <Pong:> from Peer_3:basic
Peer_21:bootstrap INFO 2004.9883841620672: Received message <Pong:> from Peer_11:basic
Peer_21:bootstrap INFO 2005.2174454595295: Received message <Pong:> from Peer_2:basic
Peer_21:bootstrap INFO 2005.5712798620154: Received message <Pong:> from Peer_14:basic
Peer_21:bootstrap INFO 2006.180153238784: Received message <Pong:> from Peer_20:basic
Peer_21:bootstrap INFO 2006.457172283431: Received message <Pong:> from Peer_16:basic
Peer_21:bootstrap INFO 2500: Sending message <Ping:> to Peer_8:basic
Peer_21:bootstrap INFO 2500: Sending message <Ping:> to Peer_4:basic
Peer_21:bootstrap INFO 2500: Sending message <Ping:> to Peer_1:basic
Peer_21:bootstrap INFO 2500: Sending message <Ping:> to Peer_19:basic
Peer_21:bootstrap INFO 2500: Sending message <Ping:> to Peer_7:basic
Peer_21:bootstrap INFO 2500: Sending message <Ping:> to Peer_10:basic
Peer_21:bootstrap INFO 2500: Sending message <Ping:> to Peer_17:basic
Peer_21:bootstrap INFO 2501.278153501078: Received message <Ping:> from Peer_10:basic
Peer_21:bootstrap INFO 2501.278153501078: Sending message <Pong:> to Peer_10:basic
Peer_21:bootstrap INFO 2501.4879905191906: Received message <Ping:> from Peer_1:basic
Peer_21:bootstrap INFO 2501.4879905191906: Sending message <Pong:> to Peer_1:basic
Peer_21:bootstrap INFO 2501.8890624459314: Received message <Pong:> from Peer_17:basic
Peer_21:bootstrap INFO 2502.2823946282642: Received message <Ping:> from Peer_19:basic
Peer_21:bootstrap INFO 2502.2823946282642: Sending message <Pong:> to Peer_19:basic
Peer_21:bootstrap INFO 2502.3991020715084: Received message <Ping:> from Peer_4:basic
Peer_21:bootstrap INFO 2502.3991020715084: Sending message <Pong:> to Peer_4:basic
Peer_21:bootstrap INFO 2502.635351017949: Received message <Ping:> from Peer_7:basic
Peer_21:bootstrap INFO 2502.635351017949: Sending message <Pong:> to Peer_7:basic
Peer_21:bootstrap INFO 2503.543285361686: Received message <Ping:> from Peer_8:basic
Peer_21:bootstrap INFO 2503.543285361686: Sending message <Pong:> to Peer_8:basic
Peer_21:bootstrap INFO 2503.623401586794: Received message <Ping:> from Peer_17:basic
Peer_21:bootstrap INFO 2503.623401586794: Sending message <Pong:> to Peer_17:basic
Peer_21:bootstrap INFO 2504.1155767427204: Received message <Pong:> from Peer_7:basic
Peer_21:bootstrap INFO 2504.2289245099155: Received message <Pong:> from Peer_19:basic
Peer_21:bootstrap INFO 2504.816883835787: Received message <Pong:> from Peer_10:basic
Peer_21:bootstrap INFO 2504.9375231248246: Received message <Pong:> from Peer_8:basic
Peer_21:bootstrap INFO 2505.039477407759: Received message <Pong:> from Peer_1:basic
Peer_21:bootstrap INFO 2505.1211298533985: Received message <Pong:> from Peer_4:basic
Peer_21:bootstrap INFO 3000: Sending message <Ping:> to Peer_6:basic
Peer_21:bootstrap INFO 3000: Sending message <Ping:> to Peer_16:basic
Peer_21:bootstrap INFO 3000: Sending message <Ping:> to Peer_11:basic
Peer_21:bootstrap INFO 3000: Sending message <Ping:> to Peer_12:basic
Peer_21:bootstrap INFO 3000: Sending message <Ping:> to Peer_3:basic
Peer_21:bootstrap INFO 3000: Sending message <Ping:> to Peer_13:basic
Peer_21:bootstrap INFO 3000: Sending message <Ping:> to Peer_15:basic
Peer_21:bootstrap INFO 3000: Sending message <Ping:> to Peer_20:basic
Peer_21:bootstrap INFO 3000: Sending message <Ping:> to Peer_9:basic
Peer_21:bootstrap INFO 3000: Sending message <Ping:> to Peer_5:basic
Peer_21:bootstrap INFO 3000: Sending message <Ping:> to Peer_14:basic
Peer_21:bootstrap INFO 3000: Sending message <Ping:> to Peer_18:basic
Peer_21:bootstrap INFO 3000: Sending message <Ping:> to Peer_2:basic
Peer_21:bootstrap INFO 3001.0319248936885: Received message <Ping:> from Peer_15:basic
Peer_21:bootstrap INFO 3001.0319248936885: Sending message <Pong:> to Peer_15:basic
Peer_21:bootstrap INFO 3001.4467416895986: Received message <Ping:> from Peer_5:basic
Peer_21:bootstrap INFO 3001.4467416895986: Sending message <Pong:> to Peer_5:basic
Peer_21:bootstrap INFO 3001.612584752923: Received message <Ping:> from Peer_14:basic
Peer_21:bootstrap INFO 3001.612584752923: Sending message <Pong:> to Peer_14:basic
Peer_21:bootstrap INFO 3001.728643921175: Received message <Ping:> from Peer_11:basic
Peer_21:bootstrap INFO 3001.728643921175: Sending message <Pong:> to Peer_11:basic
Peer_21:bootstrap INFO 3001.743813084376: Received message <Ping:> from Peer_9:basic
Peer_21:bootstrap INFO 3001.743813084376: Sending message <Pong:> to Peer_9:basic
Peer_21:bootstrap INFO 3001.861290346613: Received message <Ping:> from Peer_2:basic
Peer_21:bootstrap INFO 3001.861290346613: Sending message <Pong:> to Peer_2:basic
Peer_21:bootstrap INFO 3002.0500361342656: Received message <Ping:> from Peer_13:basic
Peer_21:bootstrap INFO 3002.0500361342656: Sending message <Pong:> to Peer_13:basic
Peer_21:bootstrap INFO 3002.238314625638: Received message <Ping:> from Peer_3:basic
Peer_21:bootstrap INFO 3002.238314625638: Sending message <Pong:> to Peer_3:basic
Peer_21:bootstrap INFO 3002.295901887659: Received message <Ping:> from Peer_6:basic
Peer_21:bootstrap INFO 3002.295901887659: Sending message <Pong:> to Peer_6:basic
Peer_21:bootstrap INFO 3002.362641867186: Received message <Ping:> from Peer_12:basic
Peer_21:bootstrap INFO 3002.362641867186: Sending message <Pong:> to Peer_12:basic
Peer_21:bootstrap INFO 3002.555995009126: Received message <Pong:> from Peer_2:basic
Peer_21:bootstrap INFO 3002.834184404123: Received message <Ping:> from Peer_20:basic
Peer_21:bootstrap INFO 3002.834184404123: Sending message <Pong:> to Peer_20:basic
Peer_21:bootstrap INFO 3003.011091254553: Received message <Pong:> from Peer_12:basic
Peer_21:bootstrap INFO 3003.5300999445317: Received message <Pong:> from Peer_13:basic
Peer_21:bootstrap INFO 3003.5338874619106: Received message <Pong:> from Peer_11:basic
Peer_21:bootstrap INFO 3003.5892470928893: Received message <Ping:> from Peer_18:basic
Peer_21:bootstrap INFO 3003.5892470928893: Sending message <Pong:> to Peer_18:basic
Peer_21:bootstrap INFO 3003.6793441320397: Received message <Pong:> from Peer_14:basic
Peer_21:bootstrap INFO 3003.793701817336: Received message <Ping:> from Peer_16:basic
Peer_21:bootstrap INFO 3003.793701817336: Sending message <Pong:> to Peer_16:basic
Peer_21:bootstrap INFO 3003.8653276170585: Received message <Pong:> from Peer_3:basic
Peer_21:bootstrap INFO 3004.206572289862: Received message <Pong:> from Peer_9:basic
Peer_21:bootstrap INFO 3004.2585716855383: Received message <Pong:> from Peer_20:basic
Peer_21:bootstrap INFO 3004.7105863433385: Received message <Pong:> from Peer_5:basic
Peer_21:bootstrap INFO 3004.755527706088: Received message <Pong:> from Peer_15:basic
Peer_21:bootstrap INFO 3005.1499441111937: Received message <Pong:> from Peer_18:basic
Peer_21:bootstrap INFO 3005.2141924707903: Received message <Pong:> from Peer_6:basic
Peer_21:bootstrap INFO 3005.318206392403: Received message <Pong:> from Peer_16:basic
Peer_21:bootstrap INFO 3500: Sending message <Ping:> to Peer_8:basic
Peer_21:bootstrap INFO 3500: Sending message <Ping:> to Peer_4:basic
Peer_21:bootstrap INFO 3500: Sending message <Ping:> to Peer_1:basic
Peer_21:bootstrap INFO 3500: Sending message <Ping:> to Peer_19:basic
Peer_21:bootstrap INFO 3500: Sending message <Ping:> to Peer_7:basic
Peer_21:bootstrap INFO 3500: Sending message <Ping:> to Peer_10:basic
Peer_21:bootstrap INFO 3500: Sending message <Ping:> to Peer_17:basic
Peer_21:bootstrap INFO 3501.4427999751206: Received message <Pong:> from Peer_17:basic
Peer_21:bootstrap INFO 3501.602509193982: Received message <Ping:> from Peer_7:basic
Peer_21:bootstrap INFO 3501.602509193982: Sending message <Pong:> to Peer_7:basic
Peer_21:bootstrap INFO 3501.6950653698236: Received message <Ping:> from Peer_1:basic
Peer_21:bootstrap INFO 3501.6950653698236: Sending message <Pong:> to Peer_1:basic
Peer_21:bootstrap INFO 3501.95414929078: Received message <Ping:> from Peer_19:basic
Peer_21:bootstrap INFO 3501.95414929078: Sending message <Pong:> to Peer_19:basic
Peer_21:bootstrap INFO 3502.1055921474504: Received message <Ping:> from Peer_4:basic
Peer_21:bootstrap INFO 3502.1055921474504: Sending message <Pong:> to Peer_4:basic
Peer_21:bootstrap INFO 3502.3004706593993: Received message <Ping:> from Peer_10:basic
Peer_21:bootstrap INFO 3502.3004706593993: Sending message <Pong:> to Peer_10:basic
Peer_21:bootstrap INFO 3502.805132002712: Received message <Pong:> from Peer_1:basic
Peer_21:bootstrap INFO 3502.924383075466: Received message <Pong:> from Peer_7:basic
Peer_21:bootstrap INFO 3503.052565224562: Received message <Ping:> from Peer_17:basic
Peer_21:bootstrap INFO 3503.052565224562: Sending message <Pong:> to Peer_17:basic
Peer_21:bootstrap INFO 3503.387074822977: Received message <Pong:> from Peer_19:basic
Peer_21:bootstrap INFO 3505.3263583337257: Received message <Ping:> from Peer_8:basic
Peer_21:bootstrap INFO 3505.3263583337257: Sending message <Pong:> to Peer_8:basic
Peer_21:bootstrap INFO 3505.499530948604: Received message <Pong:> from Peer_10:basic
Peer_21:bootstrap INFO 3505.972361595374: Received message <Pong:> from Peer_4:basic
Peer_21:bootstrap INFO 3506.370807227529: Received message <Pong:> from Peer_8:basic
Peer_21:bootstrap INFO 4000: Sending message <Ping:> to Peer_6:basic
Peer_21:bootstrap INFO 4000: Sending message <Ping:> to Peer_16:basic
Peer_21:bootstrap INFO 4000: Sending message <Ping:> to Peer_11:basic
Peer_21:bootstrap INFO 4000: Sending message <Ping:> to Peer_12:basic
Peer_21:bootstrap INFO 4000: Sending message <Ping:> to Peer_3:basic
Peer_21:bootstrap INFO 4000: Sending message <Ping:> to Peer_13:basic
Peer_21:bootstrap INFO 4000: Sending message <Ping:> to Peer_15:basic
Peer_21:bootstrap INFO 4000: Sending message <Ping:> to Peer_20:basic
Peer_21:bootstrap INFO 4000: Sending message <Ping:> to Peer_9:basic
Peer_21:bootstrap INFO 4000: Sending message <Ping:> to Peer_5:basic
Peer_21:bootstrap INFO 4000: Sending message <Ping:> to Peer_14:basic
Peer_21:bootstrap INFO 4000: Sending message <Ping:> to Peer_18:basic
Peer_21:bootstrap INFO 4000: Sending message <Ping:> to Peer_2:basic
Peer_21:bootstrap INFO 4001.1525066062513: Received message <Ping:> from Peer_14:basic
Peer_21:bootstrap INFO 4001.1525066062513: Sending message <Pong:> to Peer_14:basic
Peer_21:bootstrap INFO 4001.3585376888987: Received message <Ping:> from Peer_6:basic
Peer_21:bootstrap INFO 4001.3585376888987: Sending message <Pong:> to Peer_6:basic
Peer_21:bootstrap INFO 4001.656094648226: Received message <Ping:> from Peer_12:basic
Peer_21:bootstrap INFO 4001.656094648226: Sending message <Pong:> to Peer_12:basic
Peer_21:bootstrap INFO 4001.7196081284155: Received message <Ping:> from Peer_11:basic
Peer_21:bootstrap INFO 4001.7196081284155: Sending message <Pong:> to Peer_11:basic
Peer_21:bootstrap INFO 4001.7633548690706: Received message <Ping:> from Peer_2:basic
Peer_21:bootstrap INFO 4001.7633548690706: Sending message <Pong:> to Peer_2:basic
Peer_21:bootstrap INFO 4001.9841845254164: Received message <Ping:> from Peer_20:basic
Peer_21:bootstrap INFO 4001.9841845254164: Sending message <Pong:> to Peer_20:basic
Peer_21:bootstrap INFO 4002.0963639354436: Received message <Ping:> from Peer_3:basic
Peer_21:bootstrap INFO 4002.0963639354436: Sending message <Pong:> to Peer_3:basic
Peer_21:bootstrap INFO 4002.139707565349: Received message <Ping:> from Peer_13:basic
Peer_21:bootstrap INFO 4002.139707565349: Sending message <Pong:> to Peer_13:basic
Peer_21:bootstrap INFO 4002.183886955153: Received message <Ping:> from Peer_15:basic
Peer_21:bootstrap INFO 4002.183886955153: Sending message <Pong:> to Peer_15:basic
Peer_21:bootstrap INFO 4002.200644677947: Received message <Pong:> from Peer_18:basic
Peer_21:bootstrap INFO 4002.3545697381537: Received message <Ping:> from Peer_5:basic
Peer_21:bootstrap INFO 4002.3545697381537: Sending message <Pong:> to Peer_5:basic
Peer_21:bootstrap INFO 4002.4812999029095: Received message <Ping:> from Peer_9:basic
Peer_21:bootstrap INFO 4002.4812999029095: Sending message <Pong:> to Peer_9:basic
Peer_21:bootstrap INFO 4002.9059113801827: Received message <Pong:> from Peer_13:basic
Peer_21:bootstrap INFO 4003.372101268894: Received message <Pong:> from Peer_9:basic
Peer_21:bootstrap INFO 4003.4819676745856: Received message <Pong:> from Peer_5:basic
Peer_21:bootstrap INFO 4003.654303150355: Received message <Pong:> from Peer_11:basic
Peer_21:bootstrap INFO 4003.73990051307: Received message <Ping:> from Peer_16:basic
Peer_21:bootstrap INFO 4003.73990051307: Sending message <Pong:> to Peer_16:basic
Peer_21:bootstrap INFO 4003.7551382168035: Received message <Pong:> from Peer_12:basic
Peer_21:bootstrap INFO 4003.7903523908367: Received message <Ping:> from Peer_18:basic
Peer_21:bootstrap INFO 4003.7903523908367: Sending message <Pong:> to Peer_18:basic
Peer_21:bootstrap INFO 4003.8003872630943: Received message <Pong:> from Peer_3:basic
Peer_21:bootstrap INFO 4004.1139496225865: Received message <Pong:> from Peer_14:basic
Peer_21:bootstrap INFO 4004.4589463410266: Received message <Pong:> from Peer_6:basic
Peer_21:bootstrap INFO 4004.745268106945: Received message <Pong:> from Peer_15:basic
Peer_21:bootstrap INFO 4004.904998955309: Received message <Pong:> from Peer_16:basic
Peer_21:bootstrap INFO 4005.1436418708895: Received message <Pong:> from Peer_20:basic
Peer_21:bootstrap INFO 4006.6022193501335: Received message <Pong:> from Peer_2:basic
Peer_21:bootstrap INFO 4500: Sending message <Ping:> to Peer_8:basic
Peer_21:bootstrap INFO 4500: Sending message <Ping:> to Peer_4:basic
Peer_21:bootstrap INFO 4500: Sending message <Ping:> to Peer_1:basic
Peer_21:bootstrap INFO 4500: Sending message <Ping:> to Peer_19:basic
Peer_21:bootstrap INFO 4500: Sending message <Ping:> to Peer_7:basic
Peer_21:bootstrap INFO 4500: Sending message <Ping:> to Peer_10:basic
Peer_21:bootstrap INFO 4500: Sending message <Ping:> to Peer_17:basic
Peer_21:bootstrap INFO 4500.5230475961935: Received message <Pong:> from Peer_4:basic
Peer_21:bootstrap INFO 4501.488510224243: Received message <Pong:> from Peer_8:basic
Peer_21:bootstrap INFO 4501.621640668531: Received message <Ping:> from Peer_17:basic
Peer_21:bootstrap INFO 4501.621640668531: Sending message <Pong:> to Peer_17:basic
Peer_21:bootstrap INFO 4501.627547035417: Received message <Ping:> from Peer_10:basic
Peer_21:bootstrap INFO 4501.627547035417: Sending message <Pong:> to Peer_10:basic
Peer_21:bootstrap INFO 4502.1259197564505: Received message <Ping:> from Peer_1:basic
Peer_21:bootstrap INFO 4502.1259197564505: Sending message <Pong:> to Peer_1:basic
Peer_21:bootstrap INFO 4502.231401880949: Received message <Ping:> from Peer_4:basic
Peer_21:bootstrap INFO 4502.231401880949: Sending message <Pong:> to Peer_4:basic
Peer_21:bootstrap INFO 4502.38146265852: Received message <Ping:> from Peer_19:basic
Peer_21:bootstrap INFO 4502.38146265852: Sending message <Pong:> to Peer_19:basic
Peer_21:bootstrap INFO 4502.436000209632: Received message <Ping:> from Peer_7:basic
Peer_21:bootstrap INFO 4502.436000209632: Sending message <Pong:> to Peer_7:basic
Peer_21:bootstrap INFO 4503.337140815786: Received message <Ping:> from Peer_8:basic
Peer_21:bootstrap INFO 4503.337140815786: Sending message <Pong:> to Peer_8:basic
Peer_21:bootstrap INFO 4504.209551878825: Received message <Pong:> from Peer_19:basic
Peer_21:bootstrap INFO 4504.306144215079: Received message <Pong:> from Peer_10:basic
Peer_21:bootstrap INFO 4504.488036452824: Received message <Pong:> from Peer_17:basic
Peer_21:bootstrap INFO 4504.533864042848: Received message <Pong:> from Peer_1:basic
Peer_21:bootstrap INFO 4504.770911508792: Received message <Pong:> from Peer_7:basic
Peer_21:bootstrap INFO 5000: Sending message <Ping:> to Peer_6:basic
Peer_21:bootstrap INFO 5000: Sending message <Ping:> to Peer_16:basic
Peer_21:bootstrap INFO 5000: Sending message <Ping:> to Peer_11:basic
Peer_21:bootstrap INFO 5000: Sending message <Ping:> to Peer_12:basic
Peer_21:bootstrap INFO 5000: Sending message <Ping:> to Peer_3:basic
Peer_21:bootstrap INFO 5000: Sending message <Ping:> to Peer_13:basic
Peer_21:bootstrap INFO 5000: Sending message <Ping:> to Peer_15:basic
Peer_21:bootstrap INFO 5000: Sending message <Ping:> to Peer_20:basic
Peer_21:bootstrap INFO 5000: Sending message <Ping:> to Peer_9:basic
Peer_21:bootstrap INFO 5000: Sending message <Ping:> to Peer_5:basic
Peer_21:bootstrap INFO 5000: Sending message <Ping:> to Peer_14:basic
Peer_21:bootstrap INFO 5000: Sending message <Ping:> to Peer_18:basic
Peer_21:bootstrap INFO 5000: Sending message <Ping:> to Peer_2:basic
Peer_21:bootstrap INFO 5000.727400708791: Received message <Ping:> from Peer_13:basic
Peer_21:bootstrap INFO 5000.727400708791: Sending message <Pong:> to Peer_13:basic
Peer_21:bootstrap INFO 5001.762494428704: Received message <Pong:> from Peer_18:basic
Peer_21:bootstrap INFO 5001.825918495565: Received message <Ping:> from Peer_12:basic
Peer_21:bootstrap INFO 5001.825918495565: Sending message <Pong:> to Peer_12:basic
Peer_21:bootstrap INFO 5001.832836593706: Received message <Ping:> from Peer_18:basic
Peer_21:bootstrap INFO 5001.832836593706: Sending message <Pong:> to Peer_18:basic
Peer_21:bootstrap INFO 5001.894431416895: Received message <Ping:> from Peer_3:basic
Peer_21:bootstrap INFO 5001.894431416895: Sending message <Pong:> to Peer_3:basic
Peer_21:bootstrap INFO 5002.151588687184: Received message <Ping:> from Peer_9:basic
Peer_21:bootstrap INFO 5002.151588687184: Sending message <Pong:> to Peer_9:basic
Peer_21:bootstrap INFO 5002.212335732205: Received message <Ping:> from Peer_15:basic
Peer_21:bootstrap INFO 5002.212335732205: Sending message <Pong:> to Peer_15:basic
Peer_21:bootstrap INFO 5002.239533173963: Received message <Ping:> from Peer_11:basic
Peer_21:bootstrap INFO 5002.239533173963: Sending message <Pong:> to Peer_11:basic
Peer_21:bootstrap INFO 5002.243613941156: Received message <Ping:> from Peer_2:basic
Peer_21:bootstrap INFO 5002.243613941156: Sending message <Pong:> to Peer_2:basic
Peer_21:bootstrap INFO 5002.63173507159: Received message <Ping:> from Peer_6:basic
Peer_21:bootstrap INFO 5002.63173507159: Sending message <Pong:> to Peer_6:basic
Peer_21:bootstrap INFO 5002.702134496319: Received message <Ping:> from Peer_14:basic
Peer_21:bootstrap INFO 5002.702134496319: Sending message <Pong:> to Peer_14:basic
Peer_21:bootstrap INFO 5002.766254348415: Received message <Ping:> from Peer_5:basic
Peer_21:bootstrap INFO 5002.766254348415: Sending message <Pong:> to Peer_5:basic
Peer_21:bootstrap INFO 5002.769621695371: Received message <Ping:> from Peer_20:basic
Peer_21:bootstrap INFO 5002.769621695371: Sending message <Pong:> to Peer_20:basic
Peer_21:bootstrap INFO 5003.423901215771: Received message <Pong:> from Peer_5:basic
Peer_21:bootstrap INFO 5003.431502173323: Received message <Pong:> from Peer_13:basic
Peer_21:bootstrap INFO 5003.449652625012: Received message <Pong:> from Peer_11:basic
Peer_21:bootstrap INFO 5003.6667276254175: Received message <Pong:> from Peer_12:basic
Peer_21:bootstrap INFO 5003.816429813926: Received message <Pong:> from Peer_20:basic
Peer_21:bootstrap INFO 5003.874400581821: Received message <Pong:> from Peer_15:basic
Peer_21:bootstrap INFO 5004.010721665599: Received message <Ping:> from Peer_16:basic
Peer_21:bootstrap INFO 5004.010721665599: Sending message <Pong:> to Peer_16:basic
Peer_21:bootstrap INFO 5004.075617636235: Received message <Pong:> from Peer_9:basic
Peer_21:bootstrap INFO 5004.1460676976185: Received message <Pong:> from Peer_3:basic
Peer_21:bootstrap INFO 5004.357779100321: Received message <Pong:> from Peer_6:basic
Peer_21:bootstrap INFO 5004.799852419655: Received message <Pong:> from Peer_16:basic
Peer_21:bootstrap INFO 5005.067147378255: Received message <Pong:> from Peer_2:basic
Peer_21:bootstrap INFO 5007.777207871611: Received message <Pong:> from Peer_14:basic
Peer_21:bootstrap INFO 5500: Sending message <Ping:> to Peer_8:basic
Peer_21:bootstrap INFO 5500: Sending message <Ping:> to Peer_4:basic
Peer_21:bootstrap INFO 5500: Sending message <Ping:> to Peer_1:basic
Peer_21:bootstrap INFO 5500: Sending message <Ping:> to Peer_19:basic
Peer_21:bootstrap INFO 5500: Sending message <Ping:> to Peer_7:basic
Peer_21:bootstrap INFO 5500: Sending message <Ping:> to Peer_10:basic
Peer_21:bootstrap INFO 5500: Sending message <Ping:> to Peer_17:basic
Peer_21:bootstrap INFO 5500.751191802556: Received message <Ping:> from Peer_17:basic
Peer_21:bootstrap INFO 5500.751191802556: Sending message <Pong:> to Peer_17:basic
Peer_21:bootstrap INFO 5501.682104742836: Received message <Ping:> from Peer_19:basic
Peer_21:bootstrap INFO 5501.682104742836: Sending message <Pong:> to Peer_19:basic
Peer_21:bootstrap INFO 5501.835498688173: Received message <Ping:> from Peer_1:basic
Peer_21:bootstrap INFO 5501.835498688173: Sending message <Pong:> to Peer_1:basic
Peer_21:bootstrap INFO 5501.999532997552: Received message <Ping:> from Peer_10:basic
Peer_21:bootstrap INFO 5501.999532997552: Sending message <Pong:> to Peer_10:basic
Peer_21:bootstrap INFO 5502.490265519296: Received message <Ping:> from Peer_4:basic
Peer_21:bootstrap INFO 5502.490265519296: Sending message <Pong:> to Peer_4:basic
Peer_21:bootstrap INFO 5502.559619074591: Received message <Ping:> from Peer_7:basic
Peer_21:bootstrap INFO 5502.559619074591: Sending message <Pong:> to Peer_7:basic
Peer_21:bootstrap INFO 5503.299185988865: Received message <Pong:> from Peer_19:basic
Peer_21:bootstrap INFO 5503.449175581546: Received message <Ping:> from Peer_8:basic
Peer_21:bootstrap INFO 5503.449175581546: Sending message <Pong:> to Peer_8:basic
Peer_21:bootstrap INFO 5503.766643217116: Received message <Pong:> from Peer_7:basic
Peer_21:bootstrap INFO 5504.012904351858: Received message <Pong:> from Peer_1:basic
Peer_21:bootstrap INFO 5504.054553026831: Received message <Pong:> from Peer_10:basic
Peer_21:bootstrap INFO 5504.593016568585: Received message <Pong:> from Peer_4:basic
Peer_21:bootstrap INFO 5505.40191787892: Received message <Pong:> from Peer_8:basic
Peer_21:bootstrap INFO 5506.8177953478025: Received message <Pong:> from Peer_17:basic
Peer_21:bootstrap INFO 6000: Sending message <Ping:> to Peer_6:basic
Peer_21:bootstrap INFO 6000: Sending message <Ping:> to Peer_16:basic
Peer_21:bootstrap INFO 6000: Sending message <Ping:> to Peer_11:basic
Peer_21:bootstrap INFO 6000: Sending message <Ping:> to Peer_12:basic
Peer_21:bootstrap INFO 6000: Sending message <Ping:> to Peer_3:basic
Peer_21:bootstrap INFO 6000: Sending message <Ping:> to Peer_13:basic
Peer_21:bootstrap INFO 6000: Sending message <Ping:> to Peer_15:basic
Peer_21:bootstrap INFO 6000: Sending message <Ping:> to Peer_20:basic
Peer_21:bootstrap INFO 6000: Sending message <Ping:> to Peer_9:basic
Peer_21:bootstrap INFO 6000: Sending message <Ping:> to Peer_5:basic
Peer_21:bootstrap INFO 6000: Sending message <Ping:> to Peer_14:basic
Peer_21:bootstrap INFO 6000: Sending message <Ping:> to Peer_18:basic
Peer_21:bootstrap INFO 6000: Sending message <Ping:> to Peer_2:basic
Peer_21:bootstrap INFO 6001.707914933555: Received message <Ping:> from Peer_11:basic
Peer_21:bootstrap INFO 6001.707914933555: Sending message <Pong:> to Peer_11:basic
Peer_21:bootstrap INFO 6002.005225849572: Received message <Ping:> from Peer_13:basic
Peer_21:bootstrap INFO 6002.005225849572: Sending message <Pong:> to Peer_13:basic
Peer_21:bootstrap INFO 6002.095040189121: Received message <Ping:> from Peer_3:basic
Peer_21:bootstrap INFO 6002.095040189121: Sending message <Pong:> to Peer_3:basic
Peer_21:bootstrap INFO 6002.387074987664: Received message <Ping:> from Peer_15:basic
Peer_21:bootstrap INFO 6002.387074987664: Sending message <Pong:> to Peer_15:basic
Peer_21:bootstrap INFO 6002.431937760218: Received message <Ping:> from Peer_12:basic
Peer_21:bootstrap INFO 6002.431937760218: Sending message <Pong:> to Peer_12:basic
Peer_21:bootstrap INFO 6002.476715923418: Received message <Ping:> from Peer_9:basic
Peer_21:bootstrap INFO 6002.476715923418: Sending message <Pong:> to Peer_9:basic
Peer_21:bootstrap INFO 6002.490978411367: Received message <Ping:> from Peer_20:basic
Peer_21:bootstrap INFO 6002.490978411367: Sending message <Pong:> to Peer_20:basic
Peer_21:bootstrap INFO 6002.502235057305: Received message <Ping:> from Peer_5:basic
Peer_21:bootstrap INFO 6002.502235057305: Sending message <Pong:> to Peer_5:basic
Peer_21:bootstrap INFO 6002.520225687939: Received message <Pong:> from Peer_11:basic
Peer_21:bootstrap INFO 6002.601026708603: Received message <Ping:> from Peer_18:basic
Peer_21:bootstrap INFO 6002.601026708603: Sending message <Pong:> to Peer_18:basic
Peer_21:bootstrap INFO 6002.652308092563: Received message <Ping:> from Peer_6:basic
Peer_21:bootstrap INFO 6002.652308092563: Sending message <Pong:> to Peer_6:basic
Peer_21:bootstrap INFO 6002.661454778703: Received message <Ping:> from Peer_2:basic
Peer_21:bootstrap INFO 6002.661454778703: Sending message <Pong:> to Peer_2:basic
Peer_21:bootstrap INFO 6002.842525375569: Received message <Pong:> from Peer_2:basic
Peer_21:bootstrap INFO 6003.271150909001: Received message <Ping:> from Peer_14:basic
Peer_21:bootstrap INFO 6003.271150909001: Sending message <Pong:> to Peer_14:basic
Peer_21:bootstrap INFO 6003.316194705389: Received message <Pong:> from Peer_12:basic
Peer_21:bootstrap INFO 6003.3861640537325: Received message <Pong:> from Peer_3:basic
Peer_21:bootstrap INFO 6003.830095908734: Received message <Ping:> from Peer_16:basic
Peer_21:bootstrap INFO 6003.830095908734: Sending message <Pong:> to Peer_16:basic
Peer_21:bootstrap INFO 6004.195260255565: Received message <Pong:> from Peer_13:basic
Peer_21:bootstrap INFO 6004.204413538752: Received message <Pong:> from Peer_14:basic
Peer_21:bootstrap INFO 6004.2396202294085: Received message <Pong:> from Peer_9:basic
Peer_21:bootstrap INFO 6004.557897500916: Received message <Pong:> from Peer_16:basic
Peer_21:bootstrap INFO 6005.1203682421465: Received message <Pong:> from Peer_15:basic
Peer_21:bootstrap INFO 6005.195386427533: Received message <Pong:> from Peer_5:basic
Peer_21:bootstrap INFO 6005.453798321269: Received message <Pong:> from Peer_20:basic
Peer_21:bootstrap INFO 6006.386448703667: Received message <Pong:> from Peer_18:basic
Peer_21:bootstrap INFO 6008.249229981511: Received message <Pong:> from Peer_6:basic
Peer_21:bootstrap INFO 6500: Sending message <Ping:> to Peer_8:basic
Peer_21:bootstrap INFO 6500: Sending message <Ping:> to Peer_4:basic
Peer_21:bootstrap INFO 6500: Sending message <Ping:> to Peer_1:basic
Peer_21:bootstrap INFO 6500: Sending message <Ping:> to Peer_19:basic
Peer_21:bootstrap INFO 6500: Sending message <Ping:> to Peer_7:basic
Peer_21:bootstrap INFO 6500: Sending message <Ping:> to Peer_10:basic
Peer_21:bootstrap INFO 6500: Sending message <Ping:> to Peer_17:basic
Peer_21:bootstrap INFO 6501.280312986587: Received message <Ping:> from Peer_8:basic
Peer_21:bootstrap INFO 6501.280312986587: Sending message <Pong:> to Peer_8:basic
Peer_21:bootstrap INFO 6501.361588624799: Received message <Ping:> from Peer_7:basic
Peer_21:bootstrap INFO 6501.361588624799: Sending message <Pong:> to Peer_7:basic
Peer_21:bootstrap INFO 6501.486262799735: Received message <Ping:> from Peer_19:basic
Peer_21:bootstrap INFO 6501.486262799735: Sending message <Pong:> to Peer_19:basic
Peer_21:bootstrap INFO 6502.583668574063: Received message <Ping:> from Peer_10:basic
Peer_21:bootstrap INFO 6502.583668574063: Sending message <Pong:> to Peer_10:basic
Peer_21:bootstrap INFO 6502.678482137837: Received message <Ping:> from Peer_1:basic
Peer_21:bootstrap INFO 6502.678482137837: Sending message <Pong:> to Peer_1:basic
Peer_21:bootstrap INFO 6502.785015689261: Received message <Ping:> from Peer_17:basic
Peer_21:bootstrap INFO 6502.785015689261: Sending message <Pong:> to Peer_17:basic
Peer_21:bootstrap INFO 6502.831124411764: Received message <Pong:> from Peer_7:basic
Peer_21:bootstrap INFO 6502.9061428873565: Received message <Ping:> from Peer_4:basic
Peer_21:bootstrap INFO 6502.9061428873565: Sending message <Pong:> to Peer_4:basic
Peer_21:bootstrap INFO 6504.091324316731: Received message <Pong:> from Peer_10:basic
Peer_21:bootstrap INFO 6504.2810468166035: Received message <Pong:> from Peer_17:basic
Peer_21:bootstrap INFO 6504.856040024342: Received message <Pong:> from Peer_19:basic
Peer_21:bootstrap INFO 6505.068631483032: Received message <Pong:> from Peer_1:basic
Peer_21:bootstrap INFO 6505.149469297844: Received message <Pong:> from Peer_4:basic
Peer_21:bootstrap INFO 6507.193689933608: Received message <Pong:> from Peer_8:basic
