Peer_4:basic WARNING 0: Not enough peers, fetching more (0, 4)
Peer_4:basic INFO 1.906076961239965: Connecting to Peer_21:bootstrap
Peer_4:basic INFO 2.45236166278725: Received message <Hello:> from Peer_21:bootstrap
Peer_4:basic INFO 2.5663354575192985: Received message <RequestPeers:> from Peer_21:bootstrap
Peer_4:basic INFO 2.5663354575192985: Sending message <PeerList> to Peer_21:bootstrap
Peer_4:basic WARNING 500: Not enough peers, fetching more (1, 4)
Peer_4:basic INFO 500: Sending message <RequestPeers:> to Peer_21:bootstrap
Peer_4:basic INFO 502.90162816469456: Received message <PeerList> from Peer_21:bootstrap
Peer_4:basic WARNING 1000: Not enough peers, fetching more (1, 4)
Peer_4:basic INFO 1000: Sending message <RequestPeers:> to Peer_21:bootstrap
Peer_4:basic INFO 1001.3399783349898: Connecting to Peer_11:basic
Peer_4:basic INFO 1001.6928634956892: Received message <RequestPeers:> from Peer_11:basic
Peer_4:basic INFO 1001.6928634956892: Sending message <PeerList> to Peer_11:basic
Peer_4:basic INFO 1004.8558264455082: Received message <PeerList> from Peer_21:bootstrap
Peer_4:basic INFO 1005.4148608107266: Received message <Hello:> from Peer_11:basic
Peer_4:basic WARNING 1500: Not enough peers, fetching more (2, 4)
Peer_4:basic INFO 1500: Sending message <RequestPeers:> to Peer_21:bootstrap
Peer_4:basic INFO 1500: Sending message <RequestPeers:> to Peer_11:basic
Peer_4:basic INFO 1500.551085392422: Received message <Hello:> from Peer_14:basic
Peer_4:basic INFO 1500.551085392422: Connecting to Peer_14:basic
Peer_4:basic INFO 1500.551085392422: Sending message <Hello:> to Peer_14:basic
Peer_4:basic INFO 1500.551085392422: Sending message <RequestPeers:> to Peer_14:basic
Peer_4:basic INFO 1501.1210690159887: Connecting to Peer_18:basic
Peer_4:basic INFO 1502.041451747: Received message <RequestPeers:> from Peer_18:basic
Peer_4:basic INFO 1502.041451747: Sending message <PeerList> to Peer_18:basic
Peer_4:basic INFO 1502.3968373425926: Received message <Hello:> from Peer_18:basic
Peer_4:basic INFO 1502.7224223993671: Received message <PeerList> from Peer_14:basic
Peer_4:basic INFO 1502.7922877122467: Received message <Hello:> from Peer_12:basic
Peer_4:basic INFO 1502.7922877122467: Connecting to Peer_12:basic
Peer_4:basic INFO 1502.7922877122467: Sending message <Hello:> to Peer_12:basic
Peer_4:basic INFO 1502.7922877122467: Sending message <RequestPeers:> to Peer_12:basic
Peer_4:basic INFO 1504.290062991455: Received message <PeerList> from Peer_21:bootstrap
Peer_4:basic INFO 1505.5433178858386: Received message <PeerList> from Peer_11:basic
Peer_4:basic INFO 1509.167449504592: Received message <PeerList> from Peer_12:basic
Peer_4:basic INFO 2500: Sending message <Ping:> to Peer_21:bootstrap
Peer_4:basic INFO 2500: Sending message <Ping:> to Peer_11:basic
Peer_4:basic INFO 2500: Sending message <Ping:> to Peer_14:basic
Peer_4:basic INFO 2500: Sending message <Ping:> to Peer_18:basic
Peer_4:basic INFO 2500: Sending message <Ping:> to Peer_12:basic
Peer_4:basic INFO 2500.79174259955: Received message <Ping:> from Peer_14:basic
Peer_4:basic INFO 2500.79174259955: Sending message <Pong:> to Peer_14:basic
Peer_4:basic INFO 2501.052660950205: Received message <Ping:> from Peer_18:basic
Peer_4:basic INFO 2501.052660950205: Sending message <Pong:> to Peer_18:basic
Peer_4:basic INFO 2501.703954244813: Received message <Pong:> from Peer_14:basic
Peer_4:basic INFO 2501.8230801927857: Received message <Pong:> from Peer_18:basic
Peer_4:basic INFO 2502.2207978126385: Received message <Ping:> from Peer_21:bootstrap
Peer_4:basic INFO 2502.2207978126385: Sending message <Pong:> to Peer_21:bootstrap
Peer_4:basic INFO 2503.5894589942823: Received message <Ping:> from Peer_12:basic
Peer_4:basic INFO 2503.5894589942823: Sending message <Pong:> to Peer_12:basic
Peer_4:basic INFO 2503.696079695034: Received message <Ping:> from Peer_11:basic
Peer_4:basic INFO 2503.696079695034: Sending message <Pong:> to Peer_11:basic
Peer_4:basic INFO 2504.59658203644: Received message <Pong:> from Peer_21:bootstrap
Peer_4:basic INFO 2506.6168641285594: Received message <Pong:> from Peer_12:basic
Peer_4:basic INFO 2506.9952443565785: Received message <Pong:> from Peer_11:basic
Peer_4:basic INFO 3500: Sending message <Ping:> to Peer_21:bootstrap
Peer_4:basic INFO 3500: Sending message <Ping:> to Peer_11:basic
Peer_4:basic INFO 3500: Sending message <Ping:> to Peer_14:basic
Peer_4:basic INFO 3500: Sending message <Ping:> to Peer_18:basic
Peer_4:basic INFO 3500: Sending message <Ping:> to Peer_12:basic
Peer_4:basic INFO 3500.2427625635073: Received message <Ping:> from Peer_12:basic
Peer_4:basic INFO 3500.2427625635073: Sending message <Pong:> to Peer_12:basic
Peer_4:basic INFO 3500.6264114612645: Received message <Ping:> from Peer_18:basic
Peer_4:basic INFO 3500.6264114612645: Sending message <Pong:> to Peer_18:basic
Peer_4:basic INFO 3500.7159707442606: Received message <Ping:> from Peer_14:basic
Peer_4:basic INFO 3500.7159707442606: Sending message <Pong:> to Peer_14:basic
Peer_4:basic INFO 3501.2949552879: Received message <Pong:> from Peer_14:basic
Peer_4:basic INFO 3501.688110007939: Received message <Pong:> from Peer_18:basic
Peer_4:basic INFO 3503.046218668653: Received message <Ping:> from Peer_11:basic
Peer_4:basic INFO 3503.046218668653: Sending message <Pong:> to Peer_11:basic
Peer_4:basic INFO 3503.549604422021: Received message <Ping:> from Peer_21:bootstrap
Peer_4:basic INFO 3503.549604422021: Sending message <Pong:> to Peer_21:bootstrap
Peer_4:basic INFO 3503.6377162432054: Received message <Pong:> from Peer_11:basic
Peer_4:basic INFO 3504.2810123341965: Received message <Pong:> from Peer_21:bootstrap
Peer_4:basic INFO 3506.856672782267: Received message <Pong:> from Peer_12:basic
Peer_4:basic INFO 4500: Sending message <Ping:> to Peer_21:bootstrap
Peer_4:basic INFO 4500: Sending message <Ping:> to Peer_11:basic
Peer_4:basic INFO 4500: Sending message <Ping:> to Peer_14:basic
Peer_4:basic INFO 4500: Sending message <Ping:> to Peer_18:basic
Peer_4:basic INFO 4500: Sending message <Ping:> to Peer_12:basic
Peer_4:basic INFO 4500.523041169577: Received message <Ping:> from Peer_21:bootstrap
Peer_4:basic INFO 4500.523041169577: Sending message <Pong:> to Peer_21:bootstrap
Peer_4:basic INFO 4501.54704097097: Received message <Ping:> from Peer_14:basic
Peer_4:basic INFO 4501.54704097097: Sending message <Pong:> to Peer_14:basic
Peer_4:basic INFO 4501.7173556707585: Received message <Ping:> from Peer_18:basic
Peer_4:basic INFO 4501.7173556707585: Sending message <Pong:> to Peer_18:basic
Peer_4:basic INFO 4502.251338930296: Received message <Pong:> from Peer_18:basic
Peer_4:basic INFO 4502.281917988117: Received message <Pong:> from Peer_11:basic
Peer_4:basic INFO 4503.036320714925: Received message <Pong:> from Peer_14:basic
Peer_4:basic INFO 4503.384309952134: Received message <Ping:> from Peer_12:basic
Peer_4:basic INFO 4503.384309952134: Sending message <Pong:> to Peer_12:basic
Peer_4:basic INFO 4503.463237868804: Received message <Pong:> from Peer_21:bootstrap
Peer_4:basic INFO 4503.801579057255: Received message <Ping:> from Peer_11:basic
Peer_4:basic INFO 4503.801579057255: Sending message <Pong:> to Peer_11:basic
Peer_4:basic INFO 4504.976118080135: Received message <Pong:> from Peer_12:basic
Peer_4:basic INFO 5500: Sending message <Ping:> to Peer_21:bootstrap
Peer_4:basic INFO 5500: Sending message <Ping:> to Peer_11:basic
Peer_4:basic INFO 5500: Sending message <Ping:> to Peer_14:basic
Peer_4:basic INFO 5500: Sending message <Ping:> to Peer_18:basic
Peer_4:basic INFO 5500: Sending message <Ping:> to Peer_12:basic
Peer_4:basic INFO 5500.698841569888: Received message <Ping:> from Peer_14:basic
Peer_4:basic INFO 5500.698841569888: Sending message <Pong:> to Peer_14:basic
Peer_4:basic INFO 5501.386699582238: Received message <Ping:> from Peer_11:basic
Peer_4:basic INFO 5501.386699582238: Sending message <Pong:> to Peer_11:basic
Peer_4:basic INFO 5501.923433876338: Received message <Pong:> from Peer_18:basic
Peer_4:basic INFO 5502.384311392966: Received message <Ping:> from Peer_21:bootstrap
Peer_4:basic INFO 5502.384311392966: Sending message <Pong:> to Peer_21:bootstrap
Peer_4:basic INFO 5502.998991623791: Received message <Pong:> from Peer_14:basic
Peer_4:basic INFO 5503.004480489036: Received message <Ping:> from Peer_18:basic
Peer_4:basic INFO 5503.004480489036: Sending message <Pong:> to Peer_18:basic
Peer_4:basic INFO 5504.111561022225: Received message <Ping:> from Peer_12:basic
Peer_4:basic INFO 5504.111561022225: Sending message <Pong:> to Peer_12:basic
Peer_4:basic INFO 5504.172025016448: Received message <Pong:> from Peer_21:bootstrap
Peer_4:basic INFO 5504.428253855052: Received message <Pong:> from Peer_11:basic
Peer_4:basic INFO 5505.866442092581: Received message <Pong:> from Peer_12:basic
Peer_4:basic INFO 6500: Sending message <Ping:> to Peer_21:bootstrap
Peer_4:basic INFO 6500: Sending message <Ping:> to Peer_11:basic
Peer_4:basic INFO 6500: Sending message <Ping:> to Peer_14:basic
Peer_4:basic INFO 6500: Sending message <Ping:> to Peer_18:basic
Peer_4:basic INFO 6500: Sending message <Ping:> to Peer_12:basic
Peer_4:basic INFO 6500.28772795489: Received message <Ping:> from Peer_11:basic
Peer_4:basic INFO 6500.28772795489: Sending message <Pong:> to Peer_11:basic
Peer_4:basic INFO 6500.640204916929: Received message <Ping:> from Peer_14:basic
Peer_4:basic INFO 6500.640204916929: Sending message <Pong:> to Peer_14:basic
Peer_4:basic INFO 6500.7049847772005: Received message <Ping:> from Peer_18:basic
Peer_4:basic INFO 6500.7049847772005: Sending message <Pong:> to Peer_18:basic
Peer_4:basic INFO 6501.784756407525: Received message <Pong:> from Peer_14:basic
Peer_4:basic INFO 6502.000515295664: Received message <Ping:> from Peer_21:bootstrap
Peer_4:basic INFO 6502.000515295664: Sending message <Pong:> to Peer_21:bootstrap
Peer_4:basic INFO 6502.779472666144: Received message <Pong:> from Peer_18:basic
Peer_4:basic INFO 6504.0274945395695: Received message <Pong:> from Peer_11:basic
Peer_4:basic INFO 6504.051666470077: Received message <Ping:> from Peer_12:basic
Peer_4:basic INFO 6504.051666470077: Sending message <Pong:> to Peer_12:basic
Peer_4:basic INFO 6505.3619333253055: Received message <Pong:> from Peer_21:bootstrap
Peer_4:basic INFO 6506.305591561649: Received message <Pong:> from Peer_12:basic
