Peer_20:basic WARNING 0: Not enough peers, fetching more (0, 4)
Peer_20:basic INFO 2.2460336682616227: Connecting to Peer_21:bootstrap
Peer_20:basic INFO 3.0390914331458276: Received message <RequestPeers:> from Peer_21:bootstrap
Peer_20:basic INFO 3.0390914331458276: Sending message <PeerList> to Peer_21:bootstrap
Peer_20:basic INFO 4.203376917189661: Received message <Hello:> from Peer_21:bootstrap
Peer_20:basic WARNING 500: Not enough peers, fetching more (1, 4)
Peer_20:basic INFO 500: Sending message <RequestPeers:> to Peer_21:bootstrap
Peer_20:basic INFO 507.5453857278315: Received message <PeerList> from Peer_21:bootstrap
Peer_20:basic WARNING 1000: Not enough peers, fetching more (1, 4)
Peer_20:basic INFO 1000: Sending message <RequestPeers:> to Peer_21:bootstrap
Peer_20:basic INFO 1003.1211637252025: Received message <PeerList> from Peer_21:bootstrap
Peer_20:basic INFO 1003.3236111561542: Connecting to Peer_12:basic
Peer_20:basic INFO 1003.9709434804249: Received message <Hello:> from Peer_13:basic
Peer_20:basic INFO 1003.9709434804249: Connecting to Peer_13:basic
Peer_20:basic INFO 1003.9709434804249: Sending message <Hello:> to Peer_13:basic
Peer_20:basic INFO 1003.9709434804249: Sending message <RequestPeers:> to Peer_13:basic
Peer_20:basic INFO 1005.0366822445262: Received message <Hello:> from Peer_12:basic
Peer_20:basic INFO 1008.8603235438783: Received message <RequestPeers:> from Peer_12:basic
Peer_20:basic INFO 1008.8603235438783: Sending message <PeerList> to Peer_12:basic
Peer_20:basic INFO 1009.1902887102583: Received message <PeerList> from Peer_13:basic
Peer_20:basic WARNING 1500: Not enough peers, fetching more (3, 4)
Peer_20:basic INFO 1500.9413907613482: Connecting to Peer_2:basic
Peer_20:basic INFO 1502.3793792048305: Received message <RequestPeers:> from Peer_2:basic
Peer_20:basic INFO 1502.3793792048305: Sending message <PeerList> to Peer_2:basic
Peer_20:basic INFO 1502.7915319654542: Received message <Hello:> from Peer_2:basic
Peer_20:basic INFO 1504.2351071760809: Received message <Hello:> from Peer_9:basic
Peer_20:basic INFO 1504.2351071760809: Connecting to Peer_9:basic
Peer_20:basic INFO 1504.2351071760809: Sending message <Hello:> to Peer_9:basic
Peer_20:basic INFO 1504.2351071760809: Sending message <RequestPeers:> to Peer_9:basic
Peer_20:basic INFO 1511.6186035496276: Received message <PeerList> from Peer_9:basic
Peer_20:basic INFO 2000: Sending message <Ping:> to Peer_21:bootstrap
Peer_20:basic INFO 2000: Sending message <Ping:> to Peer_12:basic
Peer_20:basic INFO 2000: Sending message <Ping:> to Peer_13:basic
Peer_20:basic INFO 2000.0000060877078: Received message <Ping:> from Peer_12:basic
Peer_20:basic INFO 2000.0000060877078: Sending message <Pong:> to Peer_12:basic
Peer_20:basic INFO 2001.5101966621116: Received message <Ping:> from Peer_13:basic
Peer_20:basic INFO 2001.5101966621116: Sending message <Pong:> to Peer_13:basic
Peer_20:basic INFO 2002.4970320906468: Received message <Ping:> from Peer_21:bootstrap
Peer_20:basic INFO 2002.4970320906468: Sending message <Pong:> to Peer_21:bootstrap
Peer_20:basic INFO 2004.8532392698912: Received message <Pong:> from Peer_13:basic
Peer_20:basic INFO 2005.2620428494415: Received message <Pong:> from Peer_21:bootstrap
Peer_20:basic INFO 2008.8963094908877: Received message <Pong:> from Peer_12:basic
Peer_20:basic INFO 2500: Sending message <Ping:> to Peer_2:basic
Peer_20:basic INFO 2500: Sending message <Ping:> to Peer_9:basic
Peer_20:basic INFO 2500.635742017718: Received message <Ping:> from Peer_2:basic
Peer_20:basic INFO 2500.635742017718: Sending message <Pong:> to Peer_2:basic
Peer_20:basic INFO 2501.343875014995: Received message <Pong:> from Peer_2:basic
Peer_20:basic INFO 2501.714294978406: Received message <Ping:> from Peer_9:basic
Peer_20:basic INFO 2501.714294978406: Sending message <Pong:> to Peer_9:basic
Peer_20:basic INFO 2502.9589981842605: Received message <Pong:> from Peer_9:basic
Peer_20:basic INFO 3000: Sending message <Ping:> to Peer_21:bootstrap
Peer_20:basic INFO 3000: Sending message <Ping:> to Peer_12:basic
Peer_20:basic INFO 3000: Sending message <Ping:> to Peer_13:basic
Peer_20:basic INFO 3001.7813196499833: Received message <Ping:> from Peer_21:bootstrap
Peer_20:basic INFO 3001.7813196499833: Sending message <Pong:> to Peer_21:bootstrap
Peer_20:basic INFO 3002.7095009016316: Received message <Ping:> from Peer_13:basic
Peer_20:basic INFO 3002.7095009016316: Sending message <Pong:> to Peer_13:basic
Peer_20:basic INFO 3003.6944663278223: Received message <Ping:> from Peer_12:basic
Peer_20:basic INFO 3003.6944663278223: Sending message <Pong:> to Peer_12:basic
Peer_20:basic INFO 3004.5091035706155: Received message <Pong:> from Peer_12:basic
Peer_20:basic INFO 3004.5990195237337: Received message <Pong:> from Peer_13:basic
Peer_20:basic INFO 3006.700836382183: Received message <Pong:> from Peer_21:bootstrap
Peer_20:basic INFO 3500: Sending message <Ping:> to Peer_2:basic
Peer_20:basic INFO 3500: Sending message <Ping:> to Peer_9:basic
Peer_20:basic INFO 3500.599828928622: Received message <Ping:> from Peer_2:basic
Peer_20:basic INFO 3500.599828928622: Sending message <Pong:> to Peer_2:basic
Peer_20:basic INFO 3502.440985794289: Received message <Pong:> from Peer_2:basic
Peer_20:basic INFO 3503.345591024795: Received message <Ping:> from Peer_9:basic
Peer_20:basic INFO 3503.345591024795: Sending message <Pong:> to Peer_9:basic
Peer_20:basic INFO 3508.0204156592577: Received message <Pong:> from Peer_9:basic
Peer_20:basic INFO 4000: Sending message <Ping:> to Peer_21:bootstrap
Peer_20:basic INFO 4000: Sending message <Ping:> to Peer_12:basic
Peer_20:basic INFO 4000: Sending message <Ping:> to Peer_13:basic
Peer_20:basic INFO 4000.5800932592283: Received message <Ping:> from Peer_12:basic
Peer_20:basic INFO 4000.5800932592283: Sending message <Pong:> to Peer_12:basic
Peer_20:basic INFO 4002.0363504313023: Received message <Ping:> from Peer_13:basic
Peer_20:basic INFO 4002.0363504313023: Sending message <Pong:> to Peer_13:basic
Peer_20:basic INFO 4002.1921223971954: Received message <Pong:> from Peer_13:basic
Peer_20:basic INFO 4003.2088399682325: Received message <Ping:> from Peer_21:bootstrap
Peer_20:basic INFO 4003.2088399682325: Sending message <Pong:> to Peer_21:bootstrap
Peer_20:basic INFO 4004.885868111058: Received message <Pong:> from Peer_12:basic
Peer_20:basic INFO 4006.5602330627585: Received message <Pong:> from Peer_21:bootstrap
Peer_20:basic INFO 4500: Sending message <Ping:> to Peer_2:basic
Peer_20:basic INFO 4500: Sending message <Ping:> to Peer_9:basic
Peer_20:basic INFO 4501.265105566798: Received message <Ping:> from Peer_2:basic
Peer_20:basic INFO 4501.265105566798: Sending message <Pong:> to Peer_2:basic
Peer_20:basic INFO 4501.734916432819: Received message <Ping:> from Peer_9:basic
Peer_20:basic INFO 4501.734916432819: Sending message <Pong:> to Peer_9:basic
Peer_20:basic INFO 4502.557955486619: Received message <Pong:> from Peer_2:basic
Peer_20:basic INFO 4506.77103820607: Received message <Pong:> from Peer_9:basic
Peer_20:basic INFO 5000: Sending message <Ping:> to Peer_21:bootstrap
Peer_20:basic INFO 5000: Sending message <Ping:> to Peer_12:basic
Peer_20:basic INFO 5000: Sending message <Ping:> to Peer_13:basic
Peer_20:basic INFO 5001.787414742148: Received message <Ping:> from Peer_21:bootstrap
Peer_20:basic INFO 5001.787414742148: Sending message <Pong:> to Peer_21:bootstrap
Peer_20:basic INFO 5002.136688893924: Received message <Ping:> from Peer_13:basic
Peer_20:basic INFO 5002.136688893924: Sending message <Pong:> to Peer_13:basic
Peer_20:basic INFO 5002.674096413751: Received message <Ping:> from Peer_12:basic
Peer_20:basic INFO 5002.674096413751: Sending message <Pong:> to Peer_12:basic
Peer_20:basic INFO 5004.51124111601: Received message <Pong:> from Peer_21:bootstrap
Peer_20:basic INFO 5005.4691536724185: Received message <Pong:> from Peer_13:basic
Peer_20:basic INFO 5006.5474852348025: Received message <Pong:> from Peer_12:basic
Peer_20:basic INFO 5500: Sending message <Ping:> to Peer_2:basic
Peer_20:basic INFO 5500: Sending message <Ping:> to Peer_9:basic
Peer_20:basic INFO 5500.6311675814395: Received message <Ping:> from Peer_2:basic
Peer_20:basic INFO 5500.6311675814395: Sending message <Pong:> to Peer_2:basic
Peer_20:basic INFO 5501.272022808372: Received message <Pong:> from Peer_2:basic
Peer_20:basic INFO 5501.608179828232: Received message <Ping:> from Peer_9:basic
Peer_20:basic INFO 5501.608179828232: Sending message <Pong:> to Peer_9:basic
Peer_20:basic INFO 5504.72898819714: Received message <Pong:> from Peer_9:basic
Peer_20:basic INFO 6000: Sending message <Ping:> to Peer_21:bootstrap
Peer_20:basic INFO 6000: Sending message <Ping:> to Peer_12:basic
Peer_20:basic INFO 6000: Sending message <Ping:> to Peer_13:basic
Peer_20:basic INFO 6002.6727252285355: Received message <Ping:> from Peer_21:bootstrap
Peer_20:basic INFO 6002.6727252285355: Sending message <Pong:> to Peer_21:bootstrap
Peer_20:basic INFO 6003.723949414667: Received message <Pong:> from Peer_13:basic
Peer_20:basic INFO 6003.971236490197: Received message <Ping:> from Peer_13:basic
Peer_20:basic INFO 6003.971236490197: Sending message <Pong:> to Peer_13:basic
Peer_20:basic INFO 6003.986005193738: Received message <Ping:> from Peer_12:basic
Peer_20:basic INFO 6003.986005193738: Sending message <Pong:> to Peer_12:basic
Peer_20:basic INFO 6004.162769380182: Received message <Pong:> from Peer_21:bootstrap
Peer_20:basic INFO 6008.451752158314: Received message <Pong:> from Peer_12:basic
Peer_20:basic INFO 6500: Sending message <Ping:> to Peer_2:basic
Peer_20:basic INFO 6500: Sending message <Ping:> to Peer_9:basic
Peer_20:basic INFO 6500.963912929159: Received message <Ping:> from Peer_2:basic
Peer_20:basic INFO 6500.963912929159: Sending message <Pong:> to Peer_2:basic
Peer_20:basic INFO 6501.282466461755: Received message <Pong:> from Peer_2:basic
Peer_20:basic INFO 6502.613018612434: Received message <Ping:> from Peer_9:basic
Peer_20:basic INFO 6502.613018612434: Sending message <Pong:> to Peer_9:basic
Peer_20:basic INFO 6504.314430512185: Received message <Pong:> from Peer_9:basic
